[0.043s] Invoking command in '/home/mateo/VisualServoing_Kinect/ros2_ws/build/xarm_api': AMENT_PREFIX_PATH=/home/mateo/VisualServoing_Kinect/ros2_ws/install/xarm_sdk:/home/mateo/VisualServoing_Kinect/ros2_ws/install/xarm_msgs:/home/mateo/VisualServoing_Kinect/ros2_ws/install/xarm_description:${AMENT_PREFIX_PATH} CMAKE_PREFIX_PATH=/home/mateo/VisualServoing_Kinect/ros2_ws/install/xarm_sdk:/home/mateo/VisualServoing_Kinect/ros2_ws/install/xarm_msgs:/home/mateo/VisualServoing_Kinect/ros2_ws/install/xarm_description:/home/mateo/X-ARM_VisualServoing/ros2_ws/install/xarm_planner:/home/mateo/X-ARM_VisualServoing/ros2_ws/install/xarm_moveit_servo:/home/mateo/X-ARM_VisualServoing/ros2_ws/install/xarm_moveit_config:/home/mateo/X-ARM_VisualServoing/ros2_ws/install/xarm_gazebo:/home/mateo/X-ARM_VisualServoing/ros2_ws/install/xarm_controller:/home/mateo/X-ARM_VisualServoing/ros2_ws/install/d435i_xarm_setup:/home/mateo/X-ARM_VisualServoing/ros2_ws/install/xarm_api:/home/mateo/X-ARM_VisualServoing/ros2_ws/install/xarm_sdk:/home/mateo/X-ARM_VisualServoing/ros2_ws/install/xarm_msgs:/home/mateo/X-ARM_VisualServoing/ros2_ws/install/xarm_description:/home/mateo/X-ARM_VisualServoing/ros2_ws/install/realsense_gazebo_plugin:/home/mateo/X-ARM_VisualServoing/ros2_ws/install/mbot_demo:/home/mateo/X-ARM_VisualServoing/ros2_ws/install/azure_kinect_ros2_driver:/home/mateo/ros2_ws/install/xarm_planner:/home/mateo/ros2_ws/install/xarm_moveit_servo:/home/mateo/ros2_ws/install/xarm_moveit_config:/home/mateo/ros2_ws/install/xarm_gazebo:/home/mateo/ros2_ws/install/xarm_controller:/home/mateo/ros2_ws/install/d435i_xarm_setup:/home/mateo/ros2_ws/install/xarm_api:/home/mateo/ros2_ws/install/xarm_sdk:/home/mateo/ros2_ws/install/xarm_msgs:/home/mateo/ros2_ws/install/xarm_description:/home/mateo/ros2_ws/install/realsense_gazebo_plugin:/home/mateo/ros2_ws/install/msgs_clase:/home/mateo/ros2_ws/install/mbot_demo:/home/mateo/ros2_ws/install/line_followerxime:/home/mateo/ros2_ws/install/line_follower:/home/mateo/ros2_ws/install/custom_interfaces:/home/mateo/X-ARM_VisualServoing/ros2_ws/install/xarm_vision:/home/mateo/X-ARM_VisualServoing/ros2_ws/install/uf_ros_lib:/home/mateo/ros2_ws/install/xarm_vision:/home/mateo/ros2_ws/install/xarm_follower:/home/mateo/ros2_ws/install/uf_ros_lib:/home/mateo/ros2_ws/install/signal_processing:/home/mateo/ros2_ws/install/reto_closedloop:/home/mateo/ros2_ws/install/reto3:/home/mateo/ros2_ws/install/puzzlebot_localisation:/home/mateo/ros2_ws/install/puzzlebot_control:/home/mateo/ros2_ws/install/motor_control:/home/mateo/ros2_ws/install/mini_challenge_3:/home/mateo/ros2_ws/install/midterm:/home/mateo/ros2_ws/install/closed_loop:/home/mateo/ros2_ws/install/act1_4:/opt/ros/humble LD_LIBRARY_PATH=/home/mateo/VisualServoing_Kinect/ros2_ws/install/xarm_sdk/lib:/home/mateo/VisualServoing_Kinect/ros2_ws/install/xarm_msgs/lib:${LD_LIBRARY_PATH} PYTHONPATH=/home/mateo/VisualServoing_Kinect/ros2_ws/install/xarm_msgs/local/lib/python3.10/dist-packages:${PYTHONPATH} /usr/bin/cmake /home/mateo/VisualServoing_Kinect/ros2_ws/src/xarm_ros2/xarm_api -DCMAKE_INSTALL_PREFIX=/home/mateo/VisualServoing_Kinect/ros2_ws/install/xarm_api
[0.133s] -- The C compiler identification is GNU 11.4.0
[0.203s] -- The CXX compiler identification is GNU 11.4.0
[0.212s] -- Detecting C compiler ABI info
[0.308s] -- Detecting C compiler ABI info - done
[0.319s] -- Check for working C compiler: /usr/bin/cc - skipped
[0.319s] -- Detecting C compile features
[0.320s] -- Detecting C compile features - done
[0.325s] -- Detecting CXX compiler ABI info
[0.424s] -- Detecting CXX compiler ABI info - done
[0.433s] -- Check for working CXX compiler: /usr/bin/c++ - skipped
[0.433s] -- Detecting CXX compile features
[0.434s] -- Detecting CXX compile features - done
[0.447s] -- Found ament_cmake: 1.3.11 (/opt/ros/humble/share/ament_cmake/cmake)
[0.632s] -- Found Python3: /usr/bin/python3 (found version "3.10.12") found components: Interpreter 
[0.769s] -- Found ament_lint_auto: 0.12.12 (/opt/ros/humble/share/ament_lint_auto/cmake)
[0.858s] -- Found rclcpp: 16.0.12 (/opt/ros/humble/share/rclcpp/cmake)
[0.916s] -- Found rosidl_generator_c: 3.1.6 (/opt/ros/humble/share/rosidl_generator_c/cmake)
[0.924s] -- Found rosidl_adapter: 3.1.6 (/opt/ros/humble/share/rosidl_adapter/cmake)
[0.935s] -- Found rosidl_generator_cpp: 3.1.6 (/opt/ros/humble/share/rosidl_generator_cpp/cmake)
[0.959s] -- Using all available rosidl_typesupport_c: rosidl_typesupport_fastrtps_c;rosidl_typesupport_introspection_c
[0.980s] -- Using all available rosidl_typesupport_cpp: rosidl_typesupport_fastrtps_cpp;rosidl_typesupport_introspection_cpp
[1.037s] -- Found rmw_implementation_cmake: 6.1.2 (/opt/ros/humble/share/rmw_implementation_cmake/cmake)
[1.043s] -- Found rmw_fastrtps_cpp: 6.2.7 (/opt/ros/humble/share/rmw_fastrtps_cpp/cmake)
[1.159s] -- Found OpenSSL: /usr/lib/x86_64-linux-gnu/libcrypto.so (found version "3.0.2")  
[1.193s] -- Found FastRTPS: /opt/ros/humble/include  
[1.231s] -- Using RMW implementation 'rmw_fastrtps_cpp' as default
[1.250s] -- Looking for pthread.h
[1.326s] -- Looking for pthread.h - found
[1.326s] -- Performing Test CMAKE_HAVE_LIBC_PTHREAD
[1.411s] -- Performing Test CMAKE_HAVE_LIBC_PTHREAD - Success
[1.412s] -- Found Threads: TRUE  
[1.473s] -- Found rclcpp_action: 16.0.12 (/opt/ros/humble/share/rclcpp_action/cmake)
[1.511s] -- Found sensor_msgs: 4.8.0 (/opt/ros/humble/share/sensor_msgs/cmake)
[1.541s] -- Found control_msgs: 4.8.0 (/opt/ros/humble/share/control_msgs/cmake)
[1.577s] -- Found xarm_msgs: 0.0.0 (/home/mateo/VisualServoing_Kinect/ros2_ws/install/xarm_msgs/share/xarm_msgs/cmake)
[1.586s] -- Found xarm_sdk: 0.0.0 (/home/mateo/VisualServoing_Kinect/ros2_ws/install/xarm_sdk/share/xarm_sdk/cmake)
[1.624s] -- Added test 'copyright' to check source files copyright and LICENSE
[1.626s] -- Added test 'cppcheck' to perform static code analysis on C / C++ code
[1.626s] -- Configured cppcheck include dirs: /home/mateo/VisualServoing_Kinect/ros2_ws/src/xarm_ros2/xarm_api/include
[1.626s] -- Configured cppcheck exclude dirs and/or files: 
[1.628s] -- Added test 'cpplint' to check C / C++ code against the Google style
[1.628s] -- Configured cpplint exclude dirs and/or files: 
[1.629s] -- Added test 'flake8' to check Python code syntax and style conventions
[1.629s] -- Added test 'lint_cmake' to check CMake code style
[1.630s] -- Added test 'pep257' to check Python code against some of the docstring style conventions in PEP 257
[1.631s] -- Added test 'uncrustify' to check C / C++ code style
[1.631s] -- Configured uncrustify additional arguments: 
[1.632s] -- Added test 'xmllint' to check XML markup files
[1.635s] -- Configuring done
[1.657s] -- Generating done
[1.666s] -- Build files have been written to: /home/mateo/VisualServoing_Kinect/ros2_ws/build/xarm_api
[1.674s] Invoked command in '/home/mateo/VisualServoing_Kinect/ros2_ws/build/xarm_api' returned '0': AMENT_PREFIX_PATH=/home/mateo/VisualServoing_Kinect/ros2_ws/install/xarm_sdk:/home/mateo/VisualServoing_Kinect/ros2_ws/install/xarm_msgs:/home/mateo/VisualServoing_Kinect/ros2_ws/install/xarm_description:${AMENT_PREFIX_PATH} CMAKE_PREFIX_PATH=/home/mateo/VisualServoing_Kinect/ros2_ws/install/xarm_sdk:/home/mateo/VisualServoing_Kinect/ros2_ws/install/xarm_msgs:/home/mateo/VisualServoing_Kinect/ros2_ws/install/xarm_description:/home/mateo/X-ARM_VisualServoing/ros2_ws/install/xarm_planner:/home/mateo/X-ARM_VisualServoing/ros2_ws/install/xarm_moveit_servo:/home/mateo/X-ARM_VisualServoing/ros2_ws/install/xarm_moveit_config:/home/mateo/X-ARM_VisualServoing/ros2_ws/install/xarm_gazebo:/home/mateo/X-ARM_VisualServoing/ros2_ws/install/xarm_controller:/home/mateo/X-ARM_VisualServoing/ros2_ws/install/d435i_xarm_setup:/home/mateo/X-ARM_VisualServoing/ros2_ws/install/xarm_api:/home/mateo/X-ARM_VisualServoing/ros2_ws/install/xarm_sdk:/home/mateo/X-ARM_VisualServoing/ros2_ws/install/xarm_msgs:/home/mateo/X-ARM_VisualServoing/ros2_ws/install/xarm_description:/home/mateo/X-ARM_VisualServoing/ros2_ws/install/realsense_gazebo_plugin:/home/mateo/X-ARM_VisualServoing/ros2_ws/install/mbot_demo:/home/mateo/X-ARM_VisualServoing/ros2_ws/install/azure_kinect_ros2_driver:/home/mateo/ros2_ws/install/xarm_planner:/home/mateo/ros2_ws/install/xarm_moveit_servo:/home/mateo/ros2_ws/install/xarm_moveit_config:/home/mateo/ros2_ws/install/xarm_gazebo:/home/mateo/ros2_ws/install/xarm_controller:/home/mateo/ros2_ws/install/d435i_xarm_setup:/home/mateo/ros2_ws/install/xarm_api:/home/mateo/ros2_ws/install/xarm_sdk:/home/mateo/ros2_ws/install/xarm_msgs:/home/mateo/ros2_ws/install/xarm_description:/home/mateo/ros2_ws/install/realsense_gazebo_plugin:/home/mateo/ros2_ws/install/msgs_clase:/home/mateo/ros2_ws/install/mbot_demo:/home/mateo/ros2_ws/install/line_followerxime:/home/mateo/ros2_ws/install/line_follower:/home/mateo/ros2_ws/install/custom_interfaces:/home/mateo/X-ARM_VisualServoing/ros2_ws/install/xarm_vision:/home/mateo/X-ARM_VisualServoing/ros2_ws/install/uf_ros_lib:/home/mateo/ros2_ws/install/xarm_vision:/home/mateo/ros2_ws/install/xarm_follower:/home/mateo/ros2_ws/install/uf_ros_lib:/home/mateo/ros2_ws/install/signal_processing:/home/mateo/ros2_ws/install/reto_closedloop:/home/mateo/ros2_ws/install/reto3:/home/mateo/ros2_ws/install/puzzlebot_localisation:/home/mateo/ros2_ws/install/puzzlebot_control:/home/mateo/ros2_ws/install/motor_control:/home/mateo/ros2_ws/install/mini_challenge_3:/home/mateo/ros2_ws/install/midterm:/home/mateo/ros2_ws/install/closed_loop:/home/mateo/ros2_ws/install/act1_4:/opt/ros/humble LD_LIBRARY_PATH=/home/mateo/VisualServoing_Kinect/ros2_ws/install/xarm_sdk/lib:/home/mateo/VisualServoing_Kinect/ros2_ws/install/xarm_msgs/lib:${LD_LIBRARY_PATH} PYTHONPATH=/home/mateo/VisualServoing_Kinect/ros2_ws/install/xarm_msgs/local/lib/python3.10/dist-packages:${PYTHONPATH} /usr/bin/cmake /home/mateo/VisualServoing_Kinect/ros2_ws/src/xarm_ros2/xarm_api -DCMAKE_INSTALL_PREFIX=/home/mateo/VisualServoing_Kinect/ros2_ws/install/xarm_api
[1.675s] Invoking command in '/home/mateo/VisualServoing_Kinect/ros2_ws/build/xarm_api': AMENT_PREFIX_PATH=/home/mateo/VisualServoing_Kinect/ros2_ws/install/xarm_sdk:/home/mateo/VisualServoing_Kinect/ros2_ws/install/xarm_msgs:/home/mateo/VisualServoing_Kinect/ros2_ws/install/xarm_description:${AMENT_PREFIX_PATH} CMAKE_PREFIX_PATH=/home/mateo/VisualServoing_Kinect/ros2_ws/install/xarm_sdk:/home/mateo/VisualServoing_Kinect/ros2_ws/install/xarm_msgs:/home/mateo/VisualServoing_Kinect/ros2_ws/install/xarm_description:/home/mateo/X-ARM_VisualServoing/ros2_ws/install/xarm_planner:/home/mateo/X-ARM_VisualServoing/ros2_ws/install/xarm_moveit_servo:/home/mateo/X-ARM_VisualServoing/ros2_ws/install/xarm_moveit_config:/home/mateo/X-ARM_VisualServoing/ros2_ws/install/xarm_gazebo:/home/mateo/X-ARM_VisualServoing/ros2_ws/install/xarm_controller:/home/mateo/X-ARM_VisualServoing/ros2_ws/install/d435i_xarm_setup:/home/mateo/X-ARM_VisualServoing/ros2_ws/install/xarm_api:/home/mateo/X-ARM_VisualServoing/ros2_ws/install/xarm_sdk:/home/mateo/X-ARM_VisualServoing/ros2_ws/install/xarm_msgs:/home/mateo/X-ARM_VisualServoing/ros2_ws/install/xarm_description:/home/mateo/X-ARM_VisualServoing/ros2_ws/install/realsense_gazebo_plugin:/home/mateo/X-ARM_VisualServoing/ros2_ws/install/mbot_demo:/home/mateo/X-ARM_VisualServoing/ros2_ws/install/azure_kinect_ros2_driver:/home/mateo/ros2_ws/install/xarm_planner:/home/mateo/ros2_ws/install/xarm_moveit_servo:/home/mateo/ros2_ws/install/xarm_moveit_config:/home/mateo/ros2_ws/install/xarm_gazebo:/home/mateo/ros2_ws/install/xarm_controller:/home/mateo/ros2_ws/install/d435i_xarm_setup:/home/mateo/ros2_ws/install/xarm_api:/home/mateo/ros2_ws/install/xarm_sdk:/home/mateo/ros2_ws/install/xarm_msgs:/home/mateo/ros2_ws/install/xarm_description:/home/mateo/ros2_ws/install/realsense_gazebo_plugin:/home/mateo/ros2_ws/install/msgs_clase:/home/mateo/ros2_ws/install/mbot_demo:/home/mateo/ros2_ws/install/line_followerxime:/home/mateo/ros2_ws/install/line_follower:/home/mateo/ros2_ws/install/custom_interfaces:/home/mateo/X-ARM_VisualServoing/ros2_ws/install/xarm_vision:/home/mateo/X-ARM_VisualServoing/ros2_ws/install/uf_ros_lib:/home/mateo/ros2_ws/install/xarm_vision:/home/mateo/ros2_ws/install/xarm_follower:/home/mateo/ros2_ws/install/uf_ros_lib:/home/mateo/ros2_ws/install/signal_processing:/home/mateo/ros2_ws/install/reto_closedloop:/home/mateo/ros2_ws/install/reto3:/home/mateo/ros2_ws/install/puzzlebot_localisation:/home/mateo/ros2_ws/install/puzzlebot_control:/home/mateo/ros2_ws/install/motor_control:/home/mateo/ros2_ws/install/mini_challenge_3:/home/mateo/ros2_ws/install/midterm:/home/mateo/ros2_ws/install/closed_loop:/home/mateo/ros2_ws/install/act1_4:/opt/ros/humble LD_LIBRARY_PATH=/home/mateo/VisualServoing_Kinect/ros2_ws/install/xarm_sdk/lib:/home/mateo/VisualServoing_Kinect/ros2_ws/install/xarm_msgs/lib:${LD_LIBRARY_PATH} PYTHONPATH=/home/mateo/VisualServoing_Kinect/ros2_ws/install/xarm_msgs/local/lib/python3.10/dist-packages:${PYTHONPATH} /usr/bin/cmake --build /home/mateo/VisualServoing_Kinect/ros2_ws/build/xarm_api -- -j12 -l12
[1.733s] [  7%] [32mBuilding CXX object CMakeFiles/xarm_ros_driver.dir/src/xarm_driver.cpp.o[0m
[7.693s] [ 15%] [32mBuilding CXX object CMakeFiles/xarm_ros_driver.dir/src/xarm_driver_service.cpp.o[0m
[31.902s] [ 23%] [32m[1mLinking CXX shared library libxarm_ros_driver.so[0m
[34.618s] [ 23%] Built target xarm_ros_driver
[34.642s] [ 30%] [32mBuilding CXX object CMakeFiles/xarm_driver_node.dir/src/xarm_driver_node.cpp.o[0m
[34.643s] [ 46%] [32mBuilding CXX object CMakeFiles/test_robot_states.dir/test/test_robot_states.cpp.o[0m
[34.643s] [ 46%] [32mBuilding CXX object CMakeFiles/xarm_ros_client.dir/src/xarm_ros_client.cpp.o[0m
[38.671s] [ 53%] [32m[1mLinking CXX executable xarm_driver_node[0m
[40.079s] [ 53%] Built target xarm_driver_node
[45.181s] [ 61%] [32m[1mLinking CXX executable test_robot_states[0m
[45.796s] [ 61%] Built target test_robot_states
[52.698s] [ 69%] [32m[1mLinking CXX shared library libxarm_ros_client.so[0m
[54.125s] [ 69%] Built target xarm_ros_client
[54.160s] [ 76%] [32mBuilding CXX object CMakeFiles/test_xarm_ros_client.dir/test/test_xarm_ros_client.cpp.o[0m
[54.160s] [ 84%] [32mBuilding CXX object CMakeFiles/test_xarm_velo_move.dir/test/test_xarm_velo_move.cpp.o[0m
[58.470s] [ 92%] [32m[1mLinking CXX executable test_xarm_ros_client[0m
[58.482s] [100%] [32m[1mLinking CXX executable test_xarm_velo_move[0m
[59.704s] [100%] Built target test_xarm_ros_client
[59.712s] [100%] Built target test_xarm_velo_move
[59.724s] Invoked command in '/home/mateo/VisualServoing_Kinect/ros2_ws/build/xarm_api' returned '0': AMENT_PREFIX_PATH=/home/mateo/VisualServoing_Kinect/ros2_ws/install/xarm_sdk:/home/mateo/VisualServoing_Kinect/ros2_ws/install/xarm_msgs:/home/mateo/VisualServoing_Kinect/ros2_ws/install/xarm_description:${AMENT_PREFIX_PATH} CMAKE_PREFIX_PATH=/home/mateo/VisualServoing_Kinect/ros2_ws/install/xarm_sdk:/home/mateo/VisualServoing_Kinect/ros2_ws/install/xarm_msgs:/home/mateo/VisualServoing_Kinect/ros2_ws/install/xarm_description:/home/mateo/X-ARM_VisualServoing/ros2_ws/install/xarm_planner:/home/mateo/X-ARM_VisualServoing/ros2_ws/install/xarm_moveit_servo:/home/mateo/X-ARM_VisualServoing/ros2_ws/install/xarm_moveit_config:/home/mateo/X-ARM_VisualServoing/ros2_ws/install/xarm_gazebo:/home/mateo/X-ARM_VisualServoing/ros2_ws/install/xarm_controller:/home/mateo/X-ARM_VisualServoing/ros2_ws/install/d435i_xarm_setup:/home/mateo/X-ARM_VisualServoing/ros2_ws/install/xarm_api:/home/mateo/X-ARM_VisualServoing/ros2_ws/install/xarm_sdk:/home/mateo/X-ARM_VisualServoing/ros2_ws/install/xarm_msgs:/home/mateo/X-ARM_VisualServoing/ros2_ws/install/xarm_description:/home/mateo/X-ARM_VisualServoing/ros2_ws/install/realsense_gazebo_plugin:/home/mateo/X-ARM_VisualServoing/ros2_ws/install/mbot_demo:/home/mateo/X-ARM_VisualServoing/ros2_ws/install/azure_kinect_ros2_driver:/home/mateo/ros2_ws/install/xarm_planner:/home/mateo/ros2_ws/install/xarm_moveit_servo:/home/mateo/ros2_ws/install/xarm_moveit_config:/home/mateo/ros2_ws/install/xarm_gazebo:/home/mateo/ros2_ws/install/xarm_controller:/home/mateo/ros2_ws/install/d435i_xarm_setup:/home/mateo/ros2_ws/install/xarm_api:/home/mateo/ros2_ws/install/xarm_sdk:/home/mateo/ros2_ws/install/xarm_msgs:/home/mateo/ros2_ws/install/xarm_description:/home/mateo/ros2_ws/install/realsense_gazebo_plugin:/home/mateo/ros2_ws/install/msgs_clase:/home/mateo/ros2_ws/install/mbot_demo:/home/mateo/ros2_ws/install/line_followerxime:/home/mateo/ros2_ws/install/line_follower:/home/mateo/ros2_ws/install/custom_interfaces:/home/mateo/X-ARM_VisualServoing/ros2_ws/install/xarm_vision:/home/mateo/X-ARM_VisualServoing/ros2_ws/install/uf_ros_lib:/home/mateo/ros2_ws/install/xarm_vision:/home/mateo/ros2_ws/install/xarm_follower:/home/mateo/ros2_ws/install/uf_ros_lib:/home/mateo/ros2_ws/install/signal_processing:/home/mateo/ros2_ws/install/reto_closedloop:/home/mateo/ros2_ws/install/reto3:/home/mateo/ros2_ws/install/puzzlebot_localisation:/home/mateo/ros2_ws/install/puzzlebot_control:/home/mateo/ros2_ws/install/motor_control:/home/mateo/ros2_ws/install/mini_challenge_3:/home/mateo/ros2_ws/install/midterm:/home/mateo/ros2_ws/install/closed_loop:/home/mateo/ros2_ws/install/act1_4:/opt/ros/humble LD_LIBRARY_PATH=/home/mateo/VisualServoing_Kinect/ros2_ws/install/xarm_sdk/lib:/home/mateo/VisualServoing_Kinect/ros2_ws/install/xarm_msgs/lib:${LD_LIBRARY_PATH} PYTHONPATH=/home/mateo/VisualServoing_Kinect/ros2_ws/install/xarm_msgs/local/lib/python3.10/dist-packages:${PYTHONPATH} /usr/bin/cmake --build /home/mateo/VisualServoing_Kinect/ros2_ws/build/xarm_api -- -j12 -l12
[59.725s] Invoking command in '/home/mateo/VisualServoing_Kinect/ros2_ws/build/xarm_api': AMENT_PREFIX_PATH=/home/mateo/VisualServoing_Kinect/ros2_ws/install/xarm_sdk:/home/mateo/VisualServoing_Kinect/ros2_ws/install/xarm_msgs:/home/mateo/VisualServoing_Kinect/ros2_ws/install/xarm_description:${AMENT_PREFIX_PATH} CMAKE_PREFIX_PATH=/home/mateo/VisualServoing_Kinect/ros2_ws/install/xarm_sdk:/home/mateo/VisualServoing_Kinect/ros2_ws/install/xarm_msgs:/home/mateo/VisualServoing_Kinect/ros2_ws/install/xarm_description:/home/mateo/X-ARM_VisualServoing/ros2_ws/install/xarm_planner:/home/mateo/X-ARM_VisualServoing/ros2_ws/install/xarm_moveit_servo:/home/mateo/X-ARM_VisualServoing/ros2_ws/install/xarm_moveit_config:/home/mateo/X-ARM_VisualServoing/ros2_ws/install/xarm_gazebo:/home/mateo/X-ARM_VisualServoing/ros2_ws/install/xarm_controller:/home/mateo/X-ARM_VisualServoing/ros2_ws/install/d435i_xarm_setup:/home/mateo/X-ARM_VisualServoing/ros2_ws/install/xarm_api:/home/mateo/X-ARM_VisualServoing/ros2_ws/install/xarm_sdk:/home/mateo/X-ARM_VisualServoing/ros2_ws/install/xarm_msgs:/home/mateo/X-ARM_VisualServoing/ros2_ws/install/xarm_description:/home/mateo/X-ARM_VisualServoing/ros2_ws/install/realsense_gazebo_plugin:/home/mateo/X-ARM_VisualServoing/ros2_ws/install/mbot_demo:/home/mateo/X-ARM_VisualServoing/ros2_ws/install/azure_kinect_ros2_driver:/home/mateo/ros2_ws/install/xarm_planner:/home/mateo/ros2_ws/install/xarm_moveit_servo:/home/mateo/ros2_ws/install/xarm_moveit_config:/home/mateo/ros2_ws/install/xarm_gazebo:/home/mateo/ros2_ws/install/xarm_controller:/home/mateo/ros2_ws/install/d435i_xarm_setup:/home/mateo/ros2_ws/install/xarm_api:/home/mateo/ros2_ws/install/xarm_sdk:/home/mateo/ros2_ws/install/xarm_msgs:/home/mateo/ros2_ws/install/xarm_description:/home/mateo/ros2_ws/install/realsense_gazebo_plugin:/home/mateo/ros2_ws/install/msgs_clase:/home/mateo/ros2_ws/install/mbot_demo:/home/mateo/ros2_ws/install/line_followerxime:/home/mateo/ros2_ws/install/line_follower:/home/mateo/ros2_ws/install/custom_interfaces:/home/mateo/X-ARM_VisualServoing/ros2_ws/install/xarm_vision:/home/mateo/X-ARM_VisualServoing/ros2_ws/install/uf_ros_lib:/home/mateo/ros2_ws/install/xarm_vision:/home/mateo/ros2_ws/install/xarm_follower:/home/mateo/ros2_ws/install/uf_ros_lib:/home/mateo/ros2_ws/install/signal_processing:/home/mateo/ros2_ws/install/reto_closedloop:/home/mateo/ros2_ws/install/reto3:/home/mateo/ros2_ws/install/puzzlebot_localisation:/home/mateo/ros2_ws/install/puzzlebot_control:/home/mateo/ros2_ws/install/motor_control:/home/mateo/ros2_ws/install/mini_challenge_3:/home/mateo/ros2_ws/install/midterm:/home/mateo/ros2_ws/install/closed_loop:/home/mateo/ros2_ws/install/act1_4:/opt/ros/humble LD_LIBRARY_PATH=/home/mateo/VisualServoing_Kinect/ros2_ws/install/xarm_sdk/lib:/home/mateo/VisualServoing_Kinect/ros2_ws/install/xarm_msgs/lib:${LD_LIBRARY_PATH} PYTHONPATH=/home/mateo/VisualServoing_Kinect/ros2_ws/install/xarm_msgs/local/lib/python3.10/dist-packages:${PYTHONPATH} /usr/bin/cmake --install /home/mateo/VisualServoing_Kinect/ros2_ws/build/xarm_api
[59.738s] -- Install configuration: ""
[59.739s] -- Installing: /home/mateo/VisualServoing_Kinect/ros2_ws/install/xarm_api/share/xarm_api/environment/library_path.sh
[59.739s] -- Installing: /home/mateo/VisualServoing_Kinect/ros2_ws/install/xarm_api/share/xarm_api/environment/library_path.dsv
[59.739s] -- Installing: /home/mateo/VisualServoing_Kinect/ros2_ws/install/xarm_api/include
[59.739s] -- Installing: /home/mateo/VisualServoing_Kinect/ros2_ws/install/xarm_api/include/xarm_api
[59.739s] -- Installing: /home/mateo/VisualServoing_Kinect/ros2_ws/install/xarm_api/include/xarm_api/xarm_ros_client.h
[59.739s] -- Installing: /home/mateo/VisualServoing_Kinect/ros2_ws/install/xarm_api/include/xarm_api/xarm_driver.h
[59.739s] -- Installing: /home/mateo/VisualServoing_Kinect/ros2_ws/install/xarm_api/include/xarm_api/visibility_control.h
[59.739s] -- Installing: /home/mateo/VisualServoing_Kinect/ros2_ws/install/xarm_api/include/xarm_api/xarm_msgs.h
[59.739s] -- Installing: /home/mateo/VisualServoing_Kinect/ros2_ws/install/xarm_api/lib/libxarm_ros_driver.so
[59.760s] -- Set runtime path of "/home/mateo/VisualServoing_Kinect/ros2_ws/install/xarm_api/lib/libxarm_ros_driver.so" to ""
[59.760s] -- Installing: /home/mateo/VisualServoing_Kinect/ros2_ws/install/xarm_api/lib/libxarm_ros_client.so
[59.771s] -- Set runtime path of "/home/mateo/VisualServoing_Kinect/ros2_ws/install/xarm_api/lib/libxarm_ros_client.so" to ""
[59.771s] -- Installing: /home/mateo/VisualServoing_Kinect/ros2_ws/install/xarm_api/lib/xarm_api/xarm_driver_node
[59.771s] -- Set runtime path of "/home/mateo/VisualServoing_Kinect/ros2_ws/install/xarm_api/lib/xarm_api/xarm_driver_node" to ""
[59.771s] -- Installing: /home/mateo/VisualServoing_Kinect/ros2_ws/install/xarm_api/lib/xarm_api/test_xarm_ros_client
[59.772s] -- Set runtime path of "/home/mateo/VisualServoing_Kinect/ros2_ws/install/xarm_api/lib/xarm_api/test_xarm_ros_client" to ""
[59.772s] -- Installing: /home/mateo/VisualServoing_Kinect/ros2_ws/install/xarm_api/lib/xarm_api/test_xarm_velo_move
[59.772s] -- Set runtime path of "/home/mateo/VisualServoing_Kinect/ros2_ws/install/xarm_api/lib/xarm_api/test_xarm_velo_move" to ""
[59.772s] -- Installing: /home/mateo/VisualServoing_Kinect/ros2_ws/install/xarm_api/lib/xarm_api/test_robot_states
[59.775s] -- Set runtime path of "/home/mateo/VisualServoing_Kinect/ros2_ws/install/xarm_api/lib/xarm_api/test_robot_states" to ""
[59.775s] -- Installing: /home/mateo/VisualServoing_Kinect/ros2_ws/install/xarm_api/share/xarm_api//launch
[59.775s] -- Installing: /home/mateo/VisualServoing_Kinect/ros2_ws/install/xarm_api/share/xarm_api//launch/xarm5_driver.launch.py
[59.776s] -- Installing: /home/mateo/VisualServoing_Kinect/ros2_ws/install/xarm_api/share/xarm_api//launch/_robot_driver.launch.py
[59.776s] -- Installing: /home/mateo/VisualServoing_Kinect/ros2_ws/install/xarm_api/share/xarm_api//launch/xarm7_driver.launch.py
[59.776s] -- Installing: /home/mateo/VisualServoing_Kinect/ros2_ws/install/xarm_api/share/xarm_api//launch/xarm6_driver.launch.py
[59.776s] -- Installing: /home/mateo/VisualServoing_Kinect/ros2_ws/install/xarm_api/share/xarm_api//launch/lib
[59.776s] -- Installing: /home/mateo/VisualServoing_Kinect/ros2_ws/install/xarm_api/share/xarm_api//launch/lib/robot_api_lib.py
[59.776s] -- Installing: /home/mateo/VisualServoing_Kinect/ros2_ws/install/xarm_api/share/xarm_api//launch/lite6_driver.launch.py
[59.776s] -- Installing: /home/mateo/VisualServoing_Kinect/ros2_ws/install/xarm_api/share/xarm_api//launch/uf850_driver.launch.py
[59.776s] -- Installing: /home/mateo/VisualServoing_Kinect/ros2_ws/install/xarm_api/share/xarm_api//config
[59.776s] -- Installing: /home/mateo/VisualServoing_Kinect/ros2_ws/install/xarm_api/share/xarm_api//config/xarm_params.yaml
[59.776s] -- Installing: /home/mateo/VisualServoing_Kinect/ros2_ws/install/xarm_api/share/ament_index/resource_index/package_run_dependencies/xarm_api
[59.776s] -- Installing: /home/mateo/VisualServoing_Kinect/ros2_ws/install/xarm_api/share/ament_index/resource_index/parent_prefix_path/xarm_api
[59.777s] -- Installing: /home/mateo/VisualServoing_Kinect/ros2_ws/install/xarm_api/share/xarm_api/environment/ament_prefix_path.sh
[59.777s] -- Installing: /home/mateo/VisualServoing_Kinect/ros2_ws/install/xarm_api/share/xarm_api/environment/ament_prefix_path.dsv
[59.777s] -- Installing: /home/mateo/VisualServoing_Kinect/ros2_ws/install/xarm_api/share/xarm_api/environment/path.sh
[59.777s] -- Installing: /home/mateo/VisualServoing_Kinect/ros2_ws/install/xarm_api/share/xarm_api/environment/path.dsv
[59.777s] -- Installing: /home/mateo/VisualServoing_Kinect/ros2_ws/install/xarm_api/share/xarm_api/local_setup.bash
[59.777s] -- Installing: /home/mateo/VisualServoing_Kinect/ros2_ws/install/xarm_api/share/xarm_api/local_setup.sh
[59.777s] -- Installing: /home/mateo/VisualServoing_Kinect/ros2_ws/install/xarm_api/share/xarm_api/local_setup.zsh
[59.777s] -- Installing: /home/mateo/VisualServoing_Kinect/ros2_ws/install/xarm_api/share/xarm_api/local_setup.dsv
[59.777s] -- Installing: /home/mateo/VisualServoing_Kinect/ros2_ws/install/xarm_api/share/xarm_api/package.dsv
[59.777s] -- Installing: /home/mateo/VisualServoing_Kinect/ros2_ws/install/xarm_api/share/ament_index/resource_index/packages/xarm_api
[59.778s] -- Installing: /home/mateo/VisualServoing_Kinect/ros2_ws/install/xarm_api/share/xarm_api/cmake/ament_cmake_export_libraries-extras.cmake
[59.778s] -- Installing: /home/mateo/VisualServoing_Kinect/ros2_ws/install/xarm_api/share/xarm_api/cmake/ament_cmake_export_include_directories-extras.cmake
[59.778s] -- Installing: /home/mateo/VisualServoing_Kinect/ros2_ws/install/xarm_api/share/xarm_api/cmake/xarm_apiConfig.cmake
[59.778s] -- Installing: /home/mateo/VisualServoing_Kinect/ros2_ws/install/xarm_api/share/xarm_api/cmake/xarm_apiConfig-version.cmake
[59.778s] -- Installing: /home/mateo/VisualServoing_Kinect/ros2_ws/install/xarm_api/share/xarm_api/package.xml
[59.779s] Invoked command in '/home/mateo/VisualServoing_Kinect/ros2_ws/build/xarm_api' returned '0': AMENT_PREFIX_PATH=/home/mateo/VisualServoing_Kinect/ros2_ws/install/xarm_sdk:/home/mateo/VisualServoing_Kinect/ros2_ws/install/xarm_msgs:/home/mateo/VisualServoing_Kinect/ros2_ws/install/xarm_description:${AMENT_PREFIX_PATH} CMAKE_PREFIX_PATH=/home/mateo/VisualServoing_Kinect/ros2_ws/install/xarm_sdk:/home/mateo/VisualServoing_Kinect/ros2_ws/install/xarm_msgs:/home/mateo/VisualServoing_Kinect/ros2_ws/install/xarm_description:/home/mateo/X-ARM_VisualServoing/ros2_ws/install/xarm_planner:/home/mateo/X-ARM_VisualServoing/ros2_ws/install/xarm_moveit_servo:/home/mateo/X-ARM_VisualServoing/ros2_ws/install/xarm_moveit_config:/home/mateo/X-ARM_VisualServoing/ros2_ws/install/xarm_gazebo:/home/mateo/X-ARM_VisualServoing/ros2_ws/install/xarm_controller:/home/mateo/X-ARM_VisualServoing/ros2_ws/install/d435i_xarm_setup:/home/mateo/X-ARM_VisualServoing/ros2_ws/install/xarm_api:/home/mateo/X-ARM_VisualServoing/ros2_ws/install/xarm_sdk:/home/mateo/X-ARM_VisualServoing/ros2_ws/install/xarm_msgs:/home/mateo/X-ARM_VisualServoing/ros2_ws/install/xarm_description:/home/mateo/X-ARM_VisualServoing/ros2_ws/install/realsense_gazebo_plugin:/home/mateo/X-ARM_VisualServoing/ros2_ws/install/mbot_demo:/home/mateo/X-ARM_VisualServoing/ros2_ws/install/azure_kinect_ros2_driver:/home/mateo/ros2_ws/install/xarm_planner:/home/mateo/ros2_ws/install/xarm_moveit_servo:/home/mateo/ros2_ws/install/xarm_moveit_config:/home/mateo/ros2_ws/install/xarm_gazebo:/home/mateo/ros2_ws/install/xarm_controller:/home/mateo/ros2_ws/install/d435i_xarm_setup:/home/mateo/ros2_ws/install/xarm_api:/home/mateo/ros2_ws/install/xarm_sdk:/home/mateo/ros2_ws/install/xarm_msgs:/home/mateo/ros2_ws/install/xarm_description:/home/mateo/ros2_ws/install/realsense_gazebo_plugin:/home/mateo/ros2_ws/install/msgs_clase:/home/mateo/ros2_ws/install/mbot_demo:/home/mateo/ros2_ws/install/line_followerxime:/home/mateo/ros2_ws/install/line_follower:/home/mateo/ros2_ws/install/custom_interfaces:/home/mateo/X-ARM_VisualServoing/ros2_ws/install/xarm_vision:/home/mateo/X-ARM_VisualServoing/ros2_ws/install/uf_ros_lib:/home/mateo/ros2_ws/install/xarm_vision:/home/mateo/ros2_ws/install/xarm_follower:/home/mateo/ros2_ws/install/uf_ros_lib:/home/mateo/ros2_ws/install/signal_processing:/home/mateo/ros2_ws/install/reto_closedloop:/home/mateo/ros2_ws/install/reto3:/home/mateo/ros2_ws/install/puzzlebot_localisation:/home/mateo/ros2_ws/install/puzzlebot_control:/home/mateo/ros2_ws/install/motor_control:/home/mateo/ros2_ws/install/mini_challenge_3:/home/mateo/ros2_ws/install/midterm:/home/mateo/ros2_ws/install/closed_loop:/home/mateo/ros2_ws/install/act1_4:/opt/ros/humble LD_LIBRARY_PATH=/home/mateo/VisualServoing_Kinect/ros2_ws/install/xarm_sdk/lib:/home/mateo/VisualServoing_Kinect/ros2_ws/install/xarm_msgs/lib:${LD_LIBRARY_PATH} PYTHONPATH=/home/mateo/VisualServoing_Kinect/ros2_ws/install/xarm_msgs/local/lib/python3.10/dist-packages:${PYTHONPATH} /usr/bin/cmake --install /home/mateo/VisualServoing_Kinect/ros2_ws/build/xarm_api
