running egg_info
creating ../../build/pose_estimation/pose_estimation.egg-info
writing ../../build/pose_estimation/pose_estimation.egg-info/PKG-INFO
writing dependency_links to ../../build/pose_estimation/pose_estimation.egg-info/dependency_links.txt
writing entry points to ../../build/pose_estimation/pose_estimation.egg-info/entry_points.txt
writing requirements to ../../build/pose_estimation/pose_estimation.egg-info/requires.txt
writing top-level names to ../../build/pose_estimation/pose_estimation.egg-info/top_level.txt
writing manifest file '../../build/pose_estimation/pose_estimation.egg-info/SOURCES.txt'
reading manifest file '../../build/pose_estimation/pose_estimation.egg-info/SOURCES.txt'
adding license file 'LICENSE'
writing manifest file '../../build/pose_estimation/pose_estimation.egg-info/SOURCES.txt'
running build
running build_py
creating /home/mateo/VisualServoing_Kinect/ros2_ws/build/pose_estimation/build
creating /home/mateo/VisualServoing_Kinect/ros2_ws/build/pose_estimation/build/lib
creating /home/mateo/VisualServoing_Kinect/ros2_ws/build/pose_estimation/build/lib/pose_estimation
copying pose_estimation/image_segmentation.py -> /home/mateo/VisualServoing_Kinect/ros2_ws/build/pose_estimation/build/lib/pose_estimation
copying pose_estimation/pose_estimator.py -> /home/mateo/VisualServoing_Kinect/ros2_ws/build/pose_estimation/build/lib/pose_estimation
copying pose_estimation/__init__.py -> /home/mateo/VisualServoing_Kinect/ros2_ws/build/pose_estimation/build/lib/pose_estimation
copying pose_estimation/point_cloud_generator.py -> /home/mateo/VisualServoing_Kinect/ros2_ws/build/pose_estimation/build/lib/pose_estimation
running install
running install_lib
creating /home/mateo/VisualServoing_Kinect/ros2_ws/install/pose_estimation/lib/python3.10/site-packages/pose_estimation
copying /home/mateo/VisualServoing_Kinect/ros2_ws/build/pose_estimation/build/lib/pose_estimation/image_segmentation.py -> /home/mateo/VisualServoing_Kinect/ros2_ws/install/pose_estimation/lib/python3.10/site-packages/pose_estimation
copying /home/mateo/VisualServoing_Kinect/ros2_ws/build/pose_estimation/build/lib/pose_estimation/pose_estimator.py -> /home/mateo/VisualServoing_Kinect/ros2_ws/install/pose_estimation/lib/python3.10/site-packages/pose_estimation
copying /home/mateo/VisualServoing_Kinect/ros2_ws/build/pose_estimation/build/lib/pose_estimation/__init__.py -> /home/mateo/VisualServoing_Kinect/ros2_ws/install/pose_estimation/lib/python3.10/site-packages/pose_estimation
copying /home/mateo/VisualServoing_Kinect/ros2_ws/build/pose_estimation/build/lib/pose_estimation/point_cloud_generator.py -> /home/mateo/VisualServoing_Kinect/ros2_ws/install/pose_estimation/lib/python3.10/site-packages/pose_estimation
byte-compiling /home/mateo/VisualServoing_Kinect/ros2_ws/install/pose_estimation/lib/python3.10/site-packages/pose_estimation/image_segmentation.py to image_segmentation.cpython-310.pyc
byte-compiling /home/mateo/VisualServoing_Kinect/ros2_ws/install/pose_estimation/lib/python3.10/site-packages/pose_estimation/pose_estimator.py to pose_estimator.cpython-310.pyc
byte-compiling /home/mateo/VisualServoing_Kinect/ros2_ws/install/pose_estimation/lib/python3.10/site-packages/pose_estimation/__init__.py to __init__.cpython-310.pyc
byte-compiling /home/mateo/VisualServoing_Kinect/ros2_ws/install/pose_estimation/lib/python3.10/site-packages/pose_estimation/point_cloud_generator.py to point_cloud_generator.cpython-310.pyc
running install_data
creating /home/mateo/VisualServoing_Kinect/ros2_ws/install/pose_estimation/share/ament_index
creating /home/mateo/VisualServoing_Kinect/ros2_ws/install/pose_estimation/share/ament_index/resource_index
creating /home/mateo/VisualServoing_Kinect/ros2_ws/install/pose_estimation/share/ament_index/resource_index/packages
copying resource/pose_estimation -> /home/mateo/VisualServoing_Kinect/ros2_ws/install/pose_estimation/share/ament_index/resource_index/packages
copying package.xml -> /home/mateo/VisualServoing_Kinect/ros2_ws/install/pose_estimation/share/pose_estimation
creating /home/mateo/VisualServoing_Kinect/ros2_ws/install/pose_estimation/share/pose_estimation/config
copying config/kinect_calibration.yaml -> /home/mateo/VisualServoing_Kinect/ros2_ws/install/pose_estimation/share/pose_estimation/config
copying config/segmentation_point_cloud_config.yaml -> /home/mateo/VisualServoing_Kinect/ros2_ws/install/pose_estimation/share/pose_estimation/config
creating /home/mateo/VisualServoing_Kinect/ros2_ws/install/pose_estimation/share/pose_estimation/launch
copying launch/segmentation_point_cloud.launch.py -> /home/mateo/VisualServoing_Kinect/ros2_ws/install/pose_estimation/share/pose_estimation/launch
running install_egg_info
Copying ../../build/pose_estimation/pose_estimation.egg-info to /home/mateo/VisualServoing_Kinect/ros2_ws/install/pose_estimation/lib/python3.10/site-packages/pose_estimation-0.1.0-py3.10.egg-info
running install_scripts
Installing image_segmentation script to /home/mateo/VisualServoing_Kinect/ros2_ws/install/pose_estimation/lib/pose_estimation
Installing point_cloud_generator script to /home/mateo/VisualServoing_Kinect/ros2_ws/install/pose_estimation/lib/pose_estimation
Installing point_cloud_visualizer script to /home/mateo/VisualServoing_Kinect/ros2_ws/install/pose_estimation/lib/pose_estimation
Installing pose_estimator script to /home/mateo/VisualServoing_Kinect/ros2_ws/install/pose_estimation/lib/pose_estimation
writing list of installed files to '/home/mateo/VisualServoing_Kinect/ros2_ws/build/pose_estimation/install.log'
