[0.014s] Invoking command in '/home/mateo/VisualServoing_Kinect/ros2_ws/build/xarm_api': AMENT_PREFIX_PATH=/home/mateo/VisualServoing_Kinect/ros2_ws/install/xarm_sdk:/home/mateo/VisualServoing_Kinect/ros2_ws/install/xarm_msgs:/home/mateo/VisualServoing_Kinect/ros2_ws/install/xarm_description:${AMENT_PREFIX_PATH} CMAKE_PREFIX_PATH=/home/mateo/VisualServoing_Kinect/ros2_ws/install/xarm_sdk:/home/mateo/VisualServoing_Kinect/ros2_ws/install/xarm_msgs:/home/mateo/VisualServoing_Kinect/ros2_ws/install/xarm_description:/home/mateo/ros2_ws/install/xarm_planner:/home/mateo/ros2_ws/install/xarm_moveit_servo:/home/mateo/ros2_ws/install/xarm_moveit_config:/home/mateo/ros2_ws/install/xarm_gazebo:/home/mateo/ros2_ws/install/xarm_controller:/home/mateo/ros2_ws/install/d435i_xarm_setup:/home/mateo/ros2_ws/install/xarm_api:/home/mateo/ros2_ws/install/xarm_sdk:/home/mateo/ros2_ws/install/xarm_msgs:/home/mateo/ros2_ws/install/xarm_description:/home/mateo/ros2_ws/install/realsense_gazebo_plugin:/home/mateo/ros2_ws/install/msgs_clase:/home/mateo/ros2_ws/install/mbot_demo:/home/mateo/ros2_ws/install/line_followerxime:/home/mateo/ros2_ws/install/line_follower:/home/mateo/ros2_ws/install/custom_interfaces:/home/mateo/ros2_ws/install/xarm_vision:/home/mateo/ros2_ws/install/xarm_follower:/home/mateo/ros2_ws/install/uf_ros_lib:/home/mateo/ros2_ws/install/signal_processing:/home/mateo/ros2_ws/install/reto_closedloop:/home/mateo/ros2_ws/install/reto3:/home/mateo/ros2_ws/install/puzzlebot_localisation:/home/mateo/ros2_ws/install/puzzlebot_control:/home/mateo/ros2_ws/install/motor_control:/home/mateo/ros2_ws/install/mini_challenge_3:/home/mateo/ros2_ws/install/midterm:/home/mateo/ros2_ws/install/closed_loop:/home/mateo/ros2_ws/install/act1_4:/opt/ros/humble LD_LIBRARY_PATH=/home/mateo/VisualServoing_Kinect/ros2_ws/install/xarm_sdk/lib:/home/mateo/VisualServoing_Kinect/ros2_ws/install/xarm_msgs/lib:${LD_LIBRARY_PATH} PYTHONPATH=/home/mateo/VisualServoing_Kinect/ros2_ws/install/xarm_msgs/local/lib/python3.10/dist-packages:${PYTHONPATH} /usr/bin/cmake --build /home/mateo/VisualServoing_Kinect/ros2_ws/build/xarm_api -- -j12 -l12
[0.062s] [35m[1mConsolidate compiler generated dependencies of target xarm_ros_driver[0m
[0.090s] [ 23%] Built target xarm_ros_driver
[0.107s] [35m[1mConsolidate compiler generated dependencies of target test_robot_states[0m
[0.127s] [ 38%] Built target test_robot_states
[0.142s] [35m[1mConsolidate compiler generated dependencies of target xarm_driver_node[0m
[0.165s] [ 53%] Built target xarm_driver_node
[0.181s] [35m[1mConsolidate compiler generated dependencies of target xarm_ros_client[0m
[0.203s] [ 69%] Built target xarm_ros_client
[0.220s] [35m[1mConsolidate compiler generated dependencies of target test_xarm_ros_client[0m
[0.239s] [ 84%] Built target test_xarm_ros_client
[0.252s] [35m[1mConsolidate compiler generated dependencies of target test_xarm_velo_move[0m
[0.269s] [100%] Built target test_xarm_velo_move
[0.283s] Invoked command in '/home/mateo/VisualServoing_Kinect/ros2_ws/build/xarm_api' returned '0': AMENT_PREFIX_PATH=/home/mateo/VisualServoing_Kinect/ros2_ws/install/xarm_sdk:/home/mateo/VisualServoing_Kinect/ros2_ws/install/xarm_msgs:/home/mateo/VisualServoing_Kinect/ros2_ws/install/xarm_description:${AMENT_PREFIX_PATH} CMAKE_PREFIX_PATH=/home/mateo/VisualServoing_Kinect/ros2_ws/install/xarm_sdk:/home/mateo/VisualServoing_Kinect/ros2_ws/install/xarm_msgs:/home/mateo/VisualServoing_Kinect/ros2_ws/install/xarm_description:/home/mateo/ros2_ws/install/xarm_planner:/home/mateo/ros2_ws/install/xarm_moveit_servo:/home/mateo/ros2_ws/install/xarm_moveit_config:/home/mateo/ros2_ws/install/xarm_gazebo:/home/mateo/ros2_ws/install/xarm_controller:/home/mateo/ros2_ws/install/d435i_xarm_setup:/home/mateo/ros2_ws/install/xarm_api:/home/mateo/ros2_ws/install/xarm_sdk:/home/mateo/ros2_ws/install/xarm_msgs:/home/mateo/ros2_ws/install/xarm_description:/home/mateo/ros2_ws/install/realsense_gazebo_plugin:/home/mateo/ros2_ws/install/msgs_clase:/home/mateo/ros2_ws/install/mbot_demo:/home/mateo/ros2_ws/install/line_followerxime:/home/mateo/ros2_ws/install/line_follower:/home/mateo/ros2_ws/install/custom_interfaces:/home/mateo/ros2_ws/install/xarm_vision:/home/mateo/ros2_ws/install/xarm_follower:/home/mateo/ros2_ws/install/uf_ros_lib:/home/mateo/ros2_ws/install/signal_processing:/home/mateo/ros2_ws/install/reto_closedloop:/home/mateo/ros2_ws/install/reto3:/home/mateo/ros2_ws/install/puzzlebot_localisation:/home/mateo/ros2_ws/install/puzzlebot_control:/home/mateo/ros2_ws/install/motor_control:/home/mateo/ros2_ws/install/mini_challenge_3:/home/mateo/ros2_ws/install/midterm:/home/mateo/ros2_ws/install/closed_loop:/home/mateo/ros2_ws/install/act1_4:/opt/ros/humble LD_LIBRARY_PATH=/home/mateo/VisualServoing_Kinect/ros2_ws/install/xarm_sdk/lib:/home/mateo/VisualServoing_Kinect/ros2_ws/install/xarm_msgs/lib:${LD_LIBRARY_PATH} PYTHONPATH=/home/mateo/VisualServoing_Kinect/ros2_ws/install/xarm_msgs/local/lib/python3.10/dist-packages:${PYTHONPATH} /usr/bin/cmake --build /home/mateo/VisualServoing_Kinect/ros2_ws/build/xarm_api -- -j12 -l12
[0.286s] Invoking command in '/home/mateo/VisualServoing_Kinect/ros2_ws/build/xarm_api': AMENT_PREFIX_PATH=/home/mateo/VisualServoing_Kinect/ros2_ws/install/xarm_sdk:/home/mateo/VisualServoing_Kinect/ros2_ws/install/xarm_msgs:/home/mateo/VisualServoing_Kinect/ros2_ws/install/xarm_description:${AMENT_PREFIX_PATH} CMAKE_PREFIX_PATH=/home/mateo/VisualServoing_Kinect/ros2_ws/install/xarm_sdk:/home/mateo/VisualServoing_Kinect/ros2_ws/install/xarm_msgs:/home/mateo/VisualServoing_Kinect/ros2_ws/install/xarm_description:/home/mateo/ros2_ws/install/xarm_planner:/home/mateo/ros2_ws/install/xarm_moveit_servo:/home/mateo/ros2_ws/install/xarm_moveit_config:/home/mateo/ros2_ws/install/xarm_gazebo:/home/mateo/ros2_ws/install/xarm_controller:/home/mateo/ros2_ws/install/d435i_xarm_setup:/home/mateo/ros2_ws/install/xarm_api:/home/mateo/ros2_ws/install/xarm_sdk:/home/mateo/ros2_ws/install/xarm_msgs:/home/mateo/ros2_ws/install/xarm_description:/home/mateo/ros2_ws/install/realsense_gazebo_plugin:/home/mateo/ros2_ws/install/msgs_clase:/home/mateo/ros2_ws/install/mbot_demo:/home/mateo/ros2_ws/install/line_followerxime:/home/mateo/ros2_ws/install/line_follower:/home/mateo/ros2_ws/install/custom_interfaces:/home/mateo/ros2_ws/install/xarm_vision:/home/mateo/ros2_ws/install/xarm_follower:/home/mateo/ros2_ws/install/uf_ros_lib:/home/mateo/ros2_ws/install/signal_processing:/home/mateo/ros2_ws/install/reto_closedloop:/home/mateo/ros2_ws/install/reto3:/home/mateo/ros2_ws/install/puzzlebot_localisation:/home/mateo/ros2_ws/install/puzzlebot_control:/home/mateo/ros2_ws/install/motor_control:/home/mateo/ros2_ws/install/mini_challenge_3:/home/mateo/ros2_ws/install/midterm:/home/mateo/ros2_ws/install/closed_loop:/home/mateo/ros2_ws/install/act1_4:/opt/ros/humble LD_LIBRARY_PATH=/home/mateo/VisualServoing_Kinect/ros2_ws/install/xarm_sdk/lib:/home/mateo/VisualServoing_Kinect/ros2_ws/install/xarm_msgs/lib:${LD_LIBRARY_PATH} PYTHONPATH=/home/mateo/VisualServoing_Kinect/ros2_ws/install/xarm_msgs/local/lib/python3.10/dist-packages:${PYTHONPATH} /usr/bin/cmake --install /home/mateo/VisualServoing_Kinect/ros2_ws/build/xarm_api
[0.295s] -- Install configuration: ""
[0.296s] -- Up-to-date: /home/mateo/VisualServoing_Kinect/ros2_ws/install/xarm_api/share/xarm_api/environment/library_path.sh
[0.296s] -- Up-to-date: /home/mateo/VisualServoing_Kinect/ros2_ws/install/xarm_api/share/xarm_api/environment/library_path.dsv
[0.296s] -- Up-to-date: /home/mateo/VisualServoing_Kinect/ros2_ws/install/xarm_api/include
[0.296s] -- Up-to-date: /home/mateo/VisualServoing_Kinect/ros2_ws/install/xarm_api/include/xarm_api
[0.296s] -- Up-to-date: /home/mateo/VisualServoing_Kinect/ros2_ws/install/xarm_api/include/xarm_api/xarm_ros_client.h
[0.296s] -- Up-to-date: /home/mateo/VisualServoing_Kinect/ros2_ws/install/xarm_api/include/xarm_api/xarm_driver.h
[0.296s] -- Up-to-date: /home/mateo/VisualServoing_Kinect/ros2_ws/install/xarm_api/include/xarm_api/visibility_control.h
[0.296s] -- Up-to-date: /home/mateo/VisualServoing_Kinect/ros2_ws/install/xarm_api/include/xarm_api/xarm_msgs.h
[0.296s] -- Up-to-date: /home/mateo/VisualServoing_Kinect/ros2_ws/install/xarm_api/lib/libxarm_ros_driver.so
[0.297s] -- Up-to-date: /home/mateo/VisualServoing_Kinect/ros2_ws/install/xarm_api/lib/libxarm_ros_client.so
[0.297s] -- Up-to-date: /home/mateo/VisualServoing_Kinect/ros2_ws/install/xarm_api/lib/xarm_api/xarm_driver_node
[0.297s] -- Up-to-date: /home/mateo/VisualServoing_Kinect/ros2_ws/install/xarm_api/lib/xarm_api/test_xarm_ros_client
[0.298s] -- Up-to-date: /home/mateo/VisualServoing_Kinect/ros2_ws/install/xarm_api/lib/xarm_api/test_xarm_velo_move
[0.298s] -- Up-to-date: /home/mateo/VisualServoing_Kinect/ros2_ws/install/xarm_api/lib/xarm_api/test_robot_states
[0.298s] -- Up-to-date: /home/mateo/VisualServoing_Kinect/ros2_ws/install/xarm_api/share/xarm_api//launch
[0.298s] -- Up-to-date: /home/mateo/VisualServoing_Kinect/ros2_ws/install/xarm_api/share/xarm_api//launch/xarm5_driver.launch.py
[0.299s] -- Up-to-date: /home/mateo/VisualServoing_Kinect/ros2_ws/install/xarm_api/share/xarm_api//launch/_robot_driver.launch.py
[0.299s] -- Up-to-date: /home/mateo/VisualServoing_Kinect/ros2_ws/install/xarm_api/share/xarm_api//launch/xarm7_driver.launch.py
[0.299s] -- Up-to-date: /home/mateo/VisualServoing_Kinect/ros2_ws/install/xarm_api/share/xarm_api//launch/xarm6_driver.launch.py
[0.299s] -- Up-to-date: /home/mateo/VisualServoing_Kinect/ros2_ws/install/xarm_api/share/xarm_api//launch/lib
[0.299s] -- Up-to-date: /home/mateo/VisualServoing_Kinect/ros2_ws/install/xarm_api/share/xarm_api//launch/lib/robot_api_lib.py
[0.299s] -- Up-to-date: /home/mateo/VisualServoing_Kinect/ros2_ws/install/xarm_api/share/xarm_api//launch/lite6_driver.launch.py
[0.299s] -- Up-to-date: /home/mateo/VisualServoing_Kinect/ros2_ws/install/xarm_api/share/xarm_api//launch/uf850_driver.launch.py
[0.299s] -- Up-to-date: /home/mateo/VisualServoing_Kinect/ros2_ws/install/xarm_api/share/xarm_api//config
[0.299s] -- Up-to-date: /home/mateo/VisualServoing_Kinect/ros2_ws/install/xarm_api/share/xarm_api//config/xarm_params.yaml
[0.299s] -- Up-to-date: /home/mateo/VisualServoing_Kinect/ros2_ws/install/xarm_api/share/ament_index/resource_index/package_run_dependencies/xarm_api
[0.299s] -- Up-to-date: /home/mateo/VisualServoing_Kinect/ros2_ws/install/xarm_api/share/ament_index/resource_index/parent_prefix_path/xarm_api
[0.299s] -- Up-to-date: /home/mateo/VisualServoing_Kinect/ros2_ws/install/xarm_api/share/xarm_api/environment/ament_prefix_path.sh
[0.299s] -- Up-to-date: /home/mateo/VisualServoing_Kinect/ros2_ws/install/xarm_api/share/xarm_api/environment/ament_prefix_path.dsv
[0.299s] -- Up-to-date: /home/mateo/VisualServoing_Kinect/ros2_ws/install/xarm_api/share/xarm_api/environment/path.sh
[0.299s] -- Up-to-date: /home/mateo/VisualServoing_Kinect/ros2_ws/install/xarm_api/share/xarm_api/environment/path.dsv
[0.299s] -- Up-to-date: /home/mateo/VisualServoing_Kinect/ros2_ws/install/xarm_api/share/xarm_api/local_setup.bash
[0.299s] -- Up-to-date: /home/mateo/VisualServoing_Kinect/ros2_ws/install/xarm_api/share/xarm_api/local_setup.sh
[0.299s] -- Up-to-date: /home/mateo/VisualServoing_Kinect/ros2_ws/install/xarm_api/share/xarm_api/local_setup.zsh
[0.300s] -- Up-to-date: /home/mateo/VisualServoing_Kinect/ros2_ws/install/xarm_api/share/xarm_api/local_setup.dsv
[0.300s] -- Installing: /home/mateo/VisualServoing_Kinect/ros2_ws/install/xarm_api/share/xarm_api/package.dsv
[0.300s] -- Up-to-date: /home/mateo/VisualServoing_Kinect/ros2_ws/install/xarm_api/share/ament_index/resource_index/packages/xarm_api
[0.300s] -- Up-to-date: /home/mateo/VisualServoing_Kinect/ros2_ws/install/xarm_api/share/xarm_api/cmake/ament_cmake_export_libraries-extras.cmake
[0.300s] -- Up-to-date: /home/mateo/VisualServoing_Kinect/ros2_ws/install/xarm_api/share/xarm_api/cmake/ament_cmake_export_include_directories-extras.cmake
[0.300s] -- Up-to-date: /home/mateo/VisualServoing_Kinect/ros2_ws/install/xarm_api/share/xarm_api/cmake/xarm_apiConfig.cmake
[0.300s] -- Up-to-date: /home/mateo/VisualServoing_Kinect/ros2_ws/install/xarm_api/share/xarm_api/cmake/xarm_apiConfig-version.cmake
[0.300s] -- Up-to-date: /home/mateo/VisualServoing_Kinect/ros2_ws/install/xarm_api/share/xarm_api/package.xml
[0.302s] Invoked command in '/home/mateo/VisualServoing_Kinect/ros2_ws/build/xarm_api' returned '0': AMENT_PREFIX_PATH=/home/mateo/VisualServoing_Kinect/ros2_ws/install/xarm_sdk:/home/mateo/VisualServoing_Kinect/ros2_ws/install/xarm_msgs:/home/mateo/VisualServoing_Kinect/ros2_ws/install/xarm_description:${AMENT_PREFIX_PATH} CMAKE_PREFIX_PATH=/home/mateo/VisualServoing_Kinect/ros2_ws/install/xarm_sdk:/home/mateo/VisualServoing_Kinect/ros2_ws/install/xarm_msgs:/home/mateo/VisualServoing_Kinect/ros2_ws/install/xarm_description:/home/mateo/ros2_ws/install/xarm_planner:/home/mateo/ros2_ws/install/xarm_moveit_servo:/home/mateo/ros2_ws/install/xarm_moveit_config:/home/mateo/ros2_ws/install/xarm_gazebo:/home/mateo/ros2_ws/install/xarm_controller:/home/mateo/ros2_ws/install/d435i_xarm_setup:/home/mateo/ros2_ws/install/xarm_api:/home/mateo/ros2_ws/install/xarm_sdk:/home/mateo/ros2_ws/install/xarm_msgs:/home/mateo/ros2_ws/install/xarm_description:/home/mateo/ros2_ws/install/realsense_gazebo_plugin:/home/mateo/ros2_ws/install/msgs_clase:/home/mateo/ros2_ws/install/mbot_demo:/home/mateo/ros2_ws/install/line_followerxime:/home/mateo/ros2_ws/install/line_follower:/home/mateo/ros2_ws/install/custom_interfaces:/home/mateo/ros2_ws/install/xarm_vision:/home/mateo/ros2_ws/install/xarm_follower:/home/mateo/ros2_ws/install/uf_ros_lib:/home/mateo/ros2_ws/install/signal_processing:/home/mateo/ros2_ws/install/reto_closedloop:/home/mateo/ros2_ws/install/reto3:/home/mateo/ros2_ws/install/puzzlebot_localisation:/home/mateo/ros2_ws/install/puzzlebot_control:/home/mateo/ros2_ws/install/motor_control:/home/mateo/ros2_ws/install/mini_challenge_3:/home/mateo/ros2_ws/install/midterm:/home/mateo/ros2_ws/install/closed_loop:/home/mateo/ros2_ws/install/act1_4:/opt/ros/humble LD_LIBRARY_PATH=/home/mateo/VisualServoing_Kinect/ros2_ws/install/xarm_sdk/lib:/home/mateo/VisualServoing_Kinect/ros2_ws/install/xarm_msgs/lib:${LD_LIBRARY_PATH} PYTHONPATH=/home/mateo/VisualServoing_Kinect/ros2_ws/install/xarm_msgs/local/lib/python3.10/dist-packages:${PYTHONPATH} /usr/bin/cmake --install /home/mateo/VisualServoing_Kinect/ros2_ws/build/xarm_api
