[0.036s] Invoking command in '/home/mateo/VisualServoing_Kinect/ros2_ws/build/xarm_gazebo': AMENT_PREFIX_PATH=/home/mateo/VisualServoing_Kinect/ros2_ws/install/xarm_controller:/home/mateo/VisualServoing_Kinect/ros2_ws/install/xarm_api:/home/mateo/VisualServoing_Kinect/ros2_ws/install/xarm_sdk:/home/mateo/VisualServoing_Kinect/ros2_ws/install/xarm_msgs:/home/mateo/VisualServoing_Kinect/ros2_ws/install/xarm_description:/home/mateo/VisualServoing_Kinect/ros2_ws/install/uf_ros_lib:${AMENT_PREFIX_PATH} CMAKE_PREFIX_PATH=/home/mateo/VisualServoing_Kinect/ros2_ws/install/xarm_controller:/home/mateo/VisualServoing_Kinect/ros2_ws/install/xarm_api:/home/mateo/VisualServoing_Kinect/ros2_ws/install/xarm_sdk:/home/mateo/VisualServoing_Kinect/ros2_ws/install/xarm_msgs:/home/mateo/VisualServoing_Kinect/ros2_ws/install/xarm_description:/home/mateo/X-ARM_VisualServoing/ros2_ws/install/xarm_planner:/home/mateo/X-ARM_VisualServoing/ros2_ws/install/xarm_moveit_servo:/home/mateo/X-ARM_VisualServoing/ros2_ws/install/xarm_moveit_config:/home/mateo/X-ARM_VisualServoing/ros2_ws/install/xarm_gazebo:/home/mateo/X-ARM_VisualServoing/ros2_ws/install/xarm_controller:/home/mateo/X-ARM_VisualServoing/ros2_ws/install/d435i_xarm_setup:/home/mateo/X-ARM_VisualServoing/ros2_ws/install/xarm_api:/home/mateo/X-ARM_VisualServoing/ros2_ws/install/xarm_sdk:/home/mateo/X-ARM_VisualServoing/ros2_ws/install/xarm_msgs:/home/mateo/X-ARM_VisualServoing/ros2_ws/install/xarm_description:/home/mateo/X-ARM_VisualServoing/ros2_ws/install/realsense_gazebo_plugin:/home/mateo/X-ARM_VisualServoing/ros2_ws/install/mbot_demo:/home/mateo/X-ARM_VisualServoing/ros2_ws/install/azure_kinect_ros2_driver:/home/mateo/ros2_ws/install/xarm_planner:/home/mateo/ros2_ws/install/xarm_moveit_servo:/home/mateo/ros2_ws/install/xarm_moveit_config:/home/mateo/ros2_ws/install/xarm_gazebo:/home/mateo/ros2_ws/install/xarm_controller:/home/mateo/ros2_ws/install/d435i_xarm_setup:/home/mateo/ros2_ws/install/xarm_api:/home/mateo/ros2_ws/install/xarm_sdk:/home/mateo/ros2_ws/install/xarm_msgs:/home/mateo/ros2_ws/install/xarm_description:/home/mateo/ros2_ws/install/realsense_gazebo_plugin:/home/mateo/ros2_ws/install/msgs_clase:/home/mateo/ros2_ws/install/mbot_demo:/home/mateo/ros2_ws/install/line_followerxime:/home/mateo/ros2_ws/install/line_follower:/home/mateo/ros2_ws/install/custom_interfaces:/home/mateo/X-ARM_VisualServoing/ros2_ws/install/xarm_vision:/home/mateo/X-ARM_VisualServoing/ros2_ws/install/uf_ros_lib:/home/mateo/ros2_ws/install/xarm_vision:/home/mateo/ros2_ws/install/xarm_follower:/home/mateo/ros2_ws/install/uf_ros_lib:/home/mateo/ros2_ws/install/signal_processing:/home/mateo/ros2_ws/install/reto_closedloop:/home/mateo/ros2_ws/install/reto3:/home/mateo/ros2_ws/install/puzzlebot_localisation:/home/mateo/ros2_ws/install/puzzlebot_control:/home/mateo/ros2_ws/install/motor_control:/home/mateo/ros2_ws/install/mini_challenge_3:/home/mateo/ros2_ws/install/midterm:/home/mateo/ros2_ws/install/closed_loop:/home/mateo/ros2_ws/install/act1_4:/opt/ros/humble LD_LIBRARY_PATH=/home/mateo/VisualServoing_Kinect/ros2_ws/install/xarm_controller/lib:/home/mateo/VisualServoing_Kinect/ros2_ws/install/xarm_api/lib:/home/mateo/VisualServoing_Kinect/ros2_ws/install/xarm_sdk/lib:/home/mateo/VisualServoing_Kinect/ros2_ws/install/xarm_msgs/lib:${LD_LIBRARY_PATH} PYTHONPATH=/home/mateo/VisualServoing_Kinect/ros2_ws/install/xarm_msgs/local/lib/python3.10/dist-packages:/home/mateo/VisualServoing_Kinect/ros2_ws/install/uf_ros_lib/lib/python3.10/site-packages:${PYTHONPATH} /usr/bin/cmake /home/mateo/VisualServoing_Kinect/ros2_ws/src/xarm_ros2/xarm_gazebo -DCMAKE_INSTALL_PREFIX=/home/mateo/VisualServoing_Kinect/ros2_ws/install/xarm_gazebo
[0.114s] -- The C compiler identification is GNU 11.4.0
[0.178s] -- The CXX compiler identification is GNU 11.4.0
[0.185s] -- Detecting C compiler ABI info
[0.276s] -- Detecting C compiler ABI info - done
[0.281s] -- Check for working C compiler: /usr/bin/cc - skipped
[0.282s] -- Detecting C compile features
[0.282s] -- Detecting C compile features - done
[0.286s] -- Detecting CXX compiler ABI info
[0.388s] -- Detecting CXX compiler ABI info - done
[0.395s] -- Check for working CXX compiler: /usr/bin/c++ - skipped
[0.396s] -- Detecting CXX compile features
[0.396s] -- Detecting CXX compile features - done
[0.400s] -- Found ament_cmake: 1.3.11 (/opt/ros/humble/share/ament_cmake/cmake)
[0.577s] -- Found Python3: /usr/bin/python3 (found version "3.10.12") found components: Interpreter 
[0.682s] -- Found rclcpp: 16.0.12 (/opt/ros/humble/share/rclcpp/cmake)
[0.731s] -- Found rosidl_generator_c: 3.1.6 (/opt/ros/humble/share/rosidl_generator_c/cmake)
[0.739s] -- Found rosidl_adapter: 3.1.6 (/opt/ros/humble/share/rosidl_adapter/cmake)
[0.748s] -- Found rosidl_generator_cpp: 3.1.6 (/opt/ros/humble/share/rosidl_generator_cpp/cmake)
[0.770s] -- Using all available rosidl_typesupport_c: rosidl_typesupport_fastrtps_c;rosidl_typesupport_introspection_c
[0.788s] -- Using all available rosidl_typesupport_cpp: rosidl_typesupport_fastrtps_cpp;rosidl_typesupport_introspection_cpp
[0.837s] -- Found rmw_implementation_cmake: 6.1.2 (/opt/ros/humble/share/rmw_implementation_cmake/cmake)
[0.842s] -- Found rmw_fastrtps_cpp: 6.2.7 (/opt/ros/humble/share/rmw_fastrtps_cpp/cmake)
[0.956s] -- Found OpenSSL: /usr/lib/x86_64-linux-gnu/libcrypto.so (found version "3.0.2")  
[0.990s] -- Found FastRTPS: /opt/ros/humble/include  
[1.037s] -- Using RMW implementation 'rmw_fastrtps_cpp' as default
[1.050s] -- Looking for pthread.h
[1.150s] -- Looking for pthread.h - found
[1.150s] -- Performing Test CMAKE_HAVE_LIBC_PTHREAD
[1.290s] -- Performing Test CMAKE_HAVE_LIBC_PTHREAD - Success
[1.293s] -- Found Threads: TRUE  
[1.352s] -- Found control_toolbox: 3.6.1 (/opt/ros/humble/share/control_toolbox/cmake)
[1.548s] -- Found controller_manager: 2.50.0 (/opt/ros/humble/share/controller_manager/cmake)
[1.583s] -- Found gazebo_ros: 3.9.0 (/opt/ros/humble/share/gazebo_ros/cmake)
[1.598s] -- Found PkgConfig: /usr/bin/pkg-config (found version "0.29.2") 
[1.599s] -- Checking for module 'bullet>=2.82'
[1.614s] --   Found bullet, version 3.05
[1.777s] -- Found fcl: /usr/include (found suitable version "0.7.0", minimum required is "0.5.0") 
[1.864s] -- Found assimp: /usr/include (found version "5.2.0") 
[1.887s] -- Found DART: /usr/include (Required is at least version "6.6") found components: dart 
[1.927s] -- Found Boost: /usr/lib/x86_64-linux-gnu/cmake/Boost-1.74.0/BoostConfig.cmake (found suitable version "1.74.0", minimum required is "1.40.0") found components: thread system filesystem program_options regex iostreams date_time 
[1.953s] -- Found Protobuf: /usr/lib/x86_64-linux-gnu/libprotobuf.so (found version "3.12.4") 
[1.966s] -- Looking for ignition-math6 -- found version 6.15.1
[1.976s] -- Searching for dependencies of ignition-math6
[1.977s] -- Looking for OGRE...
[1.977s] -- OGRE_PREFIX_WATCH changed.
[1.982s] -- Checking for module 'OGRE'
[2.001s] --   Found OGRE, version 1.9.0
[2.057s] -- Found Ogre Ghadamon (1.9.0)
[2.069s] -- Found OGRE: optimized;/usr/lib/x86_64-linux-gnu/libOgreMain.so;debug;/usr/lib/x86_64-linux-gnu/libOgreMain.so
[2.076s] -- Looking for OGRE_Paging...
[2.083s] -- Found OGRE_Paging: optimized;/usr/lib/x86_64-linux-gnu/libOgrePaging.so;debug;/usr/lib/x86_64-linux-gnu/libOgrePaging.so
[2.083s] -- Looking for OGRE_Terrain...
[2.089s] -- Found OGRE_Terrain: optimized;/usr/lib/x86_64-linux-gnu/libOgreTerrain.so;debug;/usr/lib/x86_64-linux-gnu/libOgreTerrain.so
[2.089s] -- Looking for OGRE_Property...
[2.095s] -- Found OGRE_Property: optimized;/usr/lib/x86_64-linux-gnu/libOgreProperty.so;debug;/usr/lib/x86_64-linux-gnu/libOgreProperty.so
[2.095s] -- Looking for OGRE_RTShaderSystem...
[2.101s] -- Found OGRE_RTShaderSystem: optimized;/usr/lib/x86_64-linux-gnu/libOgreRTShaderSystem.so;debug;/usr/lib/x86_64-linux-gnu/libOgreRTShaderSystem.so
[2.101s] -- Looking for OGRE_Volume...
[2.107s] -- Found OGRE_Volume: optimized;/usr/lib/x86_64-linux-gnu/libOgreVolume.so;debug;/usr/lib/x86_64-linux-gnu/libOgreVolume.so
[2.107s] -- Looking for OGRE_Overlay...
[2.113s] -- Found OGRE_Overlay: optimized;/usr/lib/x86_64-linux-gnu/libOgreOverlay.so;debug;/usr/lib/x86_64-linux-gnu/libOgreOverlay.so
[2.247s] -- Looking for ignition-math6 -- found version 6.15.1
[2.251s] -- Looking for ignition-transport8 -- found version 8.2.1
[2.251s] -- Searching for dependencies of ignition-transport8
[2.268s] -- Found Protobuf: /usr/lib/x86_64-linux-gnu/libprotobuf.so (found suitable version "3.12.4", minimum required is "3") 
[2.281s] -- Config-file not installed for ZeroMQ -- checking for pkg-config
[2.286s] -- Checking for module 'libzmq >= 4'
[2.303s] --   Found libzmq , version 4.3.4
[2.362s] -- Found ZeroMQ: TRUE (Required is at least version "4") 
[2.372s] -- Checking for module 'uuid'
[2.397s] --   Found uuid, version 2.37.2
[2.454s] -- Found UUID: TRUE  
[2.463s] -- Looking for ignition-msgs5 -- found version 5.8.1
[2.463s] -- Searching for dependencies of ignition-msgs5
[2.481s] -- Looking for ignition-math6 -- found version 6.15.1
[2.487s] -- Checking for module 'tinyxml2'
[2.513s] --   Found tinyxml2, version 9.0.0
[2.571s] -- Looking for ignition-msgs5 -- found version 5.8.1
[2.578s] -- Looking for ignition-common3 -- found version 3.14.0
[2.579s] -- Searching for dependencies of ignition-common3
[2.580s] -- Looking for dlfcn.h - found
[2.581s] -- Looking for libdl - found
[2.583s] -- Found DL: TRUE  
[2.604s] -- Found tinyobjloader: /usr/lib/x86_64-linux-gnu/cmake/tinyobjloader/tinyobjloader-config.cmake (found version "2.0.0") 
[2.605s] -- Searching for <ignition-common3> component [graphics]
[2.612s] -- Looking for ignition-common3-graphics -- found version 3.14.0
[2.613s] -- Searching for dependencies of ignition-common3-graphics
[2.613s] -- Looking for ignition-math6 -- found version 6.15.1
[2.622s] -- Looking for ignition-fuel_tools4 -- found version 4.4.0
[2.622s] -- Searching for dependencies of ignition-fuel_tools4
[2.749s] -- Found CURL: /usr/lib/x86_64-linux-gnu/libcurl.so (found version "7.81.0")  
[2.763s] -- Checking for module 'jsoncpp'
[2.786s] --   Found jsoncpp, version 1.9.5
[2.842s] -- Found JSONCPP: TRUE  
[2.852s] -- Checking for module 'libzip'
[2.878s] --   Found libzip, version 1.7.3
[2.935s] -- Found ZIP: TRUE  
[2.936s] -- Looking for ignition-common3 -- found version 3.14.0
[2.936s] -- Looking for ignition-math6 -- found version 6.15.1
[2.937s] -- Looking for ignition-msgs5 -- found version 5.8.1
[2.946s] -- Gazebo version: 11.10
[2.947s] -- Checking for module 'tbb'
[2.974s] --   Found tbb, version 2021.5.0
[3.036s] -- Found ament_lint_auto: 0.12.12 (/opt/ros/humble/share/ament_lint_auto/cmake)
[3.152s] -- Added test 'copyright' to check source files copyright and LICENSE
[3.163s] -- Added test 'cppcheck' to perform static code analysis on C / C++ code
[3.163s] -- Configured cppcheck include dirs: /home/mateo/VisualServoing_Kinect/ros2_ws/src/xarm_ros2/xarm_gazebo/include
[3.164s] -- Configured cppcheck exclude dirs and/or files: 
[3.165s] -- Added test 'cpplint' to check C / C++ code against the Google style
[3.165s] -- Configured cpplint exclude dirs and/or files: 
[3.165s] -- Added test 'flake8' to check Python code syntax and style conventions
[3.166s] -- Added test 'lint_cmake' to check CMake code style
[3.167s] -- Added test 'pep257' to check Python code against some of the docstring style conventions in PEP 257
[3.168s] -- Added test 'uncrustify' to check C / C++ code style
[3.168s] -- Configured uncrustify additional arguments: 
[3.169s] -- Added test 'xmllint' to check XML markup files
[3.170s] -- Configuring done
[3.196s] -- Generating done
[3.202s] -- Build files have been written to: /home/mateo/VisualServoing_Kinect/ros2_ws/build/xarm_gazebo
[3.213s] Invoked command in '/home/mateo/VisualServoing_Kinect/ros2_ws/build/xarm_gazebo' returned '0': AMENT_PREFIX_PATH=/home/mateo/VisualServoing_Kinect/ros2_ws/install/xarm_controller:/home/mateo/VisualServoing_Kinect/ros2_ws/install/xarm_api:/home/mateo/VisualServoing_Kinect/ros2_ws/install/xarm_sdk:/home/mateo/VisualServoing_Kinect/ros2_ws/install/xarm_msgs:/home/mateo/VisualServoing_Kinect/ros2_ws/install/xarm_description:/home/mateo/VisualServoing_Kinect/ros2_ws/install/uf_ros_lib:${AMENT_PREFIX_PATH} CMAKE_PREFIX_PATH=/home/mateo/VisualServoing_Kinect/ros2_ws/install/xarm_controller:/home/mateo/VisualServoing_Kinect/ros2_ws/install/xarm_api:/home/mateo/VisualServoing_Kinect/ros2_ws/install/xarm_sdk:/home/mateo/VisualServoing_Kinect/ros2_ws/install/xarm_msgs:/home/mateo/VisualServoing_Kinect/ros2_ws/install/xarm_description:/home/mateo/X-ARM_VisualServoing/ros2_ws/install/xarm_planner:/home/mateo/X-ARM_VisualServoing/ros2_ws/install/xarm_moveit_servo:/home/mateo/X-ARM_VisualServoing/ros2_ws/install/xarm_moveit_config:/home/mateo/X-ARM_VisualServoing/ros2_ws/install/xarm_gazebo:/home/mateo/X-ARM_VisualServoing/ros2_ws/install/xarm_controller:/home/mateo/X-ARM_VisualServoing/ros2_ws/install/d435i_xarm_setup:/home/mateo/X-ARM_VisualServoing/ros2_ws/install/xarm_api:/home/mateo/X-ARM_VisualServoing/ros2_ws/install/xarm_sdk:/home/mateo/X-ARM_VisualServoing/ros2_ws/install/xarm_msgs:/home/mateo/X-ARM_VisualServoing/ros2_ws/install/xarm_description:/home/mateo/X-ARM_VisualServoing/ros2_ws/install/realsense_gazebo_plugin:/home/mateo/X-ARM_VisualServoing/ros2_ws/install/mbot_demo:/home/mateo/X-ARM_VisualServoing/ros2_ws/install/azure_kinect_ros2_driver:/home/mateo/ros2_ws/install/xarm_planner:/home/mateo/ros2_ws/install/xarm_moveit_servo:/home/mateo/ros2_ws/install/xarm_moveit_config:/home/mateo/ros2_ws/install/xarm_gazebo:/home/mateo/ros2_ws/install/xarm_controller:/home/mateo/ros2_ws/install/d435i_xarm_setup:/home/mateo/ros2_ws/install/xarm_api:/home/mateo/ros2_ws/install/xarm_sdk:/home/mateo/ros2_ws/install/xarm_msgs:/home/mateo/ros2_ws/install/xarm_description:/home/mateo/ros2_ws/install/realsense_gazebo_plugin:/home/mateo/ros2_ws/install/msgs_clase:/home/mateo/ros2_ws/install/mbot_demo:/home/mateo/ros2_ws/install/line_followerxime:/home/mateo/ros2_ws/install/line_follower:/home/mateo/ros2_ws/install/custom_interfaces:/home/mateo/X-ARM_VisualServoing/ros2_ws/install/xarm_vision:/home/mateo/X-ARM_VisualServoing/ros2_ws/install/uf_ros_lib:/home/mateo/ros2_ws/install/xarm_vision:/home/mateo/ros2_ws/install/xarm_follower:/home/mateo/ros2_ws/install/uf_ros_lib:/home/mateo/ros2_ws/install/signal_processing:/home/mateo/ros2_ws/install/reto_closedloop:/home/mateo/ros2_ws/install/reto3:/home/mateo/ros2_ws/install/puzzlebot_localisation:/home/mateo/ros2_ws/install/puzzlebot_control:/home/mateo/ros2_ws/install/motor_control:/home/mateo/ros2_ws/install/mini_challenge_3:/home/mateo/ros2_ws/install/midterm:/home/mateo/ros2_ws/install/closed_loop:/home/mateo/ros2_ws/install/act1_4:/opt/ros/humble LD_LIBRARY_PATH=/home/mateo/VisualServoing_Kinect/ros2_ws/install/xarm_controller/lib:/home/mateo/VisualServoing_Kinect/ros2_ws/install/xarm_api/lib:/home/mateo/VisualServoing_Kinect/ros2_ws/install/xarm_sdk/lib:/home/mateo/VisualServoing_Kinect/ros2_ws/install/xarm_msgs/lib:${LD_LIBRARY_PATH} PYTHONPATH=/home/mateo/VisualServoing_Kinect/ros2_ws/install/xarm_msgs/local/lib/python3.10/dist-packages:/home/mateo/VisualServoing_Kinect/ros2_ws/install/uf_ros_lib/lib/python3.10/site-packages:${PYTHONPATH} /usr/bin/cmake /home/mateo/VisualServoing_Kinect/ros2_ws/src/xarm_ros2/xarm_gazebo -DCMAKE_INSTALL_PREFIX=/home/mateo/VisualServoing_Kinect/ros2_ws/install/xarm_gazebo
[3.215s] Invoking command in '/home/mateo/VisualServoing_Kinect/ros2_ws/build/xarm_gazebo': AMENT_PREFIX_PATH=/home/mateo/VisualServoing_Kinect/ros2_ws/install/xarm_controller:/home/mateo/VisualServoing_Kinect/ros2_ws/install/xarm_api:/home/mateo/VisualServoing_Kinect/ros2_ws/install/xarm_sdk:/home/mateo/VisualServoing_Kinect/ros2_ws/install/xarm_msgs:/home/mateo/VisualServoing_Kinect/ros2_ws/install/xarm_description:/home/mateo/VisualServoing_Kinect/ros2_ws/install/uf_ros_lib:${AMENT_PREFIX_PATH} CMAKE_PREFIX_PATH=/home/mateo/VisualServoing_Kinect/ros2_ws/install/xarm_controller:/home/mateo/VisualServoing_Kinect/ros2_ws/install/xarm_api:/home/mateo/VisualServoing_Kinect/ros2_ws/install/xarm_sdk:/home/mateo/VisualServoing_Kinect/ros2_ws/install/xarm_msgs:/home/mateo/VisualServoing_Kinect/ros2_ws/install/xarm_description:/home/mateo/X-ARM_VisualServoing/ros2_ws/install/xarm_planner:/home/mateo/X-ARM_VisualServoing/ros2_ws/install/xarm_moveit_servo:/home/mateo/X-ARM_VisualServoing/ros2_ws/install/xarm_moveit_config:/home/mateo/X-ARM_VisualServoing/ros2_ws/install/xarm_gazebo:/home/mateo/X-ARM_VisualServoing/ros2_ws/install/xarm_controller:/home/mateo/X-ARM_VisualServoing/ros2_ws/install/d435i_xarm_setup:/home/mateo/X-ARM_VisualServoing/ros2_ws/install/xarm_api:/home/mateo/X-ARM_VisualServoing/ros2_ws/install/xarm_sdk:/home/mateo/X-ARM_VisualServoing/ros2_ws/install/xarm_msgs:/home/mateo/X-ARM_VisualServoing/ros2_ws/install/xarm_description:/home/mateo/X-ARM_VisualServoing/ros2_ws/install/realsense_gazebo_plugin:/home/mateo/X-ARM_VisualServoing/ros2_ws/install/mbot_demo:/home/mateo/X-ARM_VisualServoing/ros2_ws/install/azure_kinect_ros2_driver:/home/mateo/ros2_ws/install/xarm_planner:/home/mateo/ros2_ws/install/xarm_moveit_servo:/home/mateo/ros2_ws/install/xarm_moveit_config:/home/mateo/ros2_ws/install/xarm_gazebo:/home/mateo/ros2_ws/install/xarm_controller:/home/mateo/ros2_ws/install/d435i_xarm_setup:/home/mateo/ros2_ws/install/xarm_api:/home/mateo/ros2_ws/install/xarm_sdk:/home/mateo/ros2_ws/install/xarm_msgs:/home/mateo/ros2_ws/install/xarm_description:/home/mateo/ros2_ws/install/realsense_gazebo_plugin:/home/mateo/ros2_ws/install/msgs_clase:/home/mateo/ros2_ws/install/mbot_demo:/home/mateo/ros2_ws/install/line_followerxime:/home/mateo/ros2_ws/install/line_follower:/home/mateo/ros2_ws/install/custom_interfaces:/home/mateo/X-ARM_VisualServoing/ros2_ws/install/xarm_vision:/home/mateo/X-ARM_VisualServoing/ros2_ws/install/uf_ros_lib:/home/mateo/ros2_ws/install/xarm_vision:/home/mateo/ros2_ws/install/xarm_follower:/home/mateo/ros2_ws/install/uf_ros_lib:/home/mateo/ros2_ws/install/signal_processing:/home/mateo/ros2_ws/install/reto_closedloop:/home/mateo/ros2_ws/install/reto3:/home/mateo/ros2_ws/install/puzzlebot_localisation:/home/mateo/ros2_ws/install/puzzlebot_control:/home/mateo/ros2_ws/install/motor_control:/home/mateo/ros2_ws/install/mini_challenge_3:/home/mateo/ros2_ws/install/midterm:/home/mateo/ros2_ws/install/closed_loop:/home/mateo/ros2_ws/install/act1_4:/opt/ros/humble LD_LIBRARY_PATH=/home/mateo/VisualServoing_Kinect/ros2_ws/install/xarm_controller/lib:/home/mateo/VisualServoing_Kinect/ros2_ws/install/xarm_api/lib:/home/mateo/VisualServoing_Kinect/ros2_ws/install/xarm_sdk/lib:/home/mateo/VisualServoing_Kinect/ros2_ws/install/xarm_msgs/lib:${LD_LIBRARY_PATH} PYTHONPATH=/home/mateo/VisualServoing_Kinect/ros2_ws/install/xarm_msgs/local/lib/python3.10/dist-packages:/home/mateo/VisualServoing_Kinect/ros2_ws/install/uf_ros_lib/lib/python3.10/site-packages:${PYTHONPATH} /usr/bin/cmake --build /home/mateo/VisualServoing_Kinect/ros2_ws/build/xarm_gazebo -- -j12 -l12
[3.295s] [ 50%] [32mBuilding CXX object CMakeFiles/gazebo_mimic_joint_plugin.dir/src/mimic_joint_plugin.cpp.o[0m
[12.508s] [100%] [32m[1mLinking CXX shared library libgazebo_mimic_joint_plugin.so[0m
[13.003s] [100%] Built target gazebo_mimic_joint_plugin
[13.020s] Invoked command in '/home/mateo/VisualServoing_Kinect/ros2_ws/build/xarm_gazebo' returned '0': AMENT_PREFIX_PATH=/home/mateo/VisualServoing_Kinect/ros2_ws/install/xarm_controller:/home/mateo/VisualServoing_Kinect/ros2_ws/install/xarm_api:/home/mateo/VisualServoing_Kinect/ros2_ws/install/xarm_sdk:/home/mateo/VisualServoing_Kinect/ros2_ws/install/xarm_msgs:/home/mateo/VisualServoing_Kinect/ros2_ws/install/xarm_description:/home/mateo/VisualServoing_Kinect/ros2_ws/install/uf_ros_lib:${AMENT_PREFIX_PATH} CMAKE_PREFIX_PATH=/home/mateo/VisualServoing_Kinect/ros2_ws/install/xarm_controller:/home/mateo/VisualServoing_Kinect/ros2_ws/install/xarm_api:/home/mateo/VisualServoing_Kinect/ros2_ws/install/xarm_sdk:/home/mateo/VisualServoing_Kinect/ros2_ws/install/xarm_msgs:/home/mateo/VisualServoing_Kinect/ros2_ws/install/xarm_description:/home/mateo/X-ARM_VisualServoing/ros2_ws/install/xarm_planner:/home/mateo/X-ARM_VisualServoing/ros2_ws/install/xarm_moveit_servo:/home/mateo/X-ARM_VisualServoing/ros2_ws/install/xarm_moveit_config:/home/mateo/X-ARM_VisualServoing/ros2_ws/install/xarm_gazebo:/home/mateo/X-ARM_VisualServoing/ros2_ws/install/xarm_controller:/home/mateo/X-ARM_VisualServoing/ros2_ws/install/d435i_xarm_setup:/home/mateo/X-ARM_VisualServoing/ros2_ws/install/xarm_api:/home/mateo/X-ARM_VisualServoing/ros2_ws/install/xarm_sdk:/home/mateo/X-ARM_VisualServoing/ros2_ws/install/xarm_msgs:/home/mateo/X-ARM_VisualServoing/ros2_ws/install/xarm_description:/home/mateo/X-ARM_VisualServoing/ros2_ws/install/realsense_gazebo_plugin:/home/mateo/X-ARM_VisualServoing/ros2_ws/install/mbot_demo:/home/mateo/X-ARM_VisualServoing/ros2_ws/install/azure_kinect_ros2_driver:/home/mateo/ros2_ws/install/xarm_planner:/home/mateo/ros2_ws/install/xarm_moveit_servo:/home/mateo/ros2_ws/install/xarm_moveit_config:/home/mateo/ros2_ws/install/xarm_gazebo:/home/mateo/ros2_ws/install/xarm_controller:/home/mateo/ros2_ws/install/d435i_xarm_setup:/home/mateo/ros2_ws/install/xarm_api:/home/mateo/ros2_ws/install/xarm_sdk:/home/mateo/ros2_ws/install/xarm_msgs:/home/mateo/ros2_ws/install/xarm_description:/home/mateo/ros2_ws/install/realsense_gazebo_plugin:/home/mateo/ros2_ws/install/msgs_clase:/home/mateo/ros2_ws/install/mbot_demo:/home/mateo/ros2_ws/install/line_followerxime:/home/mateo/ros2_ws/install/line_follower:/home/mateo/ros2_ws/install/custom_interfaces:/home/mateo/X-ARM_VisualServoing/ros2_ws/install/xarm_vision:/home/mateo/X-ARM_VisualServoing/ros2_ws/install/uf_ros_lib:/home/mateo/ros2_ws/install/xarm_vision:/home/mateo/ros2_ws/install/xarm_follower:/home/mateo/ros2_ws/install/uf_ros_lib:/home/mateo/ros2_ws/install/signal_processing:/home/mateo/ros2_ws/install/reto_closedloop:/home/mateo/ros2_ws/install/reto3:/home/mateo/ros2_ws/install/puzzlebot_localisation:/home/mateo/ros2_ws/install/puzzlebot_control:/home/mateo/ros2_ws/install/motor_control:/home/mateo/ros2_ws/install/mini_challenge_3:/home/mateo/ros2_ws/install/midterm:/home/mateo/ros2_ws/install/closed_loop:/home/mateo/ros2_ws/install/act1_4:/opt/ros/humble LD_LIBRARY_PATH=/home/mateo/VisualServoing_Kinect/ros2_ws/install/xarm_controller/lib:/home/mateo/VisualServoing_Kinect/ros2_ws/install/xarm_api/lib:/home/mateo/VisualServoing_Kinect/ros2_ws/install/xarm_sdk/lib:/home/mateo/VisualServoing_Kinect/ros2_ws/install/xarm_msgs/lib:${LD_LIBRARY_PATH} PYTHONPATH=/home/mateo/VisualServoing_Kinect/ros2_ws/install/xarm_msgs/local/lib/python3.10/dist-packages:/home/mateo/VisualServoing_Kinect/ros2_ws/install/uf_ros_lib/lib/python3.10/site-packages:${PYTHONPATH} /usr/bin/cmake --build /home/mateo/VisualServoing_Kinect/ros2_ws/build/xarm_gazebo -- -j12 -l12
[13.023s] Invoking command in '/home/mateo/VisualServoing_Kinect/ros2_ws/build/xarm_gazebo': AMENT_PREFIX_PATH=/home/mateo/VisualServoing_Kinect/ros2_ws/install/xarm_controller:/home/mateo/VisualServoing_Kinect/ros2_ws/install/xarm_api:/home/mateo/VisualServoing_Kinect/ros2_ws/install/xarm_sdk:/home/mateo/VisualServoing_Kinect/ros2_ws/install/xarm_msgs:/home/mateo/VisualServoing_Kinect/ros2_ws/install/xarm_description:/home/mateo/VisualServoing_Kinect/ros2_ws/install/uf_ros_lib:${AMENT_PREFIX_PATH} CMAKE_PREFIX_PATH=/home/mateo/VisualServoing_Kinect/ros2_ws/install/xarm_controller:/home/mateo/VisualServoing_Kinect/ros2_ws/install/xarm_api:/home/mateo/VisualServoing_Kinect/ros2_ws/install/xarm_sdk:/home/mateo/VisualServoing_Kinect/ros2_ws/install/xarm_msgs:/home/mateo/VisualServoing_Kinect/ros2_ws/install/xarm_description:/home/mateo/X-ARM_VisualServoing/ros2_ws/install/xarm_planner:/home/mateo/X-ARM_VisualServoing/ros2_ws/install/xarm_moveit_servo:/home/mateo/X-ARM_VisualServoing/ros2_ws/install/xarm_moveit_config:/home/mateo/X-ARM_VisualServoing/ros2_ws/install/xarm_gazebo:/home/mateo/X-ARM_VisualServoing/ros2_ws/install/xarm_controller:/home/mateo/X-ARM_VisualServoing/ros2_ws/install/d435i_xarm_setup:/home/mateo/X-ARM_VisualServoing/ros2_ws/install/xarm_api:/home/mateo/X-ARM_VisualServoing/ros2_ws/install/xarm_sdk:/home/mateo/X-ARM_VisualServoing/ros2_ws/install/xarm_msgs:/home/mateo/X-ARM_VisualServoing/ros2_ws/install/xarm_description:/home/mateo/X-ARM_VisualServoing/ros2_ws/install/realsense_gazebo_plugin:/home/mateo/X-ARM_VisualServoing/ros2_ws/install/mbot_demo:/home/mateo/X-ARM_VisualServoing/ros2_ws/install/azure_kinect_ros2_driver:/home/mateo/ros2_ws/install/xarm_planner:/home/mateo/ros2_ws/install/xarm_moveit_servo:/home/mateo/ros2_ws/install/xarm_moveit_config:/home/mateo/ros2_ws/install/xarm_gazebo:/home/mateo/ros2_ws/install/xarm_controller:/home/mateo/ros2_ws/install/d435i_xarm_setup:/home/mateo/ros2_ws/install/xarm_api:/home/mateo/ros2_ws/install/xarm_sdk:/home/mateo/ros2_ws/install/xarm_msgs:/home/mateo/ros2_ws/install/xarm_description:/home/mateo/ros2_ws/install/realsense_gazebo_plugin:/home/mateo/ros2_ws/install/msgs_clase:/home/mateo/ros2_ws/install/mbot_demo:/home/mateo/ros2_ws/install/line_followerxime:/home/mateo/ros2_ws/install/line_follower:/home/mateo/ros2_ws/install/custom_interfaces:/home/mateo/X-ARM_VisualServoing/ros2_ws/install/xarm_vision:/home/mateo/X-ARM_VisualServoing/ros2_ws/install/uf_ros_lib:/home/mateo/ros2_ws/install/xarm_vision:/home/mateo/ros2_ws/install/xarm_follower:/home/mateo/ros2_ws/install/uf_ros_lib:/home/mateo/ros2_ws/install/signal_processing:/home/mateo/ros2_ws/install/reto_closedloop:/home/mateo/ros2_ws/install/reto3:/home/mateo/ros2_ws/install/puzzlebot_localisation:/home/mateo/ros2_ws/install/puzzlebot_control:/home/mateo/ros2_ws/install/motor_control:/home/mateo/ros2_ws/install/mini_challenge_3:/home/mateo/ros2_ws/install/midterm:/home/mateo/ros2_ws/install/closed_loop:/home/mateo/ros2_ws/install/act1_4:/opt/ros/humble LD_LIBRARY_PATH=/home/mateo/VisualServoing_Kinect/ros2_ws/install/xarm_controller/lib:/home/mateo/VisualServoing_Kinect/ros2_ws/install/xarm_api/lib:/home/mateo/VisualServoing_Kinect/ros2_ws/install/xarm_sdk/lib:/home/mateo/VisualServoing_Kinect/ros2_ws/install/xarm_msgs/lib:${LD_LIBRARY_PATH} PYTHONPATH=/home/mateo/VisualServoing_Kinect/ros2_ws/install/xarm_msgs/local/lib/python3.10/dist-packages:/home/mateo/VisualServoing_Kinect/ros2_ws/install/uf_ros_lib/lib/python3.10/site-packages:${PYTHONPATH} /usr/bin/cmake --install /home/mateo/VisualServoing_Kinect/ros2_ws/build/xarm_gazebo
[13.035s] -- Install configuration: ""
[13.035s] -- Installing: /home/mateo/VisualServoing_Kinect/ros2_ws/install/xarm_gazebo/include
[13.035s] -- Installing: /home/mateo/VisualServoing_Kinect/ros2_ws/install/xarm_gazebo/include/xarm_gazebo
[13.035s] -- Installing: /home/mateo/VisualServoing_Kinect/ros2_ws/install/xarm_gazebo/include/xarm_gazebo/mimic_joint_plugin.h
[13.035s] -- Installing: /home/mateo/VisualServoing_Kinect/ros2_ws/install/xarm_gazebo/lib/libgazebo_mimic_joint_plugin.so
[13.037s] -- Set runtime path of "/home/mateo/VisualServoing_Kinect/ros2_ws/install/xarm_gazebo/lib/libgazebo_mimic_joint_plugin.so" to ""
[13.037s] -- Installing: /home/mateo/VisualServoing_Kinect/ros2_ws/install/xarm_gazebo/share/xarm_gazebo//worlds
[13.038s] -- Installing: /home/mateo/VisualServoing_Kinect/ros2_ws/install/xarm_gazebo/share/xarm_gazebo//worlds/table.world
[13.038s] -- Installing: /home/mateo/VisualServoing_Kinect/ros2_ws/install/xarm_gazebo/share/xarm_gazebo//launch
[13.038s] -- Installing: /home/mateo/VisualServoing_Kinect/ros2_ws/install/xarm_gazebo/share/xarm_gazebo//launch/_dual_robot_beside_table_gazebo.launch.py
[13.038s] -- Installing: /home/mateo/VisualServoing_Kinect/ros2_ws/install/xarm_gazebo/share/xarm_gazebo//launch/xarm6_beside_table_gazebo.launch.py
[13.038s] -- Installing: /home/mateo/VisualServoing_Kinect/ros2_ws/install/xarm_gazebo/share/xarm_gazebo//launch/lite6_beside_table_gazebo.launch.py
[13.038s] -- Installing: /home/mateo/VisualServoing_Kinect/ros2_ws/install/xarm_gazebo/share/xarm_gazebo//launch/_robot_beside_table_ignition.launch.py
[13.038s] -- Installing: /home/mateo/VisualServoing_Kinect/ros2_ws/install/xarm_gazebo/share/xarm_gazebo//launch/_robot_beside_table_gazebo.launch.py
[13.039s] -- Installing: /home/mateo/VisualServoing_Kinect/ros2_ws/install/xarm_gazebo/share/xarm_gazebo//launch/xarm7_beside_table_gazebo.launch.py
[13.039s] -- Installing: /home/mateo/VisualServoing_Kinect/ros2_ws/install/xarm_gazebo/share/xarm_gazebo//launch/xarm7_mirror_beside_table_gazebo.launch.py
[13.039s] -- Installing: /home/mateo/VisualServoing_Kinect/ros2_ws/install/xarm_gazebo/share/xarm_gazebo//launch/uf850_beside_table_gazebo.launch.py
[13.039s] -- Installing: /home/mateo/VisualServoing_Kinect/ros2_ws/install/xarm_gazebo/share/xarm_gazebo//launch/xarm5_beside_table_gazebo.launch.py
[13.039s] -- Installing: /home/mateo/VisualServoing_Kinect/ros2_ws/install/xarm_gazebo/share/ament_index/resource_index/package_run_dependencies/xarm_gazebo
[13.039s] -- Installing: /home/mateo/VisualServoing_Kinect/ros2_ws/install/xarm_gazebo/share/ament_index/resource_index/parent_prefix_path/xarm_gazebo
[13.039s] -- Installing: /home/mateo/VisualServoing_Kinect/ros2_ws/install/xarm_gazebo/share/xarm_gazebo/environment/ament_prefix_path.sh
[13.039s] -- Installing: /home/mateo/VisualServoing_Kinect/ros2_ws/install/xarm_gazebo/share/xarm_gazebo/environment/ament_prefix_path.dsv
[13.039s] -- Installing: /home/mateo/VisualServoing_Kinect/ros2_ws/install/xarm_gazebo/share/xarm_gazebo/environment/path.sh
[13.040s] -- Installing: /home/mateo/VisualServoing_Kinect/ros2_ws/install/xarm_gazebo/share/xarm_gazebo/environment/path.dsv
[13.040s] -- Installing: /home/mateo/VisualServoing_Kinect/ros2_ws/install/xarm_gazebo/share/xarm_gazebo/local_setup.bash
[13.040s] -- Installing: /home/mateo/VisualServoing_Kinect/ros2_ws/install/xarm_gazebo/share/xarm_gazebo/local_setup.sh
[13.040s] -- Installing: /home/mateo/VisualServoing_Kinect/ros2_ws/install/xarm_gazebo/share/xarm_gazebo/local_setup.zsh
[13.040s] -- Installing: /home/mateo/VisualServoing_Kinect/ros2_ws/install/xarm_gazebo/share/xarm_gazebo/local_setup.dsv
[13.040s] -- Installing: /home/mateo/VisualServoing_Kinect/ros2_ws/install/xarm_gazebo/share/xarm_gazebo/package.dsv
[13.040s] -- Installing: /home/mateo/VisualServoing_Kinect/ros2_ws/install/xarm_gazebo/share/ament_index/resource_index/packages/xarm_gazebo
[13.040s] -- Installing: /home/mateo/VisualServoing_Kinect/ros2_ws/install/xarm_gazebo/share/xarm_gazebo/cmake/xarm_gazeboConfig.cmake
[13.040s] -- Installing: /home/mateo/VisualServoing_Kinect/ros2_ws/install/xarm_gazebo/share/xarm_gazebo/cmake/xarm_gazeboConfig-version.cmake
[13.040s] -- Installing: /home/mateo/VisualServoing_Kinect/ros2_ws/install/xarm_gazebo/share/xarm_gazebo/package.xml
[13.045s] Invoked command in '/home/mateo/VisualServoing_Kinect/ros2_ws/build/xarm_gazebo' returned '0': AMENT_PREFIX_PATH=/home/mateo/VisualServoing_Kinect/ros2_ws/install/xarm_controller:/home/mateo/VisualServoing_Kinect/ros2_ws/install/xarm_api:/home/mateo/VisualServoing_Kinect/ros2_ws/install/xarm_sdk:/home/mateo/VisualServoing_Kinect/ros2_ws/install/xarm_msgs:/home/mateo/VisualServoing_Kinect/ros2_ws/install/xarm_description:/home/mateo/VisualServoing_Kinect/ros2_ws/install/uf_ros_lib:${AMENT_PREFIX_PATH} CMAKE_PREFIX_PATH=/home/mateo/VisualServoing_Kinect/ros2_ws/install/xarm_controller:/home/mateo/VisualServoing_Kinect/ros2_ws/install/xarm_api:/home/mateo/VisualServoing_Kinect/ros2_ws/install/xarm_sdk:/home/mateo/VisualServoing_Kinect/ros2_ws/install/xarm_msgs:/home/mateo/VisualServoing_Kinect/ros2_ws/install/xarm_description:/home/mateo/X-ARM_VisualServoing/ros2_ws/install/xarm_planner:/home/mateo/X-ARM_VisualServoing/ros2_ws/install/xarm_moveit_servo:/home/mateo/X-ARM_VisualServoing/ros2_ws/install/xarm_moveit_config:/home/mateo/X-ARM_VisualServoing/ros2_ws/install/xarm_gazebo:/home/mateo/X-ARM_VisualServoing/ros2_ws/install/xarm_controller:/home/mateo/X-ARM_VisualServoing/ros2_ws/install/d435i_xarm_setup:/home/mateo/X-ARM_VisualServoing/ros2_ws/install/xarm_api:/home/mateo/X-ARM_VisualServoing/ros2_ws/install/xarm_sdk:/home/mateo/X-ARM_VisualServoing/ros2_ws/install/xarm_msgs:/home/mateo/X-ARM_VisualServoing/ros2_ws/install/xarm_description:/home/mateo/X-ARM_VisualServoing/ros2_ws/install/realsense_gazebo_plugin:/home/mateo/X-ARM_VisualServoing/ros2_ws/install/mbot_demo:/home/mateo/X-ARM_VisualServoing/ros2_ws/install/azure_kinect_ros2_driver:/home/mateo/ros2_ws/install/xarm_planner:/home/mateo/ros2_ws/install/xarm_moveit_servo:/home/mateo/ros2_ws/install/xarm_moveit_config:/home/mateo/ros2_ws/install/xarm_gazebo:/home/mateo/ros2_ws/install/xarm_controller:/home/mateo/ros2_ws/install/d435i_xarm_setup:/home/mateo/ros2_ws/install/xarm_api:/home/mateo/ros2_ws/install/xarm_sdk:/home/mateo/ros2_ws/install/xarm_msgs:/home/mateo/ros2_ws/install/xarm_description:/home/mateo/ros2_ws/install/realsense_gazebo_plugin:/home/mateo/ros2_ws/install/msgs_clase:/home/mateo/ros2_ws/install/mbot_demo:/home/mateo/ros2_ws/install/line_followerxime:/home/mateo/ros2_ws/install/line_follower:/home/mateo/ros2_ws/install/custom_interfaces:/home/mateo/X-ARM_VisualServoing/ros2_ws/install/xarm_vision:/home/mateo/X-ARM_VisualServoing/ros2_ws/install/uf_ros_lib:/home/mateo/ros2_ws/install/xarm_vision:/home/mateo/ros2_ws/install/xarm_follower:/home/mateo/ros2_ws/install/uf_ros_lib:/home/mateo/ros2_ws/install/signal_processing:/home/mateo/ros2_ws/install/reto_closedloop:/home/mateo/ros2_ws/install/reto3:/home/mateo/ros2_ws/install/puzzlebot_localisation:/home/mateo/ros2_ws/install/puzzlebot_control:/home/mateo/ros2_ws/install/motor_control:/home/mateo/ros2_ws/install/mini_challenge_3:/home/mateo/ros2_ws/install/midterm:/home/mateo/ros2_ws/install/closed_loop:/home/mateo/ros2_ws/install/act1_4:/opt/ros/humble LD_LIBRARY_PATH=/home/mateo/VisualServoing_Kinect/ros2_ws/install/xarm_controller/lib:/home/mateo/VisualServoing_Kinect/ros2_ws/install/xarm_api/lib:/home/mateo/VisualServoing_Kinect/ros2_ws/install/xarm_sdk/lib:/home/mateo/VisualServoing_Kinect/ros2_ws/install/xarm_msgs/lib:${LD_LIBRARY_PATH} PYTHONPATH=/home/mateo/VisualServoing_Kinect/ros2_ws/install/xarm_msgs/local/lib/python3.10/dist-packages:/home/mateo/VisualServoing_Kinect/ros2_ws/install/uf_ros_lib/lib/python3.10/site-packages:${PYTHONPATH} /usr/bin/cmake --install /home/mateo/VisualServoing_Kinect/ros2_ws/build/xarm_gazebo
