[0.032s] Invoking command in '/home/mateo/VisualServoing_Kinect/ros2_ws/build/xarm_sdk': CMAKE_PREFIX_PATH=${CMAKE_PREFIX_PATH}:/home/mateo/X-ARM_VisualServoing/ros2_ws/install/xarm_vision:/home/mateo/X-ARM_VisualServoing/ros2_ws/install/uf_ros_lib:/home/mateo/ros2_ws/install/xarm_vision:/home/mateo/ros2_ws/install/xarm_follower:/home/mateo/ros2_ws/install/uf_ros_lib:/home/mateo/ros2_ws/install/signal_processing:/home/mateo/ros2_ws/install/reto_closedloop:/home/mateo/ros2_ws/install/reto3:/home/mateo/ros2_ws/install/puzzlebot_localisation:/home/mateo/ros2_ws/install/puzzlebot_control:/home/mateo/ros2_ws/install/motor_control:/home/mateo/ros2_ws/install/mini_challenge_3:/home/mateo/ros2_ws/install/midterm:/home/mateo/ros2_ws/install/closed_loop:/home/mateo/ros2_ws/install/act1_4:/opt/ros/humble /usr/bin/cmake /home/mateo/VisualServoing_Kinect/ros2_ws/src/xarm_ros2/xarm_sdk -DCMAKE_INSTALL_PREFIX=/home/mateo/VisualServoing_Kinect/ros2_ws/install/xarm_sdk
[0.516s] -- The C compiler identification is GNU 11.4.0
[0.516s] -- The CXX compiler identification is GNU 11.4.0
[0.516s] -- Detecting C compiler ABI info
[0.516s] -- Detecting C compiler ABI info - done
[0.516s] -- Check for working C compiler: /usr/bin/cc - skipped
[0.516s] -- Detecting C compile features
[0.516s] -- Detecting C compile features - done
[0.516s] -- Detecting CXX compiler ABI info
[0.516s] -- Detecting CXX compiler ABI info - done
[0.516s] -- Check for working CXX compiler: /usr/bin/c++ - skipped
[0.516s] -- Detecting CXX compile features
[0.516s] -- Detecting CXX compile features - done
[0.517s] -- Found ament_cmake: 1.3.11 (/opt/ros/humble/share/ament_cmake/cmake)
[0.558s] -- Found Python3: /usr/bin/python3 (found version "3.10.12") found components: Interpreter 
[0.734s] -- Found ament_lint_auto: 0.12.12 (/opt/ros/humble/share/ament_lint_auto/cmake)
[0.922s] -- Added test 'copyright' to check source files copyright and LICENSE
[0.929s] -- Added test 'cppcheck' to perform static code analysis on C / C++ code
[0.929s] -- Configured cppcheck include dirs: /home/mateo/VisualServoing_Kinect/ros2_ws/src/xarm_ros2/xarm_sdk/cxx/include
[0.930s] -- Configured cppcheck exclude dirs and/or files: 
[0.940s] -- Added test 'cpplint' to check C / C++ code against the Google style
[0.940s] -- Configured cpplint exclude dirs and/or files: 
[0.947s] -- Added test 'lint_cmake' to check CMake code style
[0.965s] -- Added test 'uncrustify' to check C / C++ code style
[0.965s] -- Configured uncrustify additional arguments: 
[0.969s] -- Added test 'xmllint' to check XML markup files
[0.973s] -- Configuring done
[0.982s] -- Generating done
[0.983s] -- Build files have been written to: /home/mateo/VisualServoing_Kinect/ros2_ws/build/xarm_sdk
[0.987s] Invoked command in '/home/mateo/VisualServoing_Kinect/ros2_ws/build/xarm_sdk' returned '0': CMAKE_PREFIX_PATH=${CMAKE_PREFIX_PATH}:/home/mateo/X-ARM_VisualServoing/ros2_ws/install/xarm_vision:/home/mateo/X-ARM_VisualServoing/ros2_ws/install/uf_ros_lib:/home/mateo/ros2_ws/install/xarm_vision:/home/mateo/ros2_ws/install/xarm_follower:/home/mateo/ros2_ws/install/uf_ros_lib:/home/mateo/ros2_ws/install/signal_processing:/home/mateo/ros2_ws/install/reto_closedloop:/home/mateo/ros2_ws/install/reto3:/home/mateo/ros2_ws/install/puzzlebot_localisation:/home/mateo/ros2_ws/install/puzzlebot_control:/home/mateo/ros2_ws/install/motor_control:/home/mateo/ros2_ws/install/mini_challenge_3:/home/mateo/ros2_ws/install/midterm:/home/mateo/ros2_ws/install/closed_loop:/home/mateo/ros2_ws/install/act1_4:/opt/ros/humble /usr/bin/cmake /home/mateo/VisualServoing_Kinect/ros2_ws/src/xarm_ros2/xarm_sdk -DCMAKE_INSTALL_PREFIX=/home/mateo/VisualServoing_Kinect/ros2_ws/install/xarm_sdk
[0.989s] Invoking command in '/home/mateo/VisualServoing_Kinect/ros2_ws/build/xarm_sdk': CMAKE_PREFIX_PATH=${CMAKE_PREFIX_PATH}:/home/mateo/X-ARM_VisualServoing/ros2_ws/install/xarm_vision:/home/mateo/X-ARM_VisualServoing/ros2_ws/install/uf_ros_lib:/home/mateo/ros2_ws/install/xarm_vision:/home/mateo/ros2_ws/install/xarm_follower:/home/mateo/ros2_ws/install/uf_ros_lib:/home/mateo/ros2_ws/install/signal_processing:/home/mateo/ros2_ws/install/reto_closedloop:/home/mateo/ros2_ws/install/reto3:/home/mateo/ros2_ws/install/puzzlebot_localisation:/home/mateo/ros2_ws/install/puzzlebot_control:/home/mateo/ros2_ws/install/motor_control:/home/mateo/ros2_ws/install/mini_challenge_3:/home/mateo/ros2_ws/install/midterm:/home/mateo/ros2_ws/install/closed_loop:/home/mateo/ros2_ws/install/act1_4:/opt/ros/humble /usr/bin/cmake --build /home/mateo/VisualServoing_Kinect/ros2_ws/build/xarm_sdk -- -j12 -l12
[1.046s] [  9%] [32mBuilding CXX object CMakeFiles/xarm_cxx_sdk.dir/cxx/src/serial/impl/list_ports/list_ports_linux.cc.o[0m
[1.046s] [  9%] [32mBuilding CXX object CMakeFiles/xarm_cxx_sdk.dir/cxx/src/serial/impl/list_ports/list_ports_win.cc.o[0m
[1.046s] [  9%] [32mBuilding CXX object CMakeFiles/xarm_cxx_sdk.dir/cxx/src/serial/impl/unix.cc.o[0m
[1.050s] [ 12%] [32mBuilding CXX object CMakeFiles/xarm_cxx_sdk.dir/cxx/src/serial/impl/list_ports/list_ports_osx.cc.o[0m
[1.052s] [ 15%] [32mBuilding CXX object CMakeFiles/xarm_cxx_sdk.dir/cxx/src/serial/serial.cc.o[0m
[1.054s] [ 18%] [32mBuilding CXX object CMakeFiles/xarm_cxx_sdk.dir/cxx/src/xarm/core/common/crc16.cc.o[0m
[1.055s] [ 21%] [32mBuilding CXX object CMakeFiles/xarm_cxx_sdk.dir/cxx/src/serial/impl/win.cc.o[0m
[1.061s] [ 25%] [32mBuilding CXX object CMakeFiles/xarm_cxx_sdk.dir/cxx/src/xarm/core/common/queue_memcpy.cc.o[0m
[1.067s] [ 28%] [32mBuilding CXX object CMakeFiles/xarm_cxx_sdk.dir/cxx/src/xarm/core/connect.cc.o[0m
[1.081s] [ 31%] [32mBuilding CXX object CMakeFiles/xarm_cxx_sdk.dir/cxx/src/xarm/core/debug/debug_print.cc.o[0m
[1.086s] [ 34%] [32mBuilding CXX object CMakeFiles/xarm_cxx_sdk.dir/cxx/src/xarm/core/instruction/uxbus_cmd.cc.o[0m
[1.097s] [ 37%] [32mBuilding CXX object CMakeFiles/xarm_cxx_sdk.dir/cxx/src/xarm/core/os/network.cc.o[0m
[1.101s] [ 40%] [32mBuilding CXX object CMakeFiles/xarm_cxx_sdk.dir/cxx/src/xarm/core/instruction/uxbus_cmd_ser.cc.o[0m
[1.104s] [ 43%] [32mBuilding CXX object CMakeFiles/xarm_cxx_sdk.dir/cxx/src/xarm/core/instruction/uxbus_cmd_tcp.cc.o[0m
[1.123s] [ 46%] [32mBuilding CXX object CMakeFiles/xarm_cxx_sdk.dir/cxx/src/xarm/core/port/ser.cc.o[0m
[1.146s] [ 50%] [32mBuilding CXX object CMakeFiles/xarm_cxx_sdk.dir/cxx/src/xarm/core/port/socket.cc.o[0m
[1.191s] [ 53%] [32mBuilding CXX object CMakeFiles/xarm_cxx_sdk.dir/cxx/src/xarm/core/report_data.cc.o[0m
[1.702s] [ 56%] [32mBuilding CXX object CMakeFiles/xarm_cxx_sdk.dir/cxx/src/xarm/wrapper/xarm_api.cc.o[0m
[1.860s] [ 59%] [32mBuilding CXX object CMakeFiles/xarm_cxx_sdk.dir/cxx/src/xarm/wrapper/xarm_events.cc.o[0m
[1.864s] [ 62%] [32mBuilding CXX object CMakeFiles/xarm_cxx_sdk.dir/cxx/src/xarm/wrapper/xarm_bio.cc.o[0m
[1.881s] [ 65%] [32mBuilding CXX object CMakeFiles/xarm_cxx_sdk.dir/cxx/src/xarm/wrapper/xarm_ft_sensor.cc.o[0m
[1.990s] [ 68%] [32mBuilding CXX object CMakeFiles/xarm_cxx_sdk.dir/cxx/src/xarm/wrapper/xarm_gpio.cc.o[0m
[2.015s] [ 71%] [32mBuilding CXX object CMakeFiles/xarm_cxx_sdk.dir/cxx/src/xarm/wrapper/xarm_modbus_tcp.cc.o[0m
[2.019s] [ 75%] [32mBuilding CXX object CMakeFiles/xarm_cxx_sdk.dir/cxx/src/xarm/wrapper/xarm_gripper.cc.o[0m
[2.034s] [ 78%] [32mBuilding CXX object CMakeFiles/xarm_cxx_sdk.dir/cxx/src/xarm/wrapper/xarm_motion.cc.o[0m
[2.040s] [ 81%] [32mBuilding CXX object CMakeFiles/xarm_cxx_sdk.dir/cxx/src/xarm/wrapper/xarm_params.cc.o[0m
[2.075s] [ 84%] [32mBuilding CXX object CMakeFiles/xarm_cxx_sdk.dir/cxx/src/xarm/wrapper/xarm_record.cc.o[0m
[2.196s] [ 87%] [32mBuilding CXX object CMakeFiles/xarm_cxx_sdk.dir/cxx/src/xarm/wrapper/xarm_report.cc.o[0m
[2.901s] [ 90%] [32mBuilding CXX object CMakeFiles/xarm_cxx_sdk.dir/cxx/src/xarm/wrapper/xarm_robotiq.cc.o[0m
[3.459s] [ 93%] [32mBuilding CXX object CMakeFiles/xarm_cxx_sdk.dir/cxx/src/xarm/wrapper/xarm_servo.cc.o[0m
[3.477s] [ 96%] [32mBuilding CXX object CMakeFiles/xarm_cxx_sdk.dir/cxx/src/xarm/wrapper/xarm_track.cc.o[0m
[7.227s] [100%] [32m[1mLinking CXX shared library libxarm_cxx_sdk.so[0m
[7.627s] [100%] Built target xarm_cxx_sdk
[7.648s] Invoked command in '/home/mateo/VisualServoing_Kinect/ros2_ws/build/xarm_sdk' returned '0': CMAKE_PREFIX_PATH=${CMAKE_PREFIX_PATH}:/home/mateo/X-ARM_VisualServoing/ros2_ws/install/xarm_vision:/home/mateo/X-ARM_VisualServoing/ros2_ws/install/uf_ros_lib:/home/mateo/ros2_ws/install/xarm_vision:/home/mateo/ros2_ws/install/xarm_follower:/home/mateo/ros2_ws/install/uf_ros_lib:/home/mateo/ros2_ws/install/signal_processing:/home/mateo/ros2_ws/install/reto_closedloop:/home/mateo/ros2_ws/install/reto3:/home/mateo/ros2_ws/install/puzzlebot_localisation:/home/mateo/ros2_ws/install/puzzlebot_control:/home/mateo/ros2_ws/install/motor_control:/home/mateo/ros2_ws/install/mini_challenge_3:/home/mateo/ros2_ws/install/midterm:/home/mateo/ros2_ws/install/closed_loop:/home/mateo/ros2_ws/install/act1_4:/opt/ros/humble /usr/bin/cmake --build /home/mateo/VisualServoing_Kinect/ros2_ws/build/xarm_sdk -- -j12 -l12
[7.650s] Invoking command in '/home/mateo/VisualServoing_Kinect/ros2_ws/build/xarm_sdk': CMAKE_PREFIX_PATH=${CMAKE_PREFIX_PATH}:/home/mateo/X-ARM_VisualServoing/ros2_ws/install/xarm_vision:/home/mateo/X-ARM_VisualServoing/ros2_ws/install/uf_ros_lib:/home/mateo/ros2_ws/install/xarm_vision:/home/mateo/ros2_ws/install/xarm_follower:/home/mateo/ros2_ws/install/uf_ros_lib:/home/mateo/ros2_ws/install/signal_processing:/home/mateo/ros2_ws/install/reto_closedloop:/home/mateo/ros2_ws/install/reto3:/home/mateo/ros2_ws/install/puzzlebot_localisation:/home/mateo/ros2_ws/install/puzzlebot_control:/home/mateo/ros2_ws/install/motor_control:/home/mateo/ros2_ws/install/mini_challenge_3:/home/mateo/ros2_ws/install/midterm:/home/mateo/ros2_ws/install/closed_loop:/home/mateo/ros2_ws/install/act1_4:/opt/ros/humble /usr/bin/cmake --install /home/mateo/VisualServoing_Kinect/ros2_ws/build/xarm_sdk
[7.663s] -- Install configuration: ""
[7.663s] -- Installing: /home/mateo/VisualServoing_Kinect/ros2_ws/install/xarm_sdk/share/xarm_sdk/environment/library_path.sh
[7.663s] -- Installing: /home/mateo/VisualServoing_Kinect/ros2_ws/install/xarm_sdk/share/xarm_sdk/environment/library_path.dsv
[7.664s] -- Installing: /home/mateo/VisualServoing_Kinect/ros2_ws/install/xarm_sdk/cxx/include
[7.664s] -- Installing: /home/mateo/VisualServoing_Kinect/ros2_ws/install/xarm_sdk/cxx/include/serial
[7.664s] -- Installing: /home/mateo/VisualServoing_Kinect/ros2_ws/install/xarm_sdk/cxx/include/serial/impl
[7.664s] -- Installing: /home/mateo/VisualServoing_Kinect/ros2_ws/install/xarm_sdk/cxx/include/serial/impl/win.h
[7.664s] -- Installing: /home/mateo/VisualServoing_Kinect/ros2_ws/install/xarm_sdk/cxx/include/serial/impl/unix.h
[7.664s] -- Installing: /home/mateo/VisualServoing_Kinect/ros2_ws/install/xarm_sdk/cxx/include/serial/v8stdint.h
[7.664s] -- Installing: /home/mateo/VisualServoing_Kinect/ros2_ws/install/xarm_sdk/cxx/include/serial/serial.h
[7.665s] -- Installing: /home/mateo/VisualServoing_Kinect/ros2_ws/install/xarm_sdk/cxx/include/xarm
[7.665s] -- Installing: /home/mateo/VisualServoing_Kinect/ros2_ws/install/xarm_sdk/cxx/include/xarm/wrapper
[7.665s] -- Installing: /home/mateo/VisualServoing_Kinect/ros2_ws/install/xarm_sdk/cxx/include/xarm/wrapper/xarm_api.h
[7.665s] -- Installing: /home/mateo/VisualServoing_Kinect/ros2_ws/install/xarm_sdk/cxx/include/xarm/wrapper/common
[7.665s] -- Installing: /home/mateo/VisualServoing_Kinect/ros2_ws/install/xarm_sdk/cxx/include/xarm/wrapper/common/utils.h
[7.665s] -- Installing: /home/mateo/VisualServoing_Kinect/ros2_ws/install/xarm_sdk/cxx/include/xarm/wrapper/common/timer.h
[7.666s] -- Installing: /home/mateo/VisualServoing_Kinect/ros2_ws/install/xarm_sdk/cxx/include/xarm/core
[7.666s] -- Installing: /home/mateo/VisualServoing_Kinect/ros2_ws/install/xarm_sdk/cxx/include/xarm/core/instruction
[7.666s] -- Installing: /home/mateo/VisualServoing_Kinect/ros2_ws/install/xarm_sdk/cxx/include/xarm/core/instruction/uxbus_cmd.h
[7.666s] -- Installing: /home/mateo/VisualServoing_Kinect/ros2_ws/install/xarm_sdk/cxx/include/xarm/core/instruction/uxbus_cmd_ser.h
[7.666s] -- Installing: /home/mateo/VisualServoing_Kinect/ros2_ws/install/xarm_sdk/cxx/include/xarm/core/instruction/servo3_config.h
[7.666s] -- Installing: /home/mateo/VisualServoing_Kinect/ros2_ws/install/xarm_sdk/cxx/include/xarm/core/instruction/uxbus_cmd_tcp.h
[7.667s] -- Installing: /home/mateo/VisualServoing_Kinect/ros2_ws/install/xarm_sdk/cxx/include/xarm/core/instruction/uxbus_cmd_config.h
[7.667s] -- Installing: /home/mateo/VisualServoing_Kinect/ros2_ws/install/xarm_sdk/cxx/include/xarm/core/port
[7.667s] -- Installing: /home/mateo/VisualServoing_Kinect/ros2_ws/install/xarm_sdk/cxx/include/xarm/core/port/socket.h
[7.667s] -- Installing: /home/mateo/VisualServoing_Kinect/ros2_ws/install/xarm_sdk/cxx/include/xarm/core/port/ser.h
[7.667s] -- Installing: /home/mateo/VisualServoing_Kinect/ros2_ws/install/xarm_sdk/cxx/include/xarm/core/common
[7.667s] -- Installing: /home/mateo/VisualServoing_Kinect/ros2_ws/install/xarm_sdk/cxx/include/xarm/core/common/data_type.h
[7.668s] -- Installing: /home/mateo/VisualServoing_Kinect/ros2_ws/install/xarm_sdk/cxx/include/xarm/core/common/queue_memcpy.h
[7.668s] -- Installing: /home/mateo/VisualServoing_Kinect/ros2_ws/install/xarm_sdk/cxx/include/xarm/core/common/crc16.h
[7.668s] -- Installing: /home/mateo/VisualServoing_Kinect/ros2_ws/install/xarm_sdk/cxx/include/xarm/core/os
[7.668s] -- Installing: /home/mateo/VisualServoing_Kinect/ros2_ws/install/xarm_sdk/cxx/include/xarm/core/os/bak
[7.668s] -- Installing: /home/mateo/VisualServoing_Kinect/ros2_ws/install/xarm_sdk/cxx/include/xarm/core/os/bak/thread.h
[7.668s] -- Installing: /home/mateo/VisualServoing_Kinect/ros2_ws/install/xarm_sdk/cxx/include/xarm/core/os/network.h
[7.668s] -- Installing: /home/mateo/VisualServoing_Kinect/ros2_ws/install/xarm_sdk/cxx/include/xarm/core/debug
[7.669s] -- Installing: /home/mateo/VisualServoing_Kinect/ros2_ws/install/xarm_sdk/cxx/include/xarm/core/debug/debug_print.h
[7.669s] -- Installing: /home/mateo/VisualServoing_Kinect/ros2_ws/install/xarm_sdk/cxx/include/xarm/core/connect.h
[7.669s] -- Installing: /home/mateo/VisualServoing_Kinect/ros2_ws/install/xarm_sdk/cxx/include/xarm/core/xarm_config.h
[7.669s] -- Installing: /home/mateo/VisualServoing_Kinect/ros2_ws/install/xarm_sdk/cxx/include/xarm/core/report_data.h
[7.669s] -- Installing: /home/mateo/VisualServoing_Kinect/ros2_ws/install/xarm_sdk/lib/libxarm_cxx_sdk.so
[7.674s] -- Installing: /home/mateo/VisualServoing_Kinect/ros2_ws/install/xarm_sdk/share/ament_index/resource_index/package_run_dependencies/xarm_sdk
[7.675s] -- Installing: /home/mateo/VisualServoing_Kinect/ros2_ws/install/xarm_sdk/share/ament_index/resource_index/parent_prefix_path/xarm_sdk
[7.675s] -- Installing: /home/mateo/VisualServoing_Kinect/ros2_ws/install/xarm_sdk/share/xarm_sdk/environment/ament_prefix_path.sh
[7.675s] -- Installing: /home/mateo/VisualServoing_Kinect/ros2_ws/install/xarm_sdk/share/xarm_sdk/environment/ament_prefix_path.dsv
[7.675s] -- Installing: /home/mateo/VisualServoing_Kinect/ros2_ws/install/xarm_sdk/share/xarm_sdk/environment/path.sh
[7.675s] -- Installing: /home/mateo/VisualServoing_Kinect/ros2_ws/install/xarm_sdk/share/xarm_sdk/environment/path.dsv
[7.676s] -- Installing: /home/mateo/VisualServoing_Kinect/ros2_ws/install/xarm_sdk/share/xarm_sdk/local_setup.bash
[7.676s] -- Installing: /home/mateo/VisualServoing_Kinect/ros2_ws/install/xarm_sdk/share/xarm_sdk/local_setup.sh
[7.676s] -- Installing: /home/mateo/VisualServoing_Kinect/ros2_ws/install/xarm_sdk/share/xarm_sdk/local_setup.zsh
[7.676s] -- Installing: /home/mateo/VisualServoing_Kinect/ros2_ws/install/xarm_sdk/share/xarm_sdk/local_setup.dsv
[7.676s] -- Installing: /home/mateo/VisualServoing_Kinect/ros2_ws/install/xarm_sdk/share/xarm_sdk/package.dsv
[7.676s] -- Installing: /home/mateo/VisualServoing_Kinect/ros2_ws/install/xarm_sdk/share/ament_index/resource_index/packages/xarm_sdk
[7.676s] -- Installing: /home/mateo/VisualServoing_Kinect/ros2_ws/install/xarm_sdk/share/xarm_sdk/cmake/ament_cmake_export_libraries-extras.cmake
[7.677s] -- Installing: /home/mateo/VisualServoing_Kinect/ros2_ws/install/xarm_sdk/share/xarm_sdk/cmake/ament_cmake_export_include_directories-extras.cmake
[7.677s] -- Installing: /home/mateo/VisualServoing_Kinect/ros2_ws/install/xarm_sdk/share/xarm_sdk/cmake/xarm_sdkConfig.cmake
[7.677s] -- Installing: /home/mateo/VisualServoing_Kinect/ros2_ws/install/xarm_sdk/share/xarm_sdk/cmake/xarm_sdkConfig-version.cmake
[7.677s] -- Installing: /home/mateo/VisualServoing_Kinect/ros2_ws/install/xarm_sdk/share/xarm_sdk/package.xml
[7.682s] Invoked command in '/home/mateo/VisualServoing_Kinect/ros2_ws/build/xarm_sdk' returned '0': CMAKE_PREFIX_PATH=${CMAKE_PREFIX_PATH}:/home/mateo/X-ARM_VisualServoing/ros2_ws/install/xarm_vision:/home/mateo/X-ARM_VisualServoing/ros2_ws/install/uf_ros_lib:/home/mateo/ros2_ws/install/xarm_vision:/home/mateo/ros2_ws/install/xarm_follower:/home/mateo/ros2_ws/install/uf_ros_lib:/home/mateo/ros2_ws/install/signal_processing:/home/mateo/ros2_ws/install/reto_closedloop:/home/mateo/ros2_ws/install/reto3:/home/mateo/ros2_ws/install/puzzlebot_localisation:/home/mateo/ros2_ws/install/puzzlebot_control:/home/mateo/ros2_ws/install/motor_control:/home/mateo/ros2_ws/install/mini_challenge_3:/home/mateo/ros2_ws/install/midterm:/home/mateo/ros2_ws/install/closed_loop:/home/mateo/ros2_ws/install/act1_4:/opt/ros/humble /usr/bin/cmake --install /home/mateo/VisualServoing_Kinect/ros2_ws/build/xarm_sdk
