[0.045s] Invoking command in '/home/mateo/VisualServoing_Kinect/ros2_ws/build/xarm_sdk': CMAKE_PREFIX_PATH=${CMAKE_PREFIX_PATH}:/home/mateo/ros2_ws/install/xarm_vision:/home/mateo/ros2_ws/install/xarm_follower:/home/mateo/ros2_ws/install/uf_ros_lib:/home/mateo/ros2_ws/install/signal_processing:/home/mateo/ros2_ws/install/reto_closedloop:/home/mateo/ros2_ws/install/reto3:/home/mateo/ros2_ws/install/puzzlebot_localisation:/home/mateo/ros2_ws/install/puzzlebot_control:/home/mateo/ros2_ws/install/motor_control:/home/mateo/ros2_ws/install/mini_challenge_3:/home/mateo/ros2_ws/install/midterm:/home/mateo/ros2_ws/install/closed_loop:/home/mateo/ros2_ws/install/act1_4:/opt/ros/humble /usr/bin/cmake --build /home/mateo/VisualServoing_Kinect/ros2_ws/build/xarm_sdk -- -j12 -l12
[0.438s] [35m[1mConsolidate compiler generated dependencies of target xarm_cxx_sdk[0m
[0.438s] [100%] Built target xarm_cxx_sdk
[0.454s] Invoked command in '/home/mateo/VisualServoing_Kinect/ros2_ws/build/xarm_sdk' returned '0': CMAKE_PREFIX_PATH=${CMAKE_PREFIX_PATH}:/home/mateo/ros2_ws/install/xarm_vision:/home/mateo/ros2_ws/install/xarm_follower:/home/mateo/ros2_ws/install/uf_ros_lib:/home/mateo/ros2_ws/install/signal_processing:/home/mateo/ros2_ws/install/reto_closedloop:/home/mateo/ros2_ws/install/reto3:/home/mateo/ros2_ws/install/puzzlebot_localisation:/home/mateo/ros2_ws/install/puzzlebot_control:/home/mateo/ros2_ws/install/motor_control:/home/mateo/ros2_ws/install/mini_challenge_3:/home/mateo/ros2_ws/install/midterm:/home/mateo/ros2_ws/install/closed_loop:/home/mateo/ros2_ws/install/act1_4:/opt/ros/humble /usr/bin/cmake --build /home/mateo/VisualServoing_Kinect/ros2_ws/build/xarm_sdk -- -j12 -l12
[0.456s] Invoking command in '/home/mateo/VisualServoing_Kinect/ros2_ws/build/xarm_sdk': CMAKE_PREFIX_PATH=${CMAKE_PREFIX_PATH}:/home/mateo/ros2_ws/install/xarm_vision:/home/mateo/ros2_ws/install/xarm_follower:/home/mateo/ros2_ws/install/uf_ros_lib:/home/mateo/ros2_ws/install/signal_processing:/home/mateo/ros2_ws/install/reto_closedloop:/home/mateo/ros2_ws/install/reto3:/home/mateo/ros2_ws/install/puzzlebot_localisation:/home/mateo/ros2_ws/install/puzzlebot_control:/home/mateo/ros2_ws/install/motor_control:/home/mateo/ros2_ws/install/mini_challenge_3:/home/mateo/ros2_ws/install/midterm:/home/mateo/ros2_ws/install/closed_loop:/home/mateo/ros2_ws/install/act1_4:/opt/ros/humble /usr/bin/cmake --install /home/mateo/VisualServoing_Kinect/ros2_ws/build/xarm_sdk
[0.472s] -- Install configuration: ""
[0.472s] -- Up-to-date: /home/mateo/VisualServoing_Kinect/ros2_ws/install/xarm_sdk/share/xarm_sdk/environment/library_path.sh
[0.472s] -- Up-to-date: /home/mateo/VisualServoing_Kinect/ros2_ws/install/xarm_sdk/share/xarm_sdk/environment/library_path.dsv
[0.472s] -- Up-to-date: /home/mateo/VisualServoing_Kinect/ros2_ws/install/xarm_sdk/cxx/include
[0.472s] -- Up-to-date: /home/mateo/VisualServoing_Kinect/ros2_ws/install/xarm_sdk/cxx/include/serial
[0.478s] -- Up-to-date: /home/mateo/VisualServoing_Kinect/ros2_ws/install/xarm_sdk/cxx/include/serial/impl
[0.479s] -- Up-to-date: /home/mateo/VisualServoing_Kinect/ros2_ws/install/xarm_sdk/cxx/include/serial/impl/win.h
[0.479s] -- Up-to-date: /home/mateo/VisualServoing_Kinect/ros2_ws/install/xarm_sdk/cxx/include/serial/impl/unix.h
[0.479s] -- Up-to-date: /home/mateo/VisualServoing_Kinect/ros2_ws/install/xarm_sdk/cxx/include/serial/v8stdint.h
[0.479s] -- Up-to-date: /home/mateo/VisualServoing_Kinect/ros2_ws/install/xarm_sdk/cxx/include/serial/serial.h
[0.479s] -- Up-to-date: /home/mateo/VisualServoing_Kinect/ros2_ws/install/xarm_sdk/cxx/include/xarm
[0.479s] -- Up-to-date: /home/mateo/VisualServoing_Kinect/ros2_ws/install/xarm_sdk/cxx/include/xarm/wrapper
[0.479s] -- Up-to-date: /home/mateo/VisualServoing_Kinect/ros2_ws/install/xarm_sdk/cxx/include/xarm/wrapper/xarm_api.h
[0.479s] -- Up-to-date: /home/mateo/VisualServoing_Kinect/ros2_ws/install/xarm_sdk/cxx/include/xarm/wrapper/common
[0.479s] -- Up-to-date: /home/mateo/VisualServoing_Kinect/ros2_ws/install/xarm_sdk/cxx/include/xarm/wrapper/common/utils.h
[0.479s] -- Up-to-date: /home/mateo/VisualServoing_Kinect/ros2_ws/install/xarm_sdk/cxx/include/xarm/wrapper/common/timer.h
[0.479s] -- Up-to-date: /home/mateo/VisualServoing_Kinect/ros2_ws/install/xarm_sdk/cxx/include/xarm/core
[0.479s] -- Up-to-date: /home/mateo/VisualServoing_Kinect/ros2_ws/install/xarm_sdk/cxx/include/xarm/core/instruction
[0.480s] -- Up-to-date: /home/mateo/VisualServoing_Kinect/ros2_ws/install/xarm_sdk/cxx/include/xarm/core/instruction/uxbus_cmd.h
[0.480s] -- Up-to-date: /home/mateo/VisualServoing_Kinect/ros2_ws/install/xarm_sdk/cxx/include/xarm/core/instruction/uxbus_cmd_ser.h
[0.480s] -- Up-to-date: /home/mateo/VisualServoing_Kinect/ros2_ws/install/xarm_sdk/cxx/include/xarm/core/instruction/servo3_config.h
[0.480s] -- Up-to-date: /home/mateo/VisualServoing_Kinect/ros2_ws/install/xarm_sdk/cxx/include/xarm/core/instruction/uxbus_cmd_tcp.h
[0.480s] -- Up-to-date: /home/mateo/VisualServoing_Kinect/ros2_ws/install/xarm_sdk/cxx/include/xarm/core/instruction/uxbus_cmd_config.h
[0.480s] -- Up-to-date: /home/mateo/VisualServoing_Kinect/ros2_ws/install/xarm_sdk/cxx/include/xarm/core/port
[0.481s] -- Up-to-date: /home/mateo/VisualServoing_Kinect/ros2_ws/install/xarm_sdk/cxx/include/xarm/core/port/socket.h
[0.482s] -- Up-to-date: /home/mateo/VisualServoing_Kinect/ros2_ws/install/xarm_sdk/cxx/include/xarm/core/port/ser.h
[0.483s] -- Up-to-date: /home/mateo/VisualServoing_Kinect/ros2_ws/install/xarm_sdk/cxx/include/xarm/core/common
[0.483s] -- Up-to-date: /home/mateo/VisualServoing_Kinect/ros2_ws/install/xarm_sdk/cxx/include/xarm/core/common/data_type.h
[0.483s] -- Up-to-date: /home/mateo/VisualServoing_Kinect/ros2_ws/install/xarm_sdk/cxx/include/xarm/core/common/queue_memcpy.h
[0.484s] -- Up-to-date: /home/mateo/VisualServoing_Kinect/ros2_ws/install/xarm_sdk/cxx/include/xarm/core/common/crc16.h
[0.484s] -- Up-to-date: /home/mateo/VisualServoing_Kinect/ros2_ws/install/xarm_sdk/cxx/include/xarm/core/os
[0.484s] -- Up-to-date: /home/mateo/VisualServoing_Kinect/ros2_ws/install/xarm_sdk/cxx/include/xarm/core/os/bak
[0.484s] -- Up-to-date: /home/mateo/VisualServoing_Kinect/ros2_ws/install/xarm_sdk/cxx/include/xarm/core/os/bak/thread.h
[0.484s] -- Up-to-date: /home/mateo/VisualServoing_Kinect/ros2_ws/install/xarm_sdk/cxx/include/xarm/core/os/network.h
[0.484s] -- Up-to-date: /home/mateo/VisualServoing_Kinect/ros2_ws/install/xarm_sdk/cxx/include/xarm/core/debug
[0.484s] -- Up-to-date: /home/mateo/VisualServoing_Kinect/ros2_ws/install/xarm_sdk/cxx/include/xarm/core/debug/debug_print.h
[0.484s] -- Up-to-date: /home/mateo/VisualServoing_Kinect/ros2_ws/install/xarm_sdk/cxx/include/xarm/core/connect.h
[0.484s] -- Up-to-date: /home/mateo/VisualServoing_Kinect/ros2_ws/install/xarm_sdk/cxx/include/xarm/core/xarm_config.h
[0.484s] -- Up-to-date: /home/mateo/VisualServoing_Kinect/ros2_ws/install/xarm_sdk/cxx/include/xarm/core/report_data.h
[0.484s] -- Up-to-date: /home/mateo/VisualServoing_Kinect/ros2_ws/install/xarm_sdk/lib/libxarm_cxx_sdk.so
[0.484s] -- Up-to-date: /home/mateo/VisualServoing_Kinect/ros2_ws/install/xarm_sdk/share/ament_index/resource_index/package_run_dependencies/xarm_sdk
[0.486s] -- Up-to-date: /home/mateo/VisualServoing_Kinect/ros2_ws/install/xarm_sdk/share/ament_index/resource_index/parent_prefix_path/xarm_sdk
[0.486s] -- Up-to-date: /home/mateo/VisualServoing_Kinect/ros2_ws/install/xarm_sdk/share/xarm_sdk/environment/ament_prefix_path.sh
[0.486s] -- Up-to-date: /home/mateo/VisualServoing_Kinect/ros2_ws/install/xarm_sdk/share/xarm_sdk/environment/ament_prefix_path.dsv
[0.486s] -- Up-to-date: /home/mateo/VisualServoing_Kinect/ros2_ws/install/xarm_sdk/share/xarm_sdk/environment/path.sh
[0.487s] -- Up-to-date: /home/mateo/VisualServoing_Kinect/ros2_ws/install/xarm_sdk/share/xarm_sdk/environment/path.dsv
[0.487s] -- Up-to-date: /home/mateo/VisualServoing_Kinect/ros2_ws/install/xarm_sdk/share/xarm_sdk/local_setup.bash
[0.487s] -- Up-to-date: /home/mateo/VisualServoing_Kinect/ros2_ws/install/xarm_sdk/share/xarm_sdk/local_setup.sh
[0.487s] -- Up-to-date: /home/mateo/VisualServoing_Kinect/ros2_ws/install/xarm_sdk/share/xarm_sdk/local_setup.zsh
[0.487s] -- Up-to-date: /home/mateo/VisualServoing_Kinect/ros2_ws/install/xarm_sdk/share/xarm_sdk/local_setup.dsv
[0.487s] -- Installing: /home/mateo/VisualServoing_Kinect/ros2_ws/install/xarm_sdk/share/xarm_sdk/package.dsv
[0.489s] -- Up-to-date: /home/mateo/VisualServoing_Kinect/ros2_ws/install/xarm_sdk/share/ament_index/resource_index/packages/xarm_sdk
[0.489s] -- Up-to-date: /home/mateo/VisualServoing_Kinect/ros2_ws/install/xarm_sdk/share/xarm_sdk/cmake/ament_cmake_export_libraries-extras.cmake
[0.489s] -- Up-to-date: /home/mateo/VisualServoing_Kinect/ros2_ws/install/xarm_sdk/share/xarm_sdk/cmake/ament_cmake_export_include_directories-extras.cmake
[0.489s] -- Up-to-date: /home/mateo/VisualServoing_Kinect/ros2_ws/install/xarm_sdk/share/xarm_sdk/cmake/xarm_sdkConfig.cmake
[0.490s] -- Up-to-date: /home/mateo/VisualServoing_Kinect/ros2_ws/install/xarm_sdk/share/xarm_sdk/cmake/xarm_sdkConfig-version.cmake
[0.490s] -- Up-to-date: /home/mateo/VisualServoing_Kinect/ros2_ws/install/xarm_sdk/share/xarm_sdk/package.xml
[0.521s] Invoked command in '/home/mateo/VisualServoing_Kinect/ros2_ws/build/xarm_sdk' returned '0': CMAKE_PREFIX_PATH=${CMAKE_PREFIX_PATH}:/home/mateo/ros2_ws/install/xarm_vision:/home/mateo/ros2_ws/install/xarm_follower:/home/mateo/ros2_ws/install/uf_ros_lib:/home/mateo/ros2_ws/install/signal_processing:/home/mateo/ros2_ws/install/reto_closedloop:/home/mateo/ros2_ws/install/reto3:/home/mateo/ros2_ws/install/puzzlebot_localisation:/home/mateo/ros2_ws/install/puzzlebot_control:/home/mateo/ros2_ws/install/motor_control:/home/mateo/ros2_ws/install/mini_challenge_3:/home/mateo/ros2_ws/install/midterm:/home/mateo/ros2_ws/install/closed_loop:/home/mateo/ros2_ws/install/act1_4:/opt/ros/humble /usr/bin/cmake --install /home/mateo/VisualServoing_Kinect/ros2_ws/build/xarm_sdk
