[0.222s] Invoking command in '/home/mateo/VisualServoing_Kinect/ros2_ws/build/mbot_demo': CMAKE_PREFIX_PATH=${CMAKE_PREFIX_PATH}:/home/mateo/ros2_ws/install/xarm_vision:/home/mateo/ros2_ws/install/xarm_follower:/home/mateo/ros2_ws/install/uf_ros_lib:/home/mateo/ros2_ws/install/signal_processing:/home/mateo/ros2_ws/install/reto_closedloop:/home/mateo/ros2_ws/install/reto3:/home/mateo/ros2_ws/install/puzzlebot_localisation:/home/mateo/ros2_ws/install/puzzlebot_control:/home/mateo/ros2_ws/install/motor_control:/home/mateo/ros2_ws/install/mini_challenge_3:/home/mateo/ros2_ws/install/midterm:/home/mateo/ros2_ws/install/closed_loop:/home/mateo/ros2_ws/install/act1_4:/opt/ros/humble /usr/bin/cmake --build /home/mateo/VisualServoing_Kinect/ros2_ws/build/mbot_demo -- -j12 -l12
[0.439s] Invoked command in '/home/mateo/VisualServoing_Kinect/ros2_ws/build/mbot_demo' returned '0': CMAKE_PREFIX_PATH=${CMAKE_PREFIX_PATH}:/home/mateo/ros2_ws/install/xarm_vision:/home/mateo/ros2_ws/install/xarm_follower:/home/mateo/ros2_ws/install/uf_ros_lib:/home/mateo/ros2_ws/install/signal_processing:/home/mateo/ros2_ws/install/reto_closedloop:/home/mateo/ros2_ws/install/reto3:/home/mateo/ros2_ws/install/puzzlebot_localisation:/home/mateo/ros2_ws/install/puzzlebot_control:/home/mateo/ros2_ws/install/motor_control:/home/mateo/ros2_ws/install/mini_challenge_3:/home/mateo/ros2_ws/install/midterm:/home/mateo/ros2_ws/install/closed_loop:/home/mateo/ros2_ws/install/act1_4:/opt/ros/humble /usr/bin/cmake --build /home/mateo/VisualServoing_Kinect/ros2_ws/build/mbot_demo -- -j12 -l12
[0.440s] Invoking command in '/home/mateo/VisualServoing_Kinect/ros2_ws/build/mbot_demo': CMAKE_PREFIX_PATH=${CMAKE_PREFIX_PATH}:/home/mateo/ros2_ws/install/xarm_vision:/home/mateo/ros2_ws/install/xarm_follower:/home/mateo/ros2_ws/install/uf_ros_lib:/home/mateo/ros2_ws/install/signal_processing:/home/mateo/ros2_ws/install/reto_closedloop:/home/mateo/ros2_ws/install/reto3:/home/mateo/ros2_ws/install/puzzlebot_localisation:/home/mateo/ros2_ws/install/puzzlebot_control:/home/mateo/ros2_ws/install/motor_control:/home/mateo/ros2_ws/install/mini_challenge_3:/home/mateo/ros2_ws/install/midterm:/home/mateo/ros2_ws/install/closed_loop:/home/mateo/ros2_ws/install/act1_4:/opt/ros/humble /usr/bin/cmake --install /home/mateo/VisualServoing_Kinect/ros2_ws/build/mbot_demo
[0.455s] -- Install configuration: ""
[0.455s] -- Up-to-date: /home/mateo/VisualServoing_Kinect/ros2_ws/install/mbot_demo/share/mbot_demo//rviz
[0.455s] -- Up-to-date: /home/mateo/VisualServoing_Kinect/ros2_ws/install/mbot_demo/share/mbot_demo//rviz/moveit.rviz
[0.455s] -- Up-to-date: /home/mateo/VisualServoing_Kinect/ros2_ws/install/mbot_demo/share/mbot_demo//urdf
[0.455s] -- Up-to-date: /home/mateo/VisualServoing_Kinect/ros2_ws/install/mbot_demo/share/mbot_demo//urdf/mbot.transmission.xacro
[0.455s] -- Up-to-date: /home/mateo/VisualServoing_Kinect/ros2_ws/install/mbot_demo/share/mbot_demo//urdf/mbot.gazebo.xacro
[0.455s] -- Up-to-date: /home/mateo/VisualServoing_Kinect/ros2_ws/install/mbot_demo/share/mbot_demo//urdf/mbot_with_xarm.urdf.xacro
[0.455s] -- Up-to-date: /home/mateo/VisualServoing_Kinect/ros2_ws/install/mbot_demo/share/mbot_demo//urdf/mbot.ros2_control.xacro
[0.455s] -- Up-to-date: /home/mateo/VisualServoing_Kinect/ros2_ws/install/mbot_demo/share/mbot_demo//urdf/mbot_macro.xacro
[0.455s] -- Up-to-date: /home/mateo/VisualServoing_Kinect/ros2_ws/install/mbot_demo/share/mbot_demo//urdf/mbot.urdf.xacro
[0.455s] -- Up-to-date: /home/mateo/VisualServoing_Kinect/ros2_ws/install/mbot_demo/share/mbot_demo//srdf
[0.455s] -- Up-to-date: /home/mateo/VisualServoing_Kinect/ros2_ws/install/mbot_demo/share/mbot_demo//srdf/mbot_with_xarm.srdf.xacro
[0.455s] -- Up-to-date: /home/mateo/VisualServoing_Kinect/ros2_ws/install/mbot_demo/share/mbot_demo//srdf/mbot_macro.srdf.xacro
[0.455s] -- Up-to-date: /home/mateo/VisualServoing_Kinect/ros2_ws/install/mbot_demo/share/mbot_demo//config
[0.455s] -- Up-to-date: /home/mateo/VisualServoing_Kinect/ros2_ws/install/mbot_demo/share/mbot_demo//config/controllers.yaml
[0.455s] -- Up-to-date: /home/mateo/VisualServoing_Kinect/ros2_ws/install/mbot_demo/share/mbot_demo//config/kinematics.yaml
[0.456s] -- Up-to-date: /home/mateo/VisualServoing_Kinect/ros2_ws/install/mbot_demo/share/mbot_demo//config/ompl_planning.yaml
[0.456s] -- Up-to-date: /home/mateo/VisualServoing_Kinect/ros2_ws/install/mbot_demo/share/mbot_demo//config/ros2_controllers.yaml
[0.456s] -- Up-to-date: /home/mateo/VisualServoing_Kinect/ros2_ws/install/mbot_demo/share/mbot_demo//config/joint_limits.yaml
[0.456s] -- Up-to-date: /home/mateo/VisualServoing_Kinect/ros2_ws/install/mbot_demo/share/mbot_demo//worlds
[0.456s] -- Up-to-date: /home/mateo/VisualServoing_Kinect/ros2_ws/install/mbot_demo/share/mbot_demo//worlds/empty.world
[0.456s] -- Up-to-date: /home/mateo/VisualServoing_Kinect/ros2_ws/install/mbot_demo/share/mbot_demo//launch
[0.456s] -- Up-to-date: /home/mateo/VisualServoing_Kinect/ros2_ws/install/mbot_demo/share/mbot_demo//launch/mbot_moveit_gazebo.launch.py
[0.456s] -- Up-to-date: /home/mateo/VisualServoing_Kinect/ros2_ws/install/mbot_demo/share/mbot_demo//launch/mbot_moveit_fake.launch.py
[0.457s] -- Up-to-date: /home/mateo/VisualServoing_Kinect/ros2_ws/install/mbot_demo/share/mbot_demo//launch/mbot_moveit_realmove.launch.py
[0.457s] -- Up-to-date: /home/mateo/VisualServoing_Kinect/ros2_ws/install/mbot_demo/share/mbot_demo//launch/_robot_on_mbot_gazebo.launch.py
[0.460s] -- Up-to-date: /home/mateo/VisualServoing_Kinect/ros2_ws/install/mbot_demo/share/ament_index/resource_index/package_run_dependencies/mbot_demo
[0.460s] -- Up-to-date: /home/mateo/VisualServoing_Kinect/ros2_ws/install/mbot_demo/share/ament_index/resource_index/parent_prefix_path/mbot_demo
[0.460s] -- Up-to-date: /home/mateo/VisualServoing_Kinect/ros2_ws/install/mbot_demo/share/mbot_demo/environment/ament_prefix_path.sh
[0.460s] -- Up-to-date: /home/mateo/VisualServoing_Kinect/ros2_ws/install/mbot_demo/share/mbot_demo/environment/ament_prefix_path.dsv
[0.460s] -- Up-to-date: /home/mateo/VisualServoing_Kinect/ros2_ws/install/mbot_demo/share/mbot_demo/environment/path.sh
[0.460s] -- Up-to-date: /home/mateo/VisualServoing_Kinect/ros2_ws/install/mbot_demo/share/mbot_demo/environment/path.dsv
[0.460s] -- Up-to-date: /home/mateo/VisualServoing_Kinect/ros2_ws/install/mbot_demo/share/mbot_demo/local_setup.bash
[0.462s] -- Up-to-date: /home/mateo/VisualServoing_Kinect/ros2_ws/install/mbot_demo/share/mbot_demo/local_setup.sh
[0.462s] -- Up-to-date: /home/mateo/VisualServoing_Kinect/ros2_ws/install/mbot_demo/share/mbot_demo/local_setup.zsh
[0.462s] -- Up-to-date: /home/mateo/VisualServoing_Kinect/ros2_ws/install/mbot_demo/share/mbot_demo/local_setup.dsv
[0.462s] -- Up-to-date: /home/mateo/VisualServoing_Kinect/ros2_ws/install/mbot_demo/share/mbot_demo/package.dsv
[0.464s] -- Up-to-date: /home/mateo/VisualServoing_Kinect/ros2_ws/install/mbot_demo/share/ament_index/resource_index/packages/mbot_demo
[0.465s] -- Up-to-date: /home/mateo/VisualServoing_Kinect/ros2_ws/install/mbot_demo/share/mbot_demo/cmake/mbot_demoConfig.cmake
[0.465s] -- Up-to-date: /home/mateo/VisualServoing_Kinect/ros2_ws/install/mbot_demo/share/mbot_demo/cmake/mbot_demoConfig-version.cmake
[0.465s] -- Up-to-date: /home/mateo/VisualServoing_Kinect/ros2_ws/install/mbot_demo/share/mbot_demo/package.xml
[0.480s] Invoked command in '/home/mateo/VisualServoing_Kinect/ros2_ws/build/mbot_demo' returned '0': CMAKE_PREFIX_PATH=${CMAKE_PREFIX_PATH}:/home/mateo/ros2_ws/install/xarm_vision:/home/mateo/ros2_ws/install/xarm_follower:/home/mateo/ros2_ws/install/uf_ros_lib:/home/mateo/ros2_ws/install/signal_processing:/home/mateo/ros2_ws/install/reto_closedloop:/home/mateo/ros2_ws/install/reto3:/home/mateo/ros2_ws/install/puzzlebot_localisation:/home/mateo/ros2_ws/install/puzzlebot_control:/home/mateo/ros2_ws/install/motor_control:/home/mateo/ros2_ws/install/mini_challenge_3:/home/mateo/ros2_ws/install/midterm:/home/mateo/ros2_ws/install/closed_loop:/home/mateo/ros2_ws/install/act1_4:/opt/ros/humble /usr/bin/cmake --install /home/mateo/VisualServoing_Kinect/ros2_ws/build/mbot_demo
