[0.017s] Invoking command in '/home/mateo/VisualServoing_Kinect/ros2_ws/build/xarm_controller': AMENT_PREFIX_PATH=/home/mateo/VisualServoing_Kinect/ros2_ws/install/xarm_api:/home/mateo/VisualServoing_Kinect/ros2_ws/install/xarm_sdk:/home/mateo/VisualServoing_Kinect/ros2_ws/install/xarm_msgs:/home/mateo/VisualServoing_Kinect/ros2_ws/install/xarm_description:${AMENT_PREFIX_PATH} CMAKE_PREFIX_PATH=/home/mateo/VisualServoing_Kinect/ros2_ws/install/xarm_api:/home/mateo/VisualServoing_Kinect/ros2_ws/install/xarm_sdk:/home/mateo/VisualServoing_Kinect/ros2_ws/install/xarm_msgs:/home/mateo/VisualServoing_Kinect/ros2_ws/install/xarm_description:/home/mateo/ros2_ws/install/xarm_planner:/home/mateo/ros2_ws/install/xarm_moveit_servo:/home/mateo/ros2_ws/install/xarm_moveit_config:/home/mateo/ros2_ws/install/xarm_gazebo:/home/mateo/ros2_ws/install/xarm_controller:/home/mateo/ros2_ws/install/d435i_xarm_setup:/home/mateo/ros2_ws/install/xarm_api:/home/mateo/ros2_ws/install/xarm_sdk:/home/mateo/ros2_ws/install/xarm_msgs:/home/mateo/ros2_ws/install/xarm_description:/home/mateo/ros2_ws/install/realsense_gazebo_plugin:/home/mateo/ros2_ws/install/msgs_clase:/home/mateo/ros2_ws/install/mbot_demo:/home/mateo/ros2_ws/install/line_followerxime:/home/mateo/ros2_ws/install/line_follower:/home/mateo/ros2_ws/install/custom_interfaces:/home/mateo/ros2_ws/install/xarm_vision:/home/mateo/ros2_ws/install/xarm_follower:/home/mateo/ros2_ws/install/uf_ros_lib:/home/mateo/ros2_ws/install/signal_processing:/home/mateo/ros2_ws/install/reto_closedloop:/home/mateo/ros2_ws/install/reto3:/home/mateo/ros2_ws/install/puzzlebot_localisation:/home/mateo/ros2_ws/install/puzzlebot_control:/home/mateo/ros2_ws/install/motor_control:/home/mateo/ros2_ws/install/mini_challenge_3:/home/mateo/ros2_ws/install/midterm:/home/mateo/ros2_ws/install/closed_loop:/home/mateo/ros2_ws/install/act1_4:/opt/ros/humble LD_LIBRARY_PATH=/home/mateo/VisualServoing_Kinect/ros2_ws/install/xarm_api/lib:/home/mateo/VisualServoing_Kinect/ros2_ws/install/xarm_sdk/lib:/home/mateo/VisualServoing_Kinect/ros2_ws/install/xarm_msgs/lib:${LD_LIBRARY_PATH} PYTHONPATH=/home/mateo/VisualServoing_Kinect/ros2_ws/install/xarm_msgs/local/lib/python3.10/dist-packages:${PYTHONPATH} /usr/bin/cmake --build /home/mateo/VisualServoing_Kinect/ros2_ws/build/xarm_controller -- -j12 -l12
[0.068s] [35m[1mConsolidate compiler generated dependencies of target uf_robot_hardware[0m
[0.093s] [100%] Built target uf_robot_hardware
[0.106s] Invoked command in '/home/mateo/VisualServoing_Kinect/ros2_ws/build/xarm_controller' returned '0': AMENT_PREFIX_PATH=/home/mateo/VisualServoing_Kinect/ros2_ws/install/xarm_api:/home/mateo/VisualServoing_Kinect/ros2_ws/install/xarm_sdk:/home/mateo/VisualServoing_Kinect/ros2_ws/install/xarm_msgs:/home/mateo/VisualServoing_Kinect/ros2_ws/install/xarm_description:${AMENT_PREFIX_PATH} CMAKE_PREFIX_PATH=/home/mateo/VisualServoing_Kinect/ros2_ws/install/xarm_api:/home/mateo/VisualServoing_Kinect/ros2_ws/install/xarm_sdk:/home/mateo/VisualServoing_Kinect/ros2_ws/install/xarm_msgs:/home/mateo/VisualServoing_Kinect/ros2_ws/install/xarm_description:/home/mateo/ros2_ws/install/xarm_planner:/home/mateo/ros2_ws/install/xarm_moveit_servo:/home/mateo/ros2_ws/install/xarm_moveit_config:/home/mateo/ros2_ws/install/xarm_gazebo:/home/mateo/ros2_ws/install/xarm_controller:/home/mateo/ros2_ws/install/d435i_xarm_setup:/home/mateo/ros2_ws/install/xarm_api:/home/mateo/ros2_ws/install/xarm_sdk:/home/mateo/ros2_ws/install/xarm_msgs:/home/mateo/ros2_ws/install/xarm_description:/home/mateo/ros2_ws/install/realsense_gazebo_plugin:/home/mateo/ros2_ws/install/msgs_clase:/home/mateo/ros2_ws/install/mbot_demo:/home/mateo/ros2_ws/install/line_followerxime:/home/mateo/ros2_ws/install/line_follower:/home/mateo/ros2_ws/install/custom_interfaces:/home/mateo/ros2_ws/install/xarm_vision:/home/mateo/ros2_ws/install/xarm_follower:/home/mateo/ros2_ws/install/uf_ros_lib:/home/mateo/ros2_ws/install/signal_processing:/home/mateo/ros2_ws/install/reto_closedloop:/home/mateo/ros2_ws/install/reto3:/home/mateo/ros2_ws/install/puzzlebot_localisation:/home/mateo/ros2_ws/install/puzzlebot_control:/home/mateo/ros2_ws/install/motor_control:/home/mateo/ros2_ws/install/mini_challenge_3:/home/mateo/ros2_ws/install/midterm:/home/mateo/ros2_ws/install/closed_loop:/home/mateo/ros2_ws/install/act1_4:/opt/ros/humble LD_LIBRARY_PATH=/home/mateo/VisualServoing_Kinect/ros2_ws/install/xarm_api/lib:/home/mateo/VisualServoing_Kinect/ros2_ws/install/xarm_sdk/lib:/home/mateo/VisualServoing_Kinect/ros2_ws/install/xarm_msgs/lib:${LD_LIBRARY_PATH} PYTHONPATH=/home/mateo/VisualServoing_Kinect/ros2_ws/install/xarm_msgs/local/lib/python3.10/dist-packages:${PYTHONPATH} /usr/bin/cmake --build /home/mateo/VisualServoing_Kinect/ros2_ws/build/xarm_controller -- -j12 -l12
[0.107s] Invoking command in '/home/mateo/VisualServoing_Kinect/ros2_ws/build/xarm_controller': AMENT_PREFIX_PATH=/home/mateo/VisualServoing_Kinect/ros2_ws/install/xarm_api:/home/mateo/VisualServoing_Kinect/ros2_ws/install/xarm_sdk:/home/mateo/VisualServoing_Kinect/ros2_ws/install/xarm_msgs:/home/mateo/VisualServoing_Kinect/ros2_ws/install/xarm_description:${AMENT_PREFIX_PATH} CMAKE_PREFIX_PATH=/home/mateo/VisualServoing_Kinect/ros2_ws/install/xarm_api:/home/mateo/VisualServoing_Kinect/ros2_ws/install/xarm_sdk:/home/mateo/VisualServoing_Kinect/ros2_ws/install/xarm_msgs:/home/mateo/VisualServoing_Kinect/ros2_ws/install/xarm_description:/home/mateo/ros2_ws/install/xarm_planner:/home/mateo/ros2_ws/install/xarm_moveit_servo:/home/mateo/ros2_ws/install/xarm_moveit_config:/home/mateo/ros2_ws/install/xarm_gazebo:/home/mateo/ros2_ws/install/xarm_controller:/home/mateo/ros2_ws/install/d435i_xarm_setup:/home/mateo/ros2_ws/install/xarm_api:/home/mateo/ros2_ws/install/xarm_sdk:/home/mateo/ros2_ws/install/xarm_msgs:/home/mateo/ros2_ws/install/xarm_description:/home/mateo/ros2_ws/install/realsense_gazebo_plugin:/home/mateo/ros2_ws/install/msgs_clase:/home/mateo/ros2_ws/install/mbot_demo:/home/mateo/ros2_ws/install/line_followerxime:/home/mateo/ros2_ws/install/line_follower:/home/mateo/ros2_ws/install/custom_interfaces:/home/mateo/ros2_ws/install/xarm_vision:/home/mateo/ros2_ws/install/xarm_follower:/home/mateo/ros2_ws/install/uf_ros_lib:/home/mateo/ros2_ws/install/signal_processing:/home/mateo/ros2_ws/install/reto_closedloop:/home/mateo/ros2_ws/install/reto3:/home/mateo/ros2_ws/install/puzzlebot_localisation:/home/mateo/ros2_ws/install/puzzlebot_control:/home/mateo/ros2_ws/install/motor_control:/home/mateo/ros2_ws/install/mini_challenge_3:/home/mateo/ros2_ws/install/midterm:/home/mateo/ros2_ws/install/closed_loop:/home/mateo/ros2_ws/install/act1_4:/opt/ros/humble LD_LIBRARY_PATH=/home/mateo/VisualServoing_Kinect/ros2_ws/install/xarm_api/lib:/home/mateo/VisualServoing_Kinect/ros2_ws/install/xarm_sdk/lib:/home/mateo/VisualServoing_Kinect/ros2_ws/install/xarm_msgs/lib:${LD_LIBRARY_PATH} PYTHONPATH=/home/mateo/VisualServoing_Kinect/ros2_ws/install/xarm_msgs/local/lib/python3.10/dist-packages:${PYTHONPATH} /usr/bin/cmake --install /home/mateo/VisualServoing_Kinect/ros2_ws/build/xarm_controller
[0.113s] -- Install configuration: ""
[0.114s] -- Up-to-date: /home/mateo/VisualServoing_Kinect/ros2_ws/install/xarm_controller/share/xarm_controller/uf_hardware_interface_plugins.xml
[0.114s] -- Up-to-date: /home/mateo/VisualServoing_Kinect/ros2_ws/install/xarm_controller/include
[0.114s] -- Up-to-date: /home/mateo/VisualServoing_Kinect/ros2_ws/install/xarm_controller/include/xarm_controller
[0.114s] -- Up-to-date: /home/mateo/VisualServoing_Kinect/ros2_ws/install/xarm_controller/include/xarm_controller/hardware
[0.114s] -- Up-to-date: /home/mateo/VisualServoing_Kinect/ros2_ws/install/xarm_controller/include/xarm_controller/hardware/uf_robot_fake_system_hardware.h
[0.114s] -- Up-to-date: /home/mateo/VisualServoing_Kinect/ros2_ws/install/xarm_controller/include/xarm_controller/hardware/uf_robot_system_hardware.h
[0.114s] -- Up-to-date: /home/mateo/VisualServoing_Kinect/ros2_ws/install/xarm_controller/lib/libuf_robot_hardware.so
[0.115s] -- Up-to-date: /home/mateo/VisualServoing_Kinect/ros2_ws/install/xarm_controller/share/xarm_controller//launch
[0.115s] -- Up-to-date: /home/mateo/VisualServoing_Kinect/ros2_ws/install/xarm_controller/share/xarm_controller//launch/xarm7_mirror_control_rviz_display.launch.py
[0.115s] -- Up-to-date: /home/mateo/VisualServoing_Kinect/ros2_ws/install/xarm_controller/share/xarm_controller//launch/_dual_ros2_control.launch.py
[0.115s] -- Up-to-date: /home/mateo/VisualServoing_Kinect/ros2_ws/install/xarm_controller/share/xarm_controller//launch/xarm5_control_rviz_display.launch.py
[0.115s] -- Up-to-date: /home/mateo/VisualServoing_Kinect/ros2_ws/install/xarm_controller/share/xarm_controller//launch/_ros2_control.launch.py
[0.115s] -- Up-to-date: /home/mateo/VisualServoing_Kinect/ros2_ws/install/xarm_controller/share/xarm_controller//launch/lib
[0.115s] -- Up-to-date: /home/mateo/VisualServoing_Kinect/ros2_ws/install/xarm_controller/share/xarm_controller//launch/lib/robot_controller_lib.py
[0.115s] -- Up-to-date: /home/mateo/VisualServoing_Kinect/ros2_ws/install/xarm_controller/share/xarm_controller//launch/_robot_ros2_control.launch.py
[0.115s] -- Up-to-date: /home/mateo/VisualServoing_Kinect/ros2_ws/install/xarm_controller/share/xarm_controller//launch/uf850_control_rviz_display.launch.py
[0.115s] -- Up-to-date: /home/mateo/VisualServoing_Kinect/ros2_ws/install/xarm_controller/share/xarm_controller//launch/lite6_control_rviz_display.launch.py
[0.116s] -- Up-to-date: /home/mateo/VisualServoing_Kinect/ros2_ws/install/xarm_controller/share/xarm_controller//launch/xarm7_control_rviz_display.launch.py
[0.116s] -- Up-to-date: /home/mateo/VisualServoing_Kinect/ros2_ws/install/xarm_controller/share/xarm_controller//launch/xarm6_control_rviz_display.launch.py
[0.116s] -- Up-to-date: /home/mateo/VisualServoing_Kinect/ros2_ws/install/xarm_controller/share/xarm_controller//config
[0.116s] -- Up-to-date: /home/mateo/VisualServoing_Kinect/ros2_ws/install/xarm_controller/share/xarm_controller//config/uf850_controllers.yaml
[0.116s] -- Up-to-date: /home/mateo/VisualServoing_Kinect/ros2_ws/install/xarm_controller/share/xarm_controller//config/xarm7_mirror_controllers.yaml
[0.116s] -- Up-to-date: /home/mateo/VisualServoing_Kinect/ros2_ws/install/xarm_controller/share/xarm_controller//config/lite6_controllers.yaml
[0.116s] -- Up-to-date: /home/mateo/VisualServoing_Kinect/ros2_ws/install/xarm_controller/share/xarm_controller//config/xarm6_controllers.yaml
[0.116s] -- Up-to-date: /home/mateo/VisualServoing_Kinect/ros2_ws/install/xarm_controller/share/xarm_controller//config/xarm7_mirror_gripper_controllers.yaml
[0.116s] -- Up-to-date: /home/mateo/VisualServoing_Kinect/ros2_ws/install/xarm_controller/share/xarm_controller//config/xarm5_controllers.yaml
[0.116s] -- Up-to-date: /home/mateo/VisualServoing_Kinect/ros2_ws/install/xarm_controller/share/xarm_controller//config/uf850_gripper_controllers.yaml
[0.116s] -- Up-to-date: /home/mateo/VisualServoing_Kinect/ros2_ws/install/xarm_controller/share/xarm_controller//config/bio_gripper_controllers.yaml
[0.116s] -- Up-to-date: /home/mateo/VisualServoing_Kinect/ros2_ws/install/xarm_controller/share/xarm_controller//config/xarm7_controllers.yaml
[0.116s] -- Up-to-date: /home/mateo/VisualServoing_Kinect/ros2_ws/install/xarm_controller/share/xarm_controller//config/xarm_gripper_controllers.yaml
[0.116s] -- Up-to-date: /home/mateo/VisualServoing_Kinect/ros2_ws/install/xarm_controller/share/xarm_controller/environment/library_path.sh
[0.116s] -- Up-to-date: /home/mateo/VisualServoing_Kinect/ros2_ws/install/xarm_controller/share/xarm_controller/environment/library_path.dsv
[0.116s] -- Up-to-date: /home/mateo/VisualServoing_Kinect/ros2_ws/install/xarm_controller/share/ament_index/resource_index/package_run_dependencies/xarm_controller
[0.116s] -- Up-to-date: /home/mateo/VisualServoing_Kinect/ros2_ws/install/xarm_controller/share/ament_index/resource_index/parent_prefix_path/xarm_controller
[0.116s] -- Up-to-date: /home/mateo/VisualServoing_Kinect/ros2_ws/install/xarm_controller/share/xarm_controller/environment/ament_prefix_path.sh
[0.117s] -- Up-to-date: /home/mateo/VisualServoing_Kinect/ros2_ws/install/xarm_controller/share/xarm_controller/environment/ament_prefix_path.dsv
[0.117s] -- Up-to-date: /home/mateo/VisualServoing_Kinect/ros2_ws/install/xarm_controller/share/xarm_controller/environment/path.sh
[0.117s] -- Up-to-date: /home/mateo/VisualServoing_Kinect/ros2_ws/install/xarm_controller/share/xarm_controller/environment/path.dsv
[0.117s] -- Up-to-date: /home/mateo/VisualServoing_Kinect/ros2_ws/install/xarm_controller/share/xarm_controller/local_setup.bash
[0.117s] -- Up-to-date: /home/mateo/VisualServoing_Kinect/ros2_ws/install/xarm_controller/share/xarm_controller/local_setup.sh
[0.117s] -- Up-to-date: /home/mateo/VisualServoing_Kinect/ros2_ws/install/xarm_controller/share/xarm_controller/local_setup.zsh
[0.117s] -- Up-to-date: /home/mateo/VisualServoing_Kinect/ros2_ws/install/xarm_controller/share/xarm_controller/local_setup.dsv
[0.117s] -- Installing: /home/mateo/VisualServoing_Kinect/ros2_ws/install/xarm_controller/share/xarm_controller/package.dsv
[0.117s] -- Up-to-date: /home/mateo/VisualServoing_Kinect/ros2_ws/install/xarm_controller/share/ament_index/resource_index/packages/xarm_controller
[0.117s] -- Up-to-date: /home/mateo/VisualServoing_Kinect/ros2_ws/install/xarm_controller/share/ament_index/resource_index/hardware_interface__pluginlib__plugin/xarm_controller
[0.117s] -- Up-to-date: /home/mateo/VisualServoing_Kinect/ros2_ws/install/xarm_controller/share/xarm_controller/cmake/ament_cmake_export_include_directories-extras.cmake
[0.118s] -- Up-to-date: /home/mateo/VisualServoing_Kinect/ros2_ws/install/xarm_controller/share/xarm_controller/cmake/ament_cmake_export_libraries-extras.cmake
[0.118s] -- Up-to-date: /home/mateo/VisualServoing_Kinect/ros2_ws/install/xarm_controller/share/xarm_controller/cmake/ament_cmake_export_dependencies-extras.cmake
[0.118s] -- Up-to-date: /home/mateo/VisualServoing_Kinect/ros2_ws/install/xarm_controller/share/xarm_controller/cmake/xarm_controllerConfig.cmake
[0.118s] -- Up-to-date: /home/mateo/VisualServoing_Kinect/ros2_ws/install/xarm_controller/share/xarm_controller/cmake/xarm_controllerConfig-version.cmake
[0.118s] -- Up-to-date: /home/mateo/VisualServoing_Kinect/ros2_ws/install/xarm_controller/share/xarm_controller/package.xml
[0.121s] Invoked command in '/home/mateo/VisualServoing_Kinect/ros2_ws/build/xarm_controller' returned '0': AMENT_PREFIX_PATH=/home/mateo/VisualServoing_Kinect/ros2_ws/install/xarm_api:/home/mateo/VisualServoing_Kinect/ros2_ws/install/xarm_sdk:/home/mateo/VisualServoing_Kinect/ros2_ws/install/xarm_msgs:/home/mateo/VisualServoing_Kinect/ros2_ws/install/xarm_description:${AMENT_PREFIX_PATH} CMAKE_PREFIX_PATH=/home/mateo/VisualServoing_Kinect/ros2_ws/install/xarm_api:/home/mateo/VisualServoing_Kinect/ros2_ws/install/xarm_sdk:/home/mateo/VisualServoing_Kinect/ros2_ws/install/xarm_msgs:/home/mateo/VisualServoing_Kinect/ros2_ws/install/xarm_description:/home/mateo/ros2_ws/install/xarm_planner:/home/mateo/ros2_ws/install/xarm_moveit_servo:/home/mateo/ros2_ws/install/xarm_moveit_config:/home/mateo/ros2_ws/install/xarm_gazebo:/home/mateo/ros2_ws/install/xarm_controller:/home/mateo/ros2_ws/install/d435i_xarm_setup:/home/mateo/ros2_ws/install/xarm_api:/home/mateo/ros2_ws/install/xarm_sdk:/home/mateo/ros2_ws/install/xarm_msgs:/home/mateo/ros2_ws/install/xarm_description:/home/mateo/ros2_ws/install/realsense_gazebo_plugin:/home/mateo/ros2_ws/install/msgs_clase:/home/mateo/ros2_ws/install/mbot_demo:/home/mateo/ros2_ws/install/line_followerxime:/home/mateo/ros2_ws/install/line_follower:/home/mateo/ros2_ws/install/custom_interfaces:/home/mateo/ros2_ws/install/xarm_vision:/home/mateo/ros2_ws/install/xarm_follower:/home/mateo/ros2_ws/install/uf_ros_lib:/home/mateo/ros2_ws/install/signal_processing:/home/mateo/ros2_ws/install/reto_closedloop:/home/mateo/ros2_ws/install/reto3:/home/mateo/ros2_ws/install/puzzlebot_localisation:/home/mateo/ros2_ws/install/puzzlebot_control:/home/mateo/ros2_ws/install/motor_control:/home/mateo/ros2_ws/install/mini_challenge_3:/home/mateo/ros2_ws/install/midterm:/home/mateo/ros2_ws/install/closed_loop:/home/mateo/ros2_ws/install/act1_4:/opt/ros/humble LD_LIBRARY_PATH=/home/mateo/VisualServoing_Kinect/ros2_ws/install/xarm_api/lib:/home/mateo/VisualServoing_Kinect/ros2_ws/install/xarm_sdk/lib:/home/mateo/VisualServoing_Kinect/ros2_ws/install/xarm_msgs/lib:${LD_LIBRARY_PATH} PYTHONPATH=/home/mateo/VisualServoing_Kinect/ros2_ws/install/xarm_msgs/local/lib/python3.10/dist-packages:${PYTHONPATH} /usr/bin/cmake --install /home/mateo/VisualServoing_Kinect/ros2_ws/build/xarm_controller
