[0.017s] Invoking command in '/home/mateo/VisualServoing_Kinect/ros2_ws/build/d435i_xarm_setup': AMENT_PREFIX_PATH=/home/mateo/VisualServoing_Kinect/ros2_ws/install/xarm_api:/home/mateo/VisualServoing_Kinect/ros2_ws/install/xarm_sdk:/home/mateo/VisualServoing_Kinect/ros2_ws/install/xarm_msgs:/home/mateo/VisualServoing_Kinect/ros2_ws/install/xarm_description:${AMENT_PREFIX_PATH} CMAKE_PREFIX_PATH=/home/mateo/VisualServoing_Kinect/ros2_ws/install/xarm_api:/home/mateo/VisualServoing_Kinect/ros2_ws/install/xarm_sdk:/home/mateo/VisualServoing_Kinect/ros2_ws/install/xarm_msgs:/home/mateo/VisualServoing_Kinect/ros2_ws/install/xarm_description:/home/mateo/X-ARM_VisualServoing/ros2_ws/install/xarm_planner:/home/mateo/X-ARM_VisualServoing/ros2_ws/install/xarm_moveit_servo:/home/mateo/X-ARM_VisualServoing/ros2_ws/install/xarm_moveit_config:/home/mateo/X-ARM_VisualServoing/ros2_ws/install/xarm_gazebo:/home/mateo/X-ARM_VisualServoing/ros2_ws/install/xarm_controller:/home/mateo/X-ARM_VisualServoing/ros2_ws/install/d435i_xarm_setup:/home/mateo/X-ARM_VisualServoing/ros2_ws/install/xarm_api:/home/mateo/X-ARM_VisualServoing/ros2_ws/install/xarm_sdk:/home/mateo/X-ARM_VisualServoing/ros2_ws/install/xarm_msgs:/home/mateo/X-ARM_VisualServoing/ros2_ws/install/xarm_description:/home/mateo/X-ARM_VisualServoing/ros2_ws/install/realsense_gazebo_plugin:/home/mateo/X-ARM_VisualServoing/ros2_ws/install/mbot_demo:/home/mateo/X-ARM_VisualServoing/ros2_ws/install/azure_kinect_ros2_driver:/home/mateo/ros2_ws/install/xarm_planner:/home/mateo/ros2_ws/install/xarm_moveit_servo:/home/mateo/ros2_ws/install/xarm_moveit_config:/home/mateo/ros2_ws/install/xarm_gazebo:/home/mateo/ros2_ws/install/xarm_controller:/home/mateo/ros2_ws/install/d435i_xarm_setup:/home/mateo/ros2_ws/install/xarm_api:/home/mateo/ros2_ws/install/xarm_sdk:/home/mateo/ros2_ws/install/xarm_msgs:/home/mateo/ros2_ws/install/xarm_description:/home/mateo/ros2_ws/install/realsense_gazebo_plugin:/home/mateo/ros2_ws/install/msgs_clase:/home/mateo/ros2_ws/install/mbot_demo:/home/mateo/ros2_ws/install/line_followerxime:/home/mateo/ros2_ws/install/line_follower:/home/mateo/ros2_ws/install/custom_interfaces:/home/mateo/X-ARM_VisualServoing/ros2_ws/install/xarm_vision:/home/mateo/X-ARM_VisualServoing/ros2_ws/install/uf_ros_lib:/home/mateo/ros2_ws/install/xarm_vision:/home/mateo/ros2_ws/install/xarm_follower:/home/mateo/ros2_ws/install/uf_ros_lib:/home/mateo/ros2_ws/install/signal_processing:/home/mateo/ros2_ws/install/reto_closedloop:/home/mateo/ros2_ws/install/reto3:/home/mateo/ros2_ws/install/puzzlebot_localisation:/home/mateo/ros2_ws/install/puzzlebot_control:/home/mateo/ros2_ws/install/motor_control:/home/mateo/ros2_ws/install/mini_challenge_3:/home/mateo/ros2_ws/install/midterm:/home/mateo/ros2_ws/install/closed_loop:/home/mateo/ros2_ws/install/act1_4:/opt/ros/humble LD_LIBRARY_PATH=/home/mateo/VisualServoing_Kinect/ros2_ws/install/xarm_api/lib:/home/mateo/VisualServoing_Kinect/ros2_ws/install/xarm_sdk/lib:/home/mateo/VisualServoing_Kinect/ros2_ws/install/xarm_msgs/lib:${LD_LIBRARY_PATH} PYTHONPATH=/home/mateo/VisualServoing_Kinect/ros2_ws/install/xarm_msgs/local/lib/python3.10/dist-packages:${PYTHONPATH} /usr/bin/cmake /home/mateo/VisualServoing_Kinect/ros2_ws/src/xarm_ros2/xarm_vision/d435i_xarm_setup -DCMAKE_INSTALL_PREFIX=/home/mateo/VisualServoing_Kinect/ros2_ws/install/d435i_xarm_setup
[0.073s] -- The C compiler identification is GNU 11.4.0
[0.123s] -- The CXX compiler identification is GNU 11.4.0
[0.128s] -- Detecting C compiler ABI info
[0.214s] -- Detecting C compiler ABI info - done
[0.226s] -- Check for working C compiler: /usr/bin/cc - skipped
[0.226s] -- Detecting C compile features
[0.226s] -- Detecting C compile features - done
[0.230s] -- Detecting CXX compiler ABI info
[0.318s] -- Detecting CXX compiler ABI info - done
[0.325s] -- Check for working CXX compiler: /usr/bin/c++ - skipped
[0.325s] -- Detecting CXX compile features
[0.325s] -- Detecting CXX compile features - done
[0.329s] -- Found ament_cmake: 1.3.11 (/opt/ros/humble/share/ament_cmake/cmake)
[0.484s] -- Found Python3: /usr/bin/python3 (found version "3.10.12") found components: Interpreter 
[0.589s] -- Found rclcpp: 16.0.12 (/opt/ros/humble/share/rclcpp/cmake)
[0.638s] -- Found rosidl_generator_c: 3.1.6 (/opt/ros/humble/share/rosidl_generator_c/cmake)
[0.645s] -- Found rosidl_adapter: 3.1.6 (/opt/ros/humble/share/rosidl_adapter/cmake)
[0.654s] -- Found rosidl_generator_cpp: 3.1.6 (/opt/ros/humble/share/rosidl_generator_cpp/cmake)
[0.667s] -- Using all available rosidl_typesupport_c: rosidl_typesupport_fastrtps_c;rosidl_typesupport_introspection_c
[0.684s] -- Using all available rosidl_typesupport_cpp: rosidl_typesupport_fastrtps_cpp;rosidl_typesupport_introspection_cpp
[0.732s] -- Found rmw_implementation_cmake: 6.1.2 (/opt/ros/humble/share/rmw_implementation_cmake/cmake)
[0.737s] -- Found rmw_fastrtps_cpp: 6.2.7 (/opt/ros/humble/share/rmw_fastrtps_cpp/cmake)
[0.830s] -- Found OpenSSL: /usr/lib/x86_64-linux-gnu/libcrypto.so (found version "3.0.2")  
[0.853s] -- Found FastRTPS: /opt/ros/humble/include  
[0.893s] -- Using RMW implementation 'rmw_fastrtps_cpp' as default
[0.905s] -- Looking for pthread.h
[0.975s] -- Looking for pthread.h - found
[0.975s] -- Performing Test CMAKE_HAVE_LIBC_PTHREAD
[1.054s] -- Performing Test CMAKE_HAVE_LIBC_PTHREAD - Success
[1.055s] -- Found Threads: TRUE  
[1.103s] -- Found tf2_ros: 0.25.12 (/opt/ros/humble/share/tf2_ros/cmake)
[1.215s] -- Found tf2_geometry_msgs: 0.25.12 (/opt/ros/humble/share/tf2_geometry_msgs/cmake)
[1.235s] -- Found eigen3_cmake_module: 0.1.1 (/opt/ros/humble/share/eigen3_cmake_module/cmake)
[1.236s] -- Found Eigen3: TRUE (found version "3.4.0") 
[1.236s] -- Ensuring Eigen3 include directory is part of orocos-kdl CMake target
[1.241s] -- Found object_recognition_msgs: 2.0.0 (/opt/ros/humble/share/object_recognition_msgs/cmake)
[1.286s] -- Found xarm_msgs: 0.0.0 (/home/mateo/VisualServoing_Kinect/ros2_ws/install/xarm_msgs/share/xarm_msgs/cmake)
[1.295s] -- Found xarm_api: 0.0.0 (/home/mateo/VisualServoing_Kinect/ros2_ws/install/xarm_api/share/xarm_api/cmake)
[1.313s] -- Found ament_lint_auto: 0.12.12 (/opt/ros/humble/share/ament_lint_auto/cmake)
[1.399s] -- Added test 'copyright' to check source files copyright and LICENSE
[1.401s] -- Added test 'cppcheck' to perform static code analysis on C / C++ code
[1.401s] -- Configured cppcheck include dirs: 
[1.401s] -- Configured cppcheck exclude dirs and/or files: 
[1.402s] -- Added test 'cpplint' to check C / C++ code against the Google style
[1.402s] -- Configured cpplint exclude dirs and/or files: 
[1.403s] -- Added test 'flake8' to check Python code syntax and style conventions
[1.403s] -- Added test 'lint_cmake' to check CMake code style
[1.404s] -- Added test 'pep257' to check Python code against some of the docstring style conventions in PEP 257
[1.405s] -- Added test 'uncrustify' to check C / C++ code style
[1.405s] -- Configured uncrustify additional arguments: 
[1.406s] -- Added test 'xmllint' to check XML markup files
[1.407s] -- Configuring done
[1.423s] -- Generating done
[1.429s] -- Build files have been written to: /home/mateo/VisualServoing_Kinect/ros2_ws/build/d435i_xarm_setup
[1.440s] Invoked command in '/home/mateo/VisualServoing_Kinect/ros2_ws/build/d435i_xarm_setup' returned '0': AMENT_PREFIX_PATH=/home/mateo/VisualServoing_Kinect/ros2_ws/install/xarm_api:/home/mateo/VisualServoing_Kinect/ros2_ws/install/xarm_sdk:/home/mateo/VisualServoing_Kinect/ros2_ws/install/xarm_msgs:/home/mateo/VisualServoing_Kinect/ros2_ws/install/xarm_description:${AMENT_PREFIX_PATH} CMAKE_PREFIX_PATH=/home/mateo/VisualServoing_Kinect/ros2_ws/install/xarm_api:/home/mateo/VisualServoing_Kinect/ros2_ws/install/xarm_sdk:/home/mateo/VisualServoing_Kinect/ros2_ws/install/xarm_msgs:/home/mateo/VisualServoing_Kinect/ros2_ws/install/xarm_description:/home/mateo/X-ARM_VisualServoing/ros2_ws/install/xarm_planner:/home/mateo/X-ARM_VisualServoing/ros2_ws/install/xarm_moveit_servo:/home/mateo/X-ARM_VisualServoing/ros2_ws/install/xarm_moveit_config:/home/mateo/X-ARM_VisualServoing/ros2_ws/install/xarm_gazebo:/home/mateo/X-ARM_VisualServoing/ros2_ws/install/xarm_controller:/home/mateo/X-ARM_VisualServoing/ros2_ws/install/d435i_xarm_setup:/home/mateo/X-ARM_VisualServoing/ros2_ws/install/xarm_api:/home/mateo/X-ARM_VisualServoing/ros2_ws/install/xarm_sdk:/home/mateo/X-ARM_VisualServoing/ros2_ws/install/xarm_msgs:/home/mateo/X-ARM_VisualServoing/ros2_ws/install/xarm_description:/home/mateo/X-ARM_VisualServoing/ros2_ws/install/realsense_gazebo_plugin:/home/mateo/X-ARM_VisualServoing/ros2_ws/install/mbot_demo:/home/mateo/X-ARM_VisualServoing/ros2_ws/install/azure_kinect_ros2_driver:/home/mateo/ros2_ws/install/xarm_planner:/home/mateo/ros2_ws/install/xarm_moveit_servo:/home/mateo/ros2_ws/install/xarm_moveit_config:/home/mateo/ros2_ws/install/xarm_gazebo:/home/mateo/ros2_ws/install/xarm_controller:/home/mateo/ros2_ws/install/d435i_xarm_setup:/home/mateo/ros2_ws/install/xarm_api:/home/mateo/ros2_ws/install/xarm_sdk:/home/mateo/ros2_ws/install/xarm_msgs:/home/mateo/ros2_ws/install/xarm_description:/home/mateo/ros2_ws/install/realsense_gazebo_plugin:/home/mateo/ros2_ws/install/msgs_clase:/home/mateo/ros2_ws/install/mbot_demo:/home/mateo/ros2_ws/install/line_followerxime:/home/mateo/ros2_ws/install/line_follower:/home/mateo/ros2_ws/install/custom_interfaces:/home/mateo/X-ARM_VisualServoing/ros2_ws/install/xarm_vision:/home/mateo/X-ARM_VisualServoing/ros2_ws/install/uf_ros_lib:/home/mateo/ros2_ws/install/xarm_vision:/home/mateo/ros2_ws/install/xarm_follower:/home/mateo/ros2_ws/install/uf_ros_lib:/home/mateo/ros2_ws/install/signal_processing:/home/mateo/ros2_ws/install/reto_closedloop:/home/mateo/ros2_ws/install/reto3:/home/mateo/ros2_ws/install/puzzlebot_localisation:/home/mateo/ros2_ws/install/puzzlebot_control:/home/mateo/ros2_ws/install/motor_control:/home/mateo/ros2_ws/install/mini_challenge_3:/home/mateo/ros2_ws/install/midterm:/home/mateo/ros2_ws/install/closed_loop:/home/mateo/ros2_ws/install/act1_4:/opt/ros/humble LD_LIBRARY_PATH=/home/mateo/VisualServoing_Kinect/ros2_ws/install/xarm_api/lib:/home/mateo/VisualServoing_Kinect/ros2_ws/install/xarm_sdk/lib:/home/mateo/VisualServoing_Kinect/ros2_ws/install/xarm_msgs/lib:${LD_LIBRARY_PATH} PYTHONPATH=/home/mateo/VisualServoing_Kinect/ros2_ws/install/xarm_msgs/local/lib/python3.10/dist-packages:${PYTHONPATH} /usr/bin/cmake /home/mateo/VisualServoing_Kinect/ros2_ws/src/xarm_ros2/xarm_vision/d435i_xarm_setup -DCMAKE_INSTALL_PREFIX=/home/mateo/VisualServoing_Kinect/ros2_ws/install/d435i_xarm_setup
[1.440s] Invoking command in '/home/mateo/VisualServoing_Kinect/ros2_ws/build/d435i_xarm_setup': AMENT_PREFIX_PATH=/home/mateo/VisualServoing_Kinect/ros2_ws/install/xarm_api:/home/mateo/VisualServoing_Kinect/ros2_ws/install/xarm_sdk:/home/mateo/VisualServoing_Kinect/ros2_ws/install/xarm_msgs:/home/mateo/VisualServoing_Kinect/ros2_ws/install/xarm_description:${AMENT_PREFIX_PATH} CMAKE_PREFIX_PATH=/home/mateo/VisualServoing_Kinect/ros2_ws/install/xarm_api:/home/mateo/VisualServoing_Kinect/ros2_ws/install/xarm_sdk:/home/mateo/VisualServoing_Kinect/ros2_ws/install/xarm_msgs:/home/mateo/VisualServoing_Kinect/ros2_ws/install/xarm_description:/home/mateo/X-ARM_VisualServoing/ros2_ws/install/xarm_planner:/home/mateo/X-ARM_VisualServoing/ros2_ws/install/xarm_moveit_servo:/home/mateo/X-ARM_VisualServoing/ros2_ws/install/xarm_moveit_config:/home/mateo/X-ARM_VisualServoing/ros2_ws/install/xarm_gazebo:/home/mateo/X-ARM_VisualServoing/ros2_ws/install/xarm_controller:/home/mateo/X-ARM_VisualServoing/ros2_ws/install/d435i_xarm_setup:/home/mateo/X-ARM_VisualServoing/ros2_ws/install/xarm_api:/home/mateo/X-ARM_VisualServoing/ros2_ws/install/xarm_sdk:/home/mateo/X-ARM_VisualServoing/ros2_ws/install/xarm_msgs:/home/mateo/X-ARM_VisualServoing/ros2_ws/install/xarm_description:/home/mateo/X-ARM_VisualServoing/ros2_ws/install/realsense_gazebo_plugin:/home/mateo/X-ARM_VisualServoing/ros2_ws/install/mbot_demo:/home/mateo/X-ARM_VisualServoing/ros2_ws/install/azure_kinect_ros2_driver:/home/mateo/ros2_ws/install/xarm_planner:/home/mateo/ros2_ws/install/xarm_moveit_servo:/home/mateo/ros2_ws/install/xarm_moveit_config:/home/mateo/ros2_ws/install/xarm_gazebo:/home/mateo/ros2_ws/install/xarm_controller:/home/mateo/ros2_ws/install/d435i_xarm_setup:/home/mateo/ros2_ws/install/xarm_api:/home/mateo/ros2_ws/install/xarm_sdk:/home/mateo/ros2_ws/install/xarm_msgs:/home/mateo/ros2_ws/install/xarm_description:/home/mateo/ros2_ws/install/realsense_gazebo_plugin:/home/mateo/ros2_ws/install/msgs_clase:/home/mateo/ros2_ws/install/mbot_demo:/home/mateo/ros2_ws/install/line_followerxime:/home/mateo/ros2_ws/install/line_follower:/home/mateo/ros2_ws/install/custom_interfaces:/home/mateo/X-ARM_VisualServoing/ros2_ws/install/xarm_vision:/home/mateo/X-ARM_VisualServoing/ros2_ws/install/uf_ros_lib:/home/mateo/ros2_ws/install/xarm_vision:/home/mateo/ros2_ws/install/xarm_follower:/home/mateo/ros2_ws/install/uf_ros_lib:/home/mateo/ros2_ws/install/signal_processing:/home/mateo/ros2_ws/install/reto_closedloop:/home/mateo/ros2_ws/install/reto3:/home/mateo/ros2_ws/install/puzzlebot_localisation:/home/mateo/ros2_ws/install/puzzlebot_control:/home/mateo/ros2_ws/install/motor_control:/home/mateo/ros2_ws/install/mini_challenge_3:/home/mateo/ros2_ws/install/midterm:/home/mateo/ros2_ws/install/closed_loop:/home/mateo/ros2_ws/install/act1_4:/opt/ros/humble LD_LIBRARY_PATH=/home/mateo/VisualServoing_Kinect/ros2_ws/install/xarm_api/lib:/home/mateo/VisualServoing_Kinect/ros2_ws/install/xarm_sdk/lib:/home/mateo/VisualServoing_Kinect/ros2_ws/install/xarm_msgs/lib:${LD_LIBRARY_PATH} PYTHONPATH=/home/mateo/VisualServoing_Kinect/ros2_ws/install/xarm_msgs/local/lib/python3.10/dist-packages:${PYTHONPATH} /usr/bin/cmake --build /home/mateo/VisualServoing_Kinect/ros2_ws/build/d435i_xarm_setup -- -j12 -l12
[1.496s] [ 16%] [32mBuilding CXX object CMakeFiles/findobj_grasp_xarm_api.dir/src/findobj_grasp_xarm_api.cpp.o[0m
[1.497s] [ 33%] [32mBuilding CXX object CMakeFiles/tf_object_to_base.dir/src/tf_object_to_base.cpp.o[0m
[1.497s] [ 50%] [32mBuilding CXX object CMakeFiles/findobj_grasp_moveit_planner.dir/src/findobj_grasp_moveit_planner.cpp.o[0m
[7.105s] [ 66%] [32m[1mLinking CXX executable findobj_grasp_xarm_api[0m
[7.358s] [ 83%] [32m[1mLinking CXX executable findobj_grasp_moveit_planner[0m
[7.968s] [ 83%] Built target findobj_grasp_moveit_planner
[8.201s] [ 83%] Built target findobj_grasp_xarm_api
[8.720s] [100%] [32m[1mLinking CXX executable tf_object_to_base[0m
[9.304s] [100%] Built target tf_object_to_base
[9.324s] Invoked command in '/home/mateo/VisualServoing_Kinect/ros2_ws/build/d435i_xarm_setup' returned '0': AMENT_PREFIX_PATH=/home/mateo/VisualServoing_Kinect/ros2_ws/install/xarm_api:/home/mateo/VisualServoing_Kinect/ros2_ws/install/xarm_sdk:/home/mateo/VisualServoing_Kinect/ros2_ws/install/xarm_msgs:/home/mateo/VisualServoing_Kinect/ros2_ws/install/xarm_description:${AMENT_PREFIX_PATH} CMAKE_PREFIX_PATH=/home/mateo/VisualServoing_Kinect/ros2_ws/install/xarm_api:/home/mateo/VisualServoing_Kinect/ros2_ws/install/xarm_sdk:/home/mateo/VisualServoing_Kinect/ros2_ws/install/xarm_msgs:/home/mateo/VisualServoing_Kinect/ros2_ws/install/xarm_description:/home/mateo/X-ARM_VisualServoing/ros2_ws/install/xarm_planner:/home/mateo/X-ARM_VisualServoing/ros2_ws/install/xarm_moveit_servo:/home/mateo/X-ARM_VisualServoing/ros2_ws/install/xarm_moveit_config:/home/mateo/X-ARM_VisualServoing/ros2_ws/install/xarm_gazebo:/home/mateo/X-ARM_VisualServoing/ros2_ws/install/xarm_controller:/home/mateo/X-ARM_VisualServoing/ros2_ws/install/d435i_xarm_setup:/home/mateo/X-ARM_VisualServoing/ros2_ws/install/xarm_api:/home/mateo/X-ARM_VisualServoing/ros2_ws/install/xarm_sdk:/home/mateo/X-ARM_VisualServoing/ros2_ws/install/xarm_msgs:/home/mateo/X-ARM_VisualServoing/ros2_ws/install/xarm_description:/home/mateo/X-ARM_VisualServoing/ros2_ws/install/realsense_gazebo_plugin:/home/mateo/X-ARM_VisualServoing/ros2_ws/install/mbot_demo:/home/mateo/X-ARM_VisualServoing/ros2_ws/install/azure_kinect_ros2_driver:/home/mateo/ros2_ws/install/xarm_planner:/home/mateo/ros2_ws/install/xarm_moveit_servo:/home/mateo/ros2_ws/install/xarm_moveit_config:/home/mateo/ros2_ws/install/xarm_gazebo:/home/mateo/ros2_ws/install/xarm_controller:/home/mateo/ros2_ws/install/d435i_xarm_setup:/home/mateo/ros2_ws/install/xarm_api:/home/mateo/ros2_ws/install/xarm_sdk:/home/mateo/ros2_ws/install/xarm_msgs:/home/mateo/ros2_ws/install/xarm_description:/home/mateo/ros2_ws/install/realsense_gazebo_plugin:/home/mateo/ros2_ws/install/msgs_clase:/home/mateo/ros2_ws/install/mbot_demo:/home/mateo/ros2_ws/install/line_followerxime:/home/mateo/ros2_ws/install/line_follower:/home/mateo/ros2_ws/install/custom_interfaces:/home/mateo/X-ARM_VisualServoing/ros2_ws/install/xarm_vision:/home/mateo/X-ARM_VisualServoing/ros2_ws/install/uf_ros_lib:/home/mateo/ros2_ws/install/xarm_vision:/home/mateo/ros2_ws/install/xarm_follower:/home/mateo/ros2_ws/install/uf_ros_lib:/home/mateo/ros2_ws/install/signal_processing:/home/mateo/ros2_ws/install/reto_closedloop:/home/mateo/ros2_ws/install/reto3:/home/mateo/ros2_ws/install/puzzlebot_localisation:/home/mateo/ros2_ws/install/puzzlebot_control:/home/mateo/ros2_ws/install/motor_control:/home/mateo/ros2_ws/install/mini_challenge_3:/home/mateo/ros2_ws/install/midterm:/home/mateo/ros2_ws/install/closed_loop:/home/mateo/ros2_ws/install/act1_4:/opt/ros/humble LD_LIBRARY_PATH=/home/mateo/VisualServoing_Kinect/ros2_ws/install/xarm_api/lib:/home/mateo/VisualServoing_Kinect/ros2_ws/install/xarm_sdk/lib:/home/mateo/VisualServoing_Kinect/ros2_ws/install/xarm_msgs/lib:${LD_LIBRARY_PATH} PYTHONPATH=/home/mateo/VisualServoing_Kinect/ros2_ws/install/xarm_msgs/local/lib/python3.10/dist-packages:${PYTHONPATH} /usr/bin/cmake --build /home/mateo/VisualServoing_Kinect/ros2_ws/build/d435i_xarm_setup -- -j12 -l12
[9.326s] Invoking command in '/home/mateo/VisualServoing_Kinect/ros2_ws/build/d435i_xarm_setup': AMENT_PREFIX_PATH=/home/mateo/VisualServoing_Kinect/ros2_ws/install/xarm_api:/home/mateo/VisualServoing_Kinect/ros2_ws/install/xarm_sdk:/home/mateo/VisualServoing_Kinect/ros2_ws/install/xarm_msgs:/home/mateo/VisualServoing_Kinect/ros2_ws/install/xarm_description:${AMENT_PREFIX_PATH} CMAKE_PREFIX_PATH=/home/mateo/VisualServoing_Kinect/ros2_ws/install/xarm_api:/home/mateo/VisualServoing_Kinect/ros2_ws/install/xarm_sdk:/home/mateo/VisualServoing_Kinect/ros2_ws/install/xarm_msgs:/home/mateo/VisualServoing_Kinect/ros2_ws/install/xarm_description:/home/mateo/X-ARM_VisualServoing/ros2_ws/install/xarm_planner:/home/mateo/X-ARM_VisualServoing/ros2_ws/install/xarm_moveit_servo:/home/mateo/X-ARM_VisualServoing/ros2_ws/install/xarm_moveit_config:/home/mateo/X-ARM_VisualServoing/ros2_ws/install/xarm_gazebo:/home/mateo/X-ARM_VisualServoing/ros2_ws/install/xarm_controller:/home/mateo/X-ARM_VisualServoing/ros2_ws/install/d435i_xarm_setup:/home/mateo/X-ARM_VisualServoing/ros2_ws/install/xarm_api:/home/mateo/X-ARM_VisualServoing/ros2_ws/install/xarm_sdk:/home/mateo/X-ARM_VisualServoing/ros2_ws/install/xarm_msgs:/home/mateo/X-ARM_VisualServoing/ros2_ws/install/xarm_description:/home/mateo/X-ARM_VisualServoing/ros2_ws/install/realsense_gazebo_plugin:/home/mateo/X-ARM_VisualServoing/ros2_ws/install/mbot_demo:/home/mateo/X-ARM_VisualServoing/ros2_ws/install/azure_kinect_ros2_driver:/home/mateo/ros2_ws/install/xarm_planner:/home/mateo/ros2_ws/install/xarm_moveit_servo:/home/mateo/ros2_ws/install/xarm_moveit_config:/home/mateo/ros2_ws/install/xarm_gazebo:/home/mateo/ros2_ws/install/xarm_controller:/home/mateo/ros2_ws/install/d435i_xarm_setup:/home/mateo/ros2_ws/install/xarm_api:/home/mateo/ros2_ws/install/xarm_sdk:/home/mateo/ros2_ws/install/xarm_msgs:/home/mateo/ros2_ws/install/xarm_description:/home/mateo/ros2_ws/install/realsense_gazebo_plugin:/home/mateo/ros2_ws/install/msgs_clase:/home/mateo/ros2_ws/install/mbot_demo:/home/mateo/ros2_ws/install/line_followerxime:/home/mateo/ros2_ws/install/line_follower:/home/mateo/ros2_ws/install/custom_interfaces:/home/mateo/X-ARM_VisualServoing/ros2_ws/install/xarm_vision:/home/mateo/X-ARM_VisualServoing/ros2_ws/install/uf_ros_lib:/home/mateo/ros2_ws/install/xarm_vision:/home/mateo/ros2_ws/install/xarm_follower:/home/mateo/ros2_ws/install/uf_ros_lib:/home/mateo/ros2_ws/install/signal_processing:/home/mateo/ros2_ws/install/reto_closedloop:/home/mateo/ros2_ws/install/reto3:/home/mateo/ros2_ws/install/puzzlebot_localisation:/home/mateo/ros2_ws/install/puzzlebot_control:/home/mateo/ros2_ws/install/motor_control:/home/mateo/ros2_ws/install/mini_challenge_3:/home/mateo/ros2_ws/install/midterm:/home/mateo/ros2_ws/install/closed_loop:/home/mateo/ros2_ws/install/act1_4:/opt/ros/humble LD_LIBRARY_PATH=/home/mateo/VisualServoing_Kinect/ros2_ws/install/xarm_api/lib:/home/mateo/VisualServoing_Kinect/ros2_ws/install/xarm_sdk/lib:/home/mateo/VisualServoing_Kinect/ros2_ws/install/xarm_msgs/lib:${LD_LIBRARY_PATH} PYTHONPATH=/home/mateo/VisualServoing_Kinect/ros2_ws/install/xarm_msgs/local/lib/python3.10/dist-packages:${PYTHONPATH} /usr/bin/cmake --install /home/mateo/VisualServoing_Kinect/ros2_ws/build/d435i_xarm_setup
[9.337s] -- Install configuration: ""
[9.337s] -- Installing: /home/mateo/VisualServoing_Kinect/ros2_ws/install/d435i_xarm_setup/share/d435i_xarm_setup//launch
[9.337s] -- Installing: /home/mateo/VisualServoing_Kinect/ros2_ws/install/d435i_xarm_setup/share/d435i_xarm_setup//launch/d435i_robot_auto_calib.launch.py
[9.337s] -- Installing: /home/mateo/VisualServoing_Kinect/ros2_ws/install/d435i_xarm_setup/share/d435i_xarm_setup//launch/start_find_obj_2d.launch.py
[9.337s] -- Installing: /home/mateo/VisualServoing_Kinect/ros2_ws/install/d435i_xarm_setup/share/d435i_xarm_setup//launch/grasp_node_robot_moveit_planner.launch.py
[9.337s] -- Installing: /home/mateo/VisualServoing_Kinect/ros2_ws/install/d435i_xarm_setup/share/d435i_xarm_setup//launch/d435i_robot_ork_linemod.launch.py
[9.338s] -- Installing: /home/mateo/VisualServoing_Kinect/ros2_ws/install/d435i_xarm_setup/share/d435i_xarm_setup//launch/d435i_findobj2d_robot_moveit_planner.launch.py
[9.338s] -- Installing: /home/mateo/VisualServoing_Kinect/ros2_ws/install/d435i_xarm_setup/share/d435i_xarm_setup//launch/d435i_findobj2d_robot_api.launch.py
[9.338s] -- Installing: /home/mateo/VisualServoing_Kinect/ros2_ws/install/d435i_xarm_setup/share/d435i_xarm_setup//launch/publish_handeye_tf.launch.py
[9.338s] -- Installing: /home/mateo/VisualServoing_Kinect/ros2_ws/install/d435i_xarm_setup/share/d435i_xarm_setup//launch/grasp_node_robot_api.launch.py
[9.338s] -- Installing: /home/mateo/VisualServoing_Kinect/ros2_ws/install/d435i_xarm_setup/share/d435i_xarm_setup//objects
[9.338s] -- Installing: /home/mateo/VisualServoing_Kinect/ros2_ws/install/d435i_xarm_setup/share/d435i_xarm_setup//objects/1.png
[9.338s] -- Installing: /home/mateo/VisualServoing_Kinect/ros2_ws/install/d435i_xarm_setup/share/d435i_xarm_setup//objects/2.png
[9.338s] -- Installing: /home/mateo/VisualServoing_Kinect/ros2_ws/install/d435i_xarm_setup/share/d435i_xarm_setup//config
[9.338s] -- Installing: /home/mateo/VisualServoing_Kinect/ros2_ws/install/d435i_xarm_setup/share/d435i_xarm_setup//config/xarm_rs_on_hand_calibration.calib
[9.339s] -- Installing: /home/mateo/VisualServoing_Kinect/ros2_ws/install/d435i_xarm_setup/share/d435i_xarm_setup//config/extra_robot_api_params.yaml
[9.339s] -- Installing: /home/mateo/VisualServoing_Kinect/ros2_ws/install/d435i_xarm_setup/share/d435i_xarm_setup//config/uf850_rs_on_hand_calibration.calib
[9.339s] -- Installing: /home/mateo/VisualServoing_Kinect/ros2_ws/install/d435i_xarm_setup/share/d435i_xarm_setup//config/lite_rs_on_hand_calibration.calib
[9.339s] -- Installing: /home/mateo/VisualServoing_Kinect/ros2_ws/install/d435i_xarm_setup/lib/d435i_xarm_setup/findobj_grasp_moveit_planner
[9.341s] -- Set runtime path of "/home/mateo/VisualServoing_Kinect/ros2_ws/install/d435i_xarm_setup/lib/d435i_xarm_setup/findobj_grasp_moveit_planner" to ""
[9.341s] -- Installing: /home/mateo/VisualServoing_Kinect/ros2_ws/install/d435i_xarm_setup/lib/d435i_xarm_setup/findobj_grasp_xarm_api
[9.342s] -- Set runtime path of "/home/mateo/VisualServoing_Kinect/ros2_ws/install/d435i_xarm_setup/lib/d435i_xarm_setup/findobj_grasp_xarm_api" to ""
[9.342s] -- Installing: /home/mateo/VisualServoing_Kinect/ros2_ws/install/d435i_xarm_setup/lib/d435i_xarm_setup/tf_object_to_base
[9.345s] -- Set runtime path of "/home/mateo/VisualServoing_Kinect/ros2_ws/install/d435i_xarm_setup/lib/d435i_xarm_setup/tf_object_to_base" to ""
[9.345s] -- Installing: /home/mateo/VisualServoing_Kinect/ros2_ws/install/d435i_xarm_setup/share/ament_index/resource_index/package_run_dependencies/d435i_xarm_setup
[9.345s] -- Installing: /home/mateo/VisualServoing_Kinect/ros2_ws/install/d435i_xarm_setup/share/ament_index/resource_index/parent_prefix_path/d435i_xarm_setup
[9.346s] -- Installing: /home/mateo/VisualServoing_Kinect/ros2_ws/install/d435i_xarm_setup/share/d435i_xarm_setup/environment/ament_prefix_path.sh
[9.346s] -- Installing: /home/mateo/VisualServoing_Kinect/ros2_ws/install/d435i_xarm_setup/share/d435i_xarm_setup/environment/ament_prefix_path.dsv
[9.346s] -- Installing: /home/mateo/VisualServoing_Kinect/ros2_ws/install/d435i_xarm_setup/share/d435i_xarm_setup/environment/path.sh
[9.346s] -- Installing: /home/mateo/VisualServoing_Kinect/ros2_ws/install/d435i_xarm_setup/share/d435i_xarm_setup/environment/path.dsv
[9.346s] -- Installing: /home/mateo/VisualServoing_Kinect/ros2_ws/install/d435i_xarm_setup/share/d435i_xarm_setup/local_setup.bash
[9.346s] -- Installing: /home/mateo/VisualServoing_Kinect/ros2_ws/install/d435i_xarm_setup/share/d435i_xarm_setup/local_setup.sh
[9.346s] -- Installing: /home/mateo/VisualServoing_Kinect/ros2_ws/install/d435i_xarm_setup/share/d435i_xarm_setup/local_setup.zsh
[9.346s] -- Installing: /home/mateo/VisualServoing_Kinect/ros2_ws/install/d435i_xarm_setup/share/d435i_xarm_setup/local_setup.dsv
[9.346s] -- Installing: /home/mateo/VisualServoing_Kinect/ros2_ws/install/d435i_xarm_setup/share/d435i_xarm_setup/package.dsv
[9.346s] -- Installing: /home/mateo/VisualServoing_Kinect/ros2_ws/install/d435i_xarm_setup/share/ament_index/resource_index/packages/d435i_xarm_setup
[9.347s] -- Installing: /home/mateo/VisualServoing_Kinect/ros2_ws/install/d435i_xarm_setup/share/d435i_xarm_setup/cmake/d435i_xarm_setupConfig.cmake
[9.347s] -- Installing: /home/mateo/VisualServoing_Kinect/ros2_ws/install/d435i_xarm_setup/share/d435i_xarm_setup/cmake/d435i_xarm_setupConfig-version.cmake
[9.347s] -- Installing: /home/mateo/VisualServoing_Kinect/ros2_ws/install/d435i_xarm_setup/share/d435i_xarm_setup/package.xml
[9.350s] Invoked command in '/home/mateo/VisualServoing_Kinect/ros2_ws/build/d435i_xarm_setup' returned '0': AMENT_PREFIX_PATH=/home/mateo/VisualServoing_Kinect/ros2_ws/install/xarm_api:/home/mateo/VisualServoing_Kinect/ros2_ws/install/xarm_sdk:/home/mateo/VisualServoing_Kinect/ros2_ws/install/xarm_msgs:/home/mateo/VisualServoing_Kinect/ros2_ws/install/xarm_description:${AMENT_PREFIX_PATH} CMAKE_PREFIX_PATH=/home/mateo/VisualServoing_Kinect/ros2_ws/install/xarm_api:/home/mateo/VisualServoing_Kinect/ros2_ws/install/xarm_sdk:/home/mateo/VisualServoing_Kinect/ros2_ws/install/xarm_msgs:/home/mateo/VisualServoing_Kinect/ros2_ws/install/xarm_description:/home/mateo/X-ARM_VisualServoing/ros2_ws/install/xarm_planner:/home/mateo/X-ARM_VisualServoing/ros2_ws/install/xarm_moveit_servo:/home/mateo/X-ARM_VisualServoing/ros2_ws/install/xarm_moveit_config:/home/mateo/X-ARM_VisualServoing/ros2_ws/install/xarm_gazebo:/home/mateo/X-ARM_VisualServoing/ros2_ws/install/xarm_controller:/home/mateo/X-ARM_VisualServoing/ros2_ws/install/d435i_xarm_setup:/home/mateo/X-ARM_VisualServoing/ros2_ws/install/xarm_api:/home/mateo/X-ARM_VisualServoing/ros2_ws/install/xarm_sdk:/home/mateo/X-ARM_VisualServoing/ros2_ws/install/xarm_msgs:/home/mateo/X-ARM_VisualServoing/ros2_ws/install/xarm_description:/home/mateo/X-ARM_VisualServoing/ros2_ws/install/realsense_gazebo_plugin:/home/mateo/X-ARM_VisualServoing/ros2_ws/install/mbot_demo:/home/mateo/X-ARM_VisualServoing/ros2_ws/install/azure_kinect_ros2_driver:/home/mateo/ros2_ws/install/xarm_planner:/home/mateo/ros2_ws/install/xarm_moveit_servo:/home/mateo/ros2_ws/install/xarm_moveit_config:/home/mateo/ros2_ws/install/xarm_gazebo:/home/mateo/ros2_ws/install/xarm_controller:/home/mateo/ros2_ws/install/d435i_xarm_setup:/home/mateo/ros2_ws/install/xarm_api:/home/mateo/ros2_ws/install/xarm_sdk:/home/mateo/ros2_ws/install/xarm_msgs:/home/mateo/ros2_ws/install/xarm_description:/home/mateo/ros2_ws/install/realsense_gazebo_plugin:/home/mateo/ros2_ws/install/msgs_clase:/home/mateo/ros2_ws/install/mbot_demo:/home/mateo/ros2_ws/install/line_followerxime:/home/mateo/ros2_ws/install/line_follower:/home/mateo/ros2_ws/install/custom_interfaces:/home/mateo/X-ARM_VisualServoing/ros2_ws/install/xarm_vision:/home/mateo/X-ARM_VisualServoing/ros2_ws/install/uf_ros_lib:/home/mateo/ros2_ws/install/xarm_vision:/home/mateo/ros2_ws/install/xarm_follower:/home/mateo/ros2_ws/install/uf_ros_lib:/home/mateo/ros2_ws/install/signal_processing:/home/mateo/ros2_ws/install/reto_closedloop:/home/mateo/ros2_ws/install/reto3:/home/mateo/ros2_ws/install/puzzlebot_localisation:/home/mateo/ros2_ws/install/puzzlebot_control:/home/mateo/ros2_ws/install/motor_control:/home/mateo/ros2_ws/install/mini_challenge_3:/home/mateo/ros2_ws/install/midterm:/home/mateo/ros2_ws/install/closed_loop:/home/mateo/ros2_ws/install/act1_4:/opt/ros/humble LD_LIBRARY_PATH=/home/mateo/VisualServoing_Kinect/ros2_ws/install/xarm_api/lib:/home/mateo/VisualServoing_Kinect/ros2_ws/install/xarm_sdk/lib:/home/mateo/VisualServoing_Kinect/ros2_ws/install/xarm_msgs/lib:${LD_LIBRARY_PATH} PYTHONPATH=/home/mateo/VisualServoing_Kinect/ros2_ws/install/xarm_msgs/local/lib/python3.10/dist-packages:${PYTHONPATH} /usr/bin/cmake --install /home/mateo/VisualServoing_Kinect/ros2_ws/build/d435i_xarm_setup
