[0.499s] Invoking command in '/home/mateo/VisualServoing_Kinect/ros2_ws/build/realsense_gazebo_plugin': CMAKE_PREFIX_PATH=${CMAKE_PREFIX_PATH}:/home/mateo/X-ARM_VisualServoing/ros2_ws/install/xarm_vision:/home/mateo/X-ARM_VisualServoing/ros2_ws/install/uf_ros_lib:/home/mateo/ros2_ws/install/xarm_vision:/home/mateo/ros2_ws/install/xarm_follower:/home/mateo/ros2_ws/install/uf_ros_lib:/home/mateo/ros2_ws/install/signal_processing:/home/mateo/ros2_ws/install/reto_closedloop:/home/mateo/ros2_ws/install/reto3:/home/mateo/ros2_ws/install/puzzlebot_localisation:/home/mateo/ros2_ws/install/puzzlebot_control:/home/mateo/ros2_ws/install/motor_control:/home/mateo/ros2_ws/install/mini_challenge_3:/home/mateo/ros2_ws/install/midterm:/home/mateo/ros2_ws/install/closed_loop:/home/mateo/ros2_ws/install/act1_4:/opt/ros/humble /usr/bin/cmake /home/mateo/VisualServoing_Kinect/ros2_ws/src/xarm_ros2/thirdparty/realsense_gazebo_plugin -DCMAKE_INSTALL_PREFIX=/home/mateo/VisualServoing_Kinect/ros2_ws/install/realsense_gazebo_plugin
[0.573s] -- The C compiler identification is GNU 11.4.0
[0.632s] -- The CXX compiler identification is GNU 11.4.0
[0.641s] -- Detecting C compiler ABI info
[0.701s] -- Detecting C compiler ABI info - done
[0.710s] -- Check for working C compiler: /usr/bin/cc - skipped
[0.711s] -- Detecting C compile features
[0.711s] -- Detecting C compile features - done
[0.713s] -- Detecting CXX compiler ABI info
[0.811s] -- Detecting CXX compiler ABI info - done
[0.820s] -- Check for working CXX compiler: /usr/bin/c++ - skipped
[0.820s] -- Detecting CXX compile features
[0.821s] -- Detecting CXX compile features - done
[0.830s] -- Found ament_cmake: 1.3.11 (/opt/ros/humble/share/ament_cmake/cmake)
[1.121s] -- Found Python3: /usr/bin/python3 (found version "3.10.12") found components: Interpreter 
[1.491s] -- Found rclcpp: 16.0.12 (/opt/ros/humble/share/rclcpp/cmake)
[1.674s] -- Found rosidl_generator_c: 3.1.6 (/opt/ros/humble/share/rosidl_generator_c/cmake)
[1.714s] -- Found rosidl_adapter: 3.1.6 (/opt/ros/humble/share/rosidl_adapter/cmake)
[1.767s] -- Found rosidl_generator_cpp: 3.1.6 (/opt/ros/humble/share/rosidl_generator_cpp/cmake)
[1.808s] -- Using all available rosidl_typesupport_c: rosidl_typesupport_fastrtps_c;rosidl_typesupport_introspection_c
[1.857s] -- Using all available rosidl_typesupport_cpp: rosidl_typesupport_fastrtps_cpp;rosidl_typesupport_introspection_cpp
[1.989s] -- Found rmw_implementation_cmake: 6.1.2 (/opt/ros/humble/share/rmw_implementation_cmake/cmake)
[2.009s] -- Found rmw_fastrtps_cpp: 6.2.7 (/opt/ros/humble/share/rmw_fastrtps_cpp/cmake)
[2.301s] -- Found OpenSSL: /usr/lib/x86_64-linux-gnu/libcrypto.so (found version "3.0.2")  
[2.410s] -- Found FastRTPS: /opt/ros/foxy/include  
[2.573s] -- Using RMW implementation 'rmw_fastrtps_cpp' as default
[2.609s] -- Looking for pthread.h
[2.942s] -- Looking for pthread.h - found
[2.944s] -- Performing Test CMAKE_HAVE_LIBC_PTHREAD
[3.203s] -- Performing Test CMAKE_HAVE_LIBC_PTHREAD - Success
[3.205s] -- Found Threads: TRUE  
[3.418s] -- Found gazebo_ros: 3.9.0 (/opt/ros/humble/share/gazebo_ros/cmake)
[3.483s] -- Found PkgConfig: /usr/bin/pkg-config (found version "0.29.2") 
[3.484s] -- Checking for module 'bullet>=2.82'
[3.534s] --   Found bullet, version 3.05
[3.775s] -- Found fcl: /usr/include (found suitable version "0.7.0", minimum required is "0.5.0") 
[3.874s] -- Found assimp: /usr/include (found version "5.2.0") 
[3.927s] -- Found DART: /usr/include (Required is at least version "6.6") found components: dart 
[4.014s] -- Found Boost: /usr/lib/x86_64-linux-gnu/cmake/Boost-1.74.0/BoostConfig.cmake (found suitable version "1.74.0", minimum required is "1.40.0") found components: thread system filesystem program_options regex iostreams date_time 
[4.065s] -- Found Protobuf: /usr/lib/x86_64-linux-gnu/libprotobuf.so (found version "3.12.4") 
[4.081s] -- Looking for ignition-math6 -- found version 6.15.1
[4.097s] -- Searching for dependencies of ignition-math6
[4.102s] -- Looking for OGRE...
[4.103s] -- OGRE_PREFIX_WATCH changed.
[4.115s] -- Checking for module 'OGRE'
[4.147s] --   Found OGRE, version 1.9.0
[4.213s] -- Found Ogre Ghadamon (1.9.0)
[4.238s] -- Found OGRE: optimized;/usr/lib/x86_64-linux-gnu/libOgreMain.so;debug;/usr/lib/x86_64-linux-gnu/libOgreMain.so
[4.254s] -- Looking for OGRE_Paging...
[4.283s] -- Found OGRE_Paging: optimized;/usr/lib/x86_64-linux-gnu/libOgrePaging.so;debug;/usr/lib/x86_64-linux-gnu/libOgrePaging.so
[4.283s] -- Looking for OGRE_Terrain...
[4.301s] -- Found OGRE_Terrain: optimized;/usr/lib/x86_64-linux-gnu/libOgreTerrain.so;debug;/usr/lib/x86_64-linux-gnu/libOgreTerrain.so
[4.301s] -- Looking for OGRE_Property...
[4.318s] -- Found OGRE_Property: optimized;/usr/lib/x86_64-linux-gnu/libOgreProperty.so;debug;/usr/lib/x86_64-linux-gnu/libOgreProperty.so
[4.318s] -- Looking for OGRE_RTShaderSystem...
[4.336s] -- Found OGRE_RTShaderSystem: optimized;/usr/lib/x86_64-linux-gnu/libOgreRTShaderSystem.so;debug;/usr/lib/x86_64-linux-gnu/libOgreRTShaderSystem.so
[4.336s] -- Looking for OGRE_Volume...
[4.359s] -- Found OGRE_Volume: optimized;/usr/lib/x86_64-linux-gnu/libOgreVolume.so;debug;/usr/lib/x86_64-linux-gnu/libOgreVolume.so
[4.360s] -- Looking for OGRE_Overlay...
[4.380s] -- Found OGRE_Overlay: optimized;/usr/lib/x86_64-linux-gnu/libOgreOverlay.so;debug;/usr/lib/x86_64-linux-gnu/libOgreOverlay.so
[4.649s] -- Looking for ignition-math6 -- found version 6.15.1
[4.654s] -- Looking for ignition-transport8 -- found version 8.2.1
[4.654s] -- Searching for dependencies of ignition-transport8
[4.684s] -- Found Protobuf: /usr/lib/x86_64-linux-gnu/libprotobuf.so (found suitable version "3.12.4", minimum required is "3") 
[4.705s] -- Config-file not installed for ZeroMQ -- checking for pkg-config
[4.713s] -- Checking for module 'libzmq >= 4'
[4.746s] --   Found libzmq , version 4.3.4
[4.835s] -- Found ZeroMQ: TRUE (Required is at least version "4") 
[4.862s] -- Checking for module 'uuid'
[4.910s] --   Found uuid, version 2.37.2
[4.995s] -- Found UUID: TRUE  
[5.013s] -- Looking for ignition-msgs5 -- found version 5.8.1
[5.014s] -- Searching for dependencies of ignition-msgs5
[5.051s] -- Looking for ignition-math6 -- found version 6.15.1
[5.062s] -- Checking for module 'tinyxml2'
[5.104s] --   Found tinyxml2, version 9.0.0
[5.205s] -- Looking for ignition-msgs5 -- found version 5.8.1
[5.213s] -- Looking for ignition-common3 -- found version 3.14.0
[5.214s] -- Searching for dependencies of ignition-common3
[5.215s] -- Looking for dlfcn.h - found
[5.218s] -- Looking for libdl - found
[5.220s] -- Found DL: TRUE  
[5.248s] -- Found tinyobjloader: /usr/lib/x86_64-linux-gnu/cmake/tinyobjloader/tinyobjloader-config.cmake (found version "2.0.0") 
[5.249s] -- Searching for <ignition-common3> component [graphics]
[5.256s] -- Looking for ignition-common3-graphics -- found version 3.14.0
[5.257s] -- Searching for dependencies of ignition-common3-graphics
[5.258s] -- Looking for ignition-math6 -- found version 6.15.1
[5.266s] -- Looking for ignition-fuel_tools4 -- found version 4.4.0
[5.267s] -- Searching for dependencies of ignition-fuel_tools4
[5.427s] -- Found CURL: /usr/lib/x86_64-linux-gnu/libcurl.so (found version "7.81.0")  
[5.449s] -- Checking for module 'jsoncpp'
[5.480s] --   Found jsoncpp, version 1.9.5
[5.553s] -- Found JSONCPP: TRUE  
[5.566s] -- Checking for module 'libzip'
[5.606s] --   Found libzip, version 1.7.3
[5.673s] -- Found ZIP: TRUE  
[5.673s] -- Looking for ignition-common3 -- found version 3.14.0
[5.674s] -- Looking for ignition-math6 -- found version 6.15.1
[5.675s] -- Looking for ignition-msgs5 -- found version 5.8.1
[5.687s] -- Gazebo version: 11.10
[5.688s] -- Checking for module 'tbb'
[5.715s] --   Found tbb, version 2021.5.0
[5.782s] -- Found image_transport: 3.1.11 (/opt/ros/humble/share/image_transport/cmake)
[5.919s] -- Found camera_info_manager: 3.1.11 (/opt/ros/humble/share/camera_info_manager/cmake)
[5.990s] -- Found ament_lint_auto: 0.12.12 (/opt/ros/humble/share/ament_lint_auto/cmake)
[6.115s] -- Configuring done
[6.160s] -- Generating done
[6.169s] -- Build files have been written to: /home/mateo/VisualServoing_Kinect/ros2_ws/build/realsense_gazebo_plugin
[6.201s] Invoked command in '/home/mateo/VisualServoing_Kinect/ros2_ws/build/realsense_gazebo_plugin' returned '0': CMAKE_PREFIX_PATH=${CMAKE_PREFIX_PATH}:/home/mateo/X-ARM_VisualServoing/ros2_ws/install/xarm_vision:/home/mateo/X-ARM_VisualServoing/ros2_ws/install/uf_ros_lib:/home/mateo/ros2_ws/install/xarm_vision:/home/mateo/ros2_ws/install/xarm_follower:/home/mateo/ros2_ws/install/uf_ros_lib:/home/mateo/ros2_ws/install/signal_processing:/home/mateo/ros2_ws/install/reto_closedloop:/home/mateo/ros2_ws/install/reto3:/home/mateo/ros2_ws/install/puzzlebot_localisation:/home/mateo/ros2_ws/install/puzzlebot_control:/home/mateo/ros2_ws/install/motor_control:/home/mateo/ros2_ws/install/mini_challenge_3:/home/mateo/ros2_ws/install/midterm:/home/mateo/ros2_ws/install/closed_loop:/home/mateo/ros2_ws/install/act1_4:/opt/ros/humble /usr/bin/cmake /home/mateo/VisualServoing_Kinect/ros2_ws/src/xarm_ros2/thirdparty/realsense_gazebo_plugin -DCMAKE_INSTALL_PREFIX=/home/mateo/VisualServoing_Kinect/ros2_ws/install/realsense_gazebo_plugin
[6.204s] Invoking command in '/home/mateo/VisualServoing_Kinect/ros2_ws/build/realsense_gazebo_plugin': CMAKE_PREFIX_PATH=${CMAKE_PREFIX_PATH}:/home/mateo/X-ARM_VisualServoing/ros2_ws/install/xarm_vision:/home/mateo/X-ARM_VisualServoing/ros2_ws/install/uf_ros_lib:/home/mateo/ros2_ws/install/xarm_vision:/home/mateo/ros2_ws/install/xarm_follower:/home/mateo/ros2_ws/install/uf_ros_lib:/home/mateo/ros2_ws/install/signal_processing:/home/mateo/ros2_ws/install/reto_closedloop:/home/mateo/ros2_ws/install/reto3:/home/mateo/ros2_ws/install/puzzlebot_localisation:/home/mateo/ros2_ws/install/puzzlebot_control:/home/mateo/ros2_ws/install/motor_control:/home/mateo/ros2_ws/install/mini_challenge_3:/home/mateo/ros2_ws/install/midterm:/home/mateo/ros2_ws/install/closed_loop:/home/mateo/ros2_ws/install/act1_4:/opt/ros/humble /usr/bin/cmake --build /home/mateo/VisualServoing_Kinect/ros2_ws/build/realsense_gazebo_plugin -- -j12 -l12
[6.329s] [ 66%] [32mBuilding CXX object CMakeFiles/realsense_gazebo_plugin.dir/src/RealSensePlugin.cpp.o[0m
[6.329s] [ 66%] [32mBuilding CXX object CMakeFiles/realsense_gazebo_plugin.dir/src/gazebo_ros_realsense.cpp.o[0m
[78.658s] [100%] [32m[1mLinking CXX shared library librealsense_gazebo_plugin.so[0m
[79.889s] [100%] Built target realsense_gazebo_plugin
[79.901s] Invoked command in '/home/mateo/VisualServoing_Kinect/ros2_ws/build/realsense_gazebo_plugin' returned '0': CMAKE_PREFIX_PATH=${CMAKE_PREFIX_PATH}:/home/mateo/X-ARM_VisualServoing/ros2_ws/install/xarm_vision:/home/mateo/X-ARM_VisualServoing/ros2_ws/install/uf_ros_lib:/home/mateo/ros2_ws/install/xarm_vision:/home/mateo/ros2_ws/install/xarm_follower:/home/mateo/ros2_ws/install/uf_ros_lib:/home/mateo/ros2_ws/install/signal_processing:/home/mateo/ros2_ws/install/reto_closedloop:/home/mateo/ros2_ws/install/reto3:/home/mateo/ros2_ws/install/puzzlebot_localisation:/home/mateo/ros2_ws/install/puzzlebot_control:/home/mateo/ros2_ws/install/motor_control:/home/mateo/ros2_ws/install/mini_challenge_3:/home/mateo/ros2_ws/install/midterm:/home/mateo/ros2_ws/install/closed_loop:/home/mateo/ros2_ws/install/act1_4:/opt/ros/humble /usr/bin/cmake --build /home/mateo/VisualServoing_Kinect/ros2_ws/build/realsense_gazebo_plugin -- -j12 -l12
[79.903s] Invoking command in '/home/mateo/VisualServoing_Kinect/ros2_ws/build/realsense_gazebo_plugin': CMAKE_PREFIX_PATH=${CMAKE_PREFIX_PATH}:/home/mateo/X-ARM_VisualServoing/ros2_ws/install/xarm_vision:/home/mateo/X-ARM_VisualServoing/ros2_ws/install/uf_ros_lib:/home/mateo/ros2_ws/install/xarm_vision:/home/mateo/ros2_ws/install/xarm_follower:/home/mateo/ros2_ws/install/uf_ros_lib:/home/mateo/ros2_ws/install/signal_processing:/home/mateo/ros2_ws/install/reto_closedloop:/home/mateo/ros2_ws/install/reto3:/home/mateo/ros2_ws/install/puzzlebot_localisation:/home/mateo/ros2_ws/install/puzzlebot_control:/home/mateo/ros2_ws/install/motor_control:/home/mateo/ros2_ws/install/mini_challenge_3:/home/mateo/ros2_ws/install/midterm:/home/mateo/ros2_ws/install/closed_loop:/home/mateo/ros2_ws/install/act1_4:/opt/ros/humble /usr/bin/cmake --install /home/mateo/VisualServoing_Kinect/ros2_ws/build/realsense_gazebo_plugin
[79.911s] -- Install configuration: ""
[79.911s] -- Installing: /home/mateo/VisualServoing_Kinect/ros2_ws/install/realsense_gazebo_plugin/lib/librealsense_gazebo_plugin.so
[79.914s] -- Set runtime path of "/home/mateo/VisualServoing_Kinect/ros2_ws/install/realsense_gazebo_plugin/lib/librealsense_gazebo_plugin.so" to ""
[79.914s] -- Installing: /home/mateo/VisualServoing_Kinect/ros2_ws/install/realsense_gazebo_plugin/include/
[79.914s] -- Installing: /home/mateo/VisualServoing_Kinect/ros2_ws/install/realsense_gazebo_plugin/include//realsense_gazebo_plugin
[79.914s] -- Installing: /home/mateo/VisualServoing_Kinect/ros2_ws/install/realsense_gazebo_plugin/include//realsense_gazebo_plugin/RealSensePlugin.h
[79.914s] -- Installing: /home/mateo/VisualServoing_Kinect/ros2_ws/install/realsense_gazebo_plugin/include//realsense_gazebo_plugin/gazebo_ros_realsense.h
[79.914s] -- Installing: /home/mateo/VisualServoing_Kinect/ros2_ws/install/realsense_gazebo_plugin/share/realsense_gazebo_plugin/environment/library_path.sh
[79.914s] -- Installing: /home/mateo/VisualServoing_Kinect/ros2_ws/install/realsense_gazebo_plugin/share/realsense_gazebo_plugin/environment/library_path.dsv
[79.915s] -- Installing: /home/mateo/VisualServoing_Kinect/ros2_ws/install/realsense_gazebo_plugin/share/ament_index/resource_index/package_run_dependencies/realsense_gazebo_plugin
[79.915s] -- Installing: /home/mateo/VisualServoing_Kinect/ros2_ws/install/realsense_gazebo_plugin/share/ament_index/resource_index/parent_prefix_path/realsense_gazebo_plugin
[79.916s] -- Installing: /home/mateo/VisualServoing_Kinect/ros2_ws/install/realsense_gazebo_plugin/share/realsense_gazebo_plugin/environment/ament_prefix_path.sh
[79.916s] -- Installing: /home/mateo/VisualServoing_Kinect/ros2_ws/install/realsense_gazebo_plugin/share/realsense_gazebo_plugin/environment/ament_prefix_path.dsv
[79.916s] -- Installing: /home/mateo/VisualServoing_Kinect/ros2_ws/install/realsense_gazebo_plugin/share/realsense_gazebo_plugin/environment/path.sh
[79.916s] -- Installing: /home/mateo/VisualServoing_Kinect/ros2_ws/install/realsense_gazebo_plugin/share/realsense_gazebo_plugin/environment/path.dsv
[79.916s] -- Installing: /home/mateo/VisualServoing_Kinect/ros2_ws/install/realsense_gazebo_plugin/share/realsense_gazebo_plugin/local_setup.bash
[79.916s] -- Installing: /home/mateo/VisualServoing_Kinect/ros2_ws/install/realsense_gazebo_plugin/share/realsense_gazebo_plugin/local_setup.sh
[79.916s] -- Installing: /home/mateo/VisualServoing_Kinect/ros2_ws/install/realsense_gazebo_plugin/share/realsense_gazebo_plugin/local_setup.zsh
[79.916s] -- Installing: /home/mateo/VisualServoing_Kinect/ros2_ws/install/realsense_gazebo_plugin/share/realsense_gazebo_plugin/local_setup.dsv
[79.916s] -- Installing: /home/mateo/VisualServoing_Kinect/ros2_ws/install/realsense_gazebo_plugin/share/realsense_gazebo_plugin/package.dsv
[79.917s] -- Installing: /home/mateo/VisualServoing_Kinect/ros2_ws/install/realsense_gazebo_plugin/share/ament_index/resource_index/packages/realsense_gazebo_plugin
[79.917s] -- Installing: /home/mateo/VisualServoing_Kinect/ros2_ws/install/realsense_gazebo_plugin/share/realsense_gazebo_plugin/cmake/ament_cmake_export_include_directories-extras.cmake
[79.917s] -- Installing: /home/mateo/VisualServoing_Kinect/ros2_ws/install/realsense_gazebo_plugin/share/realsense_gazebo_plugin/cmake/ament_cmake_export_libraries-extras.cmake
[79.917s] -- Installing: /home/mateo/VisualServoing_Kinect/ros2_ws/install/realsense_gazebo_plugin/share/realsense_gazebo_plugin/cmake/realsense_gazebo_pluginConfig.cmake
[79.917s] -- Installing: /home/mateo/VisualServoing_Kinect/ros2_ws/install/realsense_gazebo_plugin/share/realsense_gazebo_plugin/cmake/realsense_gazebo_pluginConfig-version.cmake
[79.917s] -- Installing: /home/mateo/VisualServoing_Kinect/ros2_ws/install/realsense_gazebo_plugin/share/realsense_gazebo_plugin/package.xml
[79.919s] Invoked command in '/home/mateo/VisualServoing_Kinect/ros2_ws/build/realsense_gazebo_plugin' returned '0': CMAKE_PREFIX_PATH=${CMAKE_PREFIX_PATH}:/home/mateo/X-ARM_VisualServoing/ros2_ws/install/xarm_vision:/home/mateo/X-ARM_VisualServoing/ros2_ws/install/uf_ros_lib:/home/mateo/ros2_ws/install/xarm_vision:/home/mateo/ros2_ws/install/xarm_follower:/home/mateo/ros2_ws/install/uf_ros_lib:/home/mateo/ros2_ws/install/signal_processing:/home/mateo/ros2_ws/install/reto_closedloop:/home/mateo/ros2_ws/install/reto3:/home/mateo/ros2_ws/install/puzzlebot_localisation:/home/mateo/ros2_ws/install/puzzlebot_control:/home/mateo/ros2_ws/install/motor_control:/home/mateo/ros2_ws/install/mini_challenge_3:/home/mateo/ros2_ws/install/midterm:/home/mateo/ros2_ws/install/closed_loop:/home/mateo/ros2_ws/install/act1_4:/opt/ros/humble /usr/bin/cmake --install /home/mateo/VisualServoing_Kinect/ros2_ws/build/realsense_gazebo_plugin
