[0.885s] Invoking command in '/home/mateo/VisualServoing_Kinect/ros2_ws/src/xarm_ros2/uf_ros_lib': PYTHONPATH=/home/mateo/VisualServoing_Kinect/ros2_ws/build/uf_ros_lib/prefix_override:/usr/lib/python3/dist-packages/colcon_core/task/python/colcon_distutils_commands:/home/mateo/VisualServoing_Kinect/ros2_ws/install/uf_ros_lib/lib/python3.10/site-packages:${PYTHONPATH} /usr/bin/python3 -W ignore:setup.py install is deprecated -W ignore:easy_install command is deprecated setup.py egg_info --egg-base ../../../build/uf_ros_lib build --build-base /home/mateo/VisualServoing_Kinect/ros2_ws/build/uf_ros_lib/build install --record /home/mateo/VisualServoing_Kinect/ros2_ws/build/uf_ros_lib/install.log --single-version-externally-managed install_data
[1.165s] running egg_info
[1.165s] creating ../../../build/uf_ros_lib/uf_ros_lib.egg-info
[1.165s] writing ../../../build/uf_ros_lib/uf_ros_lib.egg-info/PKG-INFO
[1.165s] writing dependency_links to ../../../build/uf_ros_lib/uf_ros_lib.egg-info/dependency_links.txt
[1.165s] writing entry points to ../../../build/uf_ros_lib/uf_ros_lib.egg-info/entry_points.txt
[1.165s] writing requirements to ../../../build/uf_ros_lib/uf_ros_lib.egg-info/requires.txt
[1.165s] writing top-level names to ../../../build/uf_ros_lib/uf_ros_lib.egg-info/top_level.txt
[1.165s] writing manifest file '../../../build/uf_ros_lib/uf_ros_lib.egg-info/SOURCES.txt'
[1.165s] reading manifest file '../../../build/uf_ros_lib/uf_ros_lib.egg-info/SOURCES.txt'
[1.165s] writing manifest file '../../../build/uf_ros_lib/uf_ros_lib.egg-info/SOURCES.txt'
[1.166s] running build
[1.166s] running build_py
[1.166s] creating /home/mateo/VisualServoing_Kinect/ros2_ws/build/uf_ros_lib/build
[1.166s] creating /home/mateo/VisualServoing_Kinect/ros2_ws/build/uf_ros_lib/build/lib
[1.166s] creating /home/mateo/VisualServoing_Kinect/ros2_ws/build/uf_ros_lib/build/lib/uf_ros_lib
[1.166s] copying uf_ros_lib/uf_robot_utils.py -> /home/mateo/VisualServoing_Kinect/ros2_ws/build/uf_ros_lib/build/lib/uf_ros_lib
[1.169s] copying uf_ros_lib/moveit_configs_builder.py -> /home/mateo/VisualServoing_Kinect/ros2_ws/build/uf_ros_lib/build/lib/uf_ros_lib
[1.170s] copying uf_ros_lib/__init__.py -> /home/mateo/VisualServoing_Kinect/ros2_ws/build/uf_ros_lib/build/lib/uf_ros_lib
[1.170s] copying uf_ros_lib/parameter_descriptions.py -> /home/mateo/VisualServoing_Kinect/ros2_ws/build/uf_ros_lib/build/lib/uf_ros_lib
[1.170s] creating /home/mateo/VisualServoing_Kinect/ros2_ws/build/uf_ros_lib/build/lib/uf_ros_lib/substitutions
[1.170s] copying uf_ros_lib/substitutions/controllers.py -> /home/mateo/VisualServoing_Kinect/ros2_ws/build/uf_ros_lib/build/lib/uf_ros_lib/substitutions
[1.171s] copying uf_ros_lib/substitutions/planning_pipelines.py -> /home/mateo/VisualServoing_Kinect/ros2_ws/build/uf_ros_lib/build/lib/uf_ros_lib/substitutions
[1.171s] copying uf_ros_lib/substitutions/joint_limits.py -> /home/mateo/VisualServoing_Kinect/ros2_ws/build/uf_ros_lib/build/lib/uf_ros_lib/substitutions
[1.172s] copying uf_ros_lib/substitutions/__init__.py -> /home/mateo/VisualServoing_Kinect/ros2_ws/build/uf_ros_lib/build/lib/uf_ros_lib/substitutions
[1.172s] copying uf_ros_lib/substitutions/common.py -> /home/mateo/VisualServoing_Kinect/ros2_ws/build/uf_ros_lib/build/lib/uf_ros_lib/substitutions
[1.172s] copying uf_ros_lib/substitutions/kinematics.py -> /home/mateo/VisualServoing_Kinect/ros2_ws/build/uf_ros_lib/build/lib/uf_ros_lib/substitutions
[1.172s] running install
[1.176s] running install_lib
[1.178s] creating /home/mateo/VisualServoing_Kinect/ros2_ws/install/uf_ros_lib/lib/python3.10/site-packages/uf_ros_lib
[1.178s] copying /home/mateo/VisualServoing_Kinect/ros2_ws/build/uf_ros_lib/build/lib/uf_ros_lib/uf_robot_utils.py -> /home/mateo/VisualServoing_Kinect/ros2_ws/install/uf_ros_lib/lib/python3.10/site-packages/uf_ros_lib
[1.180s] creating /home/mateo/VisualServoing_Kinect/ros2_ws/install/uf_ros_lib/lib/python3.10/site-packages/uf_ros_lib/substitutions
[1.180s] copying /home/mateo/VisualServoing_Kinect/ros2_ws/build/uf_ros_lib/build/lib/uf_ros_lib/substitutions/controllers.py -> /home/mateo/VisualServoing_Kinect/ros2_ws/install/uf_ros_lib/lib/python3.10/site-packages/uf_ros_lib/substitutions
[1.181s] copying /home/mateo/VisualServoing_Kinect/ros2_ws/build/uf_ros_lib/build/lib/uf_ros_lib/substitutions/planning_pipelines.py -> /home/mateo/VisualServoing_Kinect/ros2_ws/install/uf_ros_lib/lib/python3.10/site-packages/uf_ros_lib/substitutions
[1.181s] copying /home/mateo/VisualServoing_Kinect/ros2_ws/build/uf_ros_lib/build/lib/uf_ros_lib/substitutions/joint_limits.py -> /home/mateo/VisualServoing_Kinect/ros2_ws/install/uf_ros_lib/lib/python3.10/site-packages/uf_ros_lib/substitutions
[1.181s] copying /home/mateo/VisualServoing_Kinect/ros2_ws/build/uf_ros_lib/build/lib/uf_ros_lib/substitutions/__init__.py -> /home/mateo/VisualServoing_Kinect/ros2_ws/install/uf_ros_lib/lib/python3.10/site-packages/uf_ros_lib/substitutions
[1.183s] copying /home/mateo/VisualServoing_Kinect/ros2_ws/build/uf_ros_lib/build/lib/uf_ros_lib/substitutions/common.py -> /home/mateo/VisualServoing_Kinect/ros2_ws/install/uf_ros_lib/lib/python3.10/site-packages/uf_ros_lib/substitutions
[1.183s] copying /home/mateo/VisualServoing_Kinect/ros2_ws/build/uf_ros_lib/build/lib/uf_ros_lib/substitutions/kinematics.py -> /home/mateo/VisualServoing_Kinect/ros2_ws/install/uf_ros_lib/lib/python3.10/site-packages/uf_ros_lib/substitutions
[1.183s] copying /home/mateo/VisualServoing_Kinect/ros2_ws/build/uf_ros_lib/build/lib/uf_ros_lib/moveit_configs_builder.py -> /home/mateo/VisualServoing_Kinect/ros2_ws/install/uf_ros_lib/lib/python3.10/site-packages/uf_ros_lib
[1.183s] copying /home/mateo/VisualServoing_Kinect/ros2_ws/build/uf_ros_lib/build/lib/uf_ros_lib/__init__.py -> /home/mateo/VisualServoing_Kinect/ros2_ws/install/uf_ros_lib/lib/python3.10/site-packages/uf_ros_lib
[1.183s] copying /home/mateo/VisualServoing_Kinect/ros2_ws/build/uf_ros_lib/build/lib/uf_ros_lib/parameter_descriptions.py -> /home/mateo/VisualServoing_Kinect/ros2_ws/install/uf_ros_lib/lib/python3.10/site-packages/uf_ros_lib
[1.183s] byte-compiling /home/mateo/VisualServoing_Kinect/ros2_ws/install/uf_ros_lib/lib/python3.10/site-packages/uf_ros_lib/uf_robot_utils.py to uf_robot_utils.cpython-310.pyc
[1.188s] byte-compiling /home/mateo/VisualServoing_Kinect/ros2_ws/install/uf_ros_lib/lib/python3.10/site-packages/uf_ros_lib/substitutions/controllers.py to controllers.cpython-310.pyc
[1.191s] byte-compiling /home/mateo/VisualServoing_Kinect/ros2_ws/install/uf_ros_lib/lib/python3.10/site-packages/uf_ros_lib/substitutions/planning_pipelines.py to planning_pipelines.cpython-310.pyc
[1.194s] byte-compiling /home/mateo/VisualServoing_Kinect/ros2_ws/install/uf_ros_lib/lib/python3.10/site-packages/uf_ros_lib/substitutions/joint_limits.py to joint_limits.cpython-310.pyc
[1.196s] byte-compiling /home/mateo/VisualServoing_Kinect/ros2_ws/install/uf_ros_lib/lib/python3.10/site-packages/uf_ros_lib/substitutions/__init__.py to __init__.cpython-310.pyc
[1.196s] byte-compiling /home/mateo/VisualServoing_Kinect/ros2_ws/install/uf_ros_lib/lib/python3.10/site-packages/uf_ros_lib/substitutions/common.py to common.cpython-310.pyc
[1.197s] byte-compiling /home/mateo/VisualServoing_Kinect/ros2_ws/install/uf_ros_lib/lib/python3.10/site-packages/uf_ros_lib/substitutions/kinematics.py to kinematics.cpython-310.pyc
[1.200s] byte-compiling /home/mateo/VisualServoing_Kinect/ros2_ws/install/uf_ros_lib/lib/python3.10/site-packages/uf_ros_lib/moveit_configs_builder.py to moveit_configs_builder.cpython-310.pyc
[1.215s] byte-compiling /home/mateo/VisualServoing_Kinect/ros2_ws/install/uf_ros_lib/lib/python3.10/site-packages/uf_ros_lib/__init__.py to __init__.cpython-310.pyc
[1.215s] byte-compiling /home/mateo/VisualServoing_Kinect/ros2_ws/install/uf_ros_lib/lib/python3.10/site-packages/uf_ros_lib/parameter_descriptions.py to parameter_descriptions.cpython-310.pyc
[1.217s] running install_data
[1.217s] creating /home/mateo/VisualServoing_Kinect/ros2_ws/install/uf_ros_lib/share/ament_index
[1.217s] creating /home/mateo/VisualServoing_Kinect/ros2_ws/install/uf_ros_lib/share/ament_index/resource_index
[1.217s] creating /home/mateo/VisualServoing_Kinect/ros2_ws/install/uf_ros_lib/share/ament_index/resource_index/packages
[1.217s] copying resource/uf_ros_lib -> /home/mateo/VisualServoing_Kinect/ros2_ws/install/uf_ros_lib/share/ament_index/resource_index/packages
[1.217s] copying package.xml -> /home/mateo/VisualServoing_Kinect/ros2_ws/install/uf_ros_lib/share/uf_ros_lib
[1.217s] running install_egg_info
[1.219s] Copying ../../../build/uf_ros_lib/uf_ros_lib.egg-info to /home/mateo/VisualServoing_Kinect/ros2_ws/install/uf_ros_lib/lib/python3.10/site-packages/uf_ros_lib-0.0.0-py3.10.egg-info
[1.220s] running install_scripts
[1.261s] writing list of installed files to '/home/mateo/VisualServoing_Kinect/ros2_ws/build/uf_ros_lib/install.log'
[1.432s] Invoked command in '/home/mateo/VisualServoing_Kinect/ros2_ws/src/xarm_ros2/uf_ros_lib' returned '0': PYTHONPATH=/home/mateo/VisualServoing_Kinect/ros2_ws/build/uf_ros_lib/prefix_override:/usr/lib/python3/dist-packages/colcon_core/task/python/colcon_distutils_commands:/home/mateo/VisualServoing_Kinect/ros2_ws/install/uf_ros_lib/lib/python3.10/site-packages:${PYTHONPATH} /usr/bin/python3 -W ignore:setup.py install is deprecated -W ignore:easy_install command is deprecated setup.py egg_info --egg-base ../../../build/uf_ros_lib build --build-base /home/mateo/VisualServoing_Kinect/ros2_ws/build/uf_ros_lib/build install --record /home/mateo/VisualServoing_Kinect/ros2_ws/build/uf_ros_lib/install.log --single-version-externally-managed install_data
