running egg_info
writing ../../build/pose_estimation/pose_estimation.egg-info/PKG-INFO
writing dependency_links to ../../build/pose_estimation/pose_estimation.egg-info/dependency_links.txt
writing entry points to ../../build/pose_estimation/pose_estimation.egg-info/entry_points.txt
writing requirements to ../../build/pose_estimation/pose_estimation.egg-info/requires.txt
writing top-level names to ../../build/pose_estimation/pose_estimation.egg-info/top_level.txt
reading manifest file '../../build/pose_estimation/pose_estimation.egg-info/SOURCES.txt'
adding license file 'LICENSE'
writing manifest file '../../build/pose_estimation/pose_estimation.egg-info/SOURCES.txt'
running build
running build_py
running install
running install_lib
running install_data
running install_egg_info
removing '/home/mateo/VisualServoing_Kinect/ros2_ws/install/pose_estimation/lib/python3.10/site-packages/pose_estimation-0.1.0-py3.10.egg-info' (and everything under it)
Copying ../../build/pose_estimation/pose_estimation.egg-info to /home/mateo/VisualServoing_Kinect/ros2_ws/install/pose_estimation/lib/python3.10/site-packages/pose_estimation-0.1.0-py3.10.egg-info
running install_scripts
Installing image_segmentation script to /home/mateo/VisualServoing_Kinect/ros2_ws/install/pose_estimation/lib/pose_estimation
Installing point_cloud_generator script to /home/mateo/VisualServoing_Kinect/ros2_ws/install/pose_estimation/lib/pose_estimation
Installing point_cloud_visualizer script to /home/mateo/VisualServoing_Kinect/ros2_ws/install/pose_estimation/lib/pose_estimation
Installing pose_estimator script to /home/mateo/VisualServoing_Kinect/ros2_ws/install/pose_estimation/lib/pose_estimation
writing list of installed files to '/home/mateo/VisualServoing_Kinect/ros2_ws/build/pose_estimation/install.log'
