[0.752s] Invoking command in '/home/mateo/VisualServoing_Kinect/ros2_ws/src/pose_estimation': PYTHONPATH=/home/mateo/VisualServoing_Kinect/ros2_ws/build/pose_estimation/prefix_override:/usr/lib/python3/dist-packages/colcon_core/task/python/colcon_distutils_commands:/home/mateo/VisualServoing_Kinect/ros2_ws/install/pose_estimation/lib/python3.10/site-packages:${PYTHONPATH} /usr/bin/python3 -W ignore:setup.py install is deprecated -W ignore:easy_install command is deprecated setup.py egg_info --egg-base ../../build/pose_estimation build --build-base /home/mateo/VisualServoing_Kinect/ros2_ws/build/pose_estimation/build install --record /home/mateo/VisualServoing_Kinect/ros2_ws/build/pose_estimation/install.log --single-version-externally-managed install_data
[0.922s] running egg_info
[0.922s] writing ../../build/pose_estimation/pose_estimation.egg-info/PKG-INFO
[0.922s] writing dependency_links to ../../build/pose_estimation/pose_estimation.egg-info/dependency_links.txt
[0.923s] writing entry points to ../../build/pose_estimation/pose_estimation.egg-info/entry_points.txt
[0.923s] writing requirements to ../../build/pose_estimation/pose_estimation.egg-info/requires.txt
[0.923s] writing top-level names to ../../build/pose_estimation/pose_estimation.egg-info/top_level.txt
[0.924s] reading manifest file '../../build/pose_estimation/pose_estimation.egg-info/SOURCES.txt'
[0.924s] adding license file 'LICENSE'
[0.925s] writing manifest file '../../build/pose_estimation/pose_estimation.egg-info/SOURCES.txt'
[0.925s] running build
[0.925s] running build_py
[0.925s] running install
[0.925s] running install_lib
[0.926s] running install_data
[0.927s] running install_egg_info
[0.928s] removing '/home/mateo/VisualServoing_Kinect/ros2_ws/install/pose_estimation/lib/python3.10/site-packages/pose_estimation-0.1.0-py3.10.egg-info' (and everything under it)
[0.928s] Copying ../../build/pose_estimation/pose_estimation.egg-info to /home/mateo/VisualServoing_Kinect/ros2_ws/install/pose_estimation/lib/python3.10/site-packages/pose_estimation-0.1.0-py3.10.egg-info
[0.929s] running install_scripts
[0.944s] Installing image_segmentation script to /home/mateo/VisualServoing_Kinect/ros2_ws/install/pose_estimation/lib/pose_estimation
[0.945s] Installing point_cloud_generator script to /home/mateo/VisualServoing_Kinect/ros2_ws/install/pose_estimation/lib/pose_estimation
[0.945s] Installing point_cloud_visualizer script to /home/mateo/VisualServoing_Kinect/ros2_ws/install/pose_estimation/lib/pose_estimation
[0.945s] Installing pose_estimator script to /home/mateo/VisualServoing_Kinect/ros2_ws/install/pose_estimation/lib/pose_estimation
[0.945s] writing list of installed files to '/home/mateo/VisualServoing_Kinect/ros2_ws/build/pose_estimation/install.log'
[0.975s] Invoked command in '/home/mateo/VisualServoing_Kinect/ros2_ws/src/pose_estimation' returned '0': PYTHONPATH=/home/mateo/VisualServoing_Kinect/ros2_ws/build/pose_estimation/prefix_override:/usr/lib/python3/dist-packages/colcon_core/task/python/colcon_distutils_commands:/home/mateo/VisualServoing_Kinect/ros2_ws/install/pose_estimation/lib/python3.10/site-packages:${PYTHONPATH} /usr/bin/python3 -W ignore:setup.py install is deprecated -W ignore:easy_install command is deprecated setup.py egg_info --egg-base ../../build/pose_estimation build --build-base /home/mateo/VisualServoing_Kinect/ros2_ws/build/pose_estimation/build install --record /home/mateo/VisualServoing_Kinect/ros2_ws/build/pose_estimation/install.log --single-version-externally-managed install_data
