[0.238s] Invoking command in '/home/mateo/VisualServoing_Kinect/ros2_ws/build/mbot_demo': CMAKE_PREFIX_PATH=${CMAKE_PREFIX_PATH}:/home/mateo/X-ARM_VisualServoing/ros2_ws/install/xarm_vision:/home/mateo/X-ARM_VisualServoing/ros2_ws/install/uf_ros_lib:/home/mateo/ros2_ws/install/xarm_vision:/home/mateo/ros2_ws/install/xarm_follower:/home/mateo/ros2_ws/install/uf_ros_lib:/home/mateo/ros2_ws/install/signal_processing:/home/mateo/ros2_ws/install/reto_closedloop:/home/mateo/ros2_ws/install/reto3:/home/mateo/ros2_ws/install/puzzlebot_localisation:/home/mateo/ros2_ws/install/puzzlebot_control:/home/mateo/ros2_ws/install/motor_control:/home/mateo/ros2_ws/install/mini_challenge_3:/home/mateo/ros2_ws/install/midterm:/home/mateo/ros2_ws/install/closed_loop:/home/mateo/ros2_ws/install/act1_4:/opt/ros/humble /usr/bin/cmake /home/mateo/VisualServoing_Kinect/ros2_ws/src/xarm_ros2/demo/mbot_demo -DCMAKE_INSTALL_PREFIX=/home/mateo/VisualServoing_Kinect/ros2_ws/install/mbot_demo
[0.504s] -- The C compiler identification is GNU 11.4.0
[0.504s] -- The CXX compiler identification is GNU 11.4.0
[0.504s] -- Detecting C compiler ABI info
[0.504s] -- Detecting C compiler ABI info - done
[0.504s] -- Check for working C compiler: /usr/bin/cc - skipped
[0.504s] -- Detecting C compile features
[0.504s] -- Detecting C compile features - done
[0.504s] -- Detecting CXX compiler ABI info
[0.549s] -- Detecting CXX compiler ABI info - done
[0.559s] -- Check for working CXX compiler: /usr/bin/c++ - skipped
[0.559s] -- Detecting CXX compile features
[0.559s] -- Detecting CXX compile features - done
[0.568s] -- Found ament_cmake: 1.3.11 (/opt/ros/humble/share/ament_cmake/cmake)
[0.785s] -- Found Python3: /usr/bin/python3 (found version "3.10.12") found components: Interpreter 
[0.932s] -- Found ament_lint_auto: 0.12.12 (/opt/ros/humble/share/ament_lint_auto/cmake)
[1.058s] -- Added test 'copyright' to check source files copyright and LICENSE
[1.066s] -- Added test 'flake8' to check Python code syntax and style conventions
[1.068s] -- Added test 'lint_cmake' to check CMake code style
[1.071s] -- Added test 'pep257' to check Python code against some of the docstring style conventions in PEP 257
[1.075s] -- Added test 'xmllint' to check XML markup files
[1.082s] -- Configuring done
[1.085s] -- Generating done
[1.089s] -- Build files have been written to: /home/mateo/VisualServoing_Kinect/ros2_ws/build/mbot_demo
[1.108s] Invoked command in '/home/mateo/VisualServoing_Kinect/ros2_ws/build/mbot_demo' returned '0': CMAKE_PREFIX_PATH=${CMAKE_PREFIX_PATH}:/home/mateo/X-ARM_VisualServoing/ros2_ws/install/xarm_vision:/home/mateo/X-ARM_VisualServoing/ros2_ws/install/uf_ros_lib:/home/mateo/ros2_ws/install/xarm_vision:/home/mateo/ros2_ws/install/xarm_follower:/home/mateo/ros2_ws/install/uf_ros_lib:/home/mateo/ros2_ws/install/signal_processing:/home/mateo/ros2_ws/install/reto_closedloop:/home/mateo/ros2_ws/install/reto3:/home/mateo/ros2_ws/install/puzzlebot_localisation:/home/mateo/ros2_ws/install/puzzlebot_control:/home/mateo/ros2_ws/install/motor_control:/home/mateo/ros2_ws/install/mini_challenge_3:/home/mateo/ros2_ws/install/midterm:/home/mateo/ros2_ws/install/closed_loop:/home/mateo/ros2_ws/install/act1_4:/opt/ros/humble /usr/bin/cmake /home/mateo/VisualServoing_Kinect/ros2_ws/src/xarm_ros2/demo/mbot_demo -DCMAKE_INSTALL_PREFIX=/home/mateo/VisualServoing_Kinect/ros2_ws/install/mbot_demo
[1.109s] Invoking command in '/home/mateo/VisualServoing_Kinect/ros2_ws/build/mbot_demo': CMAKE_PREFIX_PATH=${CMAKE_PREFIX_PATH}:/home/mateo/X-ARM_VisualServoing/ros2_ws/install/xarm_vision:/home/mateo/X-ARM_VisualServoing/ros2_ws/install/uf_ros_lib:/home/mateo/ros2_ws/install/xarm_vision:/home/mateo/ros2_ws/install/xarm_follower:/home/mateo/ros2_ws/install/uf_ros_lib:/home/mateo/ros2_ws/install/signal_processing:/home/mateo/ros2_ws/install/reto_closedloop:/home/mateo/ros2_ws/install/reto3:/home/mateo/ros2_ws/install/puzzlebot_localisation:/home/mateo/ros2_ws/install/puzzlebot_control:/home/mateo/ros2_ws/install/motor_control:/home/mateo/ros2_ws/install/mini_challenge_3:/home/mateo/ros2_ws/install/midterm:/home/mateo/ros2_ws/install/closed_loop:/home/mateo/ros2_ws/install/act1_4:/opt/ros/humble /usr/bin/cmake --build /home/mateo/VisualServoing_Kinect/ros2_ws/build/mbot_demo -- -j12 -l12
[1.226s] Invoked command in '/home/mateo/VisualServoing_Kinect/ros2_ws/build/mbot_demo' returned '0': CMAKE_PREFIX_PATH=${CMAKE_PREFIX_PATH}:/home/mateo/X-ARM_VisualServoing/ros2_ws/install/xarm_vision:/home/mateo/X-ARM_VisualServoing/ros2_ws/install/uf_ros_lib:/home/mateo/ros2_ws/install/xarm_vision:/home/mateo/ros2_ws/install/xarm_follower:/home/mateo/ros2_ws/install/uf_ros_lib:/home/mateo/ros2_ws/install/signal_processing:/home/mateo/ros2_ws/install/reto_closedloop:/home/mateo/ros2_ws/install/reto3:/home/mateo/ros2_ws/install/puzzlebot_localisation:/home/mateo/ros2_ws/install/puzzlebot_control:/home/mateo/ros2_ws/install/motor_control:/home/mateo/ros2_ws/install/mini_challenge_3:/home/mateo/ros2_ws/install/midterm:/home/mateo/ros2_ws/install/closed_loop:/home/mateo/ros2_ws/install/act1_4:/opt/ros/humble /usr/bin/cmake --build /home/mateo/VisualServoing_Kinect/ros2_ws/build/mbot_demo -- -j12 -l12
[1.227s] Invoking command in '/home/mateo/VisualServoing_Kinect/ros2_ws/build/mbot_demo': CMAKE_PREFIX_PATH=${CMAKE_PREFIX_PATH}:/home/mateo/X-ARM_VisualServoing/ros2_ws/install/xarm_vision:/home/mateo/X-ARM_VisualServoing/ros2_ws/install/uf_ros_lib:/home/mateo/ros2_ws/install/xarm_vision:/home/mateo/ros2_ws/install/xarm_follower:/home/mateo/ros2_ws/install/uf_ros_lib:/home/mateo/ros2_ws/install/signal_processing:/home/mateo/ros2_ws/install/reto_closedloop:/home/mateo/ros2_ws/install/reto3:/home/mateo/ros2_ws/install/puzzlebot_localisation:/home/mateo/ros2_ws/install/puzzlebot_control:/home/mateo/ros2_ws/install/motor_control:/home/mateo/ros2_ws/install/mini_challenge_3:/home/mateo/ros2_ws/install/midterm:/home/mateo/ros2_ws/install/closed_loop:/home/mateo/ros2_ws/install/act1_4:/opt/ros/humble /usr/bin/cmake --install /home/mateo/VisualServoing_Kinect/ros2_ws/build/mbot_demo
[1.253s] -- Install configuration: ""
[1.253s] -- Installing: /home/mateo/VisualServoing_Kinect/ros2_ws/install/mbot_demo/share/mbot_demo//rviz
[1.253s] -- Installing: /home/mateo/VisualServoing_Kinect/ros2_ws/install/mbot_demo/share/mbot_demo//rviz/moveit.rviz
[1.254s] -- Installing: /home/mateo/VisualServoing_Kinect/ros2_ws/install/mbot_demo/share/mbot_demo//urdf
[1.254s] -- Installing: /home/mateo/VisualServoing_Kinect/ros2_ws/install/mbot_demo/share/mbot_demo//urdf/mbot.transmission.xacro
[1.254s] -- Installing: /home/mateo/VisualServoing_Kinect/ros2_ws/install/mbot_demo/share/mbot_demo//urdf/mbot.gazebo.xacro
[1.254s] -- Installing: /home/mateo/VisualServoing_Kinect/ros2_ws/install/mbot_demo/share/mbot_demo//urdf/mbot_with_xarm.urdf.xacro
[1.254s] -- Installing: /home/mateo/VisualServoing_Kinect/ros2_ws/install/mbot_demo/share/mbot_demo//urdf/mbot.ros2_control.xacro
[1.255s] -- Installing: /home/mateo/VisualServoing_Kinect/ros2_ws/install/mbot_demo/share/mbot_demo//urdf/mbot_macro.xacro
[1.255s] -- Installing: /home/mateo/VisualServoing_Kinect/ros2_ws/install/mbot_demo/share/mbot_demo//urdf/mbot.urdf.xacro
[1.257s] -- Installing: /home/mateo/VisualServoing_Kinect/ros2_ws/install/mbot_demo/share/mbot_demo//srdf
[1.261s] -- Installing: /home/mateo/VisualServoing_Kinect/ros2_ws/install/mbot_demo/share/mbot_demo//srdf/mbot_with_xarm.srdf.xacro
[1.261s] -- Installing: /home/mateo/VisualServoing_Kinect/ros2_ws/install/mbot_demo/share/mbot_demo//srdf/mbot_macro.srdf.xacro
[1.262s] -- Installing: /home/mateo/VisualServoing_Kinect/ros2_ws/install/mbot_demo/share/mbot_demo//config
[1.262s] -- Installing: /home/mateo/VisualServoing_Kinect/ros2_ws/install/mbot_demo/share/mbot_demo//config/controllers.yaml
[1.262s] -- Installing: /home/mateo/VisualServoing_Kinect/ros2_ws/install/mbot_demo/share/mbot_demo//config/kinematics.yaml
[1.262s] -- Installing: /home/mateo/VisualServoing_Kinect/ros2_ws/install/mbot_demo/share/mbot_demo//config/ompl_planning.yaml
[1.262s] -- Installing: /home/mateo/VisualServoing_Kinect/ros2_ws/install/mbot_demo/share/mbot_demo//config/ros2_controllers.yaml
[1.262s] -- Installing: /home/mateo/VisualServoing_Kinect/ros2_ws/install/mbot_demo/share/mbot_demo//config/joint_limits.yaml
[1.262s] -- Installing: /home/mateo/VisualServoing_Kinect/ros2_ws/install/mbot_demo/share/mbot_demo//worlds
[1.262s] -- Installing: /home/mateo/VisualServoing_Kinect/ros2_ws/install/mbot_demo/share/mbot_demo//worlds/empty.world
[1.262s] -- Installing: /home/mateo/VisualServoing_Kinect/ros2_ws/install/mbot_demo/share/mbot_demo//launch
[1.263s] -- Installing: /home/mateo/VisualServoing_Kinect/ros2_ws/install/mbot_demo/share/mbot_demo//launch/mbot_moveit_gazebo.launch.py
[1.263s] -- Installing: /home/mateo/VisualServoing_Kinect/ros2_ws/install/mbot_demo/share/mbot_demo//launch/mbot_moveit_fake.launch.py
[1.263s] -- Installing: /home/mateo/VisualServoing_Kinect/ros2_ws/install/mbot_demo/share/mbot_demo//launch/mbot_moveit_realmove.launch.py
[1.263s] -- Installing: /home/mateo/VisualServoing_Kinect/ros2_ws/install/mbot_demo/share/mbot_demo//launch/_robot_on_mbot_gazebo.launch.py
[1.264s] -- Installing: /home/mateo/VisualServoing_Kinect/ros2_ws/install/mbot_demo/share/ament_index/resource_index/package_run_dependencies/mbot_demo
[1.267s] -- Installing: /home/mateo/VisualServoing_Kinect/ros2_ws/install/mbot_demo/share/ament_index/resource_index/parent_prefix_path/mbot_demo
[1.267s] -- Installing: /home/mateo/VisualServoing_Kinect/ros2_ws/install/mbot_demo/share/mbot_demo/environment/ament_prefix_path.sh
[1.267s] -- Installing: /home/mateo/VisualServoing_Kinect/ros2_ws/install/mbot_demo/share/mbot_demo/environment/ament_prefix_path.dsv
[1.267s] -- Installing: /home/mateo/VisualServoing_Kinect/ros2_ws/install/mbot_demo/share/mbot_demo/environment/path.sh
[1.267s] -- Installing: /home/mateo/VisualServoing_Kinect/ros2_ws/install/mbot_demo/share/mbot_demo/environment/path.dsv
[1.269s] -- Installing: /home/mateo/VisualServoing_Kinect/ros2_ws/install/mbot_demo/share/mbot_demo/local_setup.bash
[1.269s] -- Installing: /home/mateo/VisualServoing_Kinect/ros2_ws/install/mbot_demo/share/mbot_demo/local_setup.sh
[1.269s] -- Installing: /home/mateo/VisualServoing_Kinect/ros2_ws/install/mbot_demo/share/mbot_demo/local_setup.zsh
[1.269s] -- Installing: /home/mateo/VisualServoing_Kinect/ros2_ws/install/mbot_demo/share/mbot_demo/local_setup.dsv
[1.269s] -- Installing: /home/mateo/VisualServoing_Kinect/ros2_ws/install/mbot_demo/share/mbot_demo/package.dsv
[1.270s] -- Installing: /home/mateo/VisualServoing_Kinect/ros2_ws/install/mbot_demo/share/ament_index/resource_index/packages/mbot_demo
[1.270s] -- Installing: /home/mateo/VisualServoing_Kinect/ros2_ws/install/mbot_demo/share/mbot_demo/cmake/mbot_demoConfig.cmake
[1.270s] -- Installing: /home/mateo/VisualServoing_Kinect/ros2_ws/install/mbot_demo/share/mbot_demo/cmake/mbot_demoConfig-version.cmake
[1.273s] -- Installing: /home/mateo/VisualServoing_Kinect/ros2_ws/install/mbot_demo/share/mbot_demo/package.xml
[1.285s] Invoked command in '/home/mateo/VisualServoing_Kinect/ros2_ws/build/mbot_demo' returned '0': CMAKE_PREFIX_PATH=${CMAKE_PREFIX_PATH}:/home/mateo/X-ARM_VisualServoing/ros2_ws/install/xarm_vision:/home/mateo/X-ARM_VisualServoing/ros2_ws/install/uf_ros_lib:/home/mateo/ros2_ws/install/xarm_vision:/home/mateo/ros2_ws/install/xarm_follower:/home/mateo/ros2_ws/install/uf_ros_lib:/home/mateo/ros2_ws/install/signal_processing:/home/mateo/ros2_ws/install/reto_closedloop:/home/mateo/ros2_ws/install/reto3:/home/mateo/ros2_ws/install/puzzlebot_localisation:/home/mateo/ros2_ws/install/puzzlebot_control:/home/mateo/ros2_ws/install/motor_control:/home/mateo/ros2_ws/install/mini_challenge_3:/home/mateo/ros2_ws/install/midterm:/home/mateo/ros2_ws/install/closed_loop:/home/mateo/ros2_ws/install/act1_4:/opt/ros/humble /usr/bin/cmake --install /home/mateo/VisualServoing_Kinect/ros2_ws/build/mbot_demo
