[35m[1mConsolidate compiler generated dependencies of target azure_kinect_node[0m
[100%] Built target azure_kinect_node
[100%] Built target ament_cmake_python_copy_azure_kinect_ros2_driver
running egg_info
writing azure_kinect_ros2_driver.egg-info/PKG-INFO
writing dependency_links to azure_kinect_ros2_driver.egg-info/dependency_links.txt
writing top-level names to azure_kinect_ros2_driver.egg-info/top_level.txt
reading manifest file 'azure_kinect_ros2_driver.egg-info/SOURCES.txt'
writing manifest file 'azure_kinect_ros2_driver.egg-info/SOURCES.txt'
[100%] Built target ament_cmake_python_build_azure_kinect_ros2_driver_egg
-- Install configuration: ""
-- Up-to-date: /home/mateo/VisualServoing_Kinect/ros2_ws/install/azure_kinect_ros2_driver/lib/azure_kinect_ros2_driver/azure_kinect_node
-- Up-to-date: /home/mateo/VisualServoing_Kinect/ros2_ws/install/azure_kinect_ros2_driver/share/azure_kinect_ros2_driver/environment/pythonpath.sh
-- Up-to-date: /home/mateo/VisualServoing_Kinect/ros2_ws/install/azure_kinect_ros2_driver/share/azure_kinect_ros2_driver/environment/pythonpath.dsv
-- Up-to-date: /home/mateo/VisualServoing_Kinect/ros2_ws/install/azure_kinect_ros2_driver/local/lib/python3.10/dist-packages/azure_kinect_ros2_driver-0.0.1-py3.10.egg-info
-- Installing: /home/mateo/VisualServoing_Kinect/ros2_ws/install/azure_kinect_ros2_driver/local/lib/python3.10/dist-packages/azure_kinect_ros2_driver-0.0.1-py3.10.egg-info/dependency_links.txt
-- Installing: /home/mateo/VisualServoing_Kinect/ros2_ws/install/azure_kinect_ros2_driver/local/lib/python3.10/dist-packages/azure_kinect_ros2_driver-0.0.1-py3.10.egg-info/PKG-INFO
-- Installing: /home/mateo/VisualServoing_Kinect/ros2_ws/install/azure_kinect_ros2_driver/local/lib/python3.10/dist-packages/azure_kinect_ros2_driver-0.0.1-py3.10.egg-info/SOURCES.txt
-- Installing: /home/mateo/VisualServoing_Kinect/ros2_ws/install/azure_kinect_ros2_driver/local/lib/python3.10/dist-packages/azure_kinect_ros2_driver-0.0.1-py3.10.egg-info/top_level.txt
-- Up-to-date: /home/mateo/VisualServoing_Kinect/ros2_ws/install/azure_kinect_ros2_driver/local/lib/python3.10/dist-packages/azure_kinect_ros2_driver
-- Up-to-date: /home/mateo/VisualServoing_Kinect/ros2_ws/install/azure_kinect_ros2_driver/local/lib/python3.10/dist-packages/azure_kinect_ros2_driver/__init__.py
Listing '/home/mateo/VisualServoing_Kinect/ros2_ws/install/azure_kinect_ros2_driver/local/lib/python3.10/dist-packages/azure_kinect_ros2_driver'...
-- Up-to-date: /home/mateo/VisualServoing_Kinect/ros2_ws/install/azure_kinect_ros2_driver/lib/azure_kinect_ros2_driver/test_azure_kinect_subscriber.py
-- Up-to-date: /home/mateo/VisualServoing_Kinect/ros2_ws/install/azure_kinect_ros2_driver/share/azure_kinect_ros2_driver/launch
-- Up-to-date: /home/mateo/VisualServoing_Kinect/ros2_ws/install/azure_kinect_ros2_driver/share/azure_kinect_ros2_driver/launch/k4a_test_record_launch.py
-- Up-to-date: /home/mateo/VisualServoing_Kinect/ros2_ws/install/azure_kinect_ros2_driver/share/azure_kinect_ros2_driver/launch/k4a_device_launch.py
-- Up-to-date: /home/mateo/VisualServoing_Kinect/ros2_ws/install/azure_kinect_ros2_driver/share/azure_kinect_ros2_driver/urdf
-- Up-to-date: /home/mateo/VisualServoing_Kinect/ros2_ws/install/azure_kinect_ros2_driver/share/azure_kinect_ros2_driver/urdf/azure_kinect.urdf.xacro
-- Up-to-date: /home/mateo/VisualServoing_Kinect/ros2_ws/install/azure_kinect_ros2_driver/share/ament_index/resource_index/package_run_dependencies/azure_kinect_ros2_driver
-- Up-to-date: /home/mateo/VisualServoing_Kinect/ros2_ws/install/azure_kinect_ros2_driver/share/ament_index/resource_index/parent_prefix_path/azure_kinect_ros2_driver
-- Up-to-date: /home/mateo/VisualServoing_Kinect/ros2_ws/install/azure_kinect_ros2_driver/share/azure_kinect_ros2_driver/environment/ament_prefix_path.sh
-- Up-to-date: /home/mateo/VisualServoing_Kinect/ros2_ws/install/azure_kinect_ros2_driver/share/azure_kinect_ros2_driver/environment/ament_prefix_path.dsv
-- Up-to-date: /home/mateo/VisualServoing_Kinect/ros2_ws/install/azure_kinect_ros2_driver/share/azure_kinect_ros2_driver/environment/path.sh
-- Up-to-date: /home/mateo/VisualServoing_Kinect/ros2_ws/install/azure_kinect_ros2_driver/share/azure_kinect_ros2_driver/environment/path.dsv
-- Up-to-date: /home/mateo/VisualServoing_Kinect/ros2_ws/install/azure_kinect_ros2_driver/share/azure_kinect_ros2_driver/local_setup.bash
-- Up-to-date: /home/mateo/VisualServoing_Kinect/ros2_ws/install/azure_kinect_ros2_driver/share/azure_kinect_ros2_driver/local_setup.sh
-- Up-to-date: /home/mateo/VisualServoing_Kinect/ros2_ws/install/azure_kinect_ros2_driver/share/azure_kinect_ros2_driver/local_setup.zsh
-- Up-to-date: /home/mateo/VisualServoing_Kinect/ros2_ws/install/azure_kinect_ros2_driver/share/azure_kinect_ros2_driver/local_setup.dsv
-- Installing: /home/mateo/VisualServoing_Kinect/ros2_ws/install/azure_kinect_ros2_driver/share/azure_kinect_ros2_driver/package.dsv
-- Up-to-date: /home/mateo/VisualServoing_Kinect/ros2_ws/install/azure_kinect_ros2_driver/share/ament_index/resource_index/packages/azure_kinect_ros2_driver
-- Up-to-date: /home/mateo/VisualServoing_Kinect/ros2_ws/install/azure_kinect_ros2_driver/share/azure_kinect_ros2_driver/cmake/azure_kinect_ros2_driverConfig.cmake
-- Up-to-date: /home/mateo/VisualServoing_Kinect/ros2_ws/install/azure_kinect_ros2_driver/share/azure_kinect_ros2_driver/cmake/azure_kinect_ros2_driverConfig-version.cmake
-- Up-to-date: /home/mateo/VisualServoing_Kinect/ros2_ws/install/azure_kinect_ros2_driver/share/azure_kinect_ros2_driver/package.xml
