[0.226s] Invoking command in '/home/mateo/VisualServoing_Kinect/ros2_ws/build/azure_kinect_ros2_driver': CMAKE_PREFIX_PATH=${CMAKE_PREFIX_PATH}:/home/mateo/ros2_ws/install/xarm_vision:/home/mateo/ros2_ws/install/xarm_follower:/home/mateo/ros2_ws/install/uf_ros_lib:/home/mateo/ros2_ws/install/signal_processing:/home/mateo/ros2_ws/install/reto_closedloop:/home/mateo/ros2_ws/install/reto3:/home/mateo/ros2_ws/install/puzzlebot_localisation:/home/mateo/ros2_ws/install/puzzlebot_control:/home/mateo/ros2_ws/install/motor_control:/home/mateo/ros2_ws/install/mini_challenge_3:/home/mateo/ros2_ws/install/midterm:/home/mateo/ros2_ws/install/closed_loop:/home/mateo/ros2_ws/install/act1_4:/opt/ros/humble /usr/bin/cmake --build /home/mateo/VisualServoing_Kinect/ros2_ws/build/azure_kinect_ros2_driver -- -j12 -l12
[0.426s] [35m[1mConsolidate compiler generated dependencies of target azure_kinect_node[0m
[0.426s] [100%] Built target azure_kinect_node
[0.426s] [100%] Built target ament_cmake_python_copy_azure_kinect_ros2_driver
[0.532s] running egg_info
[0.532s] writing azure_kinect_ros2_driver.egg-info/PKG-INFO
[0.532s] writing dependency_links to azure_kinect_ros2_driver.egg-info/dependency_links.txt
[0.532s] writing top-level names to azure_kinect_ros2_driver.egg-info/top_level.txt
[0.535s] reading manifest file 'azure_kinect_ros2_driver.egg-info/SOURCES.txt'
[0.535s] writing manifest file 'azure_kinect_ros2_driver.egg-info/SOURCES.txt'
[0.566s] [100%] Built target ament_cmake_python_build_azure_kinect_ros2_driver_egg
[0.576s] Invoked command in '/home/mateo/VisualServoing_Kinect/ros2_ws/build/azure_kinect_ros2_driver' returned '0': CMAKE_PREFIX_PATH=${CMAKE_PREFIX_PATH}:/home/mateo/ros2_ws/install/xarm_vision:/home/mateo/ros2_ws/install/xarm_follower:/home/mateo/ros2_ws/install/uf_ros_lib:/home/mateo/ros2_ws/install/signal_processing:/home/mateo/ros2_ws/install/reto_closedloop:/home/mateo/ros2_ws/install/reto3:/home/mateo/ros2_ws/install/puzzlebot_localisation:/home/mateo/ros2_ws/install/puzzlebot_control:/home/mateo/ros2_ws/install/motor_control:/home/mateo/ros2_ws/install/mini_challenge_3:/home/mateo/ros2_ws/install/midterm:/home/mateo/ros2_ws/install/closed_loop:/home/mateo/ros2_ws/install/act1_4:/opt/ros/humble /usr/bin/cmake --build /home/mateo/VisualServoing_Kinect/ros2_ws/build/azure_kinect_ros2_driver -- -j12 -l12
[0.578s] Invoking command in '/home/mateo/VisualServoing_Kinect/ros2_ws/build/azure_kinect_ros2_driver': CMAKE_PREFIX_PATH=${CMAKE_PREFIX_PATH}:/home/mateo/ros2_ws/install/xarm_vision:/home/mateo/ros2_ws/install/xarm_follower:/home/mateo/ros2_ws/install/uf_ros_lib:/home/mateo/ros2_ws/install/signal_processing:/home/mateo/ros2_ws/install/reto_closedloop:/home/mateo/ros2_ws/install/reto3:/home/mateo/ros2_ws/install/puzzlebot_localisation:/home/mateo/ros2_ws/install/puzzlebot_control:/home/mateo/ros2_ws/install/motor_control:/home/mateo/ros2_ws/install/mini_challenge_3:/home/mateo/ros2_ws/install/midterm:/home/mateo/ros2_ws/install/closed_loop:/home/mateo/ros2_ws/install/act1_4:/opt/ros/humble /usr/bin/cmake --install /home/mateo/VisualServoing_Kinect/ros2_ws/build/azure_kinect_ros2_driver
[0.587s] -- Install configuration: ""
[0.588s] -- Up-to-date: /home/mateo/VisualServoing_Kinect/ros2_ws/install/azure_kinect_ros2_driver/lib/azure_kinect_ros2_driver/azure_kinect_node
[0.589s] -- Up-to-date: /home/mateo/VisualServoing_Kinect/ros2_ws/install/azure_kinect_ros2_driver/share/azure_kinect_ros2_driver/environment/pythonpath.sh
[0.589s] -- Up-to-date: /home/mateo/VisualServoing_Kinect/ros2_ws/install/azure_kinect_ros2_driver/share/azure_kinect_ros2_driver/environment/pythonpath.dsv
[0.589s] -- Up-to-date: /home/mateo/VisualServoing_Kinect/ros2_ws/install/azure_kinect_ros2_driver/local/lib/python3.10/dist-packages/azure_kinect_ros2_driver-0.0.1-py3.10.egg-info
[0.589s] -- Installing: /home/mateo/VisualServoing_Kinect/ros2_ws/install/azure_kinect_ros2_driver/local/lib/python3.10/dist-packages/azure_kinect_ros2_driver-0.0.1-py3.10.egg-info/dependency_links.txt
[0.590s] -- Installing: /home/mateo/VisualServoing_Kinect/ros2_ws/install/azure_kinect_ros2_driver/local/lib/python3.10/dist-packages/azure_kinect_ros2_driver-0.0.1-py3.10.egg-info/PKG-INFO
[0.590s] -- Installing: /home/mateo/VisualServoing_Kinect/ros2_ws/install/azure_kinect_ros2_driver/local/lib/python3.10/dist-packages/azure_kinect_ros2_driver-0.0.1-py3.10.egg-info/SOURCES.txt
[0.590s] -- Installing: /home/mateo/VisualServoing_Kinect/ros2_ws/install/azure_kinect_ros2_driver/local/lib/python3.10/dist-packages/azure_kinect_ros2_driver-0.0.1-py3.10.egg-info/top_level.txt
[0.590s] -- Up-to-date: /home/mateo/VisualServoing_Kinect/ros2_ws/install/azure_kinect_ros2_driver/local/lib/python3.10/dist-packages/azure_kinect_ros2_driver
[0.590s] -- Up-to-date: /home/mateo/VisualServoing_Kinect/ros2_ws/install/azure_kinect_ros2_driver/local/lib/python3.10/dist-packages/azure_kinect_ros2_driver/__init__.py
[0.622s] Listing '/home/mateo/VisualServoing_Kinect/ros2_ws/install/azure_kinect_ros2_driver/local/lib/python3.10/dist-packages/azure_kinect_ros2_driver'...
[0.626s] -- Up-to-date: /home/mateo/VisualServoing_Kinect/ros2_ws/install/azure_kinect_ros2_driver/lib/azure_kinect_ros2_driver/test_azure_kinect_subscriber.py
[0.626s] -- Up-to-date: /home/mateo/VisualServoing_Kinect/ros2_ws/install/azure_kinect_ros2_driver/share/azure_kinect_ros2_driver/launch
[0.626s] -- Up-to-date: /home/mateo/VisualServoing_Kinect/ros2_ws/install/azure_kinect_ros2_driver/share/azure_kinect_ros2_driver/launch/k4a_test_record_launch.py
[0.626s] -- Up-to-date: /home/mateo/VisualServoing_Kinect/ros2_ws/install/azure_kinect_ros2_driver/share/azure_kinect_ros2_driver/launch/k4a_device_launch.py
[0.626s] -- Up-to-date: /home/mateo/VisualServoing_Kinect/ros2_ws/install/azure_kinect_ros2_driver/share/azure_kinect_ros2_driver/urdf
[0.626s] -- Up-to-date: /home/mateo/VisualServoing_Kinect/ros2_ws/install/azure_kinect_ros2_driver/share/azure_kinect_ros2_driver/urdf/azure_kinect.urdf.xacro
[0.626s] -- Up-to-date: /home/mateo/VisualServoing_Kinect/ros2_ws/install/azure_kinect_ros2_driver/share/ament_index/resource_index/package_run_dependencies/azure_kinect_ros2_driver
[0.626s] -- Up-to-date: /home/mateo/VisualServoing_Kinect/ros2_ws/install/azure_kinect_ros2_driver/share/ament_index/resource_index/parent_prefix_path/azure_kinect_ros2_driver
[0.627s] -- Up-to-date: /home/mateo/VisualServoing_Kinect/ros2_ws/install/azure_kinect_ros2_driver/share/azure_kinect_ros2_driver/environment/ament_prefix_path.sh
[0.627s] -- Up-to-date: /home/mateo/VisualServoing_Kinect/ros2_ws/install/azure_kinect_ros2_driver/share/azure_kinect_ros2_driver/environment/ament_prefix_path.dsv
[0.627s] -- Up-to-date: /home/mateo/VisualServoing_Kinect/ros2_ws/install/azure_kinect_ros2_driver/share/azure_kinect_ros2_driver/environment/path.sh
[0.627s] -- Up-to-date: /home/mateo/VisualServoing_Kinect/ros2_ws/install/azure_kinect_ros2_driver/share/azure_kinect_ros2_driver/environment/path.dsv
[0.627s] -- Up-to-date: /home/mateo/VisualServoing_Kinect/ros2_ws/install/azure_kinect_ros2_driver/share/azure_kinect_ros2_driver/local_setup.bash
[0.627s] -- Up-to-date: /home/mateo/VisualServoing_Kinect/ros2_ws/install/azure_kinect_ros2_driver/share/azure_kinect_ros2_driver/local_setup.sh
[0.627s] -- Up-to-date: /home/mateo/VisualServoing_Kinect/ros2_ws/install/azure_kinect_ros2_driver/share/azure_kinect_ros2_driver/local_setup.zsh
[0.627s] -- Up-to-date: /home/mateo/VisualServoing_Kinect/ros2_ws/install/azure_kinect_ros2_driver/share/azure_kinect_ros2_driver/local_setup.dsv
[0.627s] -- Installing: /home/mateo/VisualServoing_Kinect/ros2_ws/install/azure_kinect_ros2_driver/share/azure_kinect_ros2_driver/package.dsv
[0.627s] -- Up-to-date: /home/mateo/VisualServoing_Kinect/ros2_ws/install/azure_kinect_ros2_driver/share/ament_index/resource_index/packages/azure_kinect_ros2_driver
[0.627s] -- Up-to-date: /home/mateo/VisualServoing_Kinect/ros2_ws/install/azure_kinect_ros2_driver/share/azure_kinect_ros2_driver/cmake/azure_kinect_ros2_driverConfig.cmake
[0.627s] -- Up-to-date: /home/mateo/VisualServoing_Kinect/ros2_ws/install/azure_kinect_ros2_driver/share/azure_kinect_ros2_driver/cmake/azure_kinect_ros2_driverConfig-version.cmake
[0.628s] -- Up-to-date: /home/mateo/VisualServoing_Kinect/ros2_ws/install/azure_kinect_ros2_driver/share/azure_kinect_ros2_driver/package.xml
[0.629s] Invoked command in '/home/mateo/VisualServoing_Kinect/ros2_ws/build/azure_kinect_ros2_driver' returned '0': CMAKE_PREFIX_PATH=${CMAKE_PREFIX_PATH}:/home/mateo/ros2_ws/install/xarm_vision:/home/mateo/ros2_ws/install/xarm_follower:/home/mateo/ros2_ws/install/uf_ros_lib:/home/mateo/ros2_ws/install/signal_processing:/home/mateo/ros2_ws/install/reto_closedloop:/home/mateo/ros2_ws/install/reto3:/home/mateo/ros2_ws/install/puzzlebot_localisation:/home/mateo/ros2_ws/install/puzzlebot_control:/home/mateo/ros2_ws/install/motor_control:/home/mateo/ros2_ws/install/mini_challenge_3:/home/mateo/ros2_ws/install/midterm:/home/mateo/ros2_ws/install/closed_loop:/home/mateo/ros2_ws/install/act1_4:/opt/ros/humble /usr/bin/cmake --install /home/mateo/VisualServoing_Kinect/ros2_ws/build/azure_kinect_ros2_driver
