[0.768s] Invoking command in '/home/mateo/VisualServoing_Kinect/ros2_ws/src/xarm_ros2/uf_ros_lib': PYTHONPATH=/home/mateo/VisualServoing_Kinect/ros2_ws/build/uf_ros_lib/prefix_override:/usr/lib/python3/dist-packages/colcon_core/task/python/colcon_distutils_commands:/home/mateo/VisualServoing_Kinect/ros2_ws/install/uf_ros_lib/lib/python3.10/site-packages:${PYTHONPATH} /usr/bin/python3 -W ignore:setup.py install is deprecated -W ignore:easy_install command is deprecated setup.py egg_info --egg-base ../../../build/uf_ros_lib build --build-base /home/mateo/VisualServoing_Kinect/ros2_ws/build/uf_ros_lib/build install --record /home/mateo/VisualServoing_Kinect/ros2_ws/build/uf_ros_lib/install.log --single-version-externally-managed install_data
[0.939s] running egg_info
[0.939s] writing ../../../build/uf_ros_lib/uf_ros_lib.egg-info/PKG-INFO
[0.939s] writing dependency_links to ../../../build/uf_ros_lib/uf_ros_lib.egg-info/dependency_links.txt
[0.939s] writing entry points to ../../../build/uf_ros_lib/uf_ros_lib.egg-info/entry_points.txt
[0.940s] writing requirements to ../../../build/uf_ros_lib/uf_ros_lib.egg-info/requires.txt
[0.940s] writing top-level names to ../../../build/uf_ros_lib/uf_ros_lib.egg-info/top_level.txt
[0.941s] reading manifest file '../../../build/uf_ros_lib/uf_ros_lib.egg-info/SOURCES.txt'
[0.941s] writing manifest file '../../../build/uf_ros_lib/uf_ros_lib.egg-info/SOURCES.txt'
[0.942s] running build
[0.942s] running build_py
[0.942s] running install
[0.942s] running install_lib
[0.944s] running install_data
[0.944s] running install_egg_info
[0.946s] removing '/home/mateo/VisualServoing_Kinect/ros2_ws/install/uf_ros_lib/lib/python3.10/site-packages/uf_ros_lib-0.0.0-py3.10.egg-info' (and everything under it)
[0.946s] Copying ../../../build/uf_ros_lib/uf_ros_lib.egg-info to /home/mateo/VisualServoing_Kinect/ros2_ws/install/uf_ros_lib/lib/python3.10/site-packages/uf_ros_lib-0.0.0-py3.10.egg-info
[0.947s] running install_scripts
[0.962s] writing list of installed files to '/home/mateo/VisualServoing_Kinect/ros2_ws/build/uf_ros_lib/install.log'
[0.997s] Invoked command in '/home/mateo/VisualServoing_Kinect/ros2_ws/src/xarm_ros2/uf_ros_lib' returned '0': PYTHONPATH=/home/mateo/VisualServoing_Kinect/ros2_ws/build/uf_ros_lib/prefix_override:/usr/lib/python3/dist-packages/colcon_core/task/python/colcon_distutils_commands:/home/mateo/VisualServoing_Kinect/ros2_ws/install/uf_ros_lib/lib/python3.10/site-packages:${PYTHONPATH} /usr/bin/python3 -W ignore:setup.py install is deprecated -W ignore:easy_install command is deprecated setup.py egg_info --egg-base ../../../build/uf_ros_lib build --build-base /home/mateo/VisualServoing_Kinect/ros2_ws/build/uf_ros_lib/build install --record /home/mateo/VisualServoing_Kinect/ros2_ws/build/uf_ros_lib/install.log --single-version-externally-managed install_data
