-- The C compiler identification is GNU 11.4.0
-- The CXX compiler identification is GNU 11.4.0
-- Detecting C compiler ABI info
-- Detecting C compiler ABI info - done
-- Check for working C compiler: /usr/bin/cc - skipped
-- Detecting C compile features
-- Detecting C compile features - done
-- Detecting CXX compiler ABI info
-- Detecting CXX compiler ABI info - done
-- Check for working CXX compiler: /usr/bin/c++ - skipped
-- Detecting CXX compile features
-- Detecting CXX compile features - done
-- Found ament_cmake: 1.3.11 (/opt/ros/humble/share/ament_cmake/cmake)
-- Found Python3: /usr/bin/python3 (found version "3.10.12") found components: Interpreter 
-- Found rclcpp: 16.0.12 (/opt/ros/humble/share/rclcpp/cmake)
-- Found rosidl_generator_c: 3.1.6 (/opt/ros/humble/share/rosidl_generator_c/cmake)
-- Found rosidl_adapter: 3.1.6 (/opt/ros/humble/share/rosidl_adapter/cmake)
-- Found rosidl_generator_cpp: 3.1.6 (/opt/ros/humble/share/rosidl_generator_cpp/cmake)
-- Using all available rosidl_typesupport_c: rosidl_typesupport_fastrtps_c;rosidl_typesupport_introspection_c
-- Using all available rosidl_typesupport_cpp: rosidl_typesupport_fastrtps_cpp;rosidl_typesupport_introspection_cpp
-- Found rmw_implementation_cmake: 6.1.2 (/opt/ros/humble/share/rmw_implementation_cmake/cmake)
-- Found rmw_fastrtps_cpp: 6.2.7 (/opt/ros/humble/share/rmw_fastrtps_cpp/cmake)
-- Found OpenSSL: /usr/lib/x86_64-linux-gnu/libcrypto.so (found version "3.0.2")  
-- Found FastRTPS: /opt/ros/humble/include  
-- Using RMW implementation 'rmw_fastrtps_cpp' as default
-- Looking for pthread.h
-- Looking for pthread.h - found
-- Performing Test CMAKE_HAVE_LIBC_PTHREAD
-- Performing Test CMAKE_HAVE_LIBC_PTHREAD - Success
-- Found Threads: TRUE  
-- Found sensor_msgs: 4.8.0 (/opt/ros/humble/share/sensor_msgs/cmake)
-- Found image_transport: 3.1.11 (/opt/ros/humble/share/image_transport/cmake)
-- Found tf2_ros: 0.25.12 (/opt/ros/humble/share/tf2_ros/cmake)
-- Found tf2_geometry_msgs: 0.25.12 (/opt/ros/humble/share/tf2_geometry_msgs/cmake)
-- Found eigen3_cmake_module: 0.1.1 (/opt/ros/humble/share/eigen3_cmake_module/cmake)
-- Found Eigen3: TRUE (found version "3.4.0") 
-- Ensuring Eigen3 include directory is part of orocos-kdl CMake target
-- Found angles: 1.15.0 (/opt/ros/humble/share/angles/cmake)
-- Found cv_bridge: 3.2.1 (/opt/ros/humble/share/cv_bridge/cmake)
-- Found rclpy: 3.3.16 (/opt/ros/humble/share/rclpy/cmake)
-- Found ament_lint_auto: 0.12.12 (/opt/ros/humble/share/ament_lint_auto/cmake)
-- Added test 'cppcheck' to perform static code analysis on C / C++ code
-- Configured cppcheck include dirs: $<BUILD_INTERFACE:/home/mateo/VisualServoing_Kinect/ros2_ws/src/azure_kinect_ros2_driver/include>
-- Configured cppcheck exclude dirs and/or files: 
-- Added test 'flake8' to check Python code syntax and style conventions
-- Added test 'lint_cmake' to check CMake code style
-- Added test 'pep257' to check Python code against some of the docstring style conventions in PEP 257
-- Added test 'uncrustify' to check C / C++ code style
-- Configured uncrustify additional arguments: 
-- Added test 'xmllint' to check XML markup files
-- Configuring done
-- Generating done
-- Build files have been written to: /home/mateo/VisualServoing_Kinect/ros2_ws/build/azure_kinect_ros2_driver
[ 20%] [32mBuilding CXX object CMakeFiles/azure_kinect_node.dir/src/k4a_ros_node.cpp.o[0m
[ 40%] [32mBuilding CXX object CMakeFiles/azure_kinect_node.dir/src/k4a_calibration_transform_data.cpp.o[0m
[ 60%] [32mBuilding CXX object CMakeFiles/azure_kinect_node.dir/src/k4a_ros_device.cpp.o[0m
[ 80%] [32mBuilding CXX object CMakeFiles/azure_kinect_node.dir/src/k4a_ros_device_params.cpp.o[0m
[ 80%] Built target ament_cmake_python_copy_azure_kinect_ros2_driver
running egg_info
creating azure_kinect_ros2_driver.egg-info
writing azure_kinect_ros2_driver.egg-info/PKG-INFO
writing dependency_links to azure_kinect_ros2_driver.egg-info/dependency_links.txt
writing top-level names to azure_kinect_ros2_driver.egg-info/top_level.txt
writing manifest file 'azure_kinect_ros2_driver.egg-info/SOURCES.txt'
reading manifest file 'azure_kinect_ros2_driver.egg-info/SOURCES.txt'
writing manifest file 'azure_kinect_ros2_driver.egg-info/SOURCES.txt'
[ 80%] Built target ament_cmake_python_build_azure_kinect_ros2_driver_egg
[100%] [32m[1mLinking CXX executable azure_kinect_node[0m
[100%] Built target azure_kinect_node
-- Install configuration: ""
-- Installing: /home/mateo/VisualServoing_Kinect/ros2_ws/install/azure_kinect_ros2_driver/lib/azure_kinect_ros2_driver/azure_kinect_node
-- Set runtime path of "/home/mateo/VisualServoing_Kinect/ros2_ws/install/azure_kinect_ros2_driver/lib/azure_kinect_ros2_driver/azure_kinect_node" to ""
-- Installing: /home/mateo/VisualServoing_Kinect/ros2_ws/install/azure_kinect_ros2_driver/share/azure_kinect_ros2_driver/environment/pythonpath.sh
-- Installing: /home/mateo/VisualServoing_Kinect/ros2_ws/install/azure_kinect_ros2_driver/share/azure_kinect_ros2_driver/environment/pythonpath.dsv
-- Installing: /home/mateo/VisualServoing_Kinect/ros2_ws/install/azure_kinect_ros2_driver/local/lib/python3.10/dist-packages/azure_kinect_ros2_driver-0.0.1-py3.10.egg-info
-- Installing: /home/mateo/VisualServoing_Kinect/ros2_ws/install/azure_kinect_ros2_driver/local/lib/python3.10/dist-packages/azure_kinect_ros2_driver-0.0.1-py3.10.egg-info/dependency_links.txt
-- Installing: /home/mateo/VisualServoing_Kinect/ros2_ws/install/azure_kinect_ros2_driver/local/lib/python3.10/dist-packages/azure_kinect_ros2_driver-0.0.1-py3.10.egg-info/PKG-INFO
-- Installing: /home/mateo/VisualServoing_Kinect/ros2_ws/install/azure_kinect_ros2_driver/local/lib/python3.10/dist-packages/azure_kinect_ros2_driver-0.0.1-py3.10.egg-info/SOURCES.txt
-- Installing: /home/mateo/VisualServoing_Kinect/ros2_ws/install/azure_kinect_ros2_driver/local/lib/python3.10/dist-packages/azure_kinect_ros2_driver-0.0.1-py3.10.egg-info/top_level.txt
-- Installing: /home/mateo/VisualServoing_Kinect/ros2_ws/install/azure_kinect_ros2_driver/local/lib/python3.10/dist-packages/azure_kinect_ros2_driver
-- Installing: /home/mateo/VisualServoing_Kinect/ros2_ws/install/azure_kinect_ros2_driver/local/lib/python3.10/dist-packages/azure_kinect_ros2_driver/__init__.py
Listing '/home/mateo/VisualServoing_Kinect/ros2_ws/install/azure_kinect_ros2_driver/local/lib/python3.10/dist-packages/azure_kinect_ros2_driver'...
Compiling '/home/mateo/VisualServoing_Kinect/ros2_ws/install/azure_kinect_ros2_driver/local/lib/python3.10/dist-packages/azure_kinect_ros2_driver/__init__.py'...
-- Installing: /home/mateo/VisualServoing_Kinect/ros2_ws/install/azure_kinect_ros2_driver/lib/azure_kinect_ros2_driver/test_azure_kinect_subscriber.py
-- Installing: /home/mateo/VisualServoing_Kinect/ros2_ws/install/azure_kinect_ros2_driver/share/azure_kinect_ros2_driver/launch
-- Installing: /home/mateo/VisualServoing_Kinect/ros2_ws/install/azure_kinect_ros2_driver/share/azure_kinect_ros2_driver/launch/k4a_test_record_launch.py
-- Installing: /home/mateo/VisualServoing_Kinect/ros2_ws/install/azure_kinect_ros2_driver/share/azure_kinect_ros2_driver/launch/k4a_device_launch.py
-- Installing: /home/mateo/VisualServoing_Kinect/ros2_ws/install/azure_kinect_ros2_driver/share/azure_kinect_ros2_driver/urdf
-- Installing: /home/mateo/VisualServoing_Kinect/ros2_ws/install/azure_kinect_ros2_driver/share/azure_kinect_ros2_driver/urdf/azure_kinect.urdf.xacro
-- Installing: /home/mateo/VisualServoing_Kinect/ros2_ws/install/azure_kinect_ros2_driver/share/ament_index/resource_index/package_run_dependencies/azure_kinect_ros2_driver
-- Installing: /home/mateo/VisualServoing_Kinect/ros2_ws/install/azure_kinect_ros2_driver/share/ament_index/resource_index/parent_prefix_path/azure_kinect_ros2_driver
-- Installing: /home/mateo/VisualServoing_Kinect/ros2_ws/install/azure_kinect_ros2_driver/share/azure_kinect_ros2_driver/environment/ament_prefix_path.sh
-- Installing: /home/mateo/VisualServoing_Kinect/ros2_ws/install/azure_kinect_ros2_driver/share/azure_kinect_ros2_driver/environment/ament_prefix_path.dsv
-- Installing: /home/mateo/VisualServoing_Kinect/ros2_ws/install/azure_kinect_ros2_driver/share/azure_kinect_ros2_driver/environment/path.sh
-- Installing: /home/mateo/VisualServoing_Kinect/ros2_ws/install/azure_kinect_ros2_driver/share/azure_kinect_ros2_driver/environment/path.dsv
-- Installing: /home/mateo/VisualServoing_Kinect/ros2_ws/install/azure_kinect_ros2_driver/share/azure_kinect_ros2_driver/local_setup.bash
-- Installing: /home/mateo/VisualServoing_Kinect/ros2_ws/install/azure_kinect_ros2_driver/share/azure_kinect_ros2_driver/local_setup.sh
-- Installing: /home/mateo/VisualServoing_Kinect/ros2_ws/install/azure_kinect_ros2_driver/share/azure_kinect_ros2_driver/local_setup.zsh
-- Installing: /home/mateo/VisualServoing_Kinect/ros2_ws/install/azure_kinect_ros2_driver/share/azure_kinect_ros2_driver/local_setup.dsv
-- Installing: /home/mateo/VisualServoing_Kinect/ros2_ws/install/azure_kinect_ros2_driver/share/azure_kinect_ros2_driver/package.dsv
-- Installing: /home/mateo/VisualServoing_Kinect/ros2_ws/install/azure_kinect_ros2_driver/share/ament_index/resource_index/packages/azure_kinect_ros2_driver
-- Installing: /home/mateo/VisualServoing_Kinect/ros2_ws/install/azure_kinect_ros2_driver/share/azure_kinect_ros2_driver/cmake/azure_kinect_ros2_driverConfig.cmake
-- Installing: /home/mateo/VisualServoing_Kinect/ros2_ws/install/azure_kinect_ros2_driver/share/azure_kinect_ros2_driver/cmake/azure_kinect_ros2_driverConfig-version.cmake
-- Installing: /home/mateo/VisualServoing_Kinect/ros2_ws/install/azure_kinect_ros2_driver/share/azure_kinect_ros2_driver/package.xml
