/home/mateo/VisualServoing_Kinect/ros2_ws/install/pose_estimation/lib/python3.10/site-packages/pose_estimation/image_segmentation.py
/home/mateo/VisualServoing_Kinect/ros2_ws/install/pose_estimation/lib/python3.10/site-packages/pose_estimation/pose_estimator.py
/home/mateo/VisualServoing_Kinect/ros2_ws/install/pose_estimation/lib/python3.10/site-packages/pose_estimation/__init__.py
/home/mateo/VisualServoing_Kinect/ros2_ws/install/pose_estimation/lib/python3.10/site-packages/pose_estimation/point_cloud_generator.py
/home/mateo/VisualServoing_Kinect/ros2_ws/install/pose_estimation/lib/python3.10/site-packages/pose_estimation/__pycache__/image_segmentation.cpython-310.pyc
/home/mateo/VisualServoing_Kinect/ros2_ws/install/pose_estimation/lib/python3.10/site-packages/pose_estimation/__pycache__/pose_estimator.cpython-310.pyc
/home/mateo/VisualServoing_Kinect/ros2_ws/install/pose_estimation/lib/python3.10/site-packages/pose_estimation/__pycache__/__init__.cpython-310.pyc
/home/mateo/VisualServoing_Kinect/ros2_ws/install/pose_estimation/lib/python3.10/site-packages/pose_estimation/__pycache__/point_cloud_generator.cpython-310.pyc
/home/mateo/VisualServoing_Kinect/ros2_ws/install/pose_estimation/share/ament_index/resource_index/packages/pose_estimation
/home/mateo/VisualServoing_Kinect/ros2_ws/install/pose_estimation/share/pose_estimation/package.xml
/home/mateo/VisualServoing_Kinect/ros2_ws/install/pose_estimation/share/pose_estimation/config/kinect_calibration.yaml
/home/mateo/VisualServoing_Kinect/ros2_ws/install/pose_estimation/share/pose_estimation/config/segmentation_point_cloud_config.yaml
/home/mateo/VisualServoing_Kinect/ros2_ws/install/pose_estimation/share/pose_estimation/launch/segmentation_point_cloud.launch.py
/home/mateo/VisualServoing_Kinect/ros2_ws/install/pose_estimation/lib/python3.10/site-packages/pose_estimation-0.1.0-py3.10.egg-info/entry_points.txt
/home/mateo/VisualServoing_Kinect/ros2_ws/install/pose_estimation/lib/python3.10/site-packages/pose_estimation-0.1.0-py3.10.egg-info/zip-safe
/home/mateo/VisualServoing_Kinect/ros2_ws/install/pose_estimation/lib/python3.10/site-packages/pose_estimation-0.1.0-py3.10.egg-info/dependency_links.txt
/home/mateo/VisualServoing_Kinect/ros2_ws/install/pose_estimation/lib/python3.10/site-packages/pose_estimation-0.1.0-py3.10.egg-info/PKG-INFO
/home/mateo/VisualServoing_Kinect/ros2_ws/install/pose_estimation/lib/python3.10/site-packages/pose_estimation-0.1.0-py3.10.egg-info/requires.txt
/home/mateo/VisualServoing_Kinect/ros2_ws/install/pose_estimation/lib/python3.10/site-packages/pose_estimation-0.1.0-py3.10.egg-info/SOURCES.txt
/home/mateo/VisualServoing_Kinect/ros2_ws/install/pose_estimation/lib/python3.10/site-packages/pose_estimation-0.1.0-py3.10.egg-info/top_level.txt
/home/mateo/VisualServoing_Kinect/ros2_ws/install/pose_estimation/lib/pose_estimation/image_segmentation
/home/mateo/VisualServoing_Kinect/ros2_ws/install/pose_estimation/lib/pose_estimation/point_cloud_generator
/home/mateo/VisualServoing_Kinect/ros2_ws/install/pose_estimation/lib/pose_estimation/point_cloud_visualizer
/home/mateo/VisualServoing_Kinect/ros2_ws/install/pose_estimation/lib/pose_estimation/pose_estimator
