[35m[1mConsolidate compiler generated dependencies of target xarm_planner[0m
[  9%] Built target xarm_planner
[35m[1mConsolidate compiler generated dependencies of target test_lite_gripper_realmove[0m
[ 18%] Built target test_lite_gripper_realmove
[ 22%] [32mBuilding CXX object CMakeFiles/test_xarm_gripper_planner_api_joint.dir/test/test_xarm_gripper_planner_api_joint.cpp.o[0m
[ 27%] [32m[1mLinking CXX executable test_xarm_gripper_planner_api_joint[0m
[ 27%] Built target test_xarm_gripper_planner_api_joint
[ 31%] [32mBuilding CXX object CMakeFiles/test_xarm_planner_api_pose.dir/test/test_xarm_planner_api_pose.cpp.o[0m
[ 36%] [32mBuilding CXX object CMakeFiles/test_dual_xarm_planner_api_joint.dir/test/test_dual_xarm_planner_api_joint.cpp.o[0m
[ 40%] [32m[1mLinking CXX executable test_xarm_planner_api_pose[0m
[ 45%] [32m[1mLinking CXX executable test_dual_xarm_planner_api_joint[0m
[ 45%] Built target test_xarm_planner_api_pose
[35m[1mConsolidate compiler generated dependencies of target test_xarm_gripper_planner_client_joint[0m
[ 50%] [32mBuilding CXX object CMakeFiles/xarm_gripper_planner_node.dir/src/xarm_gripper_planner_node.cpp.o[0m
[ 63%] Built target test_xarm_gripper_planner_client_joint
[ 63%] [32mBuilding CXX object CMakeFiles/xarm_planner_node.dir/src/xarm_planner_node.cpp.o[0m
[ 68%] [32mBuilding CXX object CMakeFiles/test_xarm_planner_api_joint.dir/test/test_xarm_planner_api_joint.cpp.o[0m
[35m[1mConsolidate compiler generated dependencies of target test_xarm_planner_client_pose[0m
[ 77%] Built target test_xarm_planner_client_pose
[ 77%] Built target test_dual_xarm_planner_api_joint
[35m[1mConsolidate compiler generated dependencies of target test_xarm_planner_client_joint[0m
[ 86%] Built target test_xarm_planner_client_joint
[ 90%] [32m[1mLinking CXX executable test_xarm_planner_api_joint[0m
[ 90%] Built target test_xarm_planner_api_joint
[ 95%] [32m[1mLinking CXX executable xarm_gripper_planner_node[0m
[ 95%] Built target xarm_gripper_planner_node
[100%] [32m[1mLinking CXX executable xarm_planner_node[0m
[100%] Built target xarm_planner_node
-- Install configuration: ""
-- Installing: /home/mateo/VisualServoing_Kinect/ros2_ws/install/xarm_planner/include
-- Installing: /home/mateo/VisualServoing_Kinect/ros2_ws/install/xarm_planner/include/xarm_planner
-- Installing: /home/mateo/VisualServoing_Kinect/ros2_ws/install/xarm_planner/include/xarm_planner/xarm_planner.h
-- Installing: /home/mateo/VisualServoing_Kinect/ros2_ws/install/xarm_planner/lib/libxarm_planner.so
-- Set runtime path of "/home/mateo/VisualServoing_Kinect/ros2_ws/install/xarm_planner/lib/libxarm_planner.so" to ""
-- Installing: /home/mateo/VisualServoing_Kinect/ros2_ws/install/xarm_planner/lib/xarm_planner/xarm_planner_node
-- Set runtime path of "/home/mateo/VisualServoing_Kinect/ros2_ws/install/xarm_planner/lib/xarm_planner/xarm_planner_node" to ""
-- Installing: /home/mateo/VisualServoing_Kinect/ros2_ws/install/xarm_planner/lib/xarm_planner/xarm_gripper_planner_node
-- Set runtime path of "/home/mateo/VisualServoing_Kinect/ros2_ws/install/xarm_planner/lib/xarm_planner/xarm_gripper_planner_node" to ""
-- Installing: /home/mateo/VisualServoing_Kinect/ros2_ws/install/xarm_planner/lib/xarm_planner/test_xarm_planner_api_joint
-- Set runtime path of "/home/mateo/VisualServoing_Kinect/ros2_ws/install/xarm_planner/lib/xarm_planner/test_xarm_planner_api_joint" to ""
-- Installing: /home/mateo/VisualServoing_Kinect/ros2_ws/install/xarm_planner/lib/xarm_planner/test_dual_xarm_planner_api_joint
-- Set runtime path of "/home/mateo/VisualServoing_Kinect/ros2_ws/install/xarm_planner/lib/xarm_planner/test_dual_xarm_planner_api_joint" to ""
-- Installing: /home/mateo/VisualServoing_Kinect/ros2_ws/install/xarm_planner/lib/xarm_planner/test_xarm_planner_api_pose
-- Set runtime path of "/home/mateo/VisualServoing_Kinect/ros2_ws/install/xarm_planner/lib/xarm_planner/test_xarm_planner_api_pose" to ""
-- Installing: /home/mateo/VisualServoing_Kinect/ros2_ws/install/xarm_planner/lib/xarm_planner/test_xarm_gripper_planner_api_joint
-- Set runtime path of "/home/mateo/VisualServoing_Kinect/ros2_ws/install/xarm_planner/lib/xarm_planner/test_xarm_gripper_planner_api_joint" to ""
-- Installing: /home/mateo/VisualServoing_Kinect/ros2_ws/install/xarm_planner/lib/xarm_planner/test_xarm_planner_client_joint
-- Set runtime path of "/home/mateo/VisualServoing_Kinect/ros2_ws/install/xarm_planner/lib/xarm_planner/test_xarm_planner_client_joint" to ""
-- Installing: /home/mateo/VisualServoing_Kinect/ros2_ws/install/xarm_planner/lib/xarm_planner/test_xarm_planner_client_pose
-- Set runtime path of "/home/mateo/VisualServoing_Kinect/ros2_ws/install/xarm_planner/lib/xarm_planner/test_xarm_planner_client_pose" to ""
-- Installing: /home/mateo/VisualServoing_Kinect/ros2_ws/install/xarm_planner/lib/xarm_planner/test_xarm_gripper_planner_client_joint
-- Set runtime path of "/home/mateo/VisualServoing_Kinect/ros2_ws/install/xarm_planner/lib/xarm_planner/test_xarm_gripper_planner_client_joint" to ""
-- Installing: /home/mateo/VisualServoing_Kinect/ros2_ws/install/xarm_planner/lib/xarm_planner/test_lite_gripper_realmove
-- Set runtime path of "/home/mateo/VisualServoing_Kinect/ros2_ws/install/xarm_planner/lib/xarm_planner/test_lite_gripper_realmove" to ""
-- Installing: /home/mateo/VisualServoing_Kinect/ros2_ws/install/xarm_planner/share/xarm_planner//launch
-- Installing: /home/mateo/VisualServoing_Kinect/ros2_ws/install/xarm_planner/share/xarm_planner//launch/_robot_planner.launch.py
-- Installing: /home/mateo/VisualServoing_Kinect/ros2_ws/install/xarm_planner/share/xarm_planner//launch/test_xarm_planner_client_joint.launch.py
-- Installing: /home/mateo/VisualServoing_Kinect/ros2_ws/install/xarm_planner/share/xarm_planner//launch/xarm7_mirror_planner_gazebo.launch.py
-- Installing: /home/mateo/VisualServoing_Kinect/ros2_ws/install/xarm_planner/share/xarm_planner//launch/xarm7_mirror_planner_realmove.launch.py
-- Installing: /home/mateo/VisualServoing_Kinect/ros2_ws/install/xarm_planner/share/xarm_planner//launch/test_move_group.launch.py
-- Installing: /home/mateo/VisualServoing_Kinect/ros2_ws/install/xarm_planner/share/xarm_planner//launch/test_xarm_gripper_planner_client_joint.launch.py
-- Installing: /home/mateo/VisualServoing_Kinect/ros2_ws/install/xarm_planner/share/xarm_planner//launch/xarm5_planner_gazebo.launch.py
-- Installing: /home/mateo/VisualServoing_Kinect/ros2_ws/install/xarm_planner/share/xarm_planner//launch/xarm7_planner_realmove.launch.py
-- Installing: /home/mateo/VisualServoing_Kinect/ros2_ws/install/xarm_planner/share/xarm_planner//launch/xarm7_mirror_planner_fake.launch.py
-- Installing: /home/mateo/VisualServoing_Kinect/ros2_ws/install/xarm_planner/share/xarm_planner//launch/xarm5_planner_realmove.launch.py
-- Installing: /home/mateo/VisualServoing_Kinect/ros2_ws/install/xarm_planner/share/xarm_planner//launch/lite6_planner_fake.launch.py
-- Installing: /home/mateo/VisualServoing_Kinect/ros2_ws/install/xarm_planner/share/xarm_planner//launch/xarm6_planner_fake.launch.py
-- Installing: /home/mateo/VisualServoing_Kinect/ros2_ws/install/xarm_planner/share/xarm_planner//launch/test_dual_xarm_planner_api_joint.launch.py
-- Installing: /home/mateo/VisualServoing_Kinect/ros2_ws/install/xarm_planner/share/xarm_planner//launch/xarm6_planner_realmove.launch.py
-- Installing: /home/mateo/VisualServoing_Kinect/ros2_ws/install/xarm_planner/share/xarm_planner//launch/lite6_planner_gazebo.launch.py
-- Installing: /home/mateo/VisualServoing_Kinect/ros2_ws/install/xarm_planner/share/xarm_planner//launch/test_lite_gripper_realmove.launch.py
-- Installing: /home/mateo/VisualServoing_Kinect/ros2_ws/install/xarm_planner/share/xarm_planner//launch/uf850_planner_realmove.launch.py
-- Installing: /home/mateo/VisualServoing_Kinect/ros2_ws/install/xarm_planner/share/xarm_planner//launch/lite6_planner_realmove.launch.py
-- Installing: /home/mateo/VisualServoing_Kinect/ros2_ws/install/xarm_planner/share/xarm_planner//launch/xarm7_planner_fake.launch.py
-- Installing: /home/mateo/VisualServoing_Kinect/ros2_ws/install/xarm_planner/share/xarm_planner//launch/test_xarm_planner_client_pose.launch.py
-- Installing: /home/mateo/VisualServoing_Kinect/ros2_ws/install/xarm_planner/share/xarm_planner//launch/test_xarm_planner_api_joint.launch.py
-- Installing: /home/mateo/VisualServoing_Kinect/ros2_ws/install/xarm_planner/share/xarm_planner//launch/uf850_planner_gazebo.launch.py
-- Installing: /home/mateo/VisualServoing_Kinect/ros2_ws/install/xarm_planner/share/xarm_planner//launch/uf850_planner_fake.launch.py
-- Installing: /home/mateo/VisualServoing_Kinect/ros2_ws/install/xarm_planner/share/xarm_planner//launch/test_xarm_gripper_planner_api_joint.launch.py
-- Installing: /home/mateo/VisualServoing_Kinect/ros2_ws/install/xarm_planner/share/xarm_planner//launch/xarm5_planner_fake.launch.py
-- Installing: /home/mateo/VisualServoing_Kinect/ros2_ws/install/xarm_planner/share/xarm_planner//launch/test_xarm_planner_api_pose.launch.py
-- Installing: /home/mateo/VisualServoing_Kinect/ros2_ws/install/xarm_planner/share/xarm_planner//launch/_dual_robot_planner.launch.py
-- Installing: /home/mateo/VisualServoing_Kinect/ros2_ws/install/xarm_planner/share/xarm_planner//launch/xarm6_planner_gazebo.launch.py
-- Installing: /home/mateo/VisualServoing_Kinect/ros2_ws/install/xarm_planner/share/xarm_planner//launch/xarm7_planner_gazebo.launch.py
-- Installing: /home/mateo/VisualServoing_Kinect/ros2_ws/install/xarm_planner/share/ament_index/resource_index/package_run_dependencies/xarm_planner
-- Installing: /home/mateo/VisualServoing_Kinect/ros2_ws/install/xarm_planner/share/ament_index/resource_index/parent_prefix_path/xarm_planner
-- Installing: /home/mateo/VisualServoing_Kinect/ros2_ws/install/xarm_planner/share/xarm_planner/environment/ament_prefix_path.sh
-- Installing: /home/mateo/VisualServoing_Kinect/ros2_ws/install/xarm_planner/share/xarm_planner/environment/ament_prefix_path.dsv
-- Installing: /home/mateo/VisualServoing_Kinect/ros2_ws/install/xarm_planner/share/xarm_planner/environment/path.sh
-- Installing: /home/mateo/VisualServoing_Kinect/ros2_ws/install/xarm_planner/share/xarm_planner/environment/path.dsv
-- Installing: /home/mateo/VisualServoing_Kinect/ros2_ws/install/xarm_planner/share/xarm_planner/local_setup.bash
-- Installing: /home/mateo/VisualServoing_Kinect/ros2_ws/install/xarm_planner/share/xarm_planner/local_setup.sh
-- Installing: /home/mateo/VisualServoing_Kinect/ros2_ws/install/xarm_planner/share/xarm_planner/local_setup.zsh
-- Installing: /home/mateo/VisualServoing_Kinect/ros2_ws/install/xarm_planner/share/xarm_planner/local_setup.dsv
-- Installing: /home/mateo/VisualServoing_Kinect/ros2_ws/install/xarm_planner/share/xarm_planner/package.dsv
-- Installing: /home/mateo/VisualServoing_Kinect/ros2_ws/install/xarm_planner/share/ament_index/resource_index/packages/xarm_planner
-- Installing: /home/mateo/VisualServoing_Kinect/ros2_ws/install/xarm_planner/share/xarm_planner/cmake/xarm_plannerConfig.cmake
-- Installing: /home/mateo/VisualServoing_Kinect/ros2_ws/install/xarm_planner/share/xarm_planner/cmake/xarm_plannerConfig-version.cmake
-- Installing: /home/mateo/VisualServoing_Kinect/ros2_ws/install/xarm_planner/share/xarm_planner/package.xml
