[0.025s] Invoking command in '/home/mateo/VisualServoing_Kinect/ros2_ws/build/xarm_planner': AMENT_PREFIX_PATH=/home/mateo/VisualServoing_Kinect/ros2_ws/install/xarm_moveit_config:/home/mateo/VisualServoing_Kinect/ros2_ws/install/xarm_gazebo:/home/mateo/VisualServoing_Kinect/ros2_ws/install/xarm_controller:/home/mateo/VisualServoing_Kinect/ros2_ws/install/xarm_api:/home/mateo/VisualServoing_Kinect/ros2_ws/install/xarm_sdk:/home/mateo/VisualServoing_Kinect/ros2_ws/install/xarm_msgs:/home/mateo/VisualServoing_Kinect/ros2_ws/install/xarm_description:/home/mateo/VisualServoing_Kinect/ros2_ws/install/uf_ros_lib:${AMENT_PREFIX_PATH} CMAKE_PREFIX_PATH=/home/mateo/VisualServoing_Kinect/ros2_ws/install/xarm_moveit_config:/home/mateo/VisualServoing_Kinect/ros2_ws/install/xarm_gazebo:/home/mateo/VisualServoing_Kinect/ros2_ws/install/xarm_controller:/home/mateo/VisualServoing_Kinect/ros2_ws/install/xarm_api:/home/mateo/VisualServoing_Kinect/ros2_ws/install/xarm_sdk:/home/mateo/VisualServoing_Kinect/ros2_ws/install/xarm_msgs:/home/mateo/VisualServoing_Kinect/ros2_ws/install/xarm_description:/home/mateo/ros2_ws/install/xarm_planner:/home/mateo/ros2_ws/install/xarm_moveit_servo:/home/mateo/ros2_ws/install/xarm_moveit_config:/home/mateo/ros2_ws/install/xarm_gazebo:/home/mateo/ros2_ws/install/xarm_controller:/home/mateo/ros2_ws/install/d435i_xarm_setup:/home/mateo/ros2_ws/install/xarm_api:/home/mateo/ros2_ws/install/xarm_sdk:/home/mateo/ros2_ws/install/xarm_msgs:/home/mateo/ros2_ws/install/xarm_description:/home/mateo/ros2_ws/install/realsense_gazebo_plugin:/home/mateo/ros2_ws/install/msgs_clase:/home/mateo/ros2_ws/install/mbot_demo:/home/mateo/ros2_ws/install/line_followerxime:/home/mateo/ros2_ws/install/line_follower:/home/mateo/ros2_ws/install/custom_interfaces:/home/mateo/ros2_ws/install/xarm_vision:/home/mateo/ros2_ws/install/xarm_follower:/home/mateo/ros2_ws/install/uf_ros_lib:/home/mateo/ros2_ws/install/signal_processing:/home/mateo/ros2_ws/install/reto_closedloop:/home/mateo/ros2_ws/install/reto3:/home/mateo/ros2_ws/install/puzzlebot_localisation:/home/mateo/ros2_ws/install/puzzlebot_control:/home/mateo/ros2_ws/install/motor_control:/home/mateo/ros2_ws/install/mini_challenge_3:/home/mateo/ros2_ws/install/midterm:/home/mateo/ros2_ws/install/closed_loop:/home/mateo/ros2_ws/install/act1_4:/opt/ros/humble LD_LIBRARY_PATH=/home/mateo/VisualServoing_Kinect/ros2_ws/install/xarm_gazebo/lib:/home/mateo/VisualServoing_Kinect/ros2_ws/install/xarm_controller/lib:/home/mateo/VisualServoing_Kinect/ros2_ws/install/xarm_api/lib:/home/mateo/VisualServoing_Kinect/ros2_ws/install/xarm_sdk/lib:/home/mateo/VisualServoing_Kinect/ros2_ws/install/xarm_msgs/lib:${LD_LIBRARY_PATH} PYTHONPATH=/home/mateo/VisualServoing_Kinect/ros2_ws/install/xarm_msgs/local/lib/python3.10/dist-packages:/home/mateo/VisualServoing_Kinect/ros2_ws/install/uf_ros_lib/lib/python3.10/site-packages:${PYTHONPATH} /usr/bin/cmake --build /home/mateo/VisualServoing_Kinect/ros2_ws/build/xarm_planner -- -j12 -l12
[0.079s] [35m[1mConsolidate compiler generated dependencies of target xarm_planner[0m
[0.114s] [  9%] Built target xarm_planner
[0.129s] [35m[1mConsolidate compiler generated dependencies of target test_lite_gripper_realmove[0m
[0.149s] [ 18%] Built target test_lite_gripper_realmove
[0.175s] [ 22%] [32mBuilding CXX object CMakeFiles/test_xarm_gripper_planner_api_joint.dir/test/test_xarm_gripper_planner_api_joint.cpp.o[0m
[5.369s] [ 27%] [32m[1mLinking CXX executable test_xarm_gripper_planner_api_joint[0m
[5.685s] [ 27%] Built target test_xarm_gripper_planner_api_joint
[5.716s] [ 31%] [32mBuilding CXX object CMakeFiles/test_xarm_planner_api_pose.dir/test/test_xarm_planner_api_pose.cpp.o[0m
[5.716s] [ 36%] [32mBuilding CXX object CMakeFiles/test_dual_xarm_planner_api_joint.dir/test/test_dual_xarm_planner_api_joint.cpp.o[0m
[10.968s] [ 40%] [32m[1mLinking CXX executable test_xarm_planner_api_pose[0m
[11.024s] [ 45%] [32m[1mLinking CXX executable test_dual_xarm_planner_api_joint[0m
[11.208s] [ 45%] Built target test_xarm_planner_api_pose
[11.226s] [35m[1mConsolidate compiler generated dependencies of target test_xarm_gripper_planner_client_joint[0m
[11.237s] [ 50%] [32mBuilding CXX object CMakeFiles/xarm_gripper_planner_node.dir/src/xarm_gripper_planner_node.cpp.o[0m
[11.240s] [ 63%] Built target test_xarm_gripper_planner_client_joint
[11.240s] [ 63%] [32mBuilding CXX object CMakeFiles/xarm_planner_node.dir/src/xarm_planner_node.cpp.o[0m
[11.240s] [ 68%] [32mBuilding CXX object CMakeFiles/test_xarm_planner_api_joint.dir/test/test_xarm_planner_api_joint.cpp.o[0m
[11.252s] [35m[1mConsolidate compiler generated dependencies of target test_xarm_planner_client_pose[0m
[11.274s] [ 77%] Built target test_xarm_planner_client_pose
[11.277s] [ 77%] Built target test_dual_xarm_planner_api_joint
[11.290s] [35m[1mConsolidate compiler generated dependencies of target test_xarm_planner_client_joint[0m
[11.308s] [ 86%] Built target test_xarm_planner_client_joint
[16.874s] [ 90%] [32m[1mLinking CXX executable test_xarm_planner_api_joint[0m
[17.137s] [ 90%] Built target test_xarm_planner_api_joint
[17.809s] [ 95%] [32m[1mLinking CXX executable xarm_gripper_planner_node[0m
[18.118s] [ 95%] Built target xarm_gripper_planner_node
[18.552s] [100%] [32m[1mLinking CXX executable xarm_planner_node[0m
[18.908s] [100%] Built target xarm_planner_node
[18.925s] Invoked command in '/home/mateo/VisualServoing_Kinect/ros2_ws/build/xarm_planner' returned '0': AMENT_PREFIX_PATH=/home/mateo/VisualServoing_Kinect/ros2_ws/install/xarm_moveit_config:/home/mateo/VisualServoing_Kinect/ros2_ws/install/xarm_gazebo:/home/mateo/VisualServoing_Kinect/ros2_ws/install/xarm_controller:/home/mateo/VisualServoing_Kinect/ros2_ws/install/xarm_api:/home/mateo/VisualServoing_Kinect/ros2_ws/install/xarm_sdk:/home/mateo/VisualServoing_Kinect/ros2_ws/install/xarm_msgs:/home/mateo/VisualServoing_Kinect/ros2_ws/install/xarm_description:/home/mateo/VisualServoing_Kinect/ros2_ws/install/uf_ros_lib:${AMENT_PREFIX_PATH} CMAKE_PREFIX_PATH=/home/mateo/VisualServoing_Kinect/ros2_ws/install/xarm_moveit_config:/home/mateo/VisualServoing_Kinect/ros2_ws/install/xarm_gazebo:/home/mateo/VisualServoing_Kinect/ros2_ws/install/xarm_controller:/home/mateo/VisualServoing_Kinect/ros2_ws/install/xarm_api:/home/mateo/VisualServoing_Kinect/ros2_ws/install/xarm_sdk:/home/mateo/VisualServoing_Kinect/ros2_ws/install/xarm_msgs:/home/mateo/VisualServoing_Kinect/ros2_ws/install/xarm_description:/home/mateo/ros2_ws/install/xarm_planner:/home/mateo/ros2_ws/install/xarm_moveit_servo:/home/mateo/ros2_ws/install/xarm_moveit_config:/home/mateo/ros2_ws/install/xarm_gazebo:/home/mateo/ros2_ws/install/xarm_controller:/home/mateo/ros2_ws/install/d435i_xarm_setup:/home/mateo/ros2_ws/install/xarm_api:/home/mateo/ros2_ws/install/xarm_sdk:/home/mateo/ros2_ws/install/xarm_msgs:/home/mateo/ros2_ws/install/xarm_description:/home/mateo/ros2_ws/install/realsense_gazebo_plugin:/home/mateo/ros2_ws/install/msgs_clase:/home/mateo/ros2_ws/install/mbot_demo:/home/mateo/ros2_ws/install/line_followerxime:/home/mateo/ros2_ws/install/line_follower:/home/mateo/ros2_ws/install/custom_interfaces:/home/mateo/ros2_ws/install/xarm_vision:/home/mateo/ros2_ws/install/xarm_follower:/home/mateo/ros2_ws/install/uf_ros_lib:/home/mateo/ros2_ws/install/signal_processing:/home/mateo/ros2_ws/install/reto_closedloop:/home/mateo/ros2_ws/install/reto3:/home/mateo/ros2_ws/install/puzzlebot_localisation:/home/mateo/ros2_ws/install/puzzlebot_control:/home/mateo/ros2_ws/install/motor_control:/home/mateo/ros2_ws/install/mini_challenge_3:/home/mateo/ros2_ws/install/midterm:/home/mateo/ros2_ws/install/closed_loop:/home/mateo/ros2_ws/install/act1_4:/opt/ros/humble LD_LIBRARY_PATH=/home/mateo/VisualServoing_Kinect/ros2_ws/install/xarm_gazebo/lib:/home/mateo/VisualServoing_Kinect/ros2_ws/install/xarm_controller/lib:/home/mateo/VisualServoing_Kinect/ros2_ws/install/xarm_api/lib:/home/mateo/VisualServoing_Kinect/ros2_ws/install/xarm_sdk/lib:/home/mateo/VisualServoing_Kinect/ros2_ws/install/xarm_msgs/lib:${LD_LIBRARY_PATH} PYTHONPATH=/home/mateo/VisualServoing_Kinect/ros2_ws/install/xarm_msgs/local/lib/python3.10/dist-packages:/home/mateo/VisualServoing_Kinect/ros2_ws/install/uf_ros_lib/lib/python3.10/site-packages:${PYTHONPATH} /usr/bin/cmake --build /home/mateo/VisualServoing_Kinect/ros2_ws/build/xarm_planner -- -j12 -l12
[18.927s] Invoking command in '/home/mateo/VisualServoing_Kinect/ros2_ws/build/xarm_planner': AMENT_PREFIX_PATH=/home/mateo/VisualServoing_Kinect/ros2_ws/install/xarm_moveit_config:/home/mateo/VisualServoing_Kinect/ros2_ws/install/xarm_gazebo:/home/mateo/VisualServoing_Kinect/ros2_ws/install/xarm_controller:/home/mateo/VisualServoing_Kinect/ros2_ws/install/xarm_api:/home/mateo/VisualServoing_Kinect/ros2_ws/install/xarm_sdk:/home/mateo/VisualServoing_Kinect/ros2_ws/install/xarm_msgs:/home/mateo/VisualServoing_Kinect/ros2_ws/install/xarm_description:/home/mateo/VisualServoing_Kinect/ros2_ws/install/uf_ros_lib:${AMENT_PREFIX_PATH} CMAKE_PREFIX_PATH=/home/mateo/VisualServoing_Kinect/ros2_ws/install/xarm_moveit_config:/home/mateo/VisualServoing_Kinect/ros2_ws/install/xarm_gazebo:/home/mateo/VisualServoing_Kinect/ros2_ws/install/xarm_controller:/home/mateo/VisualServoing_Kinect/ros2_ws/install/xarm_api:/home/mateo/VisualServoing_Kinect/ros2_ws/install/xarm_sdk:/home/mateo/VisualServoing_Kinect/ros2_ws/install/xarm_msgs:/home/mateo/VisualServoing_Kinect/ros2_ws/install/xarm_description:/home/mateo/ros2_ws/install/xarm_planner:/home/mateo/ros2_ws/install/xarm_moveit_servo:/home/mateo/ros2_ws/install/xarm_moveit_config:/home/mateo/ros2_ws/install/xarm_gazebo:/home/mateo/ros2_ws/install/xarm_controller:/home/mateo/ros2_ws/install/d435i_xarm_setup:/home/mateo/ros2_ws/install/xarm_api:/home/mateo/ros2_ws/install/xarm_sdk:/home/mateo/ros2_ws/install/xarm_msgs:/home/mateo/ros2_ws/install/xarm_description:/home/mateo/ros2_ws/install/realsense_gazebo_plugin:/home/mateo/ros2_ws/install/msgs_clase:/home/mateo/ros2_ws/install/mbot_demo:/home/mateo/ros2_ws/install/line_followerxime:/home/mateo/ros2_ws/install/line_follower:/home/mateo/ros2_ws/install/custom_interfaces:/home/mateo/ros2_ws/install/xarm_vision:/home/mateo/ros2_ws/install/xarm_follower:/home/mateo/ros2_ws/install/uf_ros_lib:/home/mateo/ros2_ws/install/signal_processing:/home/mateo/ros2_ws/install/reto_closedloop:/home/mateo/ros2_ws/install/reto3:/home/mateo/ros2_ws/install/puzzlebot_localisation:/home/mateo/ros2_ws/install/puzzlebot_control:/home/mateo/ros2_ws/install/motor_control:/home/mateo/ros2_ws/install/mini_challenge_3:/home/mateo/ros2_ws/install/midterm:/home/mateo/ros2_ws/install/closed_loop:/home/mateo/ros2_ws/install/act1_4:/opt/ros/humble LD_LIBRARY_PATH=/home/mateo/VisualServoing_Kinect/ros2_ws/install/xarm_gazebo/lib:/home/mateo/VisualServoing_Kinect/ros2_ws/install/xarm_controller/lib:/home/mateo/VisualServoing_Kinect/ros2_ws/install/xarm_api/lib:/home/mateo/VisualServoing_Kinect/ros2_ws/install/xarm_sdk/lib:/home/mateo/VisualServoing_Kinect/ros2_ws/install/xarm_msgs/lib:${LD_LIBRARY_PATH} PYTHONPATH=/home/mateo/VisualServoing_Kinect/ros2_ws/install/xarm_msgs/local/lib/python3.10/dist-packages:/home/mateo/VisualServoing_Kinect/ros2_ws/install/uf_ros_lib/lib/python3.10/site-packages:${PYTHONPATH} /usr/bin/cmake --install /home/mateo/VisualServoing_Kinect/ros2_ws/build/xarm_planner
[18.940s] -- Install configuration: ""
[18.940s] -- Installing: /home/mateo/VisualServoing_Kinect/ros2_ws/install/xarm_planner/include
[18.940s] -- Installing: /home/mateo/VisualServoing_Kinect/ros2_ws/install/xarm_planner/include/xarm_planner
[18.940s] -- Installing: /home/mateo/VisualServoing_Kinect/ros2_ws/install/xarm_planner/include/xarm_planner/xarm_planner.h
[18.941s] -- Installing: /home/mateo/VisualServoing_Kinect/ros2_ws/install/xarm_planner/lib/libxarm_planner.so
[18.941s] -- Set runtime path of "/home/mateo/VisualServoing_Kinect/ros2_ws/install/xarm_planner/lib/libxarm_planner.so" to ""
[18.941s] -- Installing: /home/mateo/VisualServoing_Kinect/ros2_ws/install/xarm_planner/lib/xarm_planner/xarm_planner_node
[18.943s] -- Set runtime path of "/home/mateo/VisualServoing_Kinect/ros2_ws/install/xarm_planner/lib/xarm_planner/xarm_planner_node" to ""
[18.943s] -- Installing: /home/mateo/VisualServoing_Kinect/ros2_ws/install/xarm_planner/lib/xarm_planner/xarm_gripper_planner_node
[18.944s] -- Set runtime path of "/home/mateo/VisualServoing_Kinect/ros2_ws/install/xarm_planner/lib/xarm_planner/xarm_gripper_planner_node" to ""
[18.944s] -- Installing: /home/mateo/VisualServoing_Kinect/ros2_ws/install/xarm_planner/lib/xarm_planner/test_xarm_planner_api_joint
[18.945s] -- Set runtime path of "/home/mateo/VisualServoing_Kinect/ros2_ws/install/xarm_planner/lib/xarm_planner/test_xarm_planner_api_joint" to ""
[18.945s] -- Installing: /home/mateo/VisualServoing_Kinect/ros2_ws/install/xarm_planner/lib/xarm_planner/test_dual_xarm_planner_api_joint
[18.945s] -- Set runtime path of "/home/mateo/VisualServoing_Kinect/ros2_ws/install/xarm_planner/lib/xarm_planner/test_dual_xarm_planner_api_joint" to ""
[18.945s] -- Installing: /home/mateo/VisualServoing_Kinect/ros2_ws/install/xarm_planner/lib/xarm_planner/test_xarm_planner_api_pose
[18.946s] -- Set runtime path of "/home/mateo/VisualServoing_Kinect/ros2_ws/install/xarm_planner/lib/xarm_planner/test_xarm_planner_api_pose" to ""
[18.946s] -- Installing: /home/mateo/VisualServoing_Kinect/ros2_ws/install/xarm_planner/lib/xarm_planner/test_xarm_gripper_planner_api_joint
[18.946s] -- Set runtime path of "/home/mateo/VisualServoing_Kinect/ros2_ws/install/xarm_planner/lib/xarm_planner/test_xarm_gripper_planner_api_joint" to ""
[18.946s] -- Installing: /home/mateo/VisualServoing_Kinect/ros2_ws/install/xarm_planner/lib/xarm_planner/test_xarm_planner_client_joint
[18.948s] -- Set runtime path of "/home/mateo/VisualServoing_Kinect/ros2_ws/install/xarm_planner/lib/xarm_planner/test_xarm_planner_client_joint" to ""
[18.948s] -- Installing: /home/mateo/VisualServoing_Kinect/ros2_ws/install/xarm_planner/lib/xarm_planner/test_xarm_planner_client_pose
[18.949s] -- Set runtime path of "/home/mateo/VisualServoing_Kinect/ros2_ws/install/xarm_planner/lib/xarm_planner/test_xarm_planner_client_pose" to ""
[18.949s] -- Installing: /home/mateo/VisualServoing_Kinect/ros2_ws/install/xarm_planner/lib/xarm_planner/test_xarm_gripper_planner_client_joint
[18.950s] -- Set runtime path of "/home/mateo/VisualServoing_Kinect/ros2_ws/install/xarm_planner/lib/xarm_planner/test_xarm_gripper_planner_client_joint" to ""
[18.950s] -- Installing: /home/mateo/VisualServoing_Kinect/ros2_ws/install/xarm_planner/lib/xarm_planner/test_lite_gripper_realmove
[18.951s] -- Set runtime path of "/home/mateo/VisualServoing_Kinect/ros2_ws/install/xarm_planner/lib/xarm_planner/test_lite_gripper_realmove" to ""
[18.951s] -- Installing: /home/mateo/VisualServoing_Kinect/ros2_ws/install/xarm_planner/share/xarm_planner//launch
[18.951s] -- Installing: /home/mateo/VisualServoing_Kinect/ros2_ws/install/xarm_planner/share/xarm_planner//launch/_robot_planner.launch.py
[18.951s] -- Installing: /home/mateo/VisualServoing_Kinect/ros2_ws/install/xarm_planner/share/xarm_planner//launch/test_xarm_planner_client_joint.launch.py
[18.951s] -- Installing: /home/mateo/VisualServoing_Kinect/ros2_ws/install/xarm_planner/share/xarm_planner//launch/xarm7_mirror_planner_gazebo.launch.py
[18.951s] -- Installing: /home/mateo/VisualServoing_Kinect/ros2_ws/install/xarm_planner/share/xarm_planner//launch/xarm7_mirror_planner_realmove.launch.py
[18.952s] -- Installing: /home/mateo/VisualServoing_Kinect/ros2_ws/install/xarm_planner/share/xarm_planner//launch/test_move_group.launch.py
[18.952s] -- Installing: /home/mateo/VisualServoing_Kinect/ros2_ws/install/xarm_planner/share/xarm_planner//launch/test_xarm_gripper_planner_client_joint.launch.py
[18.952s] -- Installing: /home/mateo/VisualServoing_Kinect/ros2_ws/install/xarm_planner/share/xarm_planner//launch/xarm5_planner_gazebo.launch.py
[18.952s] -- Installing: /home/mateo/VisualServoing_Kinect/ros2_ws/install/xarm_planner/share/xarm_planner//launch/xarm7_planner_realmove.launch.py
[18.952s] -- Installing: /home/mateo/VisualServoing_Kinect/ros2_ws/install/xarm_planner/share/xarm_planner//launch/xarm7_mirror_planner_fake.launch.py
[18.952s] -- Installing: /home/mateo/VisualServoing_Kinect/ros2_ws/install/xarm_planner/share/xarm_planner//launch/xarm5_planner_realmove.launch.py
[18.952s] -- Installing: /home/mateo/VisualServoing_Kinect/ros2_ws/install/xarm_planner/share/xarm_planner//launch/lite6_planner_fake.launch.py
[18.952s] -- Installing: /home/mateo/VisualServoing_Kinect/ros2_ws/install/xarm_planner/share/xarm_planner//launch/xarm6_planner_fake.launch.py
[18.952s] -- Installing: /home/mateo/VisualServoing_Kinect/ros2_ws/install/xarm_planner/share/xarm_planner//launch/test_dual_xarm_planner_api_joint.launch.py
[18.952s] -- Installing: /home/mateo/VisualServoing_Kinect/ros2_ws/install/xarm_planner/share/xarm_planner//launch/xarm6_planner_realmove.launch.py
[18.952s] -- Installing: /home/mateo/VisualServoing_Kinect/ros2_ws/install/xarm_planner/share/xarm_planner//launch/lite6_planner_gazebo.launch.py
[18.953s] -- Installing: /home/mateo/VisualServoing_Kinect/ros2_ws/install/xarm_planner/share/xarm_planner//launch/test_lite_gripper_realmove.launch.py
[18.953s] -- Installing: /home/mateo/VisualServoing_Kinect/ros2_ws/install/xarm_planner/share/xarm_planner//launch/uf850_planner_realmove.launch.py
[18.953s] -- Installing: /home/mateo/VisualServoing_Kinect/ros2_ws/install/xarm_planner/share/xarm_planner//launch/lite6_planner_realmove.launch.py
[18.953s] -- Installing: /home/mateo/VisualServoing_Kinect/ros2_ws/install/xarm_planner/share/xarm_planner//launch/xarm7_planner_fake.launch.py
[18.953s] -- Installing: /home/mateo/VisualServoing_Kinect/ros2_ws/install/xarm_planner/share/xarm_planner//launch/test_xarm_planner_client_pose.launch.py
[18.953s] -- Installing: /home/mateo/VisualServoing_Kinect/ros2_ws/install/xarm_planner/share/xarm_planner//launch/test_xarm_planner_api_joint.launch.py
[18.953s] -- Installing: /home/mateo/VisualServoing_Kinect/ros2_ws/install/xarm_planner/share/xarm_planner//launch/uf850_planner_gazebo.launch.py
[18.953s] -- Installing: /home/mateo/VisualServoing_Kinect/ros2_ws/install/xarm_planner/share/xarm_planner//launch/uf850_planner_fake.launch.py
[18.953s] -- Installing: /home/mateo/VisualServoing_Kinect/ros2_ws/install/xarm_planner/share/xarm_planner//launch/test_xarm_gripper_planner_api_joint.launch.py
[18.954s] -- Installing: /home/mateo/VisualServoing_Kinect/ros2_ws/install/xarm_planner/share/xarm_planner//launch/xarm5_planner_fake.launch.py
[18.954s] -- Installing: /home/mateo/VisualServoing_Kinect/ros2_ws/install/xarm_planner/share/xarm_planner//launch/test_xarm_planner_api_pose.launch.py
[18.954s] -- Installing: /home/mateo/VisualServoing_Kinect/ros2_ws/install/xarm_planner/share/xarm_planner//launch/_dual_robot_planner.launch.py
[18.954s] -- Installing: /home/mateo/VisualServoing_Kinect/ros2_ws/install/xarm_planner/share/xarm_planner//launch/xarm6_planner_gazebo.launch.py
[18.954s] -- Installing: /home/mateo/VisualServoing_Kinect/ros2_ws/install/xarm_planner/share/xarm_planner//launch/xarm7_planner_gazebo.launch.py
[18.954s] -- Installing: /home/mateo/VisualServoing_Kinect/ros2_ws/install/xarm_planner/share/ament_index/resource_index/package_run_dependencies/xarm_planner
[18.954s] -- Installing: /home/mateo/VisualServoing_Kinect/ros2_ws/install/xarm_planner/share/ament_index/resource_index/parent_prefix_path/xarm_planner
[18.954s] -- Installing: /home/mateo/VisualServoing_Kinect/ros2_ws/install/xarm_planner/share/xarm_planner/environment/ament_prefix_path.sh
[18.955s] -- Installing: /home/mateo/VisualServoing_Kinect/ros2_ws/install/xarm_planner/share/xarm_planner/environment/ament_prefix_path.dsv
[18.955s] -- Installing: /home/mateo/VisualServoing_Kinect/ros2_ws/install/xarm_planner/share/xarm_planner/environment/path.sh
[18.955s] -- Installing: /home/mateo/VisualServoing_Kinect/ros2_ws/install/xarm_planner/share/xarm_planner/environment/path.dsv
[18.955s] -- Installing: /home/mateo/VisualServoing_Kinect/ros2_ws/install/xarm_planner/share/xarm_planner/local_setup.bash
[18.955s] -- Installing: /home/mateo/VisualServoing_Kinect/ros2_ws/install/xarm_planner/share/xarm_planner/local_setup.sh
[18.955s] -- Installing: /home/mateo/VisualServoing_Kinect/ros2_ws/install/xarm_planner/share/xarm_planner/local_setup.zsh
[18.955s] -- Installing: /home/mateo/VisualServoing_Kinect/ros2_ws/install/xarm_planner/share/xarm_planner/local_setup.dsv
[18.955s] -- Installing: /home/mateo/VisualServoing_Kinect/ros2_ws/install/xarm_planner/share/xarm_planner/package.dsv
[18.955s] -- Installing: /home/mateo/VisualServoing_Kinect/ros2_ws/install/xarm_planner/share/ament_index/resource_index/packages/xarm_planner
[18.956s] -- Installing: /home/mateo/VisualServoing_Kinect/ros2_ws/install/xarm_planner/share/xarm_planner/cmake/xarm_plannerConfig.cmake
[18.956s] -- Installing: /home/mateo/VisualServoing_Kinect/ros2_ws/install/xarm_planner/share/xarm_planner/cmake/xarm_plannerConfig-version.cmake
[18.956s] -- Installing: /home/mateo/VisualServoing_Kinect/ros2_ws/install/xarm_planner/share/xarm_planner/package.xml
[18.958s] Invoked command in '/home/mateo/VisualServoing_Kinect/ros2_ws/build/xarm_planner' returned '0': AMENT_PREFIX_PATH=/home/mateo/VisualServoing_Kinect/ros2_ws/install/xarm_moveit_config:/home/mateo/VisualServoing_Kinect/ros2_ws/install/xarm_gazebo:/home/mateo/VisualServoing_Kinect/ros2_ws/install/xarm_controller:/home/mateo/VisualServoing_Kinect/ros2_ws/install/xarm_api:/home/mateo/VisualServoing_Kinect/ros2_ws/install/xarm_sdk:/home/mateo/VisualServoing_Kinect/ros2_ws/install/xarm_msgs:/home/mateo/VisualServoing_Kinect/ros2_ws/install/xarm_description:/home/mateo/VisualServoing_Kinect/ros2_ws/install/uf_ros_lib:${AMENT_PREFIX_PATH} CMAKE_PREFIX_PATH=/home/mateo/VisualServoing_Kinect/ros2_ws/install/xarm_moveit_config:/home/mateo/VisualServoing_Kinect/ros2_ws/install/xarm_gazebo:/home/mateo/VisualServoing_Kinect/ros2_ws/install/xarm_controller:/home/mateo/VisualServoing_Kinect/ros2_ws/install/xarm_api:/home/mateo/VisualServoing_Kinect/ros2_ws/install/xarm_sdk:/home/mateo/VisualServoing_Kinect/ros2_ws/install/xarm_msgs:/home/mateo/VisualServoing_Kinect/ros2_ws/install/xarm_description:/home/mateo/ros2_ws/install/xarm_planner:/home/mateo/ros2_ws/install/xarm_moveit_servo:/home/mateo/ros2_ws/install/xarm_moveit_config:/home/mateo/ros2_ws/install/xarm_gazebo:/home/mateo/ros2_ws/install/xarm_controller:/home/mateo/ros2_ws/install/d435i_xarm_setup:/home/mateo/ros2_ws/install/xarm_api:/home/mateo/ros2_ws/install/xarm_sdk:/home/mateo/ros2_ws/install/xarm_msgs:/home/mateo/ros2_ws/install/xarm_description:/home/mateo/ros2_ws/install/realsense_gazebo_plugin:/home/mateo/ros2_ws/install/msgs_clase:/home/mateo/ros2_ws/install/mbot_demo:/home/mateo/ros2_ws/install/line_followerxime:/home/mateo/ros2_ws/install/line_follower:/home/mateo/ros2_ws/install/custom_interfaces:/home/mateo/ros2_ws/install/xarm_vision:/home/mateo/ros2_ws/install/xarm_follower:/home/mateo/ros2_ws/install/uf_ros_lib:/home/mateo/ros2_ws/install/signal_processing:/home/mateo/ros2_ws/install/reto_closedloop:/home/mateo/ros2_ws/install/reto3:/home/mateo/ros2_ws/install/puzzlebot_localisation:/home/mateo/ros2_ws/install/puzzlebot_control:/home/mateo/ros2_ws/install/motor_control:/home/mateo/ros2_ws/install/mini_challenge_3:/home/mateo/ros2_ws/install/midterm:/home/mateo/ros2_ws/install/closed_loop:/home/mateo/ros2_ws/install/act1_4:/opt/ros/humble LD_LIBRARY_PATH=/home/mateo/VisualServoing_Kinect/ros2_ws/install/xarm_gazebo/lib:/home/mateo/VisualServoing_Kinect/ros2_ws/install/xarm_controller/lib:/home/mateo/VisualServoing_Kinect/ros2_ws/install/xarm_api/lib:/home/mateo/VisualServoing_Kinect/ros2_ws/install/xarm_sdk/lib:/home/mateo/VisualServoing_Kinect/ros2_ws/install/xarm_msgs/lib:${LD_LIBRARY_PATH} PYTHONPATH=/home/mateo/VisualServoing_Kinect/ros2_ws/install/xarm_msgs/local/lib/python3.10/dist-packages:/home/mateo/VisualServoing_Kinect/ros2_ws/install/uf_ros_lib/lib/python3.10/site-packages:${PYTHONPATH} /usr/bin/cmake --install /home/mateo/VisualServoing_Kinect/ros2_ws/build/xarm_planner
