[0.017s] Invoking command in '/home/mateo/VisualServoing_Kinect/ros2_ws/build/xarm_controller': AMENT_PREFIX_PATH=/home/mateo/VisualServoing_Kinect/ros2_ws/install/xarm_api:/home/mateo/VisualServoing_Kinect/ros2_ws/install/xarm_sdk:/home/mateo/VisualServoing_Kinect/ros2_ws/install/xarm_msgs:/home/mateo/VisualServoing_Kinect/ros2_ws/install/xarm_description:${AMENT_PREFIX_PATH} CMAKE_PREFIX_PATH=/home/mateo/VisualServoing_Kinect/ros2_ws/install/xarm_api:/home/mateo/VisualServoing_Kinect/ros2_ws/install/xarm_sdk:/home/mateo/VisualServoing_Kinect/ros2_ws/install/xarm_msgs:/home/mateo/VisualServoing_Kinect/ros2_ws/install/xarm_description:/home/mateo/X-ARM_VisualServoing/ros2_ws/install/xarm_planner:/home/mateo/X-ARM_VisualServoing/ros2_ws/install/xarm_moveit_servo:/home/mateo/X-ARM_VisualServoing/ros2_ws/install/xarm_moveit_config:/home/mateo/X-ARM_VisualServoing/ros2_ws/install/xarm_gazebo:/home/mateo/X-ARM_VisualServoing/ros2_ws/install/xarm_controller:/home/mateo/X-ARM_VisualServoing/ros2_ws/install/d435i_xarm_setup:/home/mateo/X-ARM_VisualServoing/ros2_ws/install/xarm_api:/home/mateo/X-ARM_VisualServoing/ros2_ws/install/xarm_sdk:/home/mateo/X-ARM_VisualServoing/ros2_ws/install/xarm_msgs:/home/mateo/X-ARM_VisualServoing/ros2_ws/install/xarm_description:/home/mateo/X-ARM_VisualServoing/ros2_ws/install/realsense_gazebo_plugin:/home/mateo/X-ARM_VisualServoing/ros2_ws/install/mbot_demo:/home/mateo/X-ARM_VisualServoing/ros2_ws/install/azure_kinect_ros2_driver:/home/mateo/ros2_ws/install/xarm_planner:/home/mateo/ros2_ws/install/xarm_moveit_servo:/home/mateo/ros2_ws/install/xarm_moveit_config:/home/mateo/ros2_ws/install/xarm_gazebo:/home/mateo/ros2_ws/install/xarm_controller:/home/mateo/ros2_ws/install/d435i_xarm_setup:/home/mateo/ros2_ws/install/xarm_api:/home/mateo/ros2_ws/install/xarm_sdk:/home/mateo/ros2_ws/install/xarm_msgs:/home/mateo/ros2_ws/install/xarm_description:/home/mateo/ros2_ws/install/realsense_gazebo_plugin:/home/mateo/ros2_ws/install/msgs_clase:/home/mateo/ros2_ws/install/mbot_demo:/home/mateo/ros2_ws/install/line_followerxime:/home/mateo/ros2_ws/install/line_follower:/home/mateo/ros2_ws/install/custom_interfaces:/home/mateo/X-ARM_VisualServoing/ros2_ws/install/xarm_vision:/home/mateo/X-ARM_VisualServoing/ros2_ws/install/uf_ros_lib:/home/mateo/ros2_ws/install/xarm_vision:/home/mateo/ros2_ws/install/xarm_follower:/home/mateo/ros2_ws/install/uf_ros_lib:/home/mateo/ros2_ws/install/signal_processing:/home/mateo/ros2_ws/install/reto_closedloop:/home/mateo/ros2_ws/install/reto3:/home/mateo/ros2_ws/install/puzzlebot_localisation:/home/mateo/ros2_ws/install/puzzlebot_control:/home/mateo/ros2_ws/install/motor_control:/home/mateo/ros2_ws/install/mini_challenge_3:/home/mateo/ros2_ws/install/midterm:/home/mateo/ros2_ws/install/closed_loop:/home/mateo/ros2_ws/install/act1_4:/opt/ros/humble LD_LIBRARY_PATH=/home/mateo/VisualServoing_Kinect/ros2_ws/install/xarm_api/lib:/home/mateo/VisualServoing_Kinect/ros2_ws/install/xarm_sdk/lib:/home/mateo/VisualServoing_Kinect/ros2_ws/install/xarm_msgs/lib:${LD_LIBRARY_PATH} PYTHONPATH=/home/mateo/VisualServoing_Kinect/ros2_ws/install/xarm_msgs/local/lib/python3.10/dist-packages:${PYTHONPATH} /usr/bin/cmake /home/mateo/VisualServoing_Kinect/ros2_ws/src/xarm_ros2/xarm_controller -DCMAKE_INSTALL_PREFIX=/home/mateo/VisualServoing_Kinect/ros2_ws/install/xarm_controller
[0.071s] -- The C compiler identification is GNU 11.4.0
[0.113s] -- The CXX compiler identification is GNU 11.4.0
[0.119s] -- Detecting C compiler ABI info
[0.202s] -- Detecting C compiler ABI info - done
[0.207s] -- Check for working C compiler: /usr/bin/cc - skipped
[0.207s] -- Detecting C compile features
[0.208s] -- Detecting C compile features - done
[0.210s] -- Detecting CXX compiler ABI info
[0.304s] -- Detecting CXX compiler ABI info - done
[0.312s] -- Check for working CXX compiler: /usr/bin/c++ - skipped
[0.312s] -- Detecting CXX compile features
[0.312s] -- Detecting CXX compile features - done
[0.316s] -- Found ament_cmake: 1.3.11 (/opt/ros/humble/share/ament_cmake/cmake)
[0.461s] -- Found Python3: /usr/bin/python3 (found version "3.10.12") found components: Interpreter 
[0.562s] -- Found ament_lint_auto: 0.12.12 (/opt/ros/humble/share/ament_lint_auto/cmake)
[0.654s] -- Found hardware_interface: 2.50.0 (/opt/ros/humble/share/hardware_interface/cmake)
[0.702s] -- Found rosidl_generator_c: 3.1.6 (/opt/ros/humble/share/rosidl_generator_c/cmake)
[0.709s] -- Found rosidl_adapter: 3.1.6 (/opt/ros/humble/share/rosidl_adapter/cmake)
[0.718s] -- Found rosidl_generator_cpp: 3.1.6 (/opt/ros/humble/share/rosidl_generator_cpp/cmake)
[0.731s] -- Using all available rosidl_typesupport_c: rosidl_typesupport_fastrtps_c;rosidl_typesupport_introspection_c
[0.748s] -- Using all available rosidl_typesupport_cpp: rosidl_typesupport_fastrtps_cpp;rosidl_typesupport_introspection_cpp
[0.949s] -- Found rmw_implementation_cmake: 6.1.2 (/opt/ros/humble/share/rmw_implementation_cmake/cmake)
[0.954s] -- Found rmw_fastrtps_cpp: 6.2.7 (/opt/ros/humble/share/rmw_fastrtps_cpp/cmake)
[0.980s] -- Found TinyXML2 via Config file: TinyXML2_DIR-NOTFOUND
[1.052s] -- Found OpenSSL: /usr/lib/x86_64-linux-gnu/libcrypto.so (found version "3.0.2")  
[1.054s] -- Found TinyXML2 via Config file: TinyXML2_DIR-NOTFOUND
[1.074s] -- Found FastRTPS: /opt/ros/humble/include  
[1.077s] -- Found TinyXML2 via Config file: TinyXML2_DIR-NOTFOUND
[1.084s] -- Found TinyXML2 via Config file: TinyXML2_DIR-NOTFOUND
[1.097s] -- Using RMW implementation 'rmw_fastrtps_cpp' as default
[1.108s] -- Looking for pthread.h
[1.176s] -- Looking for pthread.h - found
[1.176s] -- Performing Test CMAKE_HAVE_LIBC_PTHREAD
[1.244s] -- Performing Test CMAKE_HAVE_LIBC_PTHREAD - Success
[1.245s] -- Found Threads: TRUE  
[1.285s] -- Found rclcpp_action: 16.0.12 (/opt/ros/humble/share/rclcpp_action/cmake)
[1.297s] -- Found controller_manager_msgs: 2.50.0 (/opt/ros/humble/share/controller_manager_msgs/cmake)
[1.309s] -- Found xarm_msgs: 0.0.0 (/home/mateo/VisualServoing_Kinect/ros2_ws/install/xarm_msgs/share/xarm_msgs/cmake)
[1.318s] -- Found xarm_api: 0.0.0 (/home/mateo/VisualServoing_Kinect/ros2_ws/install/xarm_api/share/xarm_api/cmake)
[1.319s] -- Found xarm_sdk: 0.0.0 (/home/mateo/VisualServoing_Kinect/ros2_ws/install/xarm_sdk/share/xarm_sdk/cmake)
[1.337s] -- Added test 'copyright' to check source files copyright and LICENSE
[1.339s] -- Added test 'cppcheck' to perform static code analysis on C / C++ code
[1.339s] -- Configured cppcheck include dirs: /home/mateo/VisualServoing_Kinect/ros2_ws/src/xarm_ros2/xarm_controller/include
[1.339s] -- Configured cppcheck exclude dirs and/or files: 
[1.340s] -- Added test 'cpplint' to check C / C++ code against the Google style
[1.340s] -- Configured cpplint exclude dirs and/or files: 
[1.341s] -- Added test 'flake8' to check Python code syntax and style conventions
[1.341s] -- Added test 'lint_cmake' to check CMake code style
[1.342s] -- Added test 'pep257' to check Python code against some of the docstring style conventions in PEP 257
[1.343s] -- Added test 'uncrustify' to check C / C++ code style
[1.343s] -- Configured uncrustify additional arguments: 
[1.344s] -- Added test 'xmllint' to check XML markup files
[1.347s] -- Configuring done
[1.366s] -- Generating done
[1.370s] -- Build files have been written to: /home/mateo/VisualServoing_Kinect/ros2_ws/build/xarm_controller
[1.379s] Invoked command in '/home/mateo/VisualServoing_Kinect/ros2_ws/build/xarm_controller' returned '0': AMENT_PREFIX_PATH=/home/mateo/VisualServoing_Kinect/ros2_ws/install/xarm_api:/home/mateo/VisualServoing_Kinect/ros2_ws/install/xarm_sdk:/home/mateo/VisualServoing_Kinect/ros2_ws/install/xarm_msgs:/home/mateo/VisualServoing_Kinect/ros2_ws/install/xarm_description:${AMENT_PREFIX_PATH} CMAKE_PREFIX_PATH=/home/mateo/VisualServoing_Kinect/ros2_ws/install/xarm_api:/home/mateo/VisualServoing_Kinect/ros2_ws/install/xarm_sdk:/home/mateo/VisualServoing_Kinect/ros2_ws/install/xarm_msgs:/home/mateo/VisualServoing_Kinect/ros2_ws/install/xarm_description:/home/mateo/X-ARM_VisualServoing/ros2_ws/install/xarm_planner:/home/mateo/X-ARM_VisualServoing/ros2_ws/install/xarm_moveit_servo:/home/mateo/X-ARM_VisualServoing/ros2_ws/install/xarm_moveit_config:/home/mateo/X-ARM_VisualServoing/ros2_ws/install/xarm_gazebo:/home/mateo/X-ARM_VisualServoing/ros2_ws/install/xarm_controller:/home/mateo/X-ARM_VisualServoing/ros2_ws/install/d435i_xarm_setup:/home/mateo/X-ARM_VisualServoing/ros2_ws/install/xarm_api:/home/mateo/X-ARM_VisualServoing/ros2_ws/install/xarm_sdk:/home/mateo/X-ARM_VisualServoing/ros2_ws/install/xarm_msgs:/home/mateo/X-ARM_VisualServoing/ros2_ws/install/xarm_description:/home/mateo/X-ARM_VisualServoing/ros2_ws/install/realsense_gazebo_plugin:/home/mateo/X-ARM_VisualServoing/ros2_ws/install/mbot_demo:/home/mateo/X-ARM_VisualServoing/ros2_ws/install/azure_kinect_ros2_driver:/home/mateo/ros2_ws/install/xarm_planner:/home/mateo/ros2_ws/install/xarm_moveit_servo:/home/mateo/ros2_ws/install/xarm_moveit_config:/home/mateo/ros2_ws/install/xarm_gazebo:/home/mateo/ros2_ws/install/xarm_controller:/home/mateo/ros2_ws/install/d435i_xarm_setup:/home/mateo/ros2_ws/install/xarm_api:/home/mateo/ros2_ws/install/xarm_sdk:/home/mateo/ros2_ws/install/xarm_msgs:/home/mateo/ros2_ws/install/xarm_description:/home/mateo/ros2_ws/install/realsense_gazebo_plugin:/home/mateo/ros2_ws/install/msgs_clase:/home/mateo/ros2_ws/install/mbot_demo:/home/mateo/ros2_ws/install/line_followerxime:/home/mateo/ros2_ws/install/line_follower:/home/mateo/ros2_ws/install/custom_interfaces:/home/mateo/X-ARM_VisualServoing/ros2_ws/install/xarm_vision:/home/mateo/X-ARM_VisualServoing/ros2_ws/install/uf_ros_lib:/home/mateo/ros2_ws/install/xarm_vision:/home/mateo/ros2_ws/install/xarm_follower:/home/mateo/ros2_ws/install/uf_ros_lib:/home/mateo/ros2_ws/install/signal_processing:/home/mateo/ros2_ws/install/reto_closedloop:/home/mateo/ros2_ws/install/reto3:/home/mateo/ros2_ws/install/puzzlebot_localisation:/home/mateo/ros2_ws/install/puzzlebot_control:/home/mateo/ros2_ws/install/motor_control:/home/mateo/ros2_ws/install/mini_challenge_3:/home/mateo/ros2_ws/install/midterm:/home/mateo/ros2_ws/install/closed_loop:/home/mateo/ros2_ws/install/act1_4:/opt/ros/humble LD_LIBRARY_PATH=/home/mateo/VisualServoing_Kinect/ros2_ws/install/xarm_api/lib:/home/mateo/VisualServoing_Kinect/ros2_ws/install/xarm_sdk/lib:/home/mateo/VisualServoing_Kinect/ros2_ws/install/xarm_msgs/lib:${LD_LIBRARY_PATH} PYTHONPATH=/home/mateo/VisualServoing_Kinect/ros2_ws/install/xarm_msgs/local/lib/python3.10/dist-packages:${PYTHONPATH} /usr/bin/cmake /home/mateo/VisualServoing_Kinect/ros2_ws/src/xarm_ros2/xarm_controller -DCMAKE_INSTALL_PREFIX=/home/mateo/VisualServoing_Kinect/ros2_ws/install/xarm_controller
[1.379s] Invoking command in '/home/mateo/VisualServoing_Kinect/ros2_ws/build/xarm_controller': AMENT_PREFIX_PATH=/home/mateo/VisualServoing_Kinect/ros2_ws/install/xarm_api:/home/mateo/VisualServoing_Kinect/ros2_ws/install/xarm_sdk:/home/mateo/VisualServoing_Kinect/ros2_ws/install/xarm_msgs:/home/mateo/VisualServoing_Kinect/ros2_ws/install/xarm_description:${AMENT_PREFIX_PATH} CMAKE_PREFIX_PATH=/home/mateo/VisualServoing_Kinect/ros2_ws/install/xarm_api:/home/mateo/VisualServoing_Kinect/ros2_ws/install/xarm_sdk:/home/mateo/VisualServoing_Kinect/ros2_ws/install/xarm_msgs:/home/mateo/VisualServoing_Kinect/ros2_ws/install/xarm_description:/home/mateo/X-ARM_VisualServoing/ros2_ws/install/xarm_planner:/home/mateo/X-ARM_VisualServoing/ros2_ws/install/xarm_moveit_servo:/home/mateo/X-ARM_VisualServoing/ros2_ws/install/xarm_moveit_config:/home/mateo/X-ARM_VisualServoing/ros2_ws/install/xarm_gazebo:/home/mateo/X-ARM_VisualServoing/ros2_ws/install/xarm_controller:/home/mateo/X-ARM_VisualServoing/ros2_ws/install/d435i_xarm_setup:/home/mateo/X-ARM_VisualServoing/ros2_ws/install/xarm_api:/home/mateo/X-ARM_VisualServoing/ros2_ws/install/xarm_sdk:/home/mateo/X-ARM_VisualServoing/ros2_ws/install/xarm_msgs:/home/mateo/X-ARM_VisualServoing/ros2_ws/install/xarm_description:/home/mateo/X-ARM_VisualServoing/ros2_ws/install/realsense_gazebo_plugin:/home/mateo/X-ARM_VisualServoing/ros2_ws/install/mbot_demo:/home/mateo/X-ARM_VisualServoing/ros2_ws/install/azure_kinect_ros2_driver:/home/mateo/ros2_ws/install/xarm_planner:/home/mateo/ros2_ws/install/xarm_moveit_servo:/home/mateo/ros2_ws/install/xarm_moveit_config:/home/mateo/ros2_ws/install/xarm_gazebo:/home/mateo/ros2_ws/install/xarm_controller:/home/mateo/ros2_ws/install/d435i_xarm_setup:/home/mateo/ros2_ws/install/xarm_api:/home/mateo/ros2_ws/install/xarm_sdk:/home/mateo/ros2_ws/install/xarm_msgs:/home/mateo/ros2_ws/install/xarm_description:/home/mateo/ros2_ws/install/realsense_gazebo_plugin:/home/mateo/ros2_ws/install/msgs_clase:/home/mateo/ros2_ws/install/mbot_demo:/home/mateo/ros2_ws/install/line_followerxime:/home/mateo/ros2_ws/install/line_follower:/home/mateo/ros2_ws/install/custom_interfaces:/home/mateo/X-ARM_VisualServoing/ros2_ws/install/xarm_vision:/home/mateo/X-ARM_VisualServoing/ros2_ws/install/uf_ros_lib:/home/mateo/ros2_ws/install/xarm_vision:/home/mateo/ros2_ws/install/xarm_follower:/home/mateo/ros2_ws/install/uf_ros_lib:/home/mateo/ros2_ws/install/signal_processing:/home/mateo/ros2_ws/install/reto_closedloop:/home/mateo/ros2_ws/install/reto3:/home/mateo/ros2_ws/install/puzzlebot_localisation:/home/mateo/ros2_ws/install/puzzlebot_control:/home/mateo/ros2_ws/install/motor_control:/home/mateo/ros2_ws/install/mini_challenge_3:/home/mateo/ros2_ws/install/midterm:/home/mateo/ros2_ws/install/closed_loop:/home/mateo/ros2_ws/install/act1_4:/opt/ros/humble LD_LIBRARY_PATH=/home/mateo/VisualServoing_Kinect/ros2_ws/install/xarm_api/lib:/home/mateo/VisualServoing_Kinect/ros2_ws/install/xarm_sdk/lib:/home/mateo/VisualServoing_Kinect/ros2_ws/install/xarm_msgs/lib:${LD_LIBRARY_PATH} PYTHONPATH=/home/mateo/VisualServoing_Kinect/ros2_ws/install/xarm_msgs/local/lib/python3.10/dist-packages:${PYTHONPATH} /usr/bin/cmake --build /home/mateo/VisualServoing_Kinect/ros2_ws/build/xarm_controller -- -j12 -l12
[1.432s] [ 66%] [32mBuilding CXX object CMakeFiles/uf_robot_hardware.dir/src/hardware/uf_robot_fake_system_hardware.cpp.o[0m
[1.432s] [ 66%] [32mBuilding CXX object CMakeFiles/uf_robot_hardware.dir/src/hardware/uf_robot_system_hardware.cpp.o[0m
[8.774s] [100%] [32m[1mLinking CXX shared library libuf_robot_hardware.so[0m
[10.037s] [100%] Built target uf_robot_hardware
[10.048s] Invoked command in '/home/mateo/VisualServoing_Kinect/ros2_ws/build/xarm_controller' returned '0': AMENT_PREFIX_PATH=/home/mateo/VisualServoing_Kinect/ros2_ws/install/xarm_api:/home/mateo/VisualServoing_Kinect/ros2_ws/install/xarm_sdk:/home/mateo/VisualServoing_Kinect/ros2_ws/install/xarm_msgs:/home/mateo/VisualServoing_Kinect/ros2_ws/install/xarm_description:${AMENT_PREFIX_PATH} CMAKE_PREFIX_PATH=/home/mateo/VisualServoing_Kinect/ros2_ws/install/xarm_api:/home/mateo/VisualServoing_Kinect/ros2_ws/install/xarm_sdk:/home/mateo/VisualServoing_Kinect/ros2_ws/install/xarm_msgs:/home/mateo/VisualServoing_Kinect/ros2_ws/install/xarm_description:/home/mateo/X-ARM_VisualServoing/ros2_ws/install/xarm_planner:/home/mateo/X-ARM_VisualServoing/ros2_ws/install/xarm_moveit_servo:/home/mateo/X-ARM_VisualServoing/ros2_ws/install/xarm_moveit_config:/home/mateo/X-ARM_VisualServoing/ros2_ws/install/xarm_gazebo:/home/mateo/X-ARM_VisualServoing/ros2_ws/install/xarm_controller:/home/mateo/X-ARM_VisualServoing/ros2_ws/install/d435i_xarm_setup:/home/mateo/X-ARM_VisualServoing/ros2_ws/install/xarm_api:/home/mateo/X-ARM_VisualServoing/ros2_ws/install/xarm_sdk:/home/mateo/X-ARM_VisualServoing/ros2_ws/install/xarm_msgs:/home/mateo/X-ARM_VisualServoing/ros2_ws/install/xarm_description:/home/mateo/X-ARM_VisualServoing/ros2_ws/install/realsense_gazebo_plugin:/home/mateo/X-ARM_VisualServoing/ros2_ws/install/mbot_demo:/home/mateo/X-ARM_VisualServoing/ros2_ws/install/azure_kinect_ros2_driver:/home/mateo/ros2_ws/install/xarm_planner:/home/mateo/ros2_ws/install/xarm_moveit_servo:/home/mateo/ros2_ws/install/xarm_moveit_config:/home/mateo/ros2_ws/install/xarm_gazebo:/home/mateo/ros2_ws/install/xarm_controller:/home/mateo/ros2_ws/install/d435i_xarm_setup:/home/mateo/ros2_ws/install/xarm_api:/home/mateo/ros2_ws/install/xarm_sdk:/home/mateo/ros2_ws/install/xarm_msgs:/home/mateo/ros2_ws/install/xarm_description:/home/mateo/ros2_ws/install/realsense_gazebo_plugin:/home/mateo/ros2_ws/install/msgs_clase:/home/mateo/ros2_ws/install/mbot_demo:/home/mateo/ros2_ws/install/line_followerxime:/home/mateo/ros2_ws/install/line_follower:/home/mateo/ros2_ws/install/custom_interfaces:/home/mateo/X-ARM_VisualServoing/ros2_ws/install/xarm_vision:/home/mateo/X-ARM_VisualServoing/ros2_ws/install/uf_ros_lib:/home/mateo/ros2_ws/install/xarm_vision:/home/mateo/ros2_ws/install/xarm_follower:/home/mateo/ros2_ws/install/uf_ros_lib:/home/mateo/ros2_ws/install/signal_processing:/home/mateo/ros2_ws/install/reto_closedloop:/home/mateo/ros2_ws/install/reto3:/home/mateo/ros2_ws/install/puzzlebot_localisation:/home/mateo/ros2_ws/install/puzzlebot_control:/home/mateo/ros2_ws/install/motor_control:/home/mateo/ros2_ws/install/mini_challenge_3:/home/mateo/ros2_ws/install/midterm:/home/mateo/ros2_ws/install/closed_loop:/home/mateo/ros2_ws/install/act1_4:/opt/ros/humble LD_LIBRARY_PATH=/home/mateo/VisualServoing_Kinect/ros2_ws/install/xarm_api/lib:/home/mateo/VisualServoing_Kinect/ros2_ws/install/xarm_sdk/lib:/home/mateo/VisualServoing_Kinect/ros2_ws/install/xarm_msgs/lib:${LD_LIBRARY_PATH} PYTHONPATH=/home/mateo/VisualServoing_Kinect/ros2_ws/install/xarm_msgs/local/lib/python3.10/dist-packages:${PYTHONPATH} /usr/bin/cmake --build /home/mateo/VisualServoing_Kinect/ros2_ws/build/xarm_controller -- -j12 -l12
[10.051s] Invoking command in '/home/mateo/VisualServoing_Kinect/ros2_ws/build/xarm_controller': AMENT_PREFIX_PATH=/home/mateo/VisualServoing_Kinect/ros2_ws/install/xarm_api:/home/mateo/VisualServoing_Kinect/ros2_ws/install/xarm_sdk:/home/mateo/VisualServoing_Kinect/ros2_ws/install/xarm_msgs:/home/mateo/VisualServoing_Kinect/ros2_ws/install/xarm_description:${AMENT_PREFIX_PATH} CMAKE_PREFIX_PATH=/home/mateo/VisualServoing_Kinect/ros2_ws/install/xarm_api:/home/mateo/VisualServoing_Kinect/ros2_ws/install/xarm_sdk:/home/mateo/VisualServoing_Kinect/ros2_ws/install/xarm_msgs:/home/mateo/VisualServoing_Kinect/ros2_ws/install/xarm_description:/home/mateo/X-ARM_VisualServoing/ros2_ws/install/xarm_planner:/home/mateo/X-ARM_VisualServoing/ros2_ws/install/xarm_moveit_servo:/home/mateo/X-ARM_VisualServoing/ros2_ws/install/xarm_moveit_config:/home/mateo/X-ARM_VisualServoing/ros2_ws/install/xarm_gazebo:/home/mateo/X-ARM_VisualServoing/ros2_ws/install/xarm_controller:/home/mateo/X-ARM_VisualServoing/ros2_ws/install/d435i_xarm_setup:/home/mateo/X-ARM_VisualServoing/ros2_ws/install/xarm_api:/home/mateo/X-ARM_VisualServoing/ros2_ws/install/xarm_sdk:/home/mateo/X-ARM_VisualServoing/ros2_ws/install/xarm_msgs:/home/mateo/X-ARM_VisualServoing/ros2_ws/install/xarm_description:/home/mateo/X-ARM_VisualServoing/ros2_ws/install/realsense_gazebo_plugin:/home/mateo/X-ARM_VisualServoing/ros2_ws/install/mbot_demo:/home/mateo/X-ARM_VisualServoing/ros2_ws/install/azure_kinect_ros2_driver:/home/mateo/ros2_ws/install/xarm_planner:/home/mateo/ros2_ws/install/xarm_moveit_servo:/home/mateo/ros2_ws/install/xarm_moveit_config:/home/mateo/ros2_ws/install/xarm_gazebo:/home/mateo/ros2_ws/install/xarm_controller:/home/mateo/ros2_ws/install/d435i_xarm_setup:/home/mateo/ros2_ws/install/xarm_api:/home/mateo/ros2_ws/install/xarm_sdk:/home/mateo/ros2_ws/install/xarm_msgs:/home/mateo/ros2_ws/install/xarm_description:/home/mateo/ros2_ws/install/realsense_gazebo_plugin:/home/mateo/ros2_ws/install/msgs_clase:/home/mateo/ros2_ws/install/mbot_demo:/home/mateo/ros2_ws/install/line_followerxime:/home/mateo/ros2_ws/install/line_follower:/home/mateo/ros2_ws/install/custom_interfaces:/home/mateo/X-ARM_VisualServoing/ros2_ws/install/xarm_vision:/home/mateo/X-ARM_VisualServoing/ros2_ws/install/uf_ros_lib:/home/mateo/ros2_ws/install/xarm_vision:/home/mateo/ros2_ws/install/xarm_follower:/home/mateo/ros2_ws/install/uf_ros_lib:/home/mateo/ros2_ws/install/signal_processing:/home/mateo/ros2_ws/install/reto_closedloop:/home/mateo/ros2_ws/install/reto3:/home/mateo/ros2_ws/install/puzzlebot_localisation:/home/mateo/ros2_ws/install/puzzlebot_control:/home/mateo/ros2_ws/install/motor_control:/home/mateo/ros2_ws/install/mini_challenge_3:/home/mateo/ros2_ws/install/midterm:/home/mateo/ros2_ws/install/closed_loop:/home/mateo/ros2_ws/install/act1_4:/opt/ros/humble LD_LIBRARY_PATH=/home/mateo/VisualServoing_Kinect/ros2_ws/install/xarm_api/lib:/home/mateo/VisualServoing_Kinect/ros2_ws/install/xarm_sdk/lib:/home/mateo/VisualServoing_Kinect/ros2_ws/install/xarm_msgs/lib:${LD_LIBRARY_PATH} PYTHONPATH=/home/mateo/VisualServoing_Kinect/ros2_ws/install/xarm_msgs/local/lib/python3.10/dist-packages:${PYTHONPATH} /usr/bin/cmake --install /home/mateo/VisualServoing_Kinect/ros2_ws/build/xarm_controller
[10.058s] -- Install configuration: ""
[10.058s] -- Installing: /home/mateo/VisualServoing_Kinect/ros2_ws/install/xarm_controller/share/xarm_controller/uf_hardware_interface_plugins.xml
[10.058s] -- Installing: /home/mateo/VisualServoing_Kinect/ros2_ws/install/xarm_controller/include
[10.058s] -- Installing: /home/mateo/VisualServoing_Kinect/ros2_ws/install/xarm_controller/include/xarm_controller
[10.058s] -- Installing: /home/mateo/VisualServoing_Kinect/ros2_ws/install/xarm_controller/include/xarm_controller/hardware
[10.058s] -- Installing: /home/mateo/VisualServoing_Kinect/ros2_ws/install/xarm_controller/include/xarm_controller/hardware/uf_robot_fake_system_hardware.h
[10.059s] -- Installing: /home/mateo/VisualServoing_Kinect/ros2_ws/install/xarm_controller/include/xarm_controller/hardware/uf_robot_system_hardware.h
[10.059s] -- Installing: /home/mateo/VisualServoing_Kinect/ros2_ws/install/xarm_controller/lib/libuf_robot_hardware.so
[10.062s] -- Set runtime path of "/home/mateo/VisualServoing_Kinect/ros2_ws/install/xarm_controller/lib/libuf_robot_hardware.so" to ""
[10.063s] -- Installing: /home/mateo/VisualServoing_Kinect/ros2_ws/install/xarm_controller/share/xarm_controller//launch
[10.063s] -- Installing: /home/mateo/VisualServoing_Kinect/ros2_ws/install/xarm_controller/share/xarm_controller//launch/xarm7_mirror_control_rviz_display.launch.py
[10.063s] -- Installing: /home/mateo/VisualServoing_Kinect/ros2_ws/install/xarm_controller/share/xarm_controller//launch/_dual_ros2_control.launch.py
[10.063s] -- Installing: /home/mateo/VisualServoing_Kinect/ros2_ws/install/xarm_controller/share/xarm_controller//launch/xarm5_control_rviz_display.launch.py
[10.063s] -- Installing: /home/mateo/VisualServoing_Kinect/ros2_ws/install/xarm_controller/share/xarm_controller//launch/_ros2_control.launch.py
[10.063s] -- Installing: /home/mateo/VisualServoing_Kinect/ros2_ws/install/xarm_controller/share/xarm_controller//launch/lib
[10.063s] -- Installing: /home/mateo/VisualServoing_Kinect/ros2_ws/install/xarm_controller/share/xarm_controller//launch/lib/robot_controller_lib.py
[10.063s] -- Installing: /home/mateo/VisualServoing_Kinect/ros2_ws/install/xarm_controller/share/xarm_controller//launch/_robot_ros2_control.launch.py
[10.064s] -- Installing: /home/mateo/VisualServoing_Kinect/ros2_ws/install/xarm_controller/share/xarm_controller//launch/uf850_control_rviz_display.launch.py
[10.064s] -- Installing: /home/mateo/VisualServoing_Kinect/ros2_ws/install/xarm_controller/share/xarm_controller//launch/lite6_control_rviz_display.launch.py
[10.064s] -- Installing: /home/mateo/VisualServoing_Kinect/ros2_ws/install/xarm_controller/share/xarm_controller//launch/xarm7_control_rviz_display.launch.py
[10.064s] -- Installing: /home/mateo/VisualServoing_Kinect/ros2_ws/install/xarm_controller/share/xarm_controller//launch/xarm6_control_rviz_display.launch.py
[10.064s] -- Installing: /home/mateo/VisualServoing_Kinect/ros2_ws/install/xarm_controller/share/xarm_controller//config
[10.064s] -- Installing: /home/mateo/VisualServoing_Kinect/ros2_ws/install/xarm_controller/share/xarm_controller//config/uf850_controllers.yaml
[10.064s] -- Installing: /home/mateo/VisualServoing_Kinect/ros2_ws/install/xarm_controller/share/xarm_controller//config/xarm7_mirror_controllers.yaml
[10.065s] -- Installing: /home/mateo/VisualServoing_Kinect/ros2_ws/install/xarm_controller/share/xarm_controller//config/lite6_controllers.yaml
[10.065s] -- Installing: /home/mateo/VisualServoing_Kinect/ros2_ws/install/xarm_controller/share/xarm_controller//config/xarm6_controllers.yaml
[10.065s] -- Installing: /home/mateo/VisualServoing_Kinect/ros2_ws/install/xarm_controller/share/xarm_controller//config/xarm7_mirror_gripper_controllers.yaml
[10.065s] -- Installing: /home/mateo/VisualServoing_Kinect/ros2_ws/install/xarm_controller/share/xarm_controller//config/xarm5_controllers.yaml
[10.065s] -- Installing: /home/mateo/VisualServoing_Kinect/ros2_ws/install/xarm_controller/share/xarm_controller//config/uf850_gripper_controllers.yaml
[10.065s] -- Installing: /home/mateo/VisualServoing_Kinect/ros2_ws/install/xarm_controller/share/xarm_controller//config/bio_gripper_controllers.yaml
[10.065s] -- Installing: /home/mateo/VisualServoing_Kinect/ros2_ws/install/xarm_controller/share/xarm_controller//config/xarm7_controllers.yaml
[10.066s] -- Installing: /home/mateo/VisualServoing_Kinect/ros2_ws/install/xarm_controller/share/xarm_controller//config/xarm_gripper_controllers.yaml
[10.066s] -- Installing: /home/mateo/VisualServoing_Kinect/ros2_ws/install/xarm_controller/share/xarm_controller/environment/library_path.sh
[10.066s] -- Installing: /home/mateo/VisualServoing_Kinect/ros2_ws/install/xarm_controller/share/xarm_controller/environment/library_path.dsv
[10.066s] -- Installing: /home/mateo/VisualServoing_Kinect/ros2_ws/install/xarm_controller/share/ament_index/resource_index/package_run_dependencies/xarm_controller
[10.066s] -- Installing: /home/mateo/VisualServoing_Kinect/ros2_ws/install/xarm_controller/share/ament_index/resource_index/parent_prefix_path/xarm_controller
[10.066s] -- Installing: /home/mateo/VisualServoing_Kinect/ros2_ws/install/xarm_controller/share/xarm_controller/environment/ament_prefix_path.sh
[10.066s] -- Installing: /home/mateo/VisualServoing_Kinect/ros2_ws/install/xarm_controller/share/xarm_controller/environment/ament_prefix_path.dsv
[10.067s] -- Installing: /home/mateo/VisualServoing_Kinect/ros2_ws/install/xarm_controller/share/xarm_controller/environment/path.sh
[10.067s] -- Installing: /home/mateo/VisualServoing_Kinect/ros2_ws/install/xarm_controller/share/xarm_controller/environment/path.dsv
[10.067s] -- Installing: /home/mateo/VisualServoing_Kinect/ros2_ws/install/xarm_controller/share/xarm_controller/local_setup.bash
[10.067s] -- Installing: /home/mateo/VisualServoing_Kinect/ros2_ws/install/xarm_controller/share/xarm_controller/local_setup.sh
[10.067s] -- Installing: /home/mateo/VisualServoing_Kinect/ros2_ws/install/xarm_controller/share/xarm_controller/local_setup.zsh
[10.067s] -- Installing: /home/mateo/VisualServoing_Kinect/ros2_ws/install/xarm_controller/share/xarm_controller/local_setup.dsv
[10.067s] -- Installing: /home/mateo/VisualServoing_Kinect/ros2_ws/install/xarm_controller/share/xarm_controller/package.dsv
[10.068s] -- Installing: /home/mateo/VisualServoing_Kinect/ros2_ws/install/xarm_controller/share/ament_index/resource_index/packages/xarm_controller
[10.068s] -- Installing: /home/mateo/VisualServoing_Kinect/ros2_ws/install/xarm_controller/share/ament_index/resource_index/hardware_interface__pluginlib__plugin/xarm_controller
[10.068s] -- Installing: /home/mateo/VisualServoing_Kinect/ros2_ws/install/xarm_controller/share/xarm_controller/cmake/ament_cmake_export_include_directories-extras.cmake
[10.068s] -- Installing: /home/mateo/VisualServoing_Kinect/ros2_ws/install/xarm_controller/share/xarm_controller/cmake/ament_cmake_export_libraries-extras.cmake
[10.068s] -- Installing: /home/mateo/VisualServoing_Kinect/ros2_ws/install/xarm_controller/share/xarm_controller/cmake/ament_cmake_export_dependencies-extras.cmake
[10.068s] -- Installing: /home/mateo/VisualServoing_Kinect/ros2_ws/install/xarm_controller/share/xarm_controller/cmake/xarm_controllerConfig.cmake
[10.068s] -- Installing: /home/mateo/VisualServoing_Kinect/ros2_ws/install/xarm_controller/share/xarm_controller/cmake/xarm_controllerConfig-version.cmake
[10.068s] -- Installing: /home/mateo/VisualServoing_Kinect/ros2_ws/install/xarm_controller/share/xarm_controller/package.xml
[10.072s] Invoked command in '/home/mateo/VisualServoing_Kinect/ros2_ws/build/xarm_controller' returned '0': AMENT_PREFIX_PATH=/home/mateo/VisualServoing_Kinect/ros2_ws/install/xarm_api:/home/mateo/VisualServoing_Kinect/ros2_ws/install/xarm_sdk:/home/mateo/VisualServoing_Kinect/ros2_ws/install/xarm_msgs:/home/mateo/VisualServoing_Kinect/ros2_ws/install/xarm_description:${AMENT_PREFIX_PATH} CMAKE_PREFIX_PATH=/home/mateo/VisualServoing_Kinect/ros2_ws/install/xarm_api:/home/mateo/VisualServoing_Kinect/ros2_ws/install/xarm_sdk:/home/mateo/VisualServoing_Kinect/ros2_ws/install/xarm_msgs:/home/mateo/VisualServoing_Kinect/ros2_ws/install/xarm_description:/home/mateo/X-ARM_VisualServoing/ros2_ws/install/xarm_planner:/home/mateo/X-ARM_VisualServoing/ros2_ws/install/xarm_moveit_servo:/home/mateo/X-ARM_VisualServoing/ros2_ws/install/xarm_moveit_config:/home/mateo/X-ARM_VisualServoing/ros2_ws/install/xarm_gazebo:/home/mateo/X-ARM_VisualServoing/ros2_ws/install/xarm_controller:/home/mateo/X-ARM_VisualServoing/ros2_ws/install/d435i_xarm_setup:/home/mateo/X-ARM_VisualServoing/ros2_ws/install/xarm_api:/home/mateo/X-ARM_VisualServoing/ros2_ws/install/xarm_sdk:/home/mateo/X-ARM_VisualServoing/ros2_ws/install/xarm_msgs:/home/mateo/X-ARM_VisualServoing/ros2_ws/install/xarm_description:/home/mateo/X-ARM_VisualServoing/ros2_ws/install/realsense_gazebo_plugin:/home/mateo/X-ARM_VisualServoing/ros2_ws/install/mbot_demo:/home/mateo/X-ARM_VisualServoing/ros2_ws/install/azure_kinect_ros2_driver:/home/mateo/ros2_ws/install/xarm_planner:/home/mateo/ros2_ws/install/xarm_moveit_servo:/home/mateo/ros2_ws/install/xarm_moveit_config:/home/mateo/ros2_ws/install/xarm_gazebo:/home/mateo/ros2_ws/install/xarm_controller:/home/mateo/ros2_ws/install/d435i_xarm_setup:/home/mateo/ros2_ws/install/xarm_api:/home/mateo/ros2_ws/install/xarm_sdk:/home/mateo/ros2_ws/install/xarm_msgs:/home/mateo/ros2_ws/install/xarm_description:/home/mateo/ros2_ws/install/realsense_gazebo_plugin:/home/mateo/ros2_ws/install/msgs_clase:/home/mateo/ros2_ws/install/mbot_demo:/home/mateo/ros2_ws/install/line_followerxime:/home/mateo/ros2_ws/install/line_follower:/home/mateo/ros2_ws/install/custom_interfaces:/home/mateo/X-ARM_VisualServoing/ros2_ws/install/xarm_vision:/home/mateo/X-ARM_VisualServoing/ros2_ws/install/uf_ros_lib:/home/mateo/ros2_ws/install/xarm_vision:/home/mateo/ros2_ws/install/xarm_follower:/home/mateo/ros2_ws/install/uf_ros_lib:/home/mateo/ros2_ws/install/signal_processing:/home/mateo/ros2_ws/install/reto_closedloop:/home/mateo/ros2_ws/install/reto3:/home/mateo/ros2_ws/install/puzzlebot_localisation:/home/mateo/ros2_ws/install/puzzlebot_control:/home/mateo/ros2_ws/install/motor_control:/home/mateo/ros2_ws/install/mini_challenge_3:/home/mateo/ros2_ws/install/midterm:/home/mateo/ros2_ws/install/closed_loop:/home/mateo/ros2_ws/install/act1_4:/opt/ros/humble LD_LIBRARY_PATH=/home/mateo/VisualServoing_Kinect/ros2_ws/install/xarm_api/lib:/home/mateo/VisualServoing_Kinect/ros2_ws/install/xarm_sdk/lib:/home/mateo/VisualServoing_Kinect/ros2_ws/install/xarm_msgs/lib:${LD_LIBRARY_PATH} PYTHONPATH=/home/mateo/VisualServoing_Kinect/ros2_ws/install/xarm_msgs/local/lib/python3.10/dist-packages:${PYTHONPATH} /usr/bin/cmake --install /home/mateo/VisualServoing_Kinect/ros2_ws/build/xarm_controller
